<?xml version="1.0" encoding="UTF-8"?>
<testsuites name="RahulShetty" time="67.547" tests="2" failures="0" errors="0">
   <testsuite name="RahulShetty" tests="2" failures="0" errors="0" time="67.547" skipped="0" timestamp="2023-06-09 19:33:59" hostname="dharm - SF-CPU-792" id="Test Suites/RahulShettyTestSuite/RahulShetty">
      <properties>
         <property name="deviceName" value=""/>
         <property name="devicePlatform" value=""/>
         <property name="logFolder" value="/home/dharm/git/FinalAssignment/Reports/20230609_193214/RahulShettyTestSuite/RahulShetty/20230609_193217"/>
         <property name="logFiles" value="/home/dharm/git/FinalAssignment/Reports/20230609_193214/RahulShettyTestSuite/RahulShetty/20230609_193217/execution0.log"/>
         <property name="attachments" value="/home/dharm/git/FinalAssignment/Reports/20230609_193214/RahulShettyTestSuite/RahulShetty/20230609_193217/1686319448397.png, /home/dharm/git/FinalAssignment/Reports/20230609_193214/RahulShettyTestSuite/RahulShetty/20230609_193217/1686319448509.png, /home/dharm/git/FinalAssignment/Reports/20230609_193214/RahulShettyTestSuite/RahulShetty/20230609_193217/1686319480442.png, /home/dharm/git/FinalAssignment/Reports/20230609_193214/RahulShettyTestSuite/RahulShetty/20230609_193217/1686319480565.png"/>
         <property name="hostName" value="dharm - SF-CPU-792"/>
         <property name="os" value="Linux 64bit"/>
         <property name="katalonVersion" value="8.6.0.208"/>
         <property name="browser" value="Firefox 114.0"/>
         <property name="hostAddress" value="127.0.1.1"/>
         <property name="sessionId" value="edf29dff-6637-472c-8820-c87b43004e00"/>
         <property name="seleniumVersion" value="3.141.59"/>
         <property name="proxyInformation" value="ProxyInformation { proxyOption=NO_PROXY, proxyServerType=HTTP, username=, password=********, proxyServerAddress=, proxyServerPort=0, executionList=&quot;&quot;, isApplyToDesiredCapabilities=true }"/>
         <property name="platform" value="Linux"/>
      </properties>
      <testcase name="Test Cases/RahulShettyTestCase/RahulShettyLoginPage" time="32.859" classname="Test Cases/RahulShettyTestCase/RahulShettyLoginPage" status="PASSED">
         <system-out><![CDATA[2023-06-09 19:34:02 - [TEST_CASE][PASSED] - Test Cases/RahulShettyTestCase/RahulShettyLoginPage: Test Cases/RahulShettyTestCase/RahulShettyLoginPage

2023-06-09 19:34:02 - [TEST_STEP][PASSED] - Start listener action : sampleBeforeTestCase: null

2023-06-09 19:34:02 - [TEST_STEP][PASSED] - Start setup action : SetupMethod: Method 'SetupMethod' complete successfully

2023-06-09 19:34:03 - [TEST_STEP][PASSED] - navigateToUrl(url): Navigate to 'https://rahulshettyacademy.com/loginpagePractise/' successfully

2023-06-09 19:34:03 - [MESSAGE][PASSED] - Navigate to 'https://rahulshettyacademy.com/loginpagePractise/' successfully

2023-06-09 19:34:03 - [TEST_STEP][PASSED] - getUrl().equals("https://rahulshettyacademy.com/loginpagePractise/"): Current window's url is: 'https://rahulshettyacademy.com/loginpagePractise/'

2023-06-09 19:34:03 - [MESSAGE][PASSED] - Current window's url is: 'https://rahulshettyacademy.com/loginpagePractise/'

2023-06-09 19:34:03 - [TEST_STEP][FAILED] - try: Verify element text of test object 'Object Repository/RahulShetty_Repo/assertion/Page_LoginPage Practise  Rahul Shetty Academy/div_Incorrect usernamepassword' FAILED. (Root cause: com.kms.katalon.core.exception.StepFailedException: Verify element text of test object 'Object Repository/RahulShetty_Repo/assertion/Page_LoginPage Practise  Rahul Shetty Academy/div_Incorrect usernamepassword' FAILED.
	at com.kms.katalon.core.webui.keyword.internal.WebUIKeywordMain.stepFailed(WebUIKeywordMain.groovy:64)
	at com.kms.katalon.core.webui.keyword.internal.WebUIKeywordMain.runKeyword(WebUIKeywordMain.groovy:26)
	at com.kms.katalon.core.webui.keyword.builtin.VerifyElementTextKeyword.verifyElementText(VerifyElementTextKeyword.groovy:72)
	at com.kms.katalon.core.webui.keyword.builtin.VerifyElementTextKeyword.execute(VerifyElementTextKeyword.groovy:40)
	at com.kms.katalon.core.keyword.internal.KeywordExecutor.executeKeywordForPlatform(KeywordExecutor.groovy:74)
	at com.kms.katalon.core.webui.keyword.WebUiBuiltInKeywords.verifyElementText(WebUiBuiltInKeywords.groovy:4749)
	at com.kms.katalon.core.webui.keyword.WebUiBuiltInKeywords$verifyElementText$6.call(Unknown Source)
	at Script1686023785468.SetupMethod(Script1686023785468.groovy:75)
	at com.kms.katalon.core.main.ScriptEngine.runScriptMethodAsRawText(ScriptEngine.java:133)
	at com.kms.katalon.core.main.TestCaseExecutor.runMethod(TestCaseExecutor.java:458)
	at com.kms.katalon.core.main.TestCaseExecutor.runMethod(TestCaseExecutor.java:580)
	at com.kms.katalon.core.main.TestCaseExecutor.internallyRunMethods(TestCaseExecutor.java:565)
	at com.kms.katalon.core.main.TestCaseExecutor.processSetupPhase(TestCaseExecutor.java:203)
	at com.kms.katalon.core.main.TestCaseExecutor.accessMainPhase(TestCaseExecutor.java:407)
	at com.kms.katalon.core.main.TestCaseExecutor.execute(TestCaseExecutor.java:285)
	at com.kms.katalon.core.common.CommonExecutor.accessTestCaseMainPhase(CommonExecutor.java:65)
	at com.kms.katalon.core.main.TestSuiteExecutor.accessTestSuiteMainPhase(TestSuiteExecutor.java:148)
	at com.kms.katalon.core.main.TestSuiteExecutor.execute(TestSuiteExecutor.java:106)
	at com.kms.katalon.core.main.TestCaseMain.startTestSuite(TestCaseMain.java:187)
	at com.kms.katalon.core.main.TestCaseMain$startTestSuite$0.call(Unknown Source)
	at TempTestSuite1686319337062.run(TempTestSuite1686319337062.groovy:36)
Caused by: com.kms.katalon.core.exception.StepFailedException: Actual text '' and expected text ' username/password.' of test object 'Object Repository/RahulShetty_Repo/assertion/Page_LoginPage Practise  Rahul Shetty Academy/div_Incorrect usernamepassword' are NOT matched.
	at com.kms.katalon.core.webui.keyword.internal.WebUIKeywordMain.stepFailed(WebUIKeywordMain.groovy:64)
	at com.kms.katalon.core.webui.keyword.builtin.VerifyElementTextKeyword$_verifyElementText_closure1.doCall(VerifyElementTextKeyword.groovy:57)
	at com.kms.katalon.core.webui.keyword.builtin.VerifyElementTextKeyword$_verifyElementText_closure1.call(VerifyElementTextKeyword.groovy)
	at com.kms.katalon.core.webui.keyword.internal.WebUIKeywordMain.runKeyword(WebUIKeywordMain.groovy:20)
	... 19 more
)

2023-06-09 19:34:03 - [TEST_STEP][PASSED] - com.RSPage.Invalidlogin(Invalidusername, LoginPassword, object_username, object_password): com.RSPage.Invalidlogin is PASSED

2023-06-09 19:34:04 - [MESSAGE][PASSED] - Text 'dharm' is set on object 'Object Repository/RahulShetty_Repo/RahulShetty_Repo/Page_LoginPage Practise  Rahul Shetty Academy/Page_LoginPage Practise  Rahul Shetty Academy/input_Username_username'

2023-06-09 19:34:04 - [MESSAGE][PASSED] - Text 'learning' is set on object 'Object Repository/RahulShetty_Repo/RahulShetty_Repo/Page_LoginPage Practise  Rahul Shetty Academy/Page_LoginPage Practise  Rahul Shetty Academy/input_Password_password'

2023-06-09 19:34:04 - [MESSAGE][PASSED] - com.RSPage.Invalidlogin is PASSED

2023-06-09 19:34:04 - [TEST_STEP][PASSED] - verifyElementClickable(findTestObject("RahulShetty_Repo/assertion/Page_LoginPage Practise  Rahul Shetty Academy/span_User_checkmark")): Object 'Object Repository/RahulShetty_Repo/assertion/Page_LoginPage Practise  Rahul Shetty Academy/span_User_checkmark' is clickable

2023-06-09 19:34:05 - [MESSAGE][PASSED] - Object 'Object Repository/RahulShetty_Repo/assertion/Page_LoginPage Practise  Rahul Shetty Academy/span_User_checkmark' is clickable

2023-06-09 19:34:05 - [TEST_STEP][PASSED] - click(findTestObject("RahulShetty_Repo/assertion/Page_LoginPage Practise  Rahul Shetty Academy/span_User_checkmark")): Object: 'Object Repository/RahulShetty_Repo/assertion/Page_LoginPage Practise  Rahul Shetty Academy/span_User_checkmark' is clicked on

2023-06-09 19:34:05 - [MESSAGE][PASSED] - Object: 'Object Repository/RahulShetty_Repo/assertion/Page_LoginPage Practise  Rahul Shetty Academy/span_User_checkmark' is clicked on

2023-06-09 19:34:05 - [TEST_STEP][PASSED] - verifyElementText(findTestObject("RahulShetty_Repo/assertion/Page_LoginPage Practise  Rahul Shetty Academy/div_You will be limited to only fewer functionalities of the app. Proceed"), "You will be limited to only fewer functionalities of the app. Proceed?"): Actual text and expected text of test object 'Object Repository/RahulShetty_Repo/assertion/Page_LoginPage Practise  Rahul Shetty Academy/div_You will be limited to only fewer functionalities of the app. Proceed' are matched.

2023-06-09 19:34:06 - [MESSAGE][PASSED] - Actual text and expected text of test object 'Object Repository/RahulShetty_Repo/assertion/Page_LoginPage Practise  Rahul Shetty Academy/div_You will be limited to only fewer functionalities of the app. Proceed' are matched.

2023-06-09 19:34:06 - [TEST_STEP][PASSED] - click(findTestObject("RahulShetty_Repo/assertion/Page_LoginPage Practise  Rahul Shetty Academy/button_Okay")): Object: 'Object Repository/RahulShetty_Repo/assertion/Page_LoginPage Practise  Rahul Shetty Academy/button_Okay' is clicked on

2023-06-09 19:34:06 - [MESSAGE][PASSED] - Object: 'Object Repository/RahulShetty_Repo/assertion/Page_LoginPage Practise  Rahul Shetty Academy/button_Okay' is clicked on

2023-06-09 19:34:06 - [TEST_STEP][PASSED] - click(findTestObject("Object Repository/RahulShetty_Repo/RahulShetty_Repo/Page_LoginPage Practise  Rahul Shetty Academy/Page_LoginPage Practise  Rahul Shetty Academy/Page_LoginPage Practise  Rahul Shetty Academy/input_I Agree to the_signin")): Object: 'Object Repository/RahulShetty_Repo/RahulShetty_Repo/Page_LoginPage Practise  Rahul Shetty Academy/Page_LoginPage Practise  Rahul Shetty Academy/Page_LoginPage Practise  Rahul Shetty Academy/input_I Agree to the_signin' is clicked on

2023-06-09 19:34:07 - [MESSAGE][INFO] - Unable to find the element located by 'By.xpath: '. Please recheck the objects properties to make sure the desired element is located. 

2023-06-09 19:34:07 - [MESSAGE][WARNING] - [SELF-HEALING] Failed to find element with id 'Object Repository/RahulShetty_Repo/RahulShetty_Repo/Page_LoginPage Practise  Rahul Shetty Academy/Page_LoginPage Practise  Rahul Shetty Academy/Page_LoginPage Practise  Rahul Shetty Academy/input_I Agree to the_signin'. Try using Self-healing.

2023-06-09 19:34:07 - [MESSAGE][WARNING] - [SELF-HEALING] The current locator of test object 'Object Repository/RahulShetty_Repo/RahulShetty_Repo/Page_LoginPage Practise  Rahul Shetty Academy/Page_LoginPage Practise  Rahul Shetty Academy/Page_LoginPage Practise  Rahul Shetty Academy/input_I Agree to the_signin' was broken. Propose an alternative one: '//input[@id='signInBtn']'.

2023-06-09 19:34:08 - [MESSAGE][PASSED] - Object: 'Object Repository/RahulShetty_Repo/RahulShetty_Repo/Page_LoginPage Practise  Rahul Shetty Academy/Page_LoginPage Practise  Rahul Shetty Academy/Page_LoginPage Practise  Rahul Shetty Academy/input_I Agree to the_signin' is clicked on

2023-06-09 19:34:08 - [TEST_STEP][FAILED] - verifyElementText(findTestObject("RahulShetty_Repo/assertion/Page_LoginPage Practise  Rahul Shetty Academy/div_Incorrect usernamepassword"), " username/password."): Verify element text of test object 'Object Repository/RahulShetty_Repo/assertion/Page_LoginPage Practise  Rahul Shetty Academy/div_Incorrect usernamepassword' FAILED. (Root cause: com.kms.katalon.core.exception.StepFailedException: Verify element text of test object 'Object Repository/RahulShetty_Repo/assertion/Page_LoginPage Practise  Rahul Shetty Academy/div_Incorrect usernamepassword' FAILED.
	at com.kms.katalon.core.webui.keyword.internal.WebUIKeywordMain.stepFailed(WebUIKeywordMain.groovy:64)
	at com.kms.katalon.core.webui.keyword.internal.WebUIKeywordMain.runKeyword(WebUIKeywordMain.groovy:26)
	at com.kms.katalon.core.webui.keyword.builtin.VerifyElementTextKeyword.verifyElementText(VerifyElementTextKeyword.groovy:72)
	at com.kms.katalon.core.webui.keyword.builtin.VerifyElementTextKeyword.execute(VerifyElementTextKeyword.groovy:40)
	at com.kms.katalon.core.keyword.internal.KeywordExecutor.executeKeywordForPlatform(KeywordExecutor.groovy:74)
	at com.kms.katalon.core.webui.keyword.WebUiBuiltInKeywords.verifyElementText(WebUiBuiltInKeywords.groovy:4749)
	at com.kms.katalon.core.webui.keyword.WebUiBuiltInKeywords$verifyElementText$6.call(Unknown Source)
	at Script1686023785468.SetupMethod(Script1686023785468.groovy:75)
	at com.kms.katalon.core.main.ScriptEngine.runScriptMethodAsRawText(ScriptEngine.java:133)
	at com.kms.katalon.core.main.TestCaseExecutor.runMethod(TestCaseExecutor.java:458)
	at com.kms.katalon.core.main.TestCaseExecutor.runMethod(TestCaseExecutor.java:580)
	at com.kms.katalon.core.main.TestCaseExecutor.internallyRunMethods(TestCaseExecutor.java:565)
	at com.kms.katalon.core.main.TestCaseExecutor.processSetupPhase(TestCaseExecutor.java:203)
	at com.kms.katalon.core.main.TestCaseExecutor.accessMainPhase(TestCaseExecutor.java:407)
	at com.kms.katalon.core.main.TestCaseExecutor.execute(TestCaseExecutor.java:285)
	at com.kms.katalon.core.common.CommonExecutor.accessTestCaseMainPhase(CommonExecutor.java:65)
	at com.kms.katalon.core.main.TestSuiteExecutor.accessTestSuiteMainPhase(TestSuiteExecutor.java:148)
	at com.kms.katalon.core.main.TestSuiteExecutor.execute(TestSuiteExecutor.java:106)
	at com.kms.katalon.core.main.TestCaseMain.startTestSuite(TestCaseMain.java:187)
	at com.kms.katalon.core.main.TestCaseMain$startTestSuite$0.call(Unknown Source)
	at TempTestSuite1686319337062.run(TempTestSuite1686319337062.groovy:36)
Caused by: com.kms.katalon.core.exception.StepFailedException: Actual text '' and expected text ' username/password.' of test object 'Object Repository/RahulShetty_Repo/assertion/Page_LoginPage Practise  Rahul Shetty Academy/div_Incorrect usernamepassword' are NOT matched.
	at com.kms.katalon.core.webui.keyword.internal.WebUIKeywordMain.stepFailed(WebUIKeywordMain.groovy:64)
	at com.kms.katalon.core.webui.keyword.builtin.VerifyElementTextKeyword$_verifyElementText_closure1.doCall(VerifyElementTextKeyword.groovy:57)
	at com.kms.katalon.core.webui.keyword.builtin.VerifyElementTextKeyword$_verifyElementText_closure1.call(VerifyElementTextKeyword.groovy)
	at com.kms.katalon.core.webui.keyword.internal.WebUIKeywordMain.runKeyword(WebUIKeywordMain.groovy:20)
	... 19 more
)

2023-06-09 19:34:08 - [MESSAGE][FAILED] - Actual text '' and expected text ' username/password.' of test object 'Object Repository/RahulShetty_Repo/assertion/Page_LoginPage Practise  Rahul Shetty Academy/div_Incorrect usernamepassword' are NOT matched. (Root cause: com.kms.katalon.core.exception.StepFailedException: Actual text '' and expected text ' username/password.' of test object 'Object Repository/RahulShetty_Repo/assertion/Page_LoginPage Practise  Rahul Shetty Academy/div_Incorrect usernamepassword' are NOT matched.
	at com.kms.katalon.core.webui.keyword.internal.WebUIKeywordMain.stepFailed(WebUIKeywordMain.groovy:64)
	at com.kms.katalon.core.webui.keyword.builtin.VerifyElementTextKeyword$_verifyElementText_closure1.doCall(VerifyElementTextKeyword.groovy:57)
	at com.kms.katalon.core.webui.keyword.builtin.VerifyElementTextKeyword$_verifyElementText_closure1.call(VerifyElementTextKeyword.groovy)
	at com.kms.katalon.core.webui.keyword.internal.WebUIKeywordMain.runKeyword(WebUIKeywordMain.groovy:20)
	at com.kms.katalon.core.webui.keyword.builtin.VerifyElementTextKeyword.verifyElementText(VerifyElementTextKeyword.groovy:72)
	at com.kms.katalon.core.webui.keyword.builtin.VerifyElementTextKeyword.execute(VerifyElementTextKeyword.groovy:40)
	at com.kms.katalon.core.keyword.internal.KeywordExecutor.executeKeywordForPlatform(KeywordExecutor.groovy:74)
	at com.kms.katalon.core.webui.keyword.WebUiBuiltInKeywords.verifyElementText(WebUiBuiltInKeywords.groovy:4749)
	at com.kms.katalon.core.webui.keyword.WebUiBuiltInKeywords$verifyElementText$6.call(Unknown Source)
	at Script1686023785468.SetupMethod(Script1686023785468.groovy:75)
	at com.kms.katalon.core.main.ScriptEngine.runScriptMethodAsRawText(ScriptEngine.java:133)
	at com.kms.katalon.core.main.TestCaseExecutor.runMethod(TestCaseExecutor.java:458)
	at com.kms.katalon.core.main.TestCaseExecutor.runMethod(TestCaseExecutor.java:580)
	at com.kms.katalon.core.main.TestCaseExecutor.internallyRunMethods(TestCaseExecutor.java:565)
	at com.kms.katalon.core.main.TestCaseExecutor.processSetupPhase(TestCaseExecutor.java:203)
	at com.kms.katalon.core.main.TestCaseExecutor.accessMainPhase(TestCaseExecutor.java:407)
	at com.kms.katalon.core.main.TestCaseExecutor.execute(TestCaseExecutor.java:285)
	at com.kms.katalon.core.common.CommonExecutor.accessTestCaseMainPhase(CommonExecutor.java:65)
	at com.kms.katalon.core.main.TestSuiteExecutor.accessTestSuiteMainPhase(TestSuiteExecutor.java:148)
	at com.kms.katalon.core.main.TestSuiteExecutor.execute(TestSuiteExecutor.java:106)
	at com.kms.katalon.core.main.TestCaseMain.startTestSuite(TestCaseMain.java:187)
	at com.kms.katalon.core.main.TestCaseMain$startTestSuite$0.call(Unknown Source)
	at TempTestSuite1686319337062.run(TempTestSuite1686319337062.groovy:36)
)
[[ATTACHMENT|/home/dharm/git/FinalAssignment/Reports/20230609_193214/RahulShettyTestSuite/RahulShetty/20230609_193217/1686319448397.png]]

2023-06-09 19:34:08 - [MESSAGE][FAILED] - Verify element text of test object 'Object Repository/RahulShetty_Repo/assertion/Page_LoginPage Practise  Rahul Shetty Academy/div_Incorrect usernamepassword' FAILED. (Root cause: com.kms.katalon.core.exception.StepFailedException: Verify element text of test object 'Object Repository/RahulShetty_Repo/assertion/Page_LoginPage Practise  Rahul Shetty Academy/div_Incorrect usernamepassword' FAILED.
	at com.kms.katalon.core.webui.keyword.internal.WebUIKeywordMain.stepFailed(WebUIKeywordMain.groovy:64)
	at com.kms.katalon.core.webui.keyword.internal.WebUIKeywordMain.runKeyword(WebUIKeywordMain.groovy:26)
	at com.kms.katalon.core.webui.keyword.builtin.VerifyElementTextKeyword.verifyElementText(VerifyElementTextKeyword.groovy:72)
	at com.kms.katalon.core.webui.keyword.builtin.VerifyElementTextKeyword.execute(VerifyElementTextKeyword.groovy:40)
	at com.kms.katalon.core.keyword.internal.KeywordExecutor.executeKeywordForPlatform(KeywordExecutor.groovy:74)
	at com.kms.katalon.core.webui.keyword.WebUiBuiltInKeywords.verifyElementText(WebUiBuiltInKeywords.groovy:4749)
	at com.kms.katalon.core.webui.keyword.WebUiBuiltInKeywords$verifyElementText$6.call(Unknown Source)
	at Script1686023785468.SetupMethod(Script1686023785468.groovy:75)
	at com.kms.katalon.core.main.ScriptEngine.runScriptMethodAsRawText(ScriptEngine.java:133)
	at com.kms.katalon.core.main.TestCaseExecutor.runMethod(TestCaseExecutor.java:458)
	at com.kms.katalon.core.main.TestCaseExecutor.runMethod(TestCaseExecutor.java:580)
	at com.kms.katalon.core.main.TestCaseExecutor.internallyRunMethods(TestCaseExecutor.java:565)
	at com.kms.katalon.core.main.TestCaseExecutor.processSetupPhase(TestCaseExecutor.java:203)
	at com.kms.katalon.core.main.TestCaseExecutor.accessMainPhase(TestCaseExecutor.java:407)
	at com.kms.katalon.core.main.TestCaseExecutor.execute(TestCaseExecutor.java:285)
	at com.kms.katalon.core.common.CommonExecutor.accessTestCaseMainPhase(CommonExecutor.java:65)
	at com.kms.katalon.core.main.TestSuiteExecutor.accessTestSuiteMainPhase(TestSuiteExecutor.java:148)
	at com.kms.katalon.core.main.TestSuiteExecutor.execute(TestSuiteExecutor.java:106)
	at com.kms.katalon.core.main.TestCaseMain.startTestSuite(TestCaseMain.java:187)
	at com.kms.katalon.core.main.TestCaseMain$startTestSuite$0.call(Unknown Source)
	at TempTestSuite1686319337062.run(TempTestSuite1686319337062.groovy:36)
Caused by: com.kms.katalon.core.exception.StepFailedException: Actual text '' and expected text ' username/password.' of test object 'Object Repository/RahulShetty_Repo/assertion/Page_LoginPage Practise  Rahul Shetty Academy/div_Incorrect usernamepassword' are NOT matched.
	at com.kms.katalon.core.webui.keyword.internal.WebUIKeywordMain.stepFailed(WebUIKeywordMain.groovy:64)
	at com.kms.katalon.core.webui.keyword.builtin.VerifyElementTextKeyword$_verifyElementText_closure1.doCall(VerifyElementTextKeyword.groovy:57)
	at com.kms.katalon.core.webui.keyword.builtin.VerifyElementTextKeyword$_verifyElementText_closure1.call(VerifyElementTextKeyword.groovy)
	at com.kms.katalon.core.webui.keyword.internal.WebUIKeywordMain.runKeyword(WebUIKeywordMain.groovy:20)
	... 19 more
)
[[ATTACHMENT|/home/dharm/git/FinalAssignment/Reports/20230609_193214/RahulShettyTestSuite/RahulShetty/20230609_193217/1686319448509.png]]

2023-06-09 19:34:08 - [TEST_STEP][PASSED] - catch (Exception e): Object 'Object Repository/RahulShetty_Repo/RahulShetty_Repo/Page_ProtoCommerce/h1_Shop Name' is present

2023-06-09 19:34:08 - [TEST_STEP][PASSED] - com.RSPage.Validlogin(Validusername, LoginPassword, object_username, object_password): com.RSPage.Validlogin is PASSED

2023-06-09 19:34:09 - [MESSAGE][PASSED] - Text 'rahulshettyacademy' is set on object 'Object Repository/RahulShetty_Repo/RahulShetty_Repo/Page_LoginPage Practise  Rahul Shetty Academy/Page_LoginPage Practise  Rahul Shetty Academy/input_Username_username'

2023-06-09 19:34:09 - [MESSAGE][PASSED] - Text 'learning' is set on object 'Object Repository/RahulShetty_Repo/RahulShetty_Repo/Page_LoginPage Practise  Rahul Shetty Academy/Page_LoginPage Practise  Rahul Shetty Academy/input_Password_password'

2023-06-09 19:34:09 - [MESSAGE][PASSED] - com.RSPage.Validlogin is PASSED

2023-06-09 19:34:09 - [TEST_STEP][PASSED] - click(findTestObject("Object Repository/RahulShetty_Repo/RahulShetty_Repo/Page_LoginPage Practise  Rahul Shetty Academy/Page_LoginPage Practise  Rahul Shetty Academy/input_I Agree to the_signin")): Object: 'Object Repository/RahulShetty_Repo/RahulShetty_Repo/Page_LoginPage Practise  Rahul Shetty Academy/Page_LoginPage Practise  Rahul Shetty Academy/input_I Agree to the_signin' is clicked on

2023-06-09 19:34:10 - [MESSAGE][PASSED] - Object: 'Object Repository/RahulShetty_Repo/RahulShetty_Repo/Page_LoginPage Practise  Rahul Shetty Academy/Page_LoginPage Practise  Rahul Shetty Academy/input_I Agree to the_signin' is clicked on

2023-06-09 19:34:10 - [TEST_STEP][PASSED] - delay(2): Delayed 2 second(s)

2023-06-09 19:34:12 - [MESSAGE][PASSED] - Delayed 2 second(s)

2023-06-09 19:34:12 - [TEST_STEP][PASSED] - verifyElementPresent(findTestObject("RahulShetty_Repo/RahulShetty_Repo/Page_ProtoCommerce/h1_Shop Name"), 0): Object 'Object Repository/RahulShetty_Repo/RahulShetty_Repo/Page_ProtoCommerce/h1_Shop Name' is present

2023-06-09 19:34:12 - [MESSAGE][WARNING] - Timeout '0' is invalid. Using default page load timeout: '30'

2023-06-09 19:34:13 - [MESSAGE][PASSED] - Object 'Object Repository/RahulShetty_Repo/RahulShetty_Repo/Page_ProtoCommerce/h1_Shop Name' is present

2023-06-09 19:34:13 - [MESSAGE][PASSED] - Method 'SetupMethod' complete successfully

2023-06-09 19:34:13 - [TEST_STEP][PASSED] - homevariable = "Home": null

2023-06-09 19:34:13 - [TEST_STEP][PASSED] - click(findTestObject("RahulShetty_Repo/RahulShetty_Repo/DynamicObjectCreation/a_Shop", ["text":homevariable])): Object: 'Object Repository/RahulShetty_Repo/RahulShetty_Repo/DynamicObjectCreation/a_Shop' is clicked on

2023-06-09 19:34:13 - [MESSAGE][PASSED] - Object: 'Object Repository/RahulShetty_Repo/RahulShetty_Repo/DynamicObjectCreation/a_Shop' is clicked on

2023-06-09 19:34:13 - [TEST_STEP][PASSED] - delay(1): Delayed 1 second(s)

2023-06-09 19:34:14 - [MESSAGE][PASSED] - Delayed 1 second(s)

2023-06-09 19:34:14 - [TEST_STEP][PASSED] - shopvariable = "shop": null

2023-06-09 19:34:14 - [TEST_STEP][PASSED] - verifyElementClickable(findTestObject("RahulShetty_Repo/RahulShetty_Repo/DynamicObjectCreation/a_Shop", ["text":shopvariable])): Object 'Object Repository/RahulShetty_Repo/RahulShetty_Repo/DynamicObjectCreation/a_Shop' is clickable

2023-06-09 19:34:15 - [MESSAGE][INFO] - Unable to find the element located by 'By.xpath: //*[(text() = 'shop' or . = 'shop')]'. Please recheck the objects properties to make sure the desired element is located. 

2023-06-09 19:34:15 - [MESSAGE][WARNING] - [SELF-HEALING] Failed to find element with id 'Object Repository/RahulShetty_Repo/RahulShetty_Repo/DynamicObjectCreation/a_Shop'. Try using Self-healing.

2023-06-09 19:34:15 - [MESSAGE][WARNING] - [SELF-HEALING] The current locator of test object 'Object Repository/RahulShetty_Repo/RahulShetty_Repo/DynamicObjectCreation/a_Shop' was broken. Propose an alternative one: '//a[@href = '/angularpractice/shop' and (text() = 'Shop' or . = 'Shop')]'.

2023-06-09 19:34:15 - [MESSAGE][PASSED] - Object 'Object Repository/RahulShetty_Repo/RahulShetty_Repo/DynamicObjectCreation/a_Shop' is clickable

2023-06-09 19:34:15 - [TEST_STEP][PASSED] - click(findTestObject("RahulShetty_Repo/RahulShetty_Repo/DynamicObjectCreation/a_Shop", ["text":shopvariable])): Object: 'Object Repository/RahulShetty_Repo/RahulShetty_Repo/DynamicObjectCreation/a_Shop' is clicked on

2023-06-09 19:34:16 - [MESSAGE][INFO] - Unable to find the element located by 'By.xpath: //*[(text() = 'shop' or . = 'shop')]'. Please recheck the objects properties to make sure the desired element is located. 

2023-06-09 19:34:16 - [MESSAGE][WARNING] - [SELF-HEALING] Failed to find element with id 'Object Repository/RahulShetty_Repo/RahulShetty_Repo/DynamicObjectCreation/a_Shop'. Try using Self-healing.

2023-06-09 19:34:17 - [MESSAGE][WARNING] - [SELF-HEALING] The current locator of test object 'Object Repository/RahulShetty_Repo/RahulShetty_Repo/DynamicObjectCreation/a_Shop' was broken. Propose an alternative one: '//a[@href = '/angularpractice/shop' and (text() = 'Shop' or . = 'Shop')]'.

2023-06-09 19:34:17 - [MESSAGE][PASSED] - Object: 'Object Repository/RahulShetty_Repo/RahulShetty_Repo/DynamicObjectCreation/a_Shop' is clicked on

2023-06-09 19:34:17 - [TEST_STEP][PASSED] - com.RSPage.checkout(Add_Object, Checkout_Object): com.RSPage.checkout is PASSED

2023-06-09 19:34:17 - [MESSAGE][PASSED] - Object: 'Object Repository/RahulShetty_Repo/RahulShetty_Repo/Page_ProtoCommerce/Page_ProtoCommerce/button_Add' is clicked on

2023-06-09 19:34:19 - [MESSAGE][PASSED] - Delayed 2 second(s)

2023-06-09 19:34:21 - [MESSAGE][INFO] - Unable to find the element located by 'By.xpath: '. Please recheck the objects properties to make sure the desired element is located. 

2023-06-09 19:34:21 - [MESSAGE][WARNING] - [SELF-HEALING] Failed to find element with id 'Object Repository/RahulShetty_Repo/RahulShetty_Repo/Page_ProtoCommerce/Page_ProtoCommerce/a_Checkout ( 1 )            (current)'. Try using Self-healing.

2023-06-09 19:34:21 - [MESSAGE][WARNING] - [SELF-HEALING] The current locator of test object 'Object Repository/RahulShetty_Repo/RahulShetty_Repo/Page_ProtoCommerce/Page_ProtoCommerce/a_Checkout ( 1 )            (current)' was broken. Propose an alternative one: '//div[@id='navbarResponsive']/ul/li/a'.

2023-06-09 19:34:21 - [MESSAGE][PASSED] - Object 'Object Repository/RahulShetty_Repo/RahulShetty_Repo/Page_ProtoCommerce/Page_ProtoCommerce/a_Checkout ( 1 )            (current)' is visible

2023-06-09 19:34:22 - [MESSAGE][INFO] - Unable to find the element located by 'By.xpath: '. Please recheck the objects properties to make sure the desired element is located. 

2023-06-09 19:34:22 - [MESSAGE][WARNING] - [SELF-HEALING] Failed to find element with id 'Object Repository/RahulShetty_Repo/RahulShetty_Repo/Page_ProtoCommerce/Page_ProtoCommerce/a_Checkout ( 1 )            (current)'. Try using Self-healing.

2023-06-09 19:34:22 - [MESSAGE][WARNING] - [SELF-HEALING] The current locator of test object 'Object Repository/RahulShetty_Repo/RahulShetty_Repo/Page_ProtoCommerce/Page_ProtoCommerce/a_Checkout ( 1 )            (current)' was broken. Propose an alternative one: '//div[@id='navbarResponsive']/ul/li/a'.

2023-06-09 19:34:22 - [MESSAGE][PASSED] - Object: 'Object Repository/RahulShetty_Repo/RahulShetty_Repo/Page_ProtoCommerce/Page_ProtoCommerce/a_Checkout ( 1 )            (current)' is clicked on

2023-06-09 19:34:22 - [MESSAGE][PASSED] - com.RSPage.checkout is PASSED

2023-06-09 19:34:22 - [TEST_STEP][PASSED] - verifyElementText(findTestObject("RahulShetty_Repo/assertion/Page_ProtoCommerce/a_iphone X"), "iphone X"): Actual text and expected text of test object 'Object Repository/RahulShetty_Repo/assertion/Page_ProtoCommerce/a_iphone X' are matched.

2023-06-09 19:34:23 - [MESSAGE][PASSED] - Actual text and expected text of test object 'Object Repository/RahulShetty_Repo/assertion/Page_ProtoCommerce/a_iphone X' are matched.

2023-06-09 19:34:23 - [TEST_STEP][PASSED] - com.RSPage.payment(FinalCheckout, tnc, purchase): com.RSPage.payment is PASSED

2023-06-09 19:34:23 - [MESSAGE][PASSED] - Object: 'Object Repository/RahulShetty_Repo/RahulShetty_Repo/Page_ProtoCommerce/Page_ProtoCommerce/button_Checkout' is clicked on

2023-06-09 19:34:24 - [MESSAGE][INFO] - Unable to find the element located by 'By.xpath: '. Please recheck the objects properties to make sure the desired element is located. 

2023-06-09 19:34:24 - [MESSAGE][WARNING] - [SELF-HEALING] Failed to find element with id 'Object Repository/RahulShetty_Repo/RahulShetty_Repo/Page_ProtoCommerce/Page_ProtoCommerce/label_I agree with the term  Conditions'. Try using Self-healing.

2023-06-09 19:34:24 - [MESSAGE][WARNING] - [SELF-HEALING] The current locator of test object 'Object Repository/RahulShetty_Repo/RahulShetty_Repo/Page_ProtoCommerce/Page_ProtoCommerce/label_I agree with the term  Conditions' was broken. Propose an alternative one: '(.//*[normalize-space(text()) and normalize-space(.)='(current)'])[1]/following::label[2]'.

2023-06-09 19:34:25 - [MESSAGE][PASSED] - Object: 'Object Repository/RahulShetty_Repo/RahulShetty_Repo/Page_ProtoCommerce/Page_ProtoCommerce/label_I agree with the term  Conditions' is clicked on

2023-06-09 19:34:26 - [MESSAGE][INFO] - Unable to find the element located by 'By.xpath: '. Please recheck the objects properties to make sure the desired element is located. 

2023-06-09 19:34:26 - [MESSAGE][WARNING] - [SELF-HEALING] Failed to find element with id 'Object Repository/RahulShetty_Repo/RahulShetty_Repo/Page_ProtoCommerce/Page_ProtoCommerce/input_term  Conditions_btn btn-success btn-lg'. Try using Self-healing.

2023-06-09 19:34:26 - [MESSAGE][WARNING] - [SELF-HEALING] The current locator of test object 'Object Repository/RahulShetty_Repo/RahulShetty_Repo/Page_ProtoCommerce/Page_ProtoCommerce/input_term  Conditions_btn btn-success btn-lg' was broken. Propose an alternative one: '//form/input'.

2023-06-09 19:34:26 - [MESSAGE][PASSED] - Object 'Object Repository/RahulShetty_Repo/RahulShetty_Repo/Page_ProtoCommerce/Page_ProtoCommerce/input_term  Conditions_btn btn-success btn-lg' is clickable

2023-06-09 19:34:27 - [MESSAGE][INFO] - Unable to find the element located by 'By.xpath: '. Please recheck the objects properties to make sure the desired element is located. 

2023-06-09 19:34:27 - [MESSAGE][WARNING] - [SELF-HEALING] Failed to find element with id 'Object Repository/RahulShetty_Repo/RahulShetty_Repo/Page_ProtoCommerce/Page_ProtoCommerce/input_term  Conditions_btn btn-success btn-lg'. Try using Self-healing.

2023-06-09 19:34:27 - [MESSAGE][WARNING] - [SELF-HEALING] The current locator of test object 'Object Repository/RahulShetty_Repo/RahulShetty_Repo/Page_ProtoCommerce/Page_ProtoCommerce/input_term  Conditions_btn btn-success btn-lg' was broken. Propose an alternative one: '//form/input'.

2023-06-09 19:34:27 - [MESSAGE][PASSED] - Object: 'Object Repository/RahulShetty_Repo/RahulShetty_Repo/Page_ProtoCommerce/Page_ProtoCommerce/input_term  Conditions_btn btn-success btn-lg' is clicked on

2023-06-09 19:34:27 - [MESSAGE][PASSED] - com.RSPage.payment is PASSED

2023-06-09 19:34:27 - [TEST_STEP][PASSED] - verifyElementVisible(findTestObject("RahulShetty_Repo/assertion/Page_ProtoCommerce/div_Success Thank you Your order will be delivered in next few weeks -)"), STOP_ON_FAILURE): Object 'Object Repository/RahulShetty_Repo/assertion/Page_ProtoCommerce/div_Success Thank you Your order will be delivered in next few weeks -)' is visible

2023-06-09 19:34:28 - [MESSAGE][PASSED] - Object 'Object Repository/RahulShetty_Repo/assertion/Page_ProtoCommerce/div_Success Thank you Your order will be delivered in next few weeks -)' is visible

2023-06-09 19:34:28 - [TEST_STEP][PASSED] - click(findTestObject("Object Repository/RahulShetty_Repo/RahulShetty_Repo/Page_ProtoCommerce/Page_ProtoCommerce/a_ProtoCommerce Home")): Object: 'Object Repository/RahulShetty_Repo/RahulShetty_Repo/Page_ProtoCommerce/Page_ProtoCommerce/a_ProtoCommerce Home' is clicked on

2023-06-09 19:34:28 - [MESSAGE][PASSED] - Object: 'Object Repository/RahulShetty_Repo/RahulShetty_Repo/Page_ProtoCommerce/Page_ProtoCommerce/a_ProtoCommerce Home' is clicked on

2023-06-09 19:34:28 - [TEST_STEP][PASSED] - com.RSPage.formdata(name, email, password, name_object, email_object, password_object): com.RSPage.formdata is PASSED

2023-06-09 19:34:29 - [MESSAGE][PASSED] - Text 'Dharm' is set on object 'Object Repository/RahulShetty_Repo/RahulShetty_Repo/Page_ProtoCommerce/Page_ProtoCommerce/input_Name_name'

2023-06-09 19:34:30 - [MESSAGE][PASSED] - Text 'Dharm@gmail.com' is set on object 'Object Repository/RahulShetty_Repo/RahulShetty_Repo/Page_ProtoCommerce/Page_ProtoCommerce/input_Email_email'

2023-06-09 19:34:30 - [MESSAGE][PASSED] - Text 'dharm123' is set on object 'Object Repository/RahulShetty_Repo/RahulShetty_Repo/Page_ProtoCommerce/Page_ProtoCommerce/input_Password_exampleInputPassword1'

2023-06-09 19:34:30 - [MESSAGE][PASSED] - com.RSPage.formdata is PASSED

2023-06-09 19:34:30 - [TEST_STEP][PASSED] - click(findTestObject("Object Repository/RahulShetty_Repo/RahulShetty_Repo/Page_ProtoCommerce/Page_ProtoCommerce/input_term  Conditions_btn btn-success btn-lg")): Object: 'Object Repository/RahulShetty_Repo/RahulShetty_Repo/Page_ProtoCommerce/Page_ProtoCommerce/input_term  Conditions_btn btn-success btn-lg' is clicked on

2023-06-09 19:34:32 - [MESSAGE][INFO] - Unable to find the element located by 'By.xpath: '. Please recheck the objects properties to make sure the desired element is located. 

2023-06-09 19:34:32 - [MESSAGE][WARNING] - [SELF-HEALING] Failed to find element with id 'Object Repository/RahulShetty_Repo/RahulShetty_Repo/Page_ProtoCommerce/Page_ProtoCommerce/input_term  Conditions_btn btn-success btn-lg'. Try using Self-healing.

2023-06-09 19:34:32 - [MESSAGE][WARNING] - [SELF-HEALING] The current locator of test object 'Object Repository/RahulShetty_Repo/RahulShetty_Repo/Page_ProtoCommerce/Page_ProtoCommerce/input_term  Conditions_btn btn-success btn-lg' was broken. Propose an alternative one: '//form/input'.

2023-06-09 19:34:32 - [MESSAGE][PASSED] - Object: 'Object Repository/RahulShetty_Repo/RahulShetty_Repo/Page_ProtoCommerce/Page_ProtoCommerce/input_term  Conditions_btn btn-success btn-lg' is clicked on

2023-06-09 19:34:32 - [TEST_STEP][PASSED] - verifyElementVisible(findTestObject("RahulShetty_Repo/assertion/Page_ProtoCommerce/div_Success The Form has been submitted successfully"), STOP_ON_FAILURE): Object 'Object Repository/RahulShetty_Repo/assertion/Page_ProtoCommerce/div_Success The Form has been submitted successfully' is visible

2023-06-09 19:34:32 - [MESSAGE][PASSED] - Object 'Object Repository/RahulShetty_Repo/assertion/Page_ProtoCommerce/div_Success The Form has been submitted successfully' is visible

2023-06-09 19:34:32 - [TEST_STEP][PASSED] - click(findTestObject("Object Repository/RahulShetty_Repo/RahulShetty_Repo/Page_ProtoCommerce/Page_ProtoCommerce/strong_Success")): Object: 'Object Repository/RahulShetty_Repo/RahulShetty_Repo/Page_ProtoCommerce/Page_ProtoCommerce/strong_Success' is clicked on

2023-06-09 19:34:33 - [MESSAGE][PASSED] - Object: 'Object Repository/RahulShetty_Repo/RahulShetty_Repo/Page_ProtoCommerce/Page_ProtoCommerce/strong_Success' is clicked on

2023-06-09 19:34:33 - [TEST_STEP][PASSED] - delay(2): Delayed 2 second(s)

2023-06-09 19:34:35 - [MESSAGE][PASSED] - Delayed 2 second(s)

2023-06-09 19:34:35 - [TEST_STEP][PASSED] - Start tear down : TearDownMethod: Method 'TearDownMethod' complete successfully

2023-06-09 19:34:35 - [TEST_STEP][PASSED] - click(findTestObject("Object Repository/RahulShetty_Repo/RahulShetty_Repo/Page_ProtoCommerce/Page_ProtoCommerce/a_Shop")): Object: 'Object Repository/RahulShetty_Repo/RahulShetty_Repo/Page_ProtoCommerce/Page_ProtoCommerce/a_Shop' is clicked on

2023-06-09 19:34:35 - [MESSAGE][PASSED] - Object: 'Object Repository/RahulShetty_Repo/RahulShetty_Repo/Page_ProtoCommerce/Page_ProtoCommerce/a_Shop' is clicked on

2023-06-09 19:34:35 - [MESSAGE][PASSED] - Method 'TearDownMethod' complete successfully

2023-06-09 19:34:35 - [TEST_STEP][PASSED] - Start listener action : sampleAfterTestCase: null]]></system-out>
         <system-err><![CDATA[]]></system-err>
      </testcase>
      <testcase name="Test Cases/RahulShettyTestCase/RahulShettyLoginPage" time="31.837" classname="Test Cases/RahulShettyTestCase/RahulShettyLoginPage" status="PASSED">
         <system-out><![CDATA[2023-06-09 19:34:35 - [TEST_CASE][PASSED] - Test Cases/RahulShettyTestCase/RahulShettyLoginPage: Test Cases/RahulShettyTestCase/RahulShettyLoginPage

2023-06-09 19:34:35 - [TEST_STEP][PASSED] - Start listener action : sampleBeforeTestCase: null

2023-06-09 19:34:35 - [TEST_STEP][PASSED] - Start setup action : SetupMethod: Method 'SetupMethod' complete successfully

2023-06-09 19:34:35 - [TEST_STEP][PASSED] - navigateToUrl(url): Navigate to 'https://rahulshettyacademy.com/loginpagePractise/' successfully

2023-06-09 19:34:35 - [MESSAGE][PASSED] - Navigate to 'https://rahulshettyacademy.com/loginpagePractise/' successfully

2023-06-09 19:34:35 - [TEST_STEP][PASSED] - getUrl().equals("https://rahulshettyacademy.com/loginpagePractise/"): Current window's url is: 'https://rahulshettyacademy.com/loginpagePractise/'

2023-06-09 19:34:35 - [MESSAGE][PASSED] - Current window's url is: 'https://rahulshettyacademy.com/loginpagePractise/'

2023-06-09 19:34:35 - [TEST_STEP][FAILED] - try: Verify element text of test object 'Object Repository/RahulShetty_Repo/assertion/Page_LoginPage Practise  Rahul Shetty Academy/div_Incorrect usernamepassword' FAILED. (Root cause: com.kms.katalon.core.exception.StepFailedException: Verify element text of test object 'Object Repository/RahulShetty_Repo/assertion/Page_LoginPage Practise  Rahul Shetty Academy/div_Incorrect usernamepassword' FAILED.
	at com.kms.katalon.core.webui.keyword.internal.WebUIKeywordMain.stepFailed(WebUIKeywordMain.groovy:64)
	at com.kms.katalon.core.webui.keyword.internal.WebUIKeywordMain.runKeyword(WebUIKeywordMain.groovy:26)
	at com.kms.katalon.core.webui.keyword.builtin.VerifyElementTextKeyword.verifyElementText(VerifyElementTextKeyword.groovy:72)
	at com.kms.katalon.core.webui.keyword.builtin.VerifyElementTextKeyword.execute(VerifyElementTextKeyword.groovy:40)
	at com.kms.katalon.core.keyword.internal.KeywordExecutor.executeKeywordForPlatform(KeywordExecutor.groovy:74)
	at com.kms.katalon.core.webui.keyword.WebUiBuiltInKeywords.verifyElementText(WebUiBuiltInKeywords.groovy:4749)
	at com.kms.katalon.core.webui.keyword.WebUiBuiltInKeywords$verifyElementText$6.call(Unknown Source)
	at RahulShettyLoginPage.SetupMethod(RahulShettyLoginPage:75)
	at com.kms.katalon.core.main.ScriptEngine.runScriptMethodAsRawText(ScriptEngine.java:133)
	at com.kms.katalon.core.main.TestCaseExecutor.runMethod(TestCaseExecutor.java:458)
	at com.kms.katalon.core.main.TestCaseExecutor.runMethod(TestCaseExecutor.java:580)
	at com.kms.katalon.core.main.TestCaseExecutor.internallyRunMethods(TestCaseExecutor.java:565)
	at com.kms.katalon.core.main.TestCaseExecutor.processSetupPhase(TestCaseExecutor.java:203)
	at com.kms.katalon.core.main.TestCaseExecutor.accessMainPhase(TestCaseExecutor.java:407)
	at com.kms.katalon.core.main.TestCaseExecutor.execute(TestCaseExecutor.java:285)
	at com.kms.katalon.core.common.CommonExecutor.accessTestCaseMainPhase(CommonExecutor.java:65)
	at com.kms.katalon.core.main.TestSuiteExecutor.accessTestSuiteMainPhase(TestSuiteExecutor.java:148)
	at com.kms.katalon.core.main.TestSuiteExecutor.execute(TestSuiteExecutor.java:106)
	at com.kms.katalon.core.main.TestCaseMain.startTestSuite(TestCaseMain.java:187)
	at com.kms.katalon.core.main.TestCaseMain$startTestSuite$0.call(Unknown Source)
	at TempTestSuite1686319337062.run(TempTestSuite1686319337062.groovy:36)
Caused by: com.kms.katalon.core.exception.StepFailedException: Actual text '' and expected text ' username/password.' of test object 'Object Repository/RahulShetty_Repo/assertion/Page_LoginPage Practise  Rahul Shetty Academy/div_Incorrect usernamepassword' are NOT matched.
	at com.kms.katalon.core.webui.keyword.internal.WebUIKeywordMain.stepFailed(WebUIKeywordMain.groovy:64)
	at com.kms.katalon.core.webui.keyword.builtin.VerifyElementTextKeyword$_verifyElementText_closure1.doCall(VerifyElementTextKeyword.groovy:57)
	at com.kms.katalon.core.webui.keyword.builtin.VerifyElementTextKeyword$_verifyElementText_closure1.call(VerifyElementTextKeyword.groovy)
	at com.kms.katalon.core.webui.keyword.internal.WebUIKeywordMain.runKeyword(WebUIKeywordMain.groovy:20)
	... 19 more
)

2023-06-09 19:34:35 - [TEST_STEP][PASSED] - com.RSPage.Invalidlogin(Invalidusername, LoginPassword, object_username, object_password): com.RSPage.Invalidlogin is PASSED

2023-06-09 19:34:36 - [MESSAGE][PASSED] - Text 'dharm' is set on object 'Object Repository/RahulShetty_Repo/RahulShetty_Repo/Page_LoginPage Practise  Rahul Shetty Academy/Page_LoginPage Practise  Rahul Shetty Academy/input_Username_username'

2023-06-09 19:34:37 - [MESSAGE][PASSED] - Text 'learning' is set on object 'Object Repository/RahulShetty_Repo/RahulShetty_Repo/Page_LoginPage Practise  Rahul Shetty Academy/Page_LoginPage Practise  Rahul Shetty Academy/input_Password_password'

2023-06-09 19:34:37 - [MESSAGE][PASSED] - com.RSPage.Invalidlogin is PASSED

2023-06-09 19:34:37 - [TEST_STEP][PASSED] - verifyElementClickable(findTestObject("RahulShetty_Repo/assertion/Page_LoginPage Practise  Rahul Shetty Academy/span_User_checkmark")): Object 'Object Repository/RahulShetty_Repo/assertion/Page_LoginPage Practise  Rahul Shetty Academy/span_User_checkmark' is clickable

2023-06-09 19:34:37 - [MESSAGE][PASSED] - Object 'Object Repository/RahulShetty_Repo/assertion/Page_LoginPage Practise  Rahul Shetty Academy/span_User_checkmark' is clickable

2023-06-09 19:34:37 - [TEST_STEP][PASSED] - click(findTestObject("RahulShetty_Repo/assertion/Page_LoginPage Practise  Rahul Shetty Academy/span_User_checkmark")): Object: 'Object Repository/RahulShetty_Repo/assertion/Page_LoginPage Practise  Rahul Shetty Academy/span_User_checkmark' is clicked on

2023-06-09 19:34:37 - [MESSAGE][PASSED] - Object: 'Object Repository/RahulShetty_Repo/assertion/Page_LoginPage Practise  Rahul Shetty Academy/span_User_checkmark' is clicked on

2023-06-09 19:34:37 - [TEST_STEP][PASSED] - verifyElementText(findTestObject("RahulShetty_Repo/assertion/Page_LoginPage Practise  Rahul Shetty Academy/div_You will be limited to only fewer functionalities of the app. Proceed"), "You will be limited to only fewer functionalities of the app. Proceed?"): Actual text and expected text of test object 'Object Repository/RahulShetty_Repo/assertion/Page_LoginPage Practise  Rahul Shetty Academy/div_You will be limited to only fewer functionalities of the app. Proceed' are matched.

2023-06-09 19:34:38 - [MESSAGE][PASSED] - Actual text and expected text of test object 'Object Repository/RahulShetty_Repo/assertion/Page_LoginPage Practise  Rahul Shetty Academy/div_You will be limited to only fewer functionalities of the app. Proceed' are matched.

2023-06-09 19:34:38 - [TEST_STEP][PASSED] - click(findTestObject("RahulShetty_Repo/assertion/Page_LoginPage Practise  Rahul Shetty Academy/button_Okay")): Object: 'Object Repository/RahulShetty_Repo/assertion/Page_LoginPage Practise  Rahul Shetty Academy/button_Okay' is clicked on

2023-06-09 19:34:38 - [MESSAGE][PASSED] - Object: 'Object Repository/RahulShetty_Repo/assertion/Page_LoginPage Practise  Rahul Shetty Academy/button_Okay' is clicked on

2023-06-09 19:34:38 - [TEST_STEP][PASSED] - click(findTestObject("Object Repository/RahulShetty_Repo/RahulShetty_Repo/Page_LoginPage Practise  Rahul Shetty Academy/Page_LoginPage Practise  Rahul Shetty Academy/Page_LoginPage Practise  Rahul Shetty Academy/input_I Agree to the_signin")): Object: 'Object Repository/RahulShetty_Repo/RahulShetty_Repo/Page_LoginPage Practise  Rahul Shetty Academy/Page_LoginPage Practise  Rahul Shetty Academy/Page_LoginPage Practise  Rahul Shetty Academy/input_I Agree to the_signin' is clicked on

2023-06-09 19:34:39 - [MESSAGE][INFO] - Unable to find the element located by 'By.xpath: '. Please recheck the objects properties to make sure the desired element is located. 

2023-06-09 19:34:39 - [MESSAGE][WARNING] - [SELF-HEALING] Failed to find element with id 'Object Repository/RahulShetty_Repo/RahulShetty_Repo/Page_LoginPage Practise  Rahul Shetty Academy/Page_LoginPage Practise  Rahul Shetty Academy/Page_LoginPage Practise  Rahul Shetty Academy/input_I Agree to the_signin'. Try using Self-healing.

2023-06-09 19:34:39 - [MESSAGE][WARNING] - [SELF-HEALING] The current locator of test object 'Object Repository/RahulShetty_Repo/RahulShetty_Repo/Page_LoginPage Practise  Rahul Shetty Academy/Page_LoginPage Practise  Rahul Shetty Academy/Page_LoginPage Practise  Rahul Shetty Academy/input_I Agree to the_signin' was broken. Propose an alternative one: '//input[@id='signInBtn']'.

2023-06-09 19:34:40 - [MESSAGE][PASSED] - Object: 'Object Repository/RahulShetty_Repo/RahulShetty_Repo/Page_LoginPage Practise  Rahul Shetty Academy/Page_LoginPage Practise  Rahul Shetty Academy/Page_LoginPage Practise  Rahul Shetty Academy/input_I Agree to the_signin' is clicked on

2023-06-09 19:34:40 - [TEST_STEP][FAILED] - verifyElementText(findTestObject("RahulShetty_Repo/assertion/Page_LoginPage Practise  Rahul Shetty Academy/div_Incorrect usernamepassword"), " username/password."): Verify element text of test object 'Object Repository/RahulShetty_Repo/assertion/Page_LoginPage Practise  Rahul Shetty Academy/div_Incorrect usernamepassword' FAILED. (Root cause: com.kms.katalon.core.exception.StepFailedException: Verify element text of test object 'Object Repository/RahulShetty_Repo/assertion/Page_LoginPage Practise  Rahul Shetty Academy/div_Incorrect usernamepassword' FAILED.
	at com.kms.katalon.core.webui.keyword.internal.WebUIKeywordMain.stepFailed(WebUIKeywordMain.groovy:64)
	at com.kms.katalon.core.webui.keyword.internal.WebUIKeywordMain.runKeyword(WebUIKeywordMain.groovy:26)
	at com.kms.katalon.core.webui.keyword.builtin.VerifyElementTextKeyword.verifyElementText(VerifyElementTextKeyword.groovy:72)
	at com.kms.katalon.core.webui.keyword.builtin.VerifyElementTextKeyword.execute(VerifyElementTextKeyword.groovy:40)
	at com.kms.katalon.core.keyword.internal.KeywordExecutor.executeKeywordForPlatform(KeywordExecutor.groovy:74)
	at com.kms.katalon.core.webui.keyword.WebUiBuiltInKeywords.verifyElementText(WebUiBuiltInKeywords.groovy:4749)
	at com.kms.katalon.core.webui.keyword.WebUiBuiltInKeywords$verifyElementText$6.call(Unknown Source)
	at RahulShettyLoginPage.SetupMethod(RahulShettyLoginPage:75)
	at com.kms.katalon.core.main.ScriptEngine.runScriptMethodAsRawText(ScriptEngine.java:133)
	at com.kms.katalon.core.main.TestCaseExecutor.runMethod(TestCaseExecutor.java:458)
	at com.kms.katalon.core.main.TestCaseExecutor.runMethod(TestCaseExecutor.java:580)
	at com.kms.katalon.core.main.TestCaseExecutor.internallyRunMethods(TestCaseExecutor.java:565)
	at com.kms.katalon.core.main.TestCaseExecutor.processSetupPhase(TestCaseExecutor.java:203)
	at com.kms.katalon.core.main.TestCaseExecutor.accessMainPhase(TestCaseExecutor.java:407)
	at com.kms.katalon.core.main.TestCaseExecutor.execute(TestCaseExecutor.java:285)
	at com.kms.katalon.core.common.CommonExecutor.accessTestCaseMainPhase(CommonExecutor.java:65)
	at com.kms.katalon.core.main.TestSuiteExecutor.accessTestSuiteMainPhase(TestSuiteExecutor.java:148)
	at com.kms.katalon.core.main.TestSuiteExecutor.execute(TestSuiteExecutor.java:106)
	at com.kms.katalon.core.main.TestCaseMain.startTestSuite(TestCaseMain.java:187)
	at com.kms.katalon.core.main.TestCaseMain$startTestSuite$0.call(Unknown Source)
	at TempTestSuite1686319337062.run(TempTestSuite1686319337062.groovy:36)
Caused by: com.kms.katalon.core.exception.StepFailedException: Actual text '' and expected text ' username/password.' of test object 'Object Repository/RahulShetty_Repo/assertion/Page_LoginPage Practise  Rahul Shetty Academy/div_Incorrect usernamepassword' are NOT matched.
	at com.kms.katalon.core.webui.keyword.internal.WebUIKeywordMain.stepFailed(WebUIKeywordMain.groovy:64)
	at com.kms.katalon.core.webui.keyword.builtin.VerifyElementTextKeyword$_verifyElementText_closure1.doCall(VerifyElementTextKeyword.groovy:57)
	at com.kms.katalon.core.webui.keyword.builtin.VerifyElementTextKeyword$_verifyElementText_closure1.call(VerifyElementTextKeyword.groovy)
	at com.kms.katalon.core.webui.keyword.internal.WebUIKeywordMain.runKeyword(WebUIKeywordMain.groovy:20)
	... 19 more
)

2023-06-09 19:34:40 - [MESSAGE][FAILED] - Actual text '' and expected text ' username/password.' of test object 'Object Repository/RahulShetty_Repo/assertion/Page_LoginPage Practise  Rahul Shetty Academy/div_Incorrect usernamepassword' are NOT matched. (Root cause: com.kms.katalon.core.exception.StepFailedException: Actual text '' and expected text ' username/password.' of test object 'Object Repository/RahulShetty_Repo/assertion/Page_LoginPage Practise  Rahul Shetty Academy/div_Incorrect usernamepassword' are NOT matched.
	at com.kms.katalon.core.webui.keyword.internal.WebUIKeywordMain.stepFailed(WebUIKeywordMain.groovy:64)
	at com.kms.katalon.core.webui.keyword.builtin.VerifyElementTextKeyword$_verifyElementText_closure1.doCall(VerifyElementTextKeyword.groovy:57)
	at com.kms.katalon.core.webui.keyword.builtin.VerifyElementTextKeyword$_verifyElementText_closure1.call(VerifyElementTextKeyword.groovy)
	at com.kms.katalon.core.webui.keyword.internal.WebUIKeywordMain.runKeyword(WebUIKeywordMain.groovy:20)
	at com.kms.katalon.core.webui.keyword.builtin.VerifyElementTextKeyword.verifyElementText(VerifyElementTextKeyword.groovy:72)
	at com.kms.katalon.core.webui.keyword.builtin.VerifyElementTextKeyword.execute(VerifyElementTextKeyword.groovy:40)
	at com.kms.katalon.core.keyword.internal.KeywordExecutor.executeKeywordForPlatform(KeywordExecutor.groovy:74)
	at com.kms.katalon.core.webui.keyword.WebUiBuiltInKeywords.verifyElementText(WebUiBuiltInKeywords.groovy:4749)
	at com.kms.katalon.core.webui.keyword.WebUiBuiltInKeywords$verifyElementText$6.call(Unknown Source)
	at RahulShettyLoginPage.SetupMethod(RahulShettyLoginPage:75)
	at com.kms.katalon.core.main.ScriptEngine.runScriptMethodAsRawText(ScriptEngine.java:133)
	at com.kms.katalon.core.main.TestCaseExecutor.runMethod(TestCaseExecutor.java:458)
	at com.kms.katalon.core.main.TestCaseExecutor.runMethod(TestCaseExecutor.java:580)
	at com.kms.katalon.core.main.TestCaseExecutor.internallyRunMethods(TestCaseExecutor.java:565)
	at com.kms.katalon.core.main.TestCaseExecutor.processSetupPhase(TestCaseExecutor.java:203)
	at com.kms.katalon.core.main.TestCaseExecutor.accessMainPhase(TestCaseExecutor.java:407)
	at com.kms.katalon.core.main.TestCaseExecutor.execute(TestCaseExecutor.java:285)
	at com.kms.katalon.core.common.CommonExecutor.accessTestCaseMainPhase(CommonExecutor.java:65)
	at com.kms.katalon.core.main.TestSuiteExecutor.accessTestSuiteMainPhase(TestSuiteExecutor.java:148)
	at com.kms.katalon.core.main.TestSuiteExecutor.execute(TestSuiteExecutor.java:106)
	at com.kms.katalon.core.main.TestCaseMain.startTestSuite(TestCaseMain.java:187)
	at com.kms.katalon.core.main.TestCaseMain$startTestSuite$0.call(Unknown Source)
	at TempTestSuite1686319337062.run(TempTestSuite1686319337062.groovy:36)
)
[[ATTACHMENT|/home/dharm/git/FinalAssignment/Reports/20230609_193214/RahulShettyTestSuite/RahulShetty/20230609_193217/1686319480442.png]]

2023-06-09 19:34:40 - [MESSAGE][FAILED] - Verify element text of test object 'Object Repository/RahulShetty_Repo/assertion/Page_LoginPage Practise  Rahul Shetty Academy/div_Incorrect usernamepassword' FAILED. (Root cause: com.kms.katalon.core.exception.StepFailedException: Verify element text of test object 'Object Repository/RahulShetty_Repo/assertion/Page_LoginPage Practise  Rahul Shetty Academy/div_Incorrect usernamepassword' FAILED.
	at com.kms.katalon.core.webui.keyword.internal.WebUIKeywordMain.stepFailed(WebUIKeywordMain.groovy:64)
	at com.kms.katalon.core.webui.keyword.internal.WebUIKeywordMain.runKeyword(WebUIKeywordMain.groovy:26)
	at com.kms.katalon.core.webui.keyword.builtin.VerifyElementTextKeyword.verifyElementText(VerifyElementTextKeyword.groovy:72)
	at com.kms.katalon.core.webui.keyword.builtin.VerifyElementTextKeyword.execute(VerifyElementTextKeyword.groovy:40)
	at com.kms.katalon.core.keyword.internal.KeywordExecutor.executeKeywordForPlatform(KeywordExecutor.groovy:74)
	at com.kms.katalon.core.webui.keyword.WebUiBuiltInKeywords.verifyElementText(WebUiBuiltInKeywords.groovy:4749)
	at com.kms.katalon.core.webui.keyword.WebUiBuiltInKeywords$verifyElementText$6.call(Unknown Source)
	at RahulShettyLoginPage.SetupMethod(RahulShettyLoginPage:75)
	at com.kms.katalon.core.main.ScriptEngine.runScriptMethodAsRawText(ScriptEngine.java:133)
	at com.kms.katalon.core.main.TestCaseExecutor.runMethod(TestCaseExecutor.java:458)
	at com.kms.katalon.core.main.TestCaseExecutor.runMethod(TestCaseExecutor.java:580)
	at com.kms.katalon.core.main.TestCaseExecutor.internallyRunMethods(TestCaseExecutor.java:565)
	at com.kms.katalon.core.main.TestCaseExecutor.processSetupPhase(TestCaseExecutor.java:203)
	at com.kms.katalon.core.main.TestCaseExecutor.accessMainPhase(TestCaseExecutor.java:407)
	at com.kms.katalon.core.main.TestCaseExecutor.execute(TestCaseExecutor.java:285)
	at com.kms.katalon.core.common.CommonExecutor.accessTestCaseMainPhase(CommonExecutor.java:65)
	at com.kms.katalon.core.main.TestSuiteExecutor.accessTestSuiteMainPhase(TestSuiteExecutor.java:148)
	at com.kms.katalon.core.main.TestSuiteExecutor.execute(TestSuiteExecutor.java:106)
	at com.kms.katalon.core.main.TestCaseMain.startTestSuite(TestCaseMain.java:187)
	at com.kms.katalon.core.main.TestCaseMain$startTestSuite$0.call(Unknown Source)
	at TempTestSuite1686319337062.run(TempTestSuite1686319337062.groovy:36)
Caused by: com.kms.katalon.core.exception.StepFailedException: Actual text '' and expected text ' username/password.' of test object 'Object Repository/RahulShetty_Repo/assertion/Page_LoginPage Practise  Rahul Shetty Academy/div_Incorrect usernamepassword' are NOT matched.
	at com.kms.katalon.core.webui.keyword.internal.WebUIKeywordMain.stepFailed(WebUIKeywordMain.groovy:64)
	at com.kms.katalon.core.webui.keyword.builtin.VerifyElementTextKeyword$_verifyElementText_closure1.doCall(VerifyElementTextKeyword.groovy:57)
	at com.kms.katalon.core.webui.keyword.builtin.VerifyElementTextKeyword$_verifyElementText_closure1.call(VerifyElementTextKeyword.groovy)
	at com.kms.katalon.core.webui.keyword.internal.WebUIKeywordMain.runKeyword(WebUIKeywordMain.groovy:20)
	... 19 more
)
[[ATTACHMENT|/home/dharm/git/FinalAssignment/Reports/20230609_193214/RahulShettyTestSuite/RahulShetty/20230609_193217/1686319480565.png]]

2023-06-09 19:34:40 - [TEST_STEP][PASSED] - catch (Exception e): Object 'Object Repository/RahulShetty_Repo/RahulShetty_Repo/Page_ProtoCommerce/h1_Shop Name' is present

2023-06-09 19:34:40 - [TEST_STEP][PASSED] - com.RSPage.Validlogin(Validusername, LoginPassword, object_username, object_password): com.RSPage.Validlogin is PASSED

2023-06-09 19:34:41 - [MESSAGE][PASSED] - Text 'rahulshettyacademy' is set on object 'Object Repository/RahulShetty_Repo/RahulShetty_Repo/Page_LoginPage Practise  Rahul Shetty Academy/Page_LoginPage Practise  Rahul Shetty Academy/input_Username_username'

2023-06-09 19:34:41 - [MESSAGE][PASSED] - Text 'learning' is set on object 'Object Repository/RahulShetty_Repo/RahulShetty_Repo/Page_LoginPage Practise  Rahul Shetty Academy/Page_LoginPage Practise  Rahul Shetty Academy/input_Password_password'

2023-06-09 19:34:41 - [MESSAGE][PASSED] - com.RSPage.Validlogin is PASSED

2023-06-09 19:34:41 - [TEST_STEP][PASSED] - click(findTestObject("Object Repository/RahulShetty_Repo/RahulShetty_Repo/Page_LoginPage Practise  Rahul Shetty Academy/Page_LoginPage Practise  Rahul Shetty Academy/input_I Agree to the_signin")): Object: 'Object Repository/RahulShetty_Repo/RahulShetty_Repo/Page_LoginPage Practise  Rahul Shetty Academy/Page_LoginPage Practise  Rahul Shetty Academy/input_I Agree to the_signin' is clicked on

2023-06-09 19:34:42 - [MESSAGE][PASSED] - Object: 'Object Repository/RahulShetty_Repo/RahulShetty_Repo/Page_LoginPage Practise  Rahul Shetty Academy/Page_LoginPage Practise  Rahul Shetty Academy/input_I Agree to the_signin' is clicked on

2023-06-09 19:34:42 - [TEST_STEP][PASSED] - delay(2): Delayed 2 second(s)

2023-06-09 19:34:44 - [MESSAGE][PASSED] - Delayed 2 second(s)

2023-06-09 19:34:44 - [TEST_STEP][PASSED] - verifyElementPresent(findTestObject("RahulShetty_Repo/RahulShetty_Repo/Page_ProtoCommerce/h1_Shop Name"), 0): Object 'Object Repository/RahulShetty_Repo/RahulShetty_Repo/Page_ProtoCommerce/h1_Shop Name' is present

2023-06-09 19:34:44 - [MESSAGE][WARNING] - Timeout '0' is invalid. Using default page load timeout: '30'

2023-06-09 19:34:44 - [MESSAGE][PASSED] - Object 'Object Repository/RahulShetty_Repo/RahulShetty_Repo/Page_ProtoCommerce/h1_Shop Name' is present

2023-06-09 19:34:44 - [MESSAGE][PASSED] - Method 'SetupMethod' complete successfully

2023-06-09 19:34:44 - [TEST_STEP][PASSED] - homevariable = "Home": null

2023-06-09 19:34:44 - [TEST_STEP][PASSED] - click(findTestObject("RahulShetty_Repo/RahulShetty_Repo/DynamicObjectCreation/a_Shop", ["text":homevariable])): Object: 'Object Repository/RahulShetty_Repo/RahulShetty_Repo/DynamicObjectCreation/a_Shop' is clicked on

2023-06-09 19:34:44 - [MESSAGE][PASSED] - Object: 'Object Repository/RahulShetty_Repo/RahulShetty_Repo/DynamicObjectCreation/a_Shop' is clicked on

2023-06-09 19:34:44 - [TEST_STEP][PASSED] - delay(1): Delayed 1 second(s)

2023-06-09 19:34:45 - [MESSAGE][PASSED] - Delayed 1 second(s)

2023-06-09 19:34:45 - [TEST_STEP][PASSED] - shopvariable = "shop": null

2023-06-09 19:34:45 - [TEST_STEP][PASSED] - verifyElementClickable(findTestObject("RahulShetty_Repo/RahulShetty_Repo/DynamicObjectCreation/a_Shop", ["text":shopvariable])): Object 'Object Repository/RahulShetty_Repo/RahulShetty_Repo/DynamicObjectCreation/a_Shop' is clickable

2023-06-09 19:34:46 - [MESSAGE][INFO] - Unable to find the element located by 'By.xpath: //*[(text() = 'shop' or . = 'shop')]'. Please recheck the objects properties to make sure the desired element is located. 

2023-06-09 19:34:46 - [MESSAGE][WARNING] - [SELF-HEALING] Failed to find element with id 'Object Repository/RahulShetty_Repo/RahulShetty_Repo/DynamicObjectCreation/a_Shop'. Try using Self-healing.

2023-06-09 19:34:47 - [MESSAGE][WARNING] - [SELF-HEALING] The current locator of test object 'Object Repository/RahulShetty_Repo/RahulShetty_Repo/DynamicObjectCreation/a_Shop' was broken. Propose an alternative one: '//a[@href = '/angularpractice/shop' and (text() = 'Shop' or . = 'Shop')]'.

2023-06-09 19:34:47 - [MESSAGE][PASSED] - Object 'Object Repository/RahulShetty_Repo/RahulShetty_Repo/DynamicObjectCreation/a_Shop' is clickable

2023-06-09 19:34:47 - [TEST_STEP][PASSED] - click(findTestObject("RahulShetty_Repo/RahulShetty_Repo/DynamicObjectCreation/a_Shop", ["text":shopvariable])): Object: 'Object Repository/RahulShetty_Repo/RahulShetty_Repo/DynamicObjectCreation/a_Shop' is clicked on

2023-06-09 19:34:48 - [MESSAGE][INFO] - Unable to find the element located by 'By.xpath: //*[(text() = 'shop' or . = 'shop')]'. Please recheck the objects properties to make sure the desired element is located. 

2023-06-09 19:34:48 - [MESSAGE][WARNING] - [SELF-HEALING] Failed to find element with id 'Object Repository/RahulShetty_Repo/RahulShetty_Repo/DynamicObjectCreation/a_Shop'. Try using Self-healing.

2023-06-09 19:34:48 - [MESSAGE][WARNING] - [SELF-HEALING] The current locator of test object 'Object Repository/RahulShetty_Repo/RahulShetty_Repo/DynamicObjectCreation/a_Shop' was broken. Propose an alternative one: '//a[@href = '/angularpractice/shop' and (text() = 'Shop' or . = 'Shop')]'.

2023-06-09 19:34:48 - [MESSAGE][PASSED] - Object: 'Object Repository/RahulShetty_Repo/RahulShetty_Repo/DynamicObjectCreation/a_Shop' is clicked on

2023-06-09 19:34:48 - [TEST_STEP][PASSED] - com.RSPage.checkout(Add_Object, Checkout_Object): com.RSPage.checkout is PASSED

2023-06-09 19:34:49 - [MESSAGE][PASSED] - Object: 'Object Repository/RahulShetty_Repo/RahulShetty_Repo/Page_ProtoCommerce/Page_ProtoCommerce/button_Add' is clicked on

2023-06-09 19:34:51 - [MESSAGE][PASSED] - Delayed 2 second(s)

2023-06-09 19:34:52 - [MESSAGE][INFO] - Unable to find the element located by 'By.xpath: '. Please recheck the objects properties to make sure the desired element is located. 

2023-06-09 19:34:52 - [MESSAGE][WARNING] - [SELF-HEALING] Failed to find element with id 'Object Repository/RahulShetty_Repo/RahulShetty_Repo/Page_ProtoCommerce/Page_ProtoCommerce/a_Checkout ( 1 )            (current)'. Try using Self-healing.

2023-06-09 19:34:52 - [MESSAGE][WARNING] - [SELF-HEALING] The current locator of test object 'Object Repository/RahulShetty_Repo/RahulShetty_Repo/Page_ProtoCommerce/Page_ProtoCommerce/a_Checkout ( 1 )            (current)' was broken. Propose an alternative one: '//div[@id='navbarResponsive']/ul/li/a'.

2023-06-09 19:34:52 - [MESSAGE][PASSED] - Object 'Object Repository/RahulShetty_Repo/RahulShetty_Repo/Page_ProtoCommerce/Page_ProtoCommerce/a_Checkout ( 1 )            (current)' is visible

2023-06-09 19:34:54 - [MESSAGE][INFO] - Unable to find the element located by 'By.xpath: '. Please recheck the objects properties to make sure the desired element is located. 

2023-06-09 19:34:54 - [MESSAGE][WARNING] - [SELF-HEALING] Failed to find element with id 'Object Repository/RahulShetty_Repo/RahulShetty_Repo/Page_ProtoCommerce/Page_ProtoCommerce/a_Checkout ( 1 )            (current)'. Try using Self-healing.

2023-06-09 19:34:54 - [MESSAGE][WARNING] - [SELF-HEALING] The current locator of test object 'Object Repository/RahulShetty_Repo/RahulShetty_Repo/Page_ProtoCommerce/Page_ProtoCommerce/a_Checkout ( 1 )            (current)' was broken. Propose an alternative one: '//div[@id='navbarResponsive']/ul/li/a'.

2023-06-09 19:34:54 - [MESSAGE][PASSED] - Object: 'Object Repository/RahulShetty_Repo/RahulShetty_Repo/Page_ProtoCommerce/Page_ProtoCommerce/a_Checkout ( 1 )            (current)' is clicked on

2023-06-09 19:34:54 - [MESSAGE][PASSED] - com.RSPage.checkout is PASSED

2023-06-09 19:34:54 - [TEST_STEP][PASSED] - verifyElementText(findTestObject("RahulShetty_Repo/assertion/Page_ProtoCommerce/a_iphone X"), "iphone X"): Actual text and expected text of test object 'Object Repository/RahulShetty_Repo/assertion/Page_ProtoCommerce/a_iphone X' are matched.

2023-06-09 19:34:55 - [MESSAGE][PASSED] - Actual text and expected text of test object 'Object Repository/RahulShetty_Repo/assertion/Page_ProtoCommerce/a_iphone X' are matched.

2023-06-09 19:34:55 - [TEST_STEP][PASSED] - com.RSPage.payment(FinalCheckout, tnc, purchase): com.RSPage.payment is PASSED

2023-06-09 19:34:55 - [MESSAGE][PASSED] - Object: 'Object Repository/RahulShetty_Repo/RahulShetty_Repo/Page_ProtoCommerce/Page_ProtoCommerce/button_Checkout' is clicked on

2023-06-09 19:34:56 - [MESSAGE][INFO] - Unable to find the element located by 'By.xpath: '. Please recheck the objects properties to make sure the desired element is located. 

2023-06-09 19:34:56 - [MESSAGE][WARNING] - [SELF-HEALING] Failed to find element with id 'Object Repository/RahulShetty_Repo/RahulShetty_Repo/Page_ProtoCommerce/Page_ProtoCommerce/label_I agree with the term  Conditions'. Try using Self-healing.

2023-06-09 19:34:56 - [MESSAGE][WARNING] - [SELF-HEALING] The current locator of test object 'Object Repository/RahulShetty_Repo/RahulShetty_Repo/Page_ProtoCommerce/Page_ProtoCommerce/label_I agree with the term  Conditions' was broken. Propose an alternative one: '(.//*[normalize-space(text()) and normalize-space(.)='(current)'])[1]/following::label[2]'.

2023-06-09 19:34:57 - [MESSAGE][PASSED] - Object: 'Object Repository/RahulShetty_Repo/RahulShetty_Repo/Page_ProtoCommerce/Page_ProtoCommerce/label_I agree with the term  Conditions' is clicked on

2023-06-09 19:34:58 - [MESSAGE][INFO] - Unable to find the element located by 'By.xpath: '. Please recheck the objects properties to make sure the desired element is located. 

2023-06-09 19:34:58 - [MESSAGE][WARNING] - [SELF-HEALING] Failed to find element with id 'Object Repository/RahulShetty_Repo/RahulShetty_Repo/Page_ProtoCommerce/Page_ProtoCommerce/input_term  Conditions_btn btn-success btn-lg'. Try using Self-healing.

2023-06-09 19:34:58 - [MESSAGE][WARNING] - [SELF-HEALING] The current locator of test object 'Object Repository/RahulShetty_Repo/RahulShetty_Repo/Page_ProtoCommerce/Page_ProtoCommerce/input_term  Conditions_btn btn-success btn-lg' was broken. Propose an alternative one: '//form/input'.

2023-06-09 19:34:58 - [MESSAGE][PASSED] - Object 'Object Repository/RahulShetty_Repo/RahulShetty_Repo/Page_ProtoCommerce/Page_ProtoCommerce/input_term  Conditions_btn btn-success btn-lg' is clickable

2023-06-09 19:34:59 - [MESSAGE][INFO] - Unable to find the element located by 'By.xpath: '. Please recheck the objects properties to make sure the desired element is located. 

2023-06-09 19:34:59 - [MESSAGE][WARNING] - [SELF-HEALING] Failed to find element with id 'Object Repository/RahulShetty_Repo/RahulShetty_Repo/Page_ProtoCommerce/Page_ProtoCommerce/input_term  Conditions_btn btn-success btn-lg'. Try using Self-healing.

2023-06-09 19:34:59 - [MESSAGE][WARNING] - [SELF-HEALING] The current locator of test object 'Object Repository/RahulShetty_Repo/RahulShetty_Repo/Page_ProtoCommerce/Page_ProtoCommerce/input_term  Conditions_btn btn-success btn-lg' was broken. Propose an alternative one: '//form/input'.

2023-06-09 19:34:59 - [MESSAGE][PASSED] - Object: 'Object Repository/RahulShetty_Repo/RahulShetty_Repo/Page_ProtoCommerce/Page_ProtoCommerce/input_term  Conditions_btn btn-success btn-lg' is clicked on

2023-06-09 19:34:59 - [MESSAGE][PASSED] - com.RSPage.payment is PASSED

2023-06-09 19:34:59 - [TEST_STEP][PASSED] - verifyElementVisible(findTestObject("RahulShetty_Repo/assertion/Page_ProtoCommerce/div_Success Thank you Your order will be delivered in next few weeks -)"), STOP_ON_FAILURE): Object 'Object Repository/RahulShetty_Repo/assertion/Page_ProtoCommerce/div_Success Thank you Your order will be delivered in next few weeks -)' is visible

2023-06-09 19:35:00 - [MESSAGE][PASSED] - Object 'Object Repository/RahulShetty_Repo/assertion/Page_ProtoCommerce/div_Success Thank you Your order will be delivered in next few weeks -)' is visible

2023-06-09 19:35:00 - [TEST_STEP][PASSED] - click(findTestObject("Object Repository/RahulShetty_Repo/RahulShetty_Repo/Page_ProtoCommerce/Page_ProtoCommerce/a_ProtoCommerce Home")): Object: 'Object Repository/RahulShetty_Repo/RahulShetty_Repo/Page_ProtoCommerce/Page_ProtoCommerce/a_ProtoCommerce Home' is clicked on

2023-06-09 19:35:00 - [MESSAGE][PASSED] - Object: 'Object Repository/RahulShetty_Repo/RahulShetty_Repo/Page_ProtoCommerce/Page_ProtoCommerce/a_ProtoCommerce Home' is clicked on

2023-06-09 19:35:00 - [TEST_STEP][PASSED] - com.RSPage.formdata(name, email, password, name_object, email_object, password_object): com.RSPage.formdata is PASSED

2023-06-09 19:35:01 - [MESSAGE][PASSED] - Text 'deep' is set on object 'Object Repository/RahulShetty_Repo/RahulShetty_Repo/Page_ProtoCommerce/Page_ProtoCommerce/input_Name_name'

2023-06-09 19:35:02 - [MESSAGE][PASSED] - Text 'deep@gmail.com' is set on object 'Object Repository/RahulShetty_Repo/RahulShetty_Repo/Page_ProtoCommerce/Page_ProtoCommerce/input_Email_email'

2023-06-09 19:35:02 - [MESSAGE][PASSED] - Text 'deep123' is set on object 'Object Repository/RahulShetty_Repo/RahulShetty_Repo/Page_ProtoCommerce/Page_ProtoCommerce/input_Password_exampleInputPassword1'

2023-06-09 19:35:02 - [MESSAGE][PASSED] - com.RSPage.formdata is PASSED

2023-06-09 19:35:02 - [TEST_STEP][PASSED] - click(findTestObject("Object Repository/RahulShetty_Repo/RahulShetty_Repo/Page_ProtoCommerce/Page_ProtoCommerce/input_term  Conditions_btn btn-success btn-lg")): Object: 'Object Repository/RahulShetty_Repo/RahulShetty_Repo/Page_ProtoCommerce/Page_ProtoCommerce/input_term  Conditions_btn btn-success btn-lg' is clicked on

2023-06-09 19:35:03 - [MESSAGE][INFO] - Unable to find the element located by 'By.xpath: '. Please recheck the objects properties to make sure the desired element is located. 

2023-06-09 19:35:03 - [MESSAGE][WARNING] - [SELF-HEALING] Failed to find element with id 'Object Repository/RahulShetty_Repo/RahulShetty_Repo/Page_ProtoCommerce/Page_ProtoCommerce/input_term  Conditions_btn btn-success btn-lg'. Try using Self-healing.

2023-06-09 19:35:04 - [MESSAGE][WARNING] - [SELF-HEALING] The current locator of test object 'Object Repository/RahulShetty_Repo/RahulShetty_Repo/Page_ProtoCommerce/Page_ProtoCommerce/input_term  Conditions_btn btn-success btn-lg' was broken. Propose an alternative one: '//form/input'.

2023-06-09 19:35:04 - [MESSAGE][PASSED] - Object: 'Object Repository/RahulShetty_Repo/RahulShetty_Repo/Page_ProtoCommerce/Page_ProtoCommerce/input_term  Conditions_btn btn-success btn-lg' is clicked on

2023-06-09 19:35:04 - [TEST_STEP][PASSED] - verifyElementVisible(findTestObject("RahulShetty_Repo/assertion/Page_ProtoCommerce/div_Success The Form has been submitted successfully"), STOP_ON_FAILURE): Object 'Object Repository/RahulShetty_Repo/assertion/Page_ProtoCommerce/div_Success The Form has been submitted successfully' is visible

2023-06-09 19:35:04 - [MESSAGE][PASSED] - Object 'Object Repository/RahulShetty_Repo/assertion/Page_ProtoCommerce/div_Success The Form has been submitted successfully' is visible

2023-06-09 19:35:04 - [TEST_STEP][PASSED] - click(findTestObject("Object Repository/RahulShetty_Repo/RahulShetty_Repo/Page_ProtoCommerce/Page_ProtoCommerce/strong_Success")): Object: 'Object Repository/RahulShetty_Repo/RahulShetty_Repo/Page_ProtoCommerce/Page_ProtoCommerce/strong_Success' is clicked on

2023-06-09 19:35:05 - [MESSAGE][PASSED] - Object: 'Object Repository/RahulShetty_Repo/RahulShetty_Repo/Page_ProtoCommerce/Page_ProtoCommerce/strong_Success' is clicked on

2023-06-09 19:35:05 - [TEST_STEP][PASSED] - delay(2): Delayed 2 second(s)

2023-06-09 19:35:07 - [MESSAGE][PASSED] - Delayed 2 second(s)

2023-06-09 19:35:07 - [TEST_STEP][PASSED] - Start tear down : TearDownMethod: Method 'TearDownMethod' complete successfully

2023-06-09 19:35:07 - [TEST_STEP][PASSED] - click(findTestObject("Object Repository/RahulShetty_Repo/RahulShetty_Repo/Page_ProtoCommerce/Page_ProtoCommerce/a_Shop")): Object: 'Object Repository/RahulShetty_Repo/RahulShetty_Repo/Page_ProtoCommerce/Page_ProtoCommerce/a_Shop' is clicked on

2023-06-09 19:35:07 - [MESSAGE][PASSED] - Object: 'Object Repository/RahulShetty_Repo/RahulShetty_Repo/Page_ProtoCommerce/Page_ProtoCommerce/a_Shop' is clicked on

2023-06-09 19:35:07 - [MESSAGE][PASSED] - Method 'TearDownMethod' complete successfully

2023-06-09 19:35:07 - [TEST_STEP][PASSED] - Start listener action : sampleAfterTestCase: null]]></system-out>
         <system-err><![CDATA[]]></system-err>
      </testcase>
      <system-out><![CDATA[2023-06-09 19:33:59 - [TEST_SUITE][PASSED] - RahulShetty: Test Cases/RahulShettyTestCase/RahulShettyLoginPage]]></system-out>
      <system-err><![CDATA[]]></system-err>
   </testsuite>
</testsuites>
