<?xml version="1.0" encoding="UTF-8"?>
<testsuites name="RahulShetty" time="82.322" tests="2" failures="0" errors="0">
   <testsuite name="RahulShetty" tests="2" failures="0" errors="0" time="82.322" skipped="0" timestamp="2023-06-09 17:30:11" hostname="dharm - SF-CPU-792" id="Test Suites/RahulShettyTestSuite/RahulShetty">
      <properties>
         <property name="deviceName" value=""/>
         <property name="devicePlatform" value=""/>
         <property name="logFolder" value="/home/dharm/git/FinalAssignment/Reports/20230609_173003/RahulShettyTestSuite/RahulShetty/20230609_173004"/>
         <property name="logFiles" value="/home/dharm/git/FinalAssignment/Reports/20230609_173003/RahulShettyTestSuite/RahulShetty/20230609_173004/execution0.log"/>
         <property name="attachments" value="/home/dharm/git/FinalAssignment/Reports/20230609_173003/RahulShettyTestSuite/RahulShetty/20230609_173004/1686312019568.png, /home/dharm/git/FinalAssignment/Reports/20230609_173003/RahulShettyTestSuite/RahulShetty/20230609_173004/1686312020151.png, /home/dharm/git/FinalAssignment/Reports/20230609_173003/RahulShettyTestSuite/RahulShetty/20230609_173004/1686312059840.png, /home/dharm/git/FinalAssignment/Reports/20230609_173003/RahulShettyTestSuite/RahulShetty/20230609_173004/1686312060372.png"/>
         <property name="hostName" value="dharm - SF-CPU-792"/>
         <property name="os" value="Linux 64bit"/>
         <property name="katalonVersion" value="8.6.0.208"/>
         <property name="browser" value="Chrome 108.0.0.0"/>
         <property name="hostAddress" value="127.0.1.1"/>
         <property name="sessionId" value="2267d03943f8fb0dea7fbda8ee3a862e"/>
         <property name="seleniumVersion" value="3.141.59"/>
         <property name="proxyInformation" value="ProxyInformation { proxyOption=NO_PROXY, proxyServerType=HTTP, username=, password=********, proxyServerAddress=, proxyServerPort=0, executionList=&quot;&quot;, isApplyToDesiredCapabilities=true }"/>
         <property name="platform" value="Linux"/>
      </properties>
      <testcase name="Test Cases/RahulShettyTestCase/RahulShettyLoginPage" time="40.846" classname="Test Cases/RahulShettyTestCase/RahulShettyLoginPage" status="PASSED">
         <system-out><![CDATA[2023-06-09 17:30:12 - [TEST_CASE][PASSED] - Test Cases/RahulShettyTestCase/RahulShettyLoginPage: Test Cases/RahulShettyTestCase/RahulShettyLoginPage

2023-06-09 17:30:13 - [TEST_STEP][PASSED] - Start listener action : sampleBeforeTestCase: null

2023-06-09 17:30:13 - [TEST_STEP][PASSED] - Start setup action : SetupMethod: Method 'SetupMethod' complete successfully

2023-06-09 17:30:13 - [TEST_STEP][PASSED] - navigateToUrl(url): Navigate to 'https://rahulshettyacademy.com/loginpagePractise/' successfully

2023-06-09 17:30:13 - [MESSAGE][PASSED] - Navigate to 'https://rahulshettyacademy.com/loginpagePractise/' successfully

2023-06-09 17:30:13 - [TEST_STEP][PASSED] - getUrl().equals("https://rahulshettyacademy.com/loginpagePractise/"): Current window's url is: 'https://rahulshettyacademy.com/loginpagePractise/'

2023-06-09 17:30:13 - [MESSAGE][PASSED] - Current window's url is: 'https://rahulshettyacademy.com/loginpagePractise/'

2023-06-09 17:30:13 - [TEST_STEP][FAILED] - try: Verify element text of test object 'Object Repository/RahulShetty_Repo/assertion/Page_LoginPage Practise  Rahul Shetty Academy/div_Incorrect usernamepassword' FAILED. (Root cause: com.kms.katalon.core.exception.StepFailedException: Verify element text of test object 'Object Repository/RahulShetty_Repo/assertion/Page_LoginPage Practise  Rahul Shetty Academy/div_Incorrect usernamepassword' FAILED.
	at com.kms.katalon.core.webui.keyword.internal.WebUIKeywordMain.stepFailed(WebUIKeywordMain.groovy:64)
	at com.kms.katalon.core.webui.keyword.internal.WebUIKeywordMain.runKeyword(WebUIKeywordMain.groovy:26)
	at com.kms.katalon.core.webui.keyword.builtin.VerifyElementTextKeyword.verifyElementText(VerifyElementTextKeyword.groovy:72)
	at com.kms.katalon.core.webui.keyword.builtin.VerifyElementTextKeyword.execute(VerifyElementTextKeyword.groovy:40)
	at com.kms.katalon.core.keyword.internal.KeywordExecutor.executeKeywordForPlatform(KeywordExecutor.groovy:74)
	at com.kms.katalon.core.webui.keyword.WebUiBuiltInKeywords.verifyElementText(WebUiBuiltInKeywords.groovy:4749)
	at com.kms.katalon.core.webui.keyword.WebUiBuiltInKeywords$verifyElementText$6.call(Unknown Source)
	at Script1686023785468.SetupMethod(Script1686023785468.groovy:82)
	at com.kms.katalon.core.main.ScriptEngine.runScriptMethodAsRawText(ScriptEngine.java:133)
	at com.kms.katalon.core.main.TestCaseExecutor.runMethod(TestCaseExecutor.java:458)
	at com.kms.katalon.core.main.TestCaseExecutor.runMethod(TestCaseExecutor.java:580)
	at com.kms.katalon.core.main.TestCaseExecutor.internallyRunMethods(TestCaseExecutor.java:565)
	at com.kms.katalon.core.main.TestCaseExecutor.processSetupPhase(TestCaseExecutor.java:203)
	at com.kms.katalon.core.main.TestCaseExecutor.accessMainPhase(TestCaseExecutor.java:407)
	at com.kms.katalon.core.main.TestCaseExecutor.execute(TestCaseExecutor.java:285)
	at com.kms.katalon.core.common.CommonExecutor.accessTestCaseMainPhase(CommonExecutor.java:65)
	at com.kms.katalon.core.main.TestSuiteExecutor.accessTestSuiteMainPhase(TestSuiteExecutor.java:148)
	at com.kms.katalon.core.main.TestSuiteExecutor.execute(TestSuiteExecutor.java:106)
	at com.kms.katalon.core.main.TestCaseMain.startTestSuite(TestCaseMain.java:187)
	at com.kms.katalon.core.main.TestCaseMain$startTestSuite$0.call(Unknown Source)
	at TempTestSuite1686312004852.run(TempTestSuite1686312004852.groovy:36)
Caused by: com.kms.katalon.core.exception.StepFailedException: Actual text '' and expected text ' username/password.' of test object 'Object Repository/RahulShetty_Repo/assertion/Page_LoginPage Practise  Rahul Shetty Academy/div_Incorrect usernamepassword' are NOT matched.
	at com.kms.katalon.core.webui.keyword.internal.WebUIKeywordMain.stepFailed(WebUIKeywordMain.groovy:64)
	at com.kms.katalon.core.webui.keyword.builtin.VerifyElementTextKeyword$_verifyElementText_closure1.doCall(VerifyElementTextKeyword.groovy:57)
	at com.kms.katalon.core.webui.keyword.builtin.VerifyElementTextKeyword$_verifyElementText_closure1.call(VerifyElementTextKeyword.groovy)
	at com.kms.katalon.core.webui.keyword.internal.WebUIKeywordMain.runKeyword(WebUIKeywordMain.groovy:20)
	... 19 more
)

2023-06-09 17:30:13 - [TEST_STEP][PASSED] - com.RSPage.login(Invalidusername, LoginPassword, object_username, object_password): com.RSPage.login is PASSED

2023-06-09 17:30:14 - [MESSAGE][PASSED] - Text 'dharm' is set on object 'Object Repository/RahulShetty_Repo/RahulShetty_Repo/Page_LoginPage Practise  Rahul Shetty Academy/Page_LoginPage Practise  Rahul Shetty Academy/input_Username_username'

2023-06-09 17:30:15 - [MESSAGE][PASSED] - Text 'learning' is set on object 'Object Repository/RahulShetty_Repo/RahulShetty_Repo/Page_LoginPage Practise  Rahul Shetty Academy/Page_LoginPage Practise  Rahul Shetty Academy/input_Password_password'

2023-06-09 17:30:15 - [MESSAGE][PASSED] - com.RSPage.login is PASSED

2023-06-09 17:30:15 - [TEST_STEP][PASSED] - verifyElementClickable(findTestObject("RahulShetty_Repo/assertion/Page_LoginPage Practise  Rahul Shetty Academy/span_User_checkmark")): Object 'Object Repository/RahulShetty_Repo/assertion/Page_LoginPage Practise  Rahul Shetty Academy/span_User_checkmark' is clickable

2023-06-09 17:30:16 - [MESSAGE][PASSED] - Object 'Object Repository/RahulShetty_Repo/assertion/Page_LoginPage Practise  Rahul Shetty Academy/span_User_checkmark' is clickable

2023-06-09 17:30:16 - [TEST_STEP][PASSED] - click(findTestObject("RahulShetty_Repo/assertion/Page_LoginPage Practise  Rahul Shetty Academy/span_User_checkmark")): Object: 'Object Repository/RahulShetty_Repo/assertion/Page_LoginPage Practise  Rahul Shetty Academy/span_User_checkmark' is clicked on

2023-06-09 17:30:16 - [MESSAGE][PASSED] - Object: 'Object Repository/RahulShetty_Repo/assertion/Page_LoginPage Practise  Rahul Shetty Academy/span_User_checkmark' is clicked on

2023-06-09 17:30:16 - [TEST_STEP][PASSED] - verifyElementText(findTestObject("RahulShetty_Repo/assertion/Page_LoginPage Practise  Rahul Shetty Academy/div_You will be limited to only fewer functionalities of the app. Proceed"), "You will be limited to only fewer functionalities of the app. Proceed?"): Actual text and expected text of test object 'Object Repository/RahulShetty_Repo/assertion/Page_LoginPage Practise  Rahul Shetty Academy/div_You will be limited to only fewer functionalities of the app. Proceed' are matched.

2023-06-09 17:30:16 - [MESSAGE][PASSED] - Actual text and expected text of test object 'Object Repository/RahulShetty_Repo/assertion/Page_LoginPage Practise  Rahul Shetty Academy/div_You will be limited to only fewer functionalities of the app. Proceed' are matched.

2023-06-09 17:30:16 - [TEST_STEP][PASSED] - click(findTestObject("RahulShetty_Repo/assertion/Page_LoginPage Practise  Rahul Shetty Academy/button_Okay")): Object: 'Object Repository/RahulShetty_Repo/assertion/Page_LoginPage Practise  Rahul Shetty Academy/button_Okay' is clicked on

2023-06-09 17:30:17 - [MESSAGE][PASSED] - Object: 'Object Repository/RahulShetty_Repo/assertion/Page_LoginPage Practise  Rahul Shetty Academy/button_Okay' is clicked on

2023-06-09 17:30:17 - [TEST_STEP][PASSED] - click(findTestObject("Object Repository/RahulShetty_Repo/RahulShetty_Repo/Page_LoginPage Practise  Rahul Shetty Academy/Page_LoginPage Practise  Rahul Shetty Academy/Page_LoginPage Practise  Rahul Shetty Academy/input_I Agree to the_signin")): Object: 'Object Repository/RahulShetty_Repo/RahulShetty_Repo/Page_LoginPage Practise  Rahul Shetty Academy/Page_LoginPage Practise  Rahul Shetty Academy/Page_LoginPage Practise  Rahul Shetty Academy/input_I Agree to the_signin' is clicked on

2023-06-09 17:30:18 - [MESSAGE][INFO] - Unable to find the element located by 'By.xpath: '. Please recheck the objects properties to make sure the desired element is located. 

2023-06-09 17:30:18 - [MESSAGE][WARNING] - [SELF-HEALING] Failed to find element with id 'Object Repository/RahulShetty_Repo/RahulShetty_Repo/Page_LoginPage Practise  Rahul Shetty Academy/Page_LoginPage Practise  Rahul Shetty Academy/Page_LoginPage Practise  Rahul Shetty Academy/input_I Agree to the_signin'. Try using Self-healing.

2023-06-09 17:30:19 - [MESSAGE][WARNING] - [SELF-HEALING] The current locator of test object 'Object Repository/RahulShetty_Repo/RahulShetty_Repo/Page_LoginPage Practise  Rahul Shetty Academy/Page_LoginPage Practise  Rahul Shetty Academy/Page_LoginPage Practise  Rahul Shetty Academy/input_I Agree to the_signin' was broken. Propose an alternative one: '//input[@id='signInBtn']'.

2023-06-09 17:30:19 - [MESSAGE][PASSED] - Object: 'Object Repository/RahulShetty_Repo/RahulShetty_Repo/Page_LoginPage Practise  Rahul Shetty Academy/Page_LoginPage Practise  Rahul Shetty Academy/Page_LoginPage Practise  Rahul Shetty Academy/input_I Agree to the_signin' is clicked on

2023-06-09 17:30:19 - [TEST_STEP][FAILED] - verifyElementText(findTestObject("RahulShetty_Repo/assertion/Page_LoginPage Practise  Rahul Shetty Academy/div_Incorrect usernamepassword"), " username/password."): Verify element text of test object 'Object Repository/RahulShetty_Repo/assertion/Page_LoginPage Practise  Rahul Shetty Academy/div_Incorrect usernamepassword' FAILED. (Root cause: com.kms.katalon.core.exception.StepFailedException: Verify element text of test object 'Object Repository/RahulShetty_Repo/assertion/Page_LoginPage Practise  Rahul Shetty Academy/div_Incorrect usernamepassword' FAILED.
	at com.kms.katalon.core.webui.keyword.internal.WebUIKeywordMain.stepFailed(WebUIKeywordMain.groovy:64)
	at com.kms.katalon.core.webui.keyword.internal.WebUIKeywordMain.runKeyword(WebUIKeywordMain.groovy:26)
	at com.kms.katalon.core.webui.keyword.builtin.VerifyElementTextKeyword.verifyElementText(VerifyElementTextKeyword.groovy:72)
	at com.kms.katalon.core.webui.keyword.builtin.VerifyElementTextKeyword.execute(VerifyElementTextKeyword.groovy:40)
	at com.kms.katalon.core.keyword.internal.KeywordExecutor.executeKeywordForPlatform(KeywordExecutor.groovy:74)
	at com.kms.katalon.core.webui.keyword.WebUiBuiltInKeywords.verifyElementText(WebUiBuiltInKeywords.groovy:4749)
	at com.kms.katalon.core.webui.keyword.WebUiBuiltInKeywords$verifyElementText$6.call(Unknown Source)
	at Script1686023785468.SetupMethod(Script1686023785468.groovy:82)
	at com.kms.katalon.core.main.ScriptEngine.runScriptMethodAsRawText(ScriptEngine.java:133)
	at com.kms.katalon.core.main.TestCaseExecutor.runMethod(TestCaseExecutor.java:458)
	at com.kms.katalon.core.main.TestCaseExecutor.runMethod(TestCaseExecutor.java:580)
	at com.kms.katalon.core.main.TestCaseExecutor.internallyRunMethods(TestCaseExecutor.java:565)
	at com.kms.katalon.core.main.TestCaseExecutor.processSetupPhase(TestCaseExecutor.java:203)
	at com.kms.katalon.core.main.TestCaseExecutor.accessMainPhase(TestCaseExecutor.java:407)
	at com.kms.katalon.core.main.TestCaseExecutor.execute(TestCaseExecutor.java:285)
	at com.kms.katalon.core.common.CommonExecutor.accessTestCaseMainPhase(CommonExecutor.java:65)
	at com.kms.katalon.core.main.TestSuiteExecutor.accessTestSuiteMainPhase(TestSuiteExecutor.java:148)
	at com.kms.katalon.core.main.TestSuiteExecutor.execute(TestSuiteExecutor.java:106)
	at com.kms.katalon.core.main.TestCaseMain.startTestSuite(TestCaseMain.java:187)
	at com.kms.katalon.core.main.TestCaseMain$startTestSuite$0.call(Unknown Source)
	at TempTestSuite1686312004852.run(TempTestSuite1686312004852.groovy:36)
Caused by: com.kms.katalon.core.exception.StepFailedException: Actual text '' and expected text ' username/password.' of test object 'Object Repository/RahulShetty_Repo/assertion/Page_LoginPage Practise  Rahul Shetty Academy/div_Incorrect usernamepassword' are NOT matched.
	at com.kms.katalon.core.webui.keyword.internal.WebUIKeywordMain.stepFailed(WebUIKeywordMain.groovy:64)
	at com.kms.katalon.core.webui.keyword.builtin.VerifyElementTextKeyword$_verifyElementText_closure1.doCall(VerifyElementTextKeyword.groovy:57)
	at com.kms.katalon.core.webui.keyword.builtin.VerifyElementTextKeyword$_verifyElementText_closure1.call(VerifyElementTextKeyword.groovy)
	at com.kms.katalon.core.webui.keyword.internal.WebUIKeywordMain.runKeyword(WebUIKeywordMain.groovy:20)
	... 19 more
)

2023-06-09 17:30:20 - [MESSAGE][FAILED] - Actual text '' and expected text ' username/password.' of test object 'Object Repository/RahulShetty_Repo/assertion/Page_LoginPage Practise  Rahul Shetty Academy/div_Incorrect usernamepassword' are NOT matched. (Root cause: com.kms.katalon.core.exception.StepFailedException: Actual text '' and expected text ' username/password.' of test object 'Object Repository/RahulShetty_Repo/assertion/Page_LoginPage Practise  Rahul Shetty Academy/div_Incorrect usernamepassword' are NOT matched.
	at com.kms.katalon.core.webui.keyword.internal.WebUIKeywordMain.stepFailed(WebUIKeywordMain.groovy:64)
	at com.kms.katalon.core.webui.keyword.builtin.VerifyElementTextKeyword$_verifyElementText_closure1.doCall(VerifyElementTextKeyword.groovy:57)
	at com.kms.katalon.core.webui.keyword.builtin.VerifyElementTextKeyword$_verifyElementText_closure1.call(VerifyElementTextKeyword.groovy)
	at com.kms.katalon.core.webui.keyword.internal.WebUIKeywordMain.runKeyword(WebUIKeywordMain.groovy:20)
	at com.kms.katalon.core.webui.keyword.builtin.VerifyElementTextKeyword.verifyElementText(VerifyElementTextKeyword.groovy:72)
	at com.kms.katalon.core.webui.keyword.builtin.VerifyElementTextKeyword.execute(VerifyElementTextKeyword.groovy:40)
	at com.kms.katalon.core.keyword.internal.KeywordExecutor.executeKeywordForPlatform(KeywordExecutor.groovy:74)
	at com.kms.katalon.core.webui.keyword.WebUiBuiltInKeywords.verifyElementText(WebUiBuiltInKeywords.groovy:4749)
	at com.kms.katalon.core.webui.keyword.WebUiBuiltInKeywords$verifyElementText$6.call(Unknown Source)
	at Script1686023785468.SetupMethod(Script1686023785468.groovy:82)
	at com.kms.katalon.core.main.ScriptEngine.runScriptMethodAsRawText(ScriptEngine.java:133)
	at com.kms.katalon.core.main.TestCaseExecutor.runMethod(TestCaseExecutor.java:458)
	at com.kms.katalon.core.main.TestCaseExecutor.runMethod(TestCaseExecutor.java:580)
	at com.kms.katalon.core.main.TestCaseExecutor.internallyRunMethods(TestCaseExecutor.java:565)
	at com.kms.katalon.core.main.TestCaseExecutor.processSetupPhase(TestCaseExecutor.java:203)
	at com.kms.katalon.core.main.TestCaseExecutor.accessMainPhase(TestCaseExecutor.java:407)
	at com.kms.katalon.core.main.TestCaseExecutor.execute(TestCaseExecutor.java:285)
	at com.kms.katalon.core.common.CommonExecutor.accessTestCaseMainPhase(CommonExecutor.java:65)
	at com.kms.katalon.core.main.TestSuiteExecutor.accessTestSuiteMainPhase(TestSuiteExecutor.java:148)
	at com.kms.katalon.core.main.TestSuiteExecutor.execute(TestSuiteExecutor.java:106)
	at com.kms.katalon.core.main.TestCaseMain.startTestSuite(TestCaseMain.java:187)
	at com.kms.katalon.core.main.TestCaseMain$startTestSuite$0.call(Unknown Source)
	at TempTestSuite1686312004852.run(TempTestSuite1686312004852.groovy:36)
)
[[ATTACHMENT|/home/dharm/git/FinalAssignment/Reports/20230609_173003/RahulShettyTestSuite/RahulShetty/20230609_173004/1686312019568.png]]

2023-06-09 17:30:20 - [MESSAGE][FAILED] - Verify element text of test object 'Object Repository/RahulShetty_Repo/assertion/Page_LoginPage Practise  Rahul Shetty Academy/div_Incorrect usernamepassword' FAILED. (Root cause: com.kms.katalon.core.exception.StepFailedException: Verify element text of test object 'Object Repository/RahulShetty_Repo/assertion/Page_LoginPage Practise  Rahul Shetty Academy/div_Incorrect usernamepassword' FAILED.
	at com.kms.katalon.core.webui.keyword.internal.WebUIKeywordMain.stepFailed(WebUIKeywordMain.groovy:64)
	at com.kms.katalon.core.webui.keyword.internal.WebUIKeywordMain.runKeyword(WebUIKeywordMain.groovy:26)
	at com.kms.katalon.core.webui.keyword.builtin.VerifyElementTextKeyword.verifyElementText(VerifyElementTextKeyword.groovy:72)
	at com.kms.katalon.core.webui.keyword.builtin.VerifyElementTextKeyword.execute(VerifyElementTextKeyword.groovy:40)
	at com.kms.katalon.core.keyword.internal.KeywordExecutor.executeKeywordForPlatform(KeywordExecutor.groovy:74)
	at com.kms.katalon.core.webui.keyword.WebUiBuiltInKeywords.verifyElementText(WebUiBuiltInKeywords.groovy:4749)
	at com.kms.katalon.core.webui.keyword.WebUiBuiltInKeywords$verifyElementText$6.call(Unknown Source)
	at Script1686023785468.SetupMethod(Script1686023785468.groovy:82)
	at com.kms.katalon.core.main.ScriptEngine.runScriptMethodAsRawText(ScriptEngine.java:133)
	at com.kms.katalon.core.main.TestCaseExecutor.runMethod(TestCaseExecutor.java:458)
	at com.kms.katalon.core.main.TestCaseExecutor.runMethod(TestCaseExecutor.java:580)
	at com.kms.katalon.core.main.TestCaseExecutor.internallyRunMethods(TestCaseExecutor.java:565)
	at com.kms.katalon.core.main.TestCaseExecutor.processSetupPhase(TestCaseExecutor.java:203)
	at com.kms.katalon.core.main.TestCaseExecutor.accessMainPhase(TestCaseExecutor.java:407)
	at com.kms.katalon.core.main.TestCaseExecutor.execute(TestCaseExecutor.java:285)
	at com.kms.katalon.core.common.CommonExecutor.accessTestCaseMainPhase(CommonExecutor.java:65)
	at com.kms.katalon.core.main.TestSuiteExecutor.accessTestSuiteMainPhase(TestSuiteExecutor.java:148)
	at com.kms.katalon.core.main.TestSuiteExecutor.execute(TestSuiteExecutor.java:106)
	at com.kms.katalon.core.main.TestCaseMain.startTestSuite(TestCaseMain.java:187)
	at com.kms.katalon.core.main.TestCaseMain$startTestSuite$0.call(Unknown Source)
	at TempTestSuite1686312004852.run(TempTestSuite1686312004852.groovy:36)
Caused by: com.kms.katalon.core.exception.StepFailedException: Actual text '' and expected text ' username/password.' of test object 'Object Repository/RahulShetty_Repo/assertion/Page_LoginPage Practise  Rahul Shetty Academy/div_Incorrect usernamepassword' are NOT matched.
	at com.kms.katalon.core.webui.keyword.internal.WebUIKeywordMain.stepFailed(WebUIKeywordMain.groovy:64)
	at com.kms.katalon.core.webui.keyword.builtin.VerifyElementTextKeyword$_verifyElementText_closure1.doCall(VerifyElementTextKeyword.groovy:57)
	at com.kms.katalon.core.webui.keyword.builtin.VerifyElementTextKeyword$_verifyElementText_closure1.call(VerifyElementTextKeyword.groovy)
	at com.kms.katalon.core.webui.keyword.internal.WebUIKeywordMain.runKeyword(WebUIKeywordMain.groovy:20)
	... 19 more
)
[[ATTACHMENT|/home/dharm/git/FinalAssignment/Reports/20230609_173003/RahulShettyTestSuite/RahulShetty/20230609_173004/1686312020151.png]]

2023-06-09 17:30:20 - [TEST_STEP][PASSED] - catch (Exception e): Object 'Object Repository/RahulShetty_Repo/RahulShetty_Repo/Page_ProtoCommerce/h1_Shop Name' is present

2023-06-09 17:30:20 - [TEST_STEP][PASSED] - com.RSPage.login(Validusername, LoginPassword, object_username, object_password): com.RSPage.login is PASSED

2023-06-09 17:30:21 - [MESSAGE][PASSED] - Text 'rahulshettyacademy' is set on object 'Object Repository/RahulShetty_Repo/RahulShetty_Repo/Page_LoginPage Practise  Rahul Shetty Academy/Page_LoginPage Practise  Rahul Shetty Academy/input_Username_username'

2023-06-09 17:30:22 - [MESSAGE][PASSED] - Text 'learning' is set on object 'Object Repository/RahulShetty_Repo/RahulShetty_Repo/Page_LoginPage Practise  Rahul Shetty Academy/Page_LoginPage Practise  Rahul Shetty Academy/input_Password_password'

2023-06-09 17:30:22 - [MESSAGE][PASSED] - com.RSPage.login is PASSED

2023-06-09 17:30:22 - [TEST_STEP][PASSED] - click(findTestObject("Object Repository/RahulShetty_Repo/RahulShetty_Repo/Page_LoginPage Practise  Rahul Shetty Academy/Page_LoginPage Practise  Rahul Shetty Academy/input_I Agree to the_signin")): Object: 'Object Repository/RahulShetty_Repo/RahulShetty_Repo/Page_LoginPage Practise  Rahul Shetty Academy/Page_LoginPage Practise  Rahul Shetty Academy/input_I Agree to the_signin' is clicked on

2023-06-09 17:30:22 - [MESSAGE][PASSED] - Object: 'Object Repository/RahulShetty_Repo/RahulShetty_Repo/Page_LoginPage Practise  Rahul Shetty Academy/Page_LoginPage Practise  Rahul Shetty Academy/input_I Agree to the_signin' is clicked on

2023-06-09 17:30:22 - [TEST_STEP][PASSED] - delay(2): Delayed 2 second(s)

2023-06-09 17:30:24 - [MESSAGE][PASSED] - Delayed 2 second(s)

2023-06-09 17:30:24 - [TEST_STEP][PASSED] - verifyElementPresent(findTestObject("RahulShetty_Repo/RahulShetty_Repo/Page_ProtoCommerce/h1_Shop Name"), 0): Object 'Object Repository/RahulShetty_Repo/RahulShetty_Repo/Page_ProtoCommerce/h1_Shop Name' is present

2023-06-09 17:30:24 - [MESSAGE][WARNING] - Timeout '0' is invalid. Using default page load timeout: '30'

2023-06-09 17:30:25 - [MESSAGE][PASSED] - Object 'Object Repository/RahulShetty_Repo/RahulShetty_Repo/Page_ProtoCommerce/h1_Shop Name' is present

2023-06-09 17:30:25 - [MESSAGE][PASSED] - Method 'SetupMethod' complete successfully

2023-06-09 17:30:25 - [TEST_STEP][PASSED] - homevariable = "Home": null

2023-06-09 17:30:25 - [TEST_STEP][PASSED] - click(findTestObject("RahulShetty_Repo/RahulShetty_Repo/DynamicObjectCreation/a_Shop", ["text":homevariable])): Object: 'Object Repository/RahulShetty_Repo/RahulShetty_Repo/DynamicObjectCreation/a_Shop' is clicked on

2023-06-09 17:30:26 - [MESSAGE][PASSED] - Object: 'Object Repository/RahulShetty_Repo/RahulShetty_Repo/DynamicObjectCreation/a_Shop' is clicked on

2023-06-09 17:30:26 - [TEST_STEP][PASSED] - delay(2): Delayed 2 second(s)

2023-06-09 17:30:28 - [MESSAGE][PASSED] - Delayed 2 second(s)

2023-06-09 17:30:28 - [TEST_STEP][PASSED] - shopvariable = "shop": null

2023-06-09 17:30:28 - [TEST_STEP][PASSED] - verifyElementClickable(findTestObject("RahulShetty_Repo/RahulShetty_Repo/DynamicObjectCreation/a_Shop", ["text":shopvariable])): Object 'Object Repository/RahulShetty_Repo/RahulShetty_Repo/DynamicObjectCreation/a_Shop' is clickable

2023-06-09 17:30:29 - [MESSAGE][INFO] - Unable to find the element located by 'By.xpath: //*[(text() = 'shop' or . = 'shop')]'. Please recheck the objects properties to make sure the desired element is located. 

2023-06-09 17:30:29 - [MESSAGE][WARNING] - [SELF-HEALING] Failed to find element with id 'Object Repository/RahulShetty_Repo/RahulShetty_Repo/DynamicObjectCreation/a_Shop'. Try using Self-healing.

2023-06-09 17:30:30 - [MESSAGE][WARNING] - [SELF-HEALING] The current locator of test object 'Object Repository/RahulShetty_Repo/RahulShetty_Repo/DynamicObjectCreation/a_Shop' was broken. Propose an alternative one: '//a[@href = '/angularpractice/shop' and (text() = 'Shop' or . = 'Shop')]'.

2023-06-09 17:30:30 - [MESSAGE][PASSED] - Object 'Object Repository/RahulShetty_Repo/RahulShetty_Repo/DynamicObjectCreation/a_Shop' is clickable

2023-06-09 17:30:30 - [TEST_STEP][PASSED] - click(findTestObject("RahulShetty_Repo/RahulShetty_Repo/DynamicObjectCreation/a_Shop", ["text":shopvariable])): Object: 'Object Repository/RahulShetty_Repo/RahulShetty_Repo/DynamicObjectCreation/a_Shop' is clicked on

2023-06-09 17:30:31 - [MESSAGE][INFO] - Unable to find the element located by 'By.xpath: //*[(text() = 'shop' or . = 'shop')]'. Please recheck the objects properties to make sure the desired element is located. 

2023-06-09 17:30:31 - [MESSAGE][WARNING] - [SELF-HEALING] Failed to find element with id 'Object Repository/RahulShetty_Repo/RahulShetty_Repo/DynamicObjectCreation/a_Shop'. Try using Self-healing.

2023-06-09 17:30:31 - [MESSAGE][WARNING] - [SELF-HEALING] The current locator of test object 'Object Repository/RahulShetty_Repo/RahulShetty_Repo/DynamicObjectCreation/a_Shop' was broken. Propose an alternative one: '//a[@href = '/angularpractice/shop' and (text() = 'Shop' or . = 'Shop')]'.

2023-06-09 17:30:31 - [MESSAGE][PASSED] - Object: 'Object Repository/RahulShetty_Repo/RahulShetty_Repo/DynamicObjectCreation/a_Shop' is clicked on

2023-06-09 17:30:31 - [TEST_STEP][PASSED] - com.RSPage.checkout(Add_Object, Checkout_Object): com.RSPage.checkout is PASSED

2023-06-09 17:30:32 - [MESSAGE][PASSED] - Object: 'Object Repository/RahulShetty_Repo/RahulShetty_Repo/Page_ProtoCommerce/Page_ProtoCommerce/button_Add' is clicked on

2023-06-09 17:30:34 - [MESSAGE][PASSED] - Delayed 2 second(s)

2023-06-09 17:30:35 - [MESSAGE][INFO] - Unable to find the element located by 'By.xpath: '. Please recheck the objects properties to make sure the desired element is located. 

2023-06-09 17:30:35 - [MESSAGE][WARNING] - [SELF-HEALING] Failed to find element with id 'Object Repository/RahulShetty_Repo/RahulShetty_Repo/Page_ProtoCommerce/Page_ProtoCommerce/a_Checkout ( 1 )            (current)'. Try using Self-healing.

2023-06-09 17:30:36 - [MESSAGE][WARNING] - [SELF-HEALING] The current locator of test object 'Object Repository/RahulShetty_Repo/RahulShetty_Repo/Page_ProtoCommerce/Page_ProtoCommerce/a_Checkout ( 1 )            (current)' was broken. Propose an alternative one: '//div[@id='navbarResponsive']/ul/li/a'.

2023-06-09 17:30:36 - [MESSAGE][PASSED] - Object 'Object Repository/RahulShetty_Repo/RahulShetty_Repo/Page_ProtoCommerce/Page_ProtoCommerce/a_Checkout ( 1 )            (current)' is visible

2023-06-09 17:30:37 - [MESSAGE][INFO] - Unable to find the element located by 'By.xpath: '. Please recheck the objects properties to make sure the desired element is located. 

2023-06-09 17:30:37 - [MESSAGE][WARNING] - [SELF-HEALING] Failed to find element with id 'Object Repository/RahulShetty_Repo/RahulShetty_Repo/Page_ProtoCommerce/Page_ProtoCommerce/a_Checkout ( 1 )            (current)'. Try using Self-healing.

2023-06-09 17:30:37 - [MESSAGE][WARNING] - [SELF-HEALING] The current locator of test object 'Object Repository/RahulShetty_Repo/RahulShetty_Repo/Page_ProtoCommerce/Page_ProtoCommerce/a_Checkout ( 1 )            (current)' was broken. Propose an alternative one: '//div[@id='navbarResponsive']/ul/li/a'.

2023-06-09 17:30:37 - [MESSAGE][PASSED] - Object: 'Object Repository/RahulShetty_Repo/RahulShetty_Repo/Page_ProtoCommerce/Page_ProtoCommerce/a_Checkout ( 1 )            (current)' is clicked on

2023-06-09 17:30:37 - [MESSAGE][PASSED] - com.RSPage.checkout is PASSED

2023-06-09 17:30:37 - [TEST_STEP][PASSED] - verifyElementText(findTestObject("RahulShetty_Repo/assertion/Page_ProtoCommerce/a_iphone X"), "iphone X"): Actual text and expected text of test object 'Object Repository/RahulShetty_Repo/assertion/Page_ProtoCommerce/a_iphone X' are matched.

2023-06-09 17:30:38 - [MESSAGE][PASSED] - Actual text and expected text of test object 'Object Repository/RahulShetty_Repo/assertion/Page_ProtoCommerce/a_iphone X' are matched.

2023-06-09 17:30:38 - [TEST_STEP][PASSED] - click(findTestObject("Object Repository/RahulShetty_Repo/RahulShetty_Repo/Page_ProtoCommerce/Page_ProtoCommerce/button_Checkout")): Object: 'Object Repository/RahulShetty_Repo/RahulShetty_Repo/Page_ProtoCommerce/Page_ProtoCommerce/button_Checkout' is clicked on

2023-06-09 17:30:38 - [MESSAGE][PASSED] - Object: 'Object Repository/RahulShetty_Repo/RahulShetty_Repo/Page_ProtoCommerce/Page_ProtoCommerce/button_Checkout' is clicked on

2023-06-09 17:30:38 - [TEST_STEP][PASSED] - click(findTestObject("Object Repository/RahulShetty_Repo/RahulShetty_Repo/Page_ProtoCommerce/Page_ProtoCommerce/label_I agree with the term  Conditions")): Object: 'Object Repository/RahulShetty_Repo/RahulShetty_Repo/Page_ProtoCommerce/Page_ProtoCommerce/label_I agree with the term  Conditions' is clicked on

2023-06-09 17:30:40 - [MESSAGE][INFO] - Unable to find the element located by 'By.xpath: '. Please recheck the objects properties to make sure the desired element is located. 

2023-06-09 17:30:40 - [MESSAGE][WARNING] - [SELF-HEALING] Failed to find element with id 'Object Repository/RahulShetty_Repo/RahulShetty_Repo/Page_ProtoCommerce/Page_ProtoCommerce/label_I agree with the term  Conditions'. Try using Self-healing.

2023-06-09 17:30:40 - [MESSAGE][WARNING] - [SELF-HEALING] The current locator of test object 'Object Repository/RahulShetty_Repo/RahulShetty_Repo/Page_ProtoCommerce/Page_ProtoCommerce/label_I agree with the term  Conditions' was broken. Propose an alternative one: '(.//*[normalize-space(text()) and normalize-space(.)='(current)'])[1]/following::label[2]'.

2023-06-09 17:30:40 - [MESSAGE][PASSED] - Object: 'Object Repository/RahulShetty_Repo/RahulShetty_Repo/Page_ProtoCommerce/Page_ProtoCommerce/label_I agree with the term  Conditions' is clicked on

2023-06-09 17:30:40 - [TEST_STEP][PASSED] - verifyElementClickable(findTestObject("Object Repository/RahulShetty_Repo/RahulShetty_Repo/Page_ProtoCommerce/Page_ProtoCommerce/input_term  Conditions_btn btn-success btn-lg")): Object 'Object Repository/RahulShetty_Repo/RahulShetty_Repo/Page_ProtoCommerce/Page_ProtoCommerce/input_term  Conditions_btn btn-success btn-lg' is clickable

2023-06-09 17:30:41 - [MESSAGE][INFO] - Unable to find the element located by 'By.xpath: '. Please recheck the objects properties to make sure the desired element is located. 

2023-06-09 17:30:41 - [MESSAGE][WARNING] - [SELF-HEALING] Failed to find element with id 'Object Repository/RahulShetty_Repo/RahulShetty_Repo/Page_ProtoCommerce/Page_ProtoCommerce/input_term  Conditions_btn btn-success btn-lg'. Try using Self-healing.

2023-06-09 17:30:42 - [MESSAGE][WARNING] - [SELF-HEALING] The current locator of test object 'Object Repository/RahulShetty_Repo/RahulShetty_Repo/Page_ProtoCommerce/Page_ProtoCommerce/input_term  Conditions_btn btn-success btn-lg' was broken. Propose an alternative one: '//input[@value='Purchase']'.

2023-06-09 17:30:42 - [MESSAGE][PASSED] - Object 'Object Repository/RahulShetty_Repo/RahulShetty_Repo/Page_ProtoCommerce/Page_ProtoCommerce/input_term  Conditions_btn btn-success btn-lg' is clickable

2023-06-09 17:30:42 - [TEST_STEP][PASSED] - click(findTestObject("Object Repository/RahulShetty_Repo/RahulShetty_Repo/Page_ProtoCommerce/Page_ProtoCommerce/input_term  Conditions_btn btn-success btn-lg")): Object: 'Object Repository/RahulShetty_Repo/RahulShetty_Repo/Page_ProtoCommerce/Page_ProtoCommerce/input_term  Conditions_btn btn-success btn-lg' is clicked on

2023-06-09 17:30:43 - [MESSAGE][INFO] - Unable to find the element located by 'By.xpath: '. Please recheck the objects properties to make sure the desired element is located. 

2023-06-09 17:30:43 - [MESSAGE][WARNING] - [SELF-HEALING] Failed to find element with id 'Object Repository/RahulShetty_Repo/RahulShetty_Repo/Page_ProtoCommerce/Page_ProtoCommerce/input_term  Conditions_btn btn-success btn-lg'. Try using Self-healing.

2023-06-09 17:30:43 - [MESSAGE][WARNING] - [SELF-HEALING] The current locator of test object 'Object Repository/RahulShetty_Repo/RahulShetty_Repo/Page_ProtoCommerce/Page_ProtoCommerce/input_term  Conditions_btn btn-success btn-lg' was broken. Propose an alternative one: '//input[@value='Purchase']'.

2023-06-09 17:30:43 - [MESSAGE][PASSED] - Object: 'Object Repository/RahulShetty_Repo/RahulShetty_Repo/Page_ProtoCommerce/Page_ProtoCommerce/input_term  Conditions_btn btn-success btn-lg' is clicked on

2023-06-09 17:30:43 - [TEST_STEP][PASSED] - verifyElementVisible(findTestObject("RahulShetty_Repo/assertion/Page_ProtoCommerce/div_Success Thank you Your order will be delivered in next few weeks -)"), STOP_ON_FAILURE): Object 'Object Repository/RahulShetty_Repo/assertion/Page_ProtoCommerce/div_Success Thank you Your order will be delivered in next few weeks -)' is visible

2023-06-09 17:30:44 - [MESSAGE][PASSED] - Object 'Object Repository/RahulShetty_Repo/assertion/Page_ProtoCommerce/div_Success Thank you Your order will be delivered in next few weeks -)' is visible

2023-06-09 17:30:44 - [TEST_STEP][PASSED] - click(findTestObject("Object Repository/RahulShetty_Repo/RahulShetty_Repo/Page_ProtoCommerce/Page_ProtoCommerce/a_ProtoCommerce Home")): Object: 'Object Repository/RahulShetty_Repo/RahulShetty_Repo/Page_ProtoCommerce/Page_ProtoCommerce/a_ProtoCommerce Home' is clicked on

2023-06-09 17:30:44 - [MESSAGE][PASSED] - Object: 'Object Repository/RahulShetty_Repo/RahulShetty_Repo/Page_ProtoCommerce/Page_ProtoCommerce/a_ProtoCommerce Home' is clicked on

2023-06-09 17:30:44 - [TEST_STEP][PASSED] - com.RSPage.formdata(name, email, password, name_object, email_object, password_object): com.RSPage.formdata is PASSED

2023-06-09 17:30:46 - [MESSAGE][PASSED] - Text 'Dharm' is set on object 'Object Repository/RahulShetty_Repo/RahulShetty_Repo/Page_ProtoCommerce/Page_ProtoCommerce/input_Name_name'

2023-06-09 17:30:46 - [MESSAGE][PASSED] - Text 'Dharm@gmail.com' is set on object 'Object Repository/RahulShetty_Repo/RahulShetty_Repo/Page_ProtoCommerce/Page_ProtoCommerce/input_Email_email'

2023-06-09 17:30:47 - [MESSAGE][PASSED] - Text 'dharm123' is set on object 'Object Repository/RahulShetty_Repo/RahulShetty_Repo/Page_ProtoCommerce/Page_ProtoCommerce/input_Password_exampleInputPassword1'

2023-06-09 17:30:47 - [MESSAGE][PASSED] - com.RSPage.formdata is PASSED

2023-06-09 17:30:47 - [TEST_STEP][PASSED] - click(findTestObject("Object Repository/RahulShetty_Repo/RahulShetty_Repo/Page_ProtoCommerce/Page_ProtoCommerce/input_term  Conditions_btn btn-success btn-lg")): Object: 'Object Repository/RahulShetty_Repo/RahulShetty_Repo/Page_ProtoCommerce/Page_ProtoCommerce/input_term  Conditions_btn btn-success btn-lg' is clicked on

2023-06-09 17:30:48 - [MESSAGE][INFO] - Unable to find the element located by 'By.xpath: '. Please recheck the objects properties to make sure the desired element is located. 

2023-06-09 17:30:48 - [MESSAGE][WARNING] - [SELF-HEALING] Failed to find element with id 'Object Repository/RahulShetty_Repo/RahulShetty_Repo/Page_ProtoCommerce/Page_ProtoCommerce/input_term  Conditions_btn btn-success btn-lg'. Try using Self-healing.

2023-06-09 17:30:49 - [MESSAGE][INFO] - Unable to find the element located by 'By.xpath: //input[@value='Purchase']'. Please recheck the objects properties to make sure the desired element is located. 

2023-06-09 17:30:50 - [MESSAGE][WARNING] - [SELF-HEALING] The current locator of test object 'Object Repository/RahulShetty_Repo/RahulShetty_Repo/Page_ProtoCommerce/Page_ProtoCommerce/input_term  Conditions_btn btn-success btn-lg' was broken. Propose an alternative one: '//form/input'.

2023-06-09 17:30:50 - [MESSAGE][PASSED] - Object: 'Object Repository/RahulShetty_Repo/RahulShetty_Repo/Page_ProtoCommerce/Page_ProtoCommerce/input_term  Conditions_btn btn-success btn-lg' is clicked on

2023-06-09 17:30:50 - [TEST_STEP][PASSED] - verifyElementVisible(findTestObject("RahulShetty_Repo/assertion/Page_ProtoCommerce/div_Success The Form has been submitted successfully"), STOP_ON_FAILURE): Object 'Object Repository/RahulShetty_Repo/assertion/Page_ProtoCommerce/div_Success The Form has been submitted successfully' is visible

2023-06-09 17:30:50 - [MESSAGE][PASSED] - Object 'Object Repository/RahulShetty_Repo/assertion/Page_ProtoCommerce/div_Success The Form has been submitted successfully' is visible

2023-06-09 17:30:50 - [TEST_STEP][PASSED] - click(findTestObject("Object Repository/RahulShetty_Repo/RahulShetty_Repo/Page_ProtoCommerce/Page_ProtoCommerce/strong_Success")): Object: 'Object Repository/RahulShetty_Repo/RahulShetty_Repo/Page_ProtoCommerce/Page_ProtoCommerce/strong_Success' is clicked on

2023-06-09 17:30:51 - [MESSAGE][PASSED] - Object: 'Object Repository/RahulShetty_Repo/RahulShetty_Repo/Page_ProtoCommerce/Page_ProtoCommerce/strong_Success' is clicked on

2023-06-09 17:30:51 - [TEST_STEP][PASSED] - delay(2): Delayed 2 second(s)

2023-06-09 17:30:53 - [MESSAGE][PASSED] - Delayed 2 second(s)

2023-06-09 17:30:53 - [TEST_STEP][PASSED] - Start tear down : TearDownMethod: Method 'TearDownMethod' complete successfully

2023-06-09 17:30:53 - [TEST_STEP][PASSED] - click(findTestObject("Object Repository/RahulShetty_Repo/RahulShetty_Repo/Page_ProtoCommerce/Page_ProtoCommerce/a_Shop")): Object: 'Object Repository/RahulShetty_Repo/RahulShetty_Repo/Page_ProtoCommerce/Page_ProtoCommerce/a_Shop' is clicked on

2023-06-09 17:30:53 - [MESSAGE][PASSED] - Object: 'Object Repository/RahulShetty_Repo/RahulShetty_Repo/Page_ProtoCommerce/Page_ProtoCommerce/a_Shop' is clicked on

2023-06-09 17:30:53 - [MESSAGE][PASSED] - Method 'TearDownMethod' complete successfully

2023-06-09 17:30:53 - [TEST_STEP][PASSED] - Start listener action : sampleAfterTestCase: null]]></system-out>
         <system-err><![CDATA[]]></system-err>
      </testcase>
      <testcase name="Test Cases/RahulShettyTestCase/RahulShettyLoginPage" time="39.986" classname="Test Cases/RahulShettyTestCase/RahulShettyLoginPage" status="PASSED">
         <system-out><![CDATA[2023-06-09 17:30:53 - [TEST_CASE][PASSED] - Test Cases/RahulShettyTestCase/RahulShettyLoginPage: Test Cases/RahulShettyTestCase/RahulShettyLoginPage

2023-06-09 17:30:53 - [TEST_STEP][PASSED] - Start listener action : sampleBeforeTestCase: null

2023-06-09 17:30:53 - [TEST_STEP][PASSED] - Start setup action : SetupMethod: Method 'SetupMethod' complete successfully

2023-06-09 17:30:53 - [TEST_STEP][PASSED] - navigateToUrl(url): Navigate to 'https://rahulshettyacademy.com/loginpagePractise/' successfully

2023-06-09 17:30:54 - [MESSAGE][PASSED] - Navigate to 'https://rahulshettyacademy.com/loginpagePractise/' successfully

2023-06-09 17:30:54 - [TEST_STEP][PASSED] - getUrl().equals("https://rahulshettyacademy.com/loginpagePractise/"): Current window's url is: 'https://rahulshettyacademy.com/loginpagePractise/'

2023-06-09 17:30:54 - [MESSAGE][PASSED] - Current window's url is: 'https://rahulshettyacademy.com/loginpagePractise/'

2023-06-09 17:30:54 - [TEST_STEP][FAILED] - try: Verify element text of test object 'Object Repository/RahulShetty_Repo/assertion/Page_LoginPage Practise  Rahul Shetty Academy/div_Incorrect usernamepassword' FAILED. (Root cause: com.kms.katalon.core.exception.StepFailedException: Verify element text of test object 'Object Repository/RahulShetty_Repo/assertion/Page_LoginPage Practise  Rahul Shetty Academy/div_Incorrect usernamepassword' FAILED.
	at com.kms.katalon.core.webui.keyword.internal.WebUIKeywordMain.stepFailed(WebUIKeywordMain.groovy:64)
	at com.kms.katalon.core.webui.keyword.internal.WebUIKeywordMain.runKeyword(WebUIKeywordMain.groovy:26)
	at com.kms.katalon.core.webui.keyword.builtin.VerifyElementTextKeyword.verifyElementText(VerifyElementTextKeyword.groovy:72)
	at com.kms.katalon.core.webui.keyword.builtin.VerifyElementTextKeyword.execute(VerifyElementTextKeyword.groovy:40)
	at com.kms.katalon.core.keyword.internal.KeywordExecutor.executeKeywordForPlatform(KeywordExecutor.groovy:74)
	at com.kms.katalon.core.webui.keyword.WebUiBuiltInKeywords.verifyElementText(WebUiBuiltInKeywords.groovy:4749)
	at com.kms.katalon.core.webui.keyword.WebUiBuiltInKeywords$verifyElementText$6.call(Unknown Source)
	at RahulShettyLoginPage.SetupMethod(RahulShettyLoginPage:82)
	at com.kms.katalon.core.main.ScriptEngine.runScriptMethodAsRawText(ScriptEngine.java:133)
	at com.kms.katalon.core.main.TestCaseExecutor.runMethod(TestCaseExecutor.java:458)
	at com.kms.katalon.core.main.TestCaseExecutor.runMethod(TestCaseExecutor.java:580)
	at com.kms.katalon.core.main.TestCaseExecutor.internallyRunMethods(TestCaseExecutor.java:565)
	at com.kms.katalon.core.main.TestCaseExecutor.processSetupPhase(TestCaseExecutor.java:203)
	at com.kms.katalon.core.main.TestCaseExecutor.accessMainPhase(TestCaseExecutor.java:407)
	at com.kms.katalon.core.main.TestCaseExecutor.execute(TestCaseExecutor.java:285)
	at com.kms.katalon.core.common.CommonExecutor.accessTestCaseMainPhase(CommonExecutor.java:65)
	at com.kms.katalon.core.main.TestSuiteExecutor.accessTestSuiteMainPhase(TestSuiteExecutor.java:148)
	at com.kms.katalon.core.main.TestSuiteExecutor.execute(TestSuiteExecutor.java:106)
	at com.kms.katalon.core.main.TestCaseMain.startTestSuite(TestCaseMain.java:187)
	at com.kms.katalon.core.main.TestCaseMain$startTestSuite$0.call(Unknown Source)
	at TempTestSuite1686312004852.run(TempTestSuite1686312004852.groovy:36)
Caused by: com.kms.katalon.core.exception.StepFailedException: Actual text '' and expected text ' username/password.' of test object 'Object Repository/RahulShetty_Repo/assertion/Page_LoginPage Practise  Rahul Shetty Academy/div_Incorrect usernamepassword' are NOT matched.
	at com.kms.katalon.core.webui.keyword.internal.WebUIKeywordMain.stepFailed(WebUIKeywordMain.groovy:64)
	at com.kms.katalon.core.webui.keyword.builtin.VerifyElementTextKeyword$_verifyElementText_closure1.doCall(VerifyElementTextKeyword.groovy:57)
	at com.kms.katalon.core.webui.keyword.builtin.VerifyElementTextKeyword$_verifyElementText_closure1.call(VerifyElementTextKeyword.groovy)
	at com.kms.katalon.core.webui.keyword.internal.WebUIKeywordMain.runKeyword(WebUIKeywordMain.groovy:20)
	... 19 more
)

2023-06-09 17:30:54 - [TEST_STEP][PASSED] - com.RSPage.login(Invalidusername, LoginPassword, object_username, object_password): com.RSPage.login is PASSED

2023-06-09 17:30:54 - [MESSAGE][PASSED] - Text 'dharm' is set on object 'Object Repository/RahulShetty_Repo/RahulShetty_Repo/Page_LoginPage Practise  Rahul Shetty Academy/Page_LoginPage Practise  Rahul Shetty Academy/input_Username_username'

2023-06-09 17:30:55 - [MESSAGE][PASSED] - Text 'learning' is set on object 'Object Repository/RahulShetty_Repo/RahulShetty_Repo/Page_LoginPage Practise  Rahul Shetty Academy/Page_LoginPage Practise  Rahul Shetty Academy/input_Password_password'

2023-06-09 17:30:55 - [MESSAGE][PASSED] - com.RSPage.login is PASSED

2023-06-09 17:30:55 - [TEST_STEP][PASSED] - verifyElementClickable(findTestObject("RahulShetty_Repo/assertion/Page_LoginPage Practise  Rahul Shetty Academy/span_User_checkmark")): Object 'Object Repository/RahulShetty_Repo/assertion/Page_LoginPage Practise  Rahul Shetty Academy/span_User_checkmark' is clickable

2023-06-09 17:30:56 - [MESSAGE][PASSED] - Object 'Object Repository/RahulShetty_Repo/assertion/Page_LoginPage Practise  Rahul Shetty Academy/span_User_checkmark' is clickable

2023-06-09 17:30:56 - [TEST_STEP][PASSED] - click(findTestObject("RahulShetty_Repo/assertion/Page_LoginPage Practise  Rahul Shetty Academy/span_User_checkmark")): Object: 'Object Repository/RahulShetty_Repo/assertion/Page_LoginPage Practise  Rahul Shetty Academy/span_User_checkmark' is clicked on

2023-06-09 17:30:56 - [MESSAGE][PASSED] - Object: 'Object Repository/RahulShetty_Repo/assertion/Page_LoginPage Practise  Rahul Shetty Academy/span_User_checkmark' is clicked on

2023-06-09 17:30:56 - [TEST_STEP][PASSED] - verifyElementText(findTestObject("RahulShetty_Repo/assertion/Page_LoginPage Practise  Rahul Shetty Academy/div_You will be limited to only fewer functionalities of the app. Proceed"), "You will be limited to only fewer functionalities of the app. Proceed?"): Actual text and expected text of test object 'Object Repository/RahulShetty_Repo/assertion/Page_LoginPage Practise  Rahul Shetty Academy/div_You will be limited to only fewer functionalities of the app. Proceed' are matched.

2023-06-09 17:30:57 - [MESSAGE][PASSED] - Actual text and expected text of test object 'Object Repository/RahulShetty_Repo/assertion/Page_LoginPage Practise  Rahul Shetty Academy/div_You will be limited to only fewer functionalities of the app. Proceed' are matched.

2023-06-09 17:30:57 - [TEST_STEP][PASSED] - click(findTestObject("RahulShetty_Repo/assertion/Page_LoginPage Practise  Rahul Shetty Academy/button_Okay")): Object: 'Object Repository/RahulShetty_Repo/assertion/Page_LoginPage Practise  Rahul Shetty Academy/button_Okay' is clicked on

2023-06-09 17:30:57 - [MESSAGE][PASSED] - Object: 'Object Repository/RahulShetty_Repo/assertion/Page_LoginPage Practise  Rahul Shetty Academy/button_Okay' is clicked on

2023-06-09 17:30:57 - [TEST_STEP][PASSED] - click(findTestObject("Object Repository/RahulShetty_Repo/RahulShetty_Repo/Page_LoginPage Practise  Rahul Shetty Academy/Page_LoginPage Practise  Rahul Shetty Academy/Page_LoginPage Practise  Rahul Shetty Academy/input_I Agree to the_signin")): Object: 'Object Repository/RahulShetty_Repo/RahulShetty_Repo/Page_LoginPage Practise  Rahul Shetty Academy/Page_LoginPage Practise  Rahul Shetty Academy/Page_LoginPage Practise  Rahul Shetty Academy/input_I Agree to the_signin' is clicked on

2023-06-09 17:30:59 - [MESSAGE][INFO] - Unable to find the element located by 'By.xpath: '. Please recheck the objects properties to make sure the desired element is located. 

2023-06-09 17:30:59 - [MESSAGE][WARNING] - [SELF-HEALING] Failed to find element with id 'Object Repository/RahulShetty_Repo/RahulShetty_Repo/Page_LoginPage Practise  Rahul Shetty Academy/Page_LoginPage Practise  Rahul Shetty Academy/Page_LoginPage Practise  Rahul Shetty Academy/input_I Agree to the_signin'. Try using Self-healing.

2023-06-09 17:30:59 - [MESSAGE][WARNING] - [SELF-HEALING] The current locator of test object 'Object Repository/RahulShetty_Repo/RahulShetty_Repo/Page_LoginPage Practise  Rahul Shetty Academy/Page_LoginPage Practise  Rahul Shetty Academy/Page_LoginPage Practise  Rahul Shetty Academy/input_I Agree to the_signin' was broken. Propose an alternative one: '//input[@id='signInBtn']'.

2023-06-09 17:30:59 - [MESSAGE][PASSED] - Object: 'Object Repository/RahulShetty_Repo/RahulShetty_Repo/Page_LoginPage Practise  Rahul Shetty Academy/Page_LoginPage Practise  Rahul Shetty Academy/Page_LoginPage Practise  Rahul Shetty Academy/input_I Agree to the_signin' is clicked on

2023-06-09 17:30:59 - [TEST_STEP][FAILED] - verifyElementText(findTestObject("RahulShetty_Repo/assertion/Page_LoginPage Practise  Rahul Shetty Academy/div_Incorrect usernamepassword"), " username/password."): Verify element text of test object 'Object Repository/RahulShetty_Repo/assertion/Page_LoginPage Practise  Rahul Shetty Academy/div_Incorrect usernamepassword' FAILED. (Root cause: com.kms.katalon.core.exception.StepFailedException: Verify element text of test object 'Object Repository/RahulShetty_Repo/assertion/Page_LoginPage Practise  Rahul Shetty Academy/div_Incorrect usernamepassword' FAILED.
	at com.kms.katalon.core.webui.keyword.internal.WebUIKeywordMain.stepFailed(WebUIKeywordMain.groovy:64)
	at com.kms.katalon.core.webui.keyword.internal.WebUIKeywordMain.runKeyword(WebUIKeywordMain.groovy:26)
	at com.kms.katalon.core.webui.keyword.builtin.VerifyElementTextKeyword.verifyElementText(VerifyElementTextKeyword.groovy:72)
	at com.kms.katalon.core.webui.keyword.builtin.VerifyElementTextKeyword.execute(VerifyElementTextKeyword.groovy:40)
	at com.kms.katalon.core.keyword.internal.KeywordExecutor.executeKeywordForPlatform(KeywordExecutor.groovy:74)
	at com.kms.katalon.core.webui.keyword.WebUiBuiltInKeywords.verifyElementText(WebUiBuiltInKeywords.groovy:4749)
	at com.kms.katalon.core.webui.keyword.WebUiBuiltInKeywords$verifyElementText$6.call(Unknown Source)
	at RahulShettyLoginPage.SetupMethod(RahulShettyLoginPage:82)
	at com.kms.katalon.core.main.ScriptEngine.runScriptMethodAsRawText(ScriptEngine.java:133)
	at com.kms.katalon.core.main.TestCaseExecutor.runMethod(TestCaseExecutor.java:458)
	at com.kms.katalon.core.main.TestCaseExecutor.runMethod(TestCaseExecutor.java:580)
	at com.kms.katalon.core.main.TestCaseExecutor.internallyRunMethods(TestCaseExecutor.java:565)
	at com.kms.katalon.core.main.TestCaseExecutor.processSetupPhase(TestCaseExecutor.java:203)
	at com.kms.katalon.core.main.TestCaseExecutor.accessMainPhase(TestCaseExecutor.java:407)
	at com.kms.katalon.core.main.TestCaseExecutor.execute(TestCaseExecutor.java:285)
	at com.kms.katalon.core.common.CommonExecutor.accessTestCaseMainPhase(CommonExecutor.java:65)
	at com.kms.katalon.core.main.TestSuiteExecutor.accessTestSuiteMainPhase(TestSuiteExecutor.java:148)
	at com.kms.katalon.core.main.TestSuiteExecutor.execute(TestSuiteExecutor.java:106)
	at com.kms.katalon.core.main.TestCaseMain.startTestSuite(TestCaseMain.java:187)
	at com.kms.katalon.core.main.TestCaseMain$startTestSuite$0.call(Unknown Source)
	at TempTestSuite1686312004852.run(TempTestSuite1686312004852.groovy:36)
Caused by: com.kms.katalon.core.exception.StepFailedException: Actual text '' and expected text ' username/password.' of test object 'Object Repository/RahulShetty_Repo/assertion/Page_LoginPage Practise  Rahul Shetty Academy/div_Incorrect usernamepassword' are NOT matched.
	at com.kms.katalon.core.webui.keyword.internal.WebUIKeywordMain.stepFailed(WebUIKeywordMain.groovy:64)
	at com.kms.katalon.core.webui.keyword.builtin.VerifyElementTextKeyword$_verifyElementText_closure1.doCall(VerifyElementTextKeyword.groovy:57)
	at com.kms.katalon.core.webui.keyword.builtin.VerifyElementTextKeyword$_verifyElementText_closure1.call(VerifyElementTextKeyword.groovy)
	at com.kms.katalon.core.webui.keyword.internal.WebUIKeywordMain.runKeyword(WebUIKeywordMain.groovy:20)
	... 19 more
)

2023-06-09 17:31:00 - [MESSAGE][FAILED] - Actual text '' and expected text ' username/password.' of test object 'Object Repository/RahulShetty_Repo/assertion/Page_LoginPage Practise  Rahul Shetty Academy/div_Incorrect usernamepassword' are NOT matched. (Root cause: com.kms.katalon.core.exception.StepFailedException: Actual text '' and expected text ' username/password.' of test object 'Object Repository/RahulShetty_Repo/assertion/Page_LoginPage Practise  Rahul Shetty Academy/div_Incorrect usernamepassword' are NOT matched.
	at com.kms.katalon.core.webui.keyword.internal.WebUIKeywordMain.stepFailed(WebUIKeywordMain.groovy:64)
	at com.kms.katalon.core.webui.keyword.builtin.VerifyElementTextKeyword$_verifyElementText_closure1.doCall(VerifyElementTextKeyword.groovy:57)
	at com.kms.katalon.core.webui.keyword.builtin.VerifyElementTextKeyword$_verifyElementText_closure1.call(VerifyElementTextKeyword.groovy)
	at com.kms.katalon.core.webui.keyword.internal.WebUIKeywordMain.runKeyword(WebUIKeywordMain.groovy:20)
	at com.kms.katalon.core.webui.keyword.builtin.VerifyElementTextKeyword.verifyElementText(VerifyElementTextKeyword.groovy:72)
	at com.kms.katalon.core.webui.keyword.builtin.VerifyElementTextKeyword.execute(VerifyElementTextKeyword.groovy:40)
	at com.kms.katalon.core.keyword.internal.KeywordExecutor.executeKeywordForPlatform(KeywordExecutor.groovy:74)
	at com.kms.katalon.core.webui.keyword.WebUiBuiltInKeywords.verifyElementText(WebUiBuiltInKeywords.groovy:4749)
	at com.kms.katalon.core.webui.keyword.WebUiBuiltInKeywords$verifyElementText$6.call(Unknown Source)
	at RahulShettyLoginPage.SetupMethod(RahulShettyLoginPage:82)
	at com.kms.katalon.core.main.ScriptEngine.runScriptMethodAsRawText(ScriptEngine.java:133)
	at com.kms.katalon.core.main.TestCaseExecutor.runMethod(TestCaseExecutor.java:458)
	at com.kms.katalon.core.main.TestCaseExecutor.runMethod(TestCaseExecutor.java:580)
	at com.kms.katalon.core.main.TestCaseExecutor.internallyRunMethods(TestCaseExecutor.java:565)
	at com.kms.katalon.core.main.TestCaseExecutor.processSetupPhase(TestCaseExecutor.java:203)
	at com.kms.katalon.core.main.TestCaseExecutor.accessMainPhase(TestCaseExecutor.java:407)
	at com.kms.katalon.core.main.TestCaseExecutor.execute(TestCaseExecutor.java:285)
	at com.kms.katalon.core.common.CommonExecutor.accessTestCaseMainPhase(CommonExecutor.java:65)
	at com.kms.katalon.core.main.TestSuiteExecutor.accessTestSuiteMainPhase(TestSuiteExecutor.java:148)
	at com.kms.katalon.core.main.TestSuiteExecutor.execute(TestSuiteExecutor.java:106)
	at com.kms.katalon.core.main.TestCaseMain.startTestSuite(TestCaseMain.java:187)
	at com.kms.katalon.core.main.TestCaseMain$startTestSuite$0.call(Unknown Source)
	at TempTestSuite1686312004852.run(TempTestSuite1686312004852.groovy:36)
)
[[ATTACHMENT|/home/dharm/git/FinalAssignment/Reports/20230609_173003/RahulShettyTestSuite/RahulShetty/20230609_173004/1686312059840.png]]

2023-06-09 17:31:00 - [MESSAGE][FAILED] - Verify element text of test object 'Object Repository/RahulShetty_Repo/assertion/Page_LoginPage Practise  Rahul Shetty Academy/div_Incorrect usernamepassword' FAILED. (Root cause: com.kms.katalon.core.exception.StepFailedException: Verify element text of test object 'Object Repository/RahulShetty_Repo/assertion/Page_LoginPage Practise  Rahul Shetty Academy/div_Incorrect usernamepassword' FAILED.
	at com.kms.katalon.core.webui.keyword.internal.WebUIKeywordMain.stepFailed(WebUIKeywordMain.groovy:64)
	at com.kms.katalon.core.webui.keyword.internal.WebUIKeywordMain.runKeyword(WebUIKeywordMain.groovy:26)
	at com.kms.katalon.core.webui.keyword.builtin.VerifyElementTextKeyword.verifyElementText(VerifyElementTextKeyword.groovy:72)
	at com.kms.katalon.core.webui.keyword.builtin.VerifyElementTextKeyword.execute(VerifyElementTextKeyword.groovy:40)
	at com.kms.katalon.core.keyword.internal.KeywordExecutor.executeKeywordForPlatform(KeywordExecutor.groovy:74)
	at com.kms.katalon.core.webui.keyword.WebUiBuiltInKeywords.verifyElementText(WebUiBuiltInKeywords.groovy:4749)
	at com.kms.katalon.core.webui.keyword.WebUiBuiltInKeywords$verifyElementText$6.call(Unknown Source)
	at RahulShettyLoginPage.SetupMethod(RahulShettyLoginPage:82)
	at com.kms.katalon.core.main.ScriptEngine.runScriptMethodAsRawText(ScriptEngine.java:133)
	at com.kms.katalon.core.main.TestCaseExecutor.runMethod(TestCaseExecutor.java:458)
	at com.kms.katalon.core.main.TestCaseExecutor.runMethod(TestCaseExecutor.java:580)
	at com.kms.katalon.core.main.TestCaseExecutor.internallyRunMethods(TestCaseExecutor.java:565)
	at com.kms.katalon.core.main.TestCaseExecutor.processSetupPhase(TestCaseExecutor.java:203)
	at com.kms.katalon.core.main.TestCaseExecutor.accessMainPhase(TestCaseExecutor.java:407)
	at com.kms.katalon.core.main.TestCaseExecutor.execute(TestCaseExecutor.java:285)
	at com.kms.katalon.core.common.CommonExecutor.accessTestCaseMainPhase(CommonExecutor.java:65)
	at com.kms.katalon.core.main.TestSuiteExecutor.accessTestSuiteMainPhase(TestSuiteExecutor.java:148)
	at com.kms.katalon.core.main.TestSuiteExecutor.execute(TestSuiteExecutor.java:106)
	at com.kms.katalon.core.main.TestCaseMain.startTestSuite(TestCaseMain.java:187)
	at com.kms.katalon.core.main.TestCaseMain$startTestSuite$0.call(Unknown Source)
	at TempTestSuite1686312004852.run(TempTestSuite1686312004852.groovy:36)
Caused by: com.kms.katalon.core.exception.StepFailedException: Actual text '' and expected text ' username/password.' of test object 'Object Repository/RahulShetty_Repo/assertion/Page_LoginPage Practise  Rahul Shetty Academy/div_Incorrect usernamepassword' are NOT matched.
	at com.kms.katalon.core.webui.keyword.internal.WebUIKeywordMain.stepFailed(WebUIKeywordMain.groovy:64)
	at com.kms.katalon.core.webui.keyword.builtin.VerifyElementTextKeyword$_verifyElementText_closure1.doCall(VerifyElementTextKeyword.groovy:57)
	at com.kms.katalon.core.webui.keyword.builtin.VerifyElementTextKeyword$_verifyElementText_closure1.call(VerifyElementTextKeyword.groovy)
	at com.kms.katalon.core.webui.keyword.internal.WebUIKeywordMain.runKeyword(WebUIKeywordMain.groovy:20)
	... 19 more
)
[[ATTACHMENT|/home/dharm/git/FinalAssignment/Reports/20230609_173003/RahulShettyTestSuite/RahulShetty/20230609_173004/1686312060372.png]]

2023-06-09 17:31:00 - [TEST_STEP][PASSED] - catch (Exception e): Object 'Object Repository/RahulShetty_Repo/RahulShetty_Repo/Page_ProtoCommerce/h1_Shop Name' is present

2023-06-09 17:31:00 - [TEST_STEP][PASSED] - com.RSPage.login(Validusername, LoginPassword, object_username, object_password): com.RSPage.login is PASSED

2023-06-09 17:31:01 - [MESSAGE][PASSED] - Text 'rahulshettyacademy' is set on object 'Object Repository/RahulShetty_Repo/RahulShetty_Repo/Page_LoginPage Practise  Rahul Shetty Academy/Page_LoginPage Practise  Rahul Shetty Academy/input_Username_username'

2023-06-09 17:31:02 - [MESSAGE][PASSED] - Text 'learning' is set on object 'Object Repository/RahulShetty_Repo/RahulShetty_Repo/Page_LoginPage Practise  Rahul Shetty Academy/Page_LoginPage Practise  Rahul Shetty Academy/input_Password_password'

2023-06-09 17:31:02 - [MESSAGE][PASSED] - com.RSPage.login is PASSED

2023-06-09 17:31:02 - [TEST_STEP][PASSED] - click(findTestObject("Object Repository/RahulShetty_Repo/RahulShetty_Repo/Page_LoginPage Practise  Rahul Shetty Academy/Page_LoginPage Practise  Rahul Shetty Academy/input_I Agree to the_signin")): Object: 'Object Repository/RahulShetty_Repo/RahulShetty_Repo/Page_LoginPage Practise  Rahul Shetty Academy/Page_LoginPage Practise  Rahul Shetty Academy/input_I Agree to the_signin' is clicked on

2023-06-09 17:31:03 - [MESSAGE][PASSED] - Object: 'Object Repository/RahulShetty_Repo/RahulShetty_Repo/Page_LoginPage Practise  Rahul Shetty Academy/Page_LoginPage Practise  Rahul Shetty Academy/input_I Agree to the_signin' is clicked on

2023-06-09 17:31:03 - [TEST_STEP][PASSED] - delay(2): Delayed 2 second(s)

2023-06-09 17:31:05 - [MESSAGE][PASSED] - Delayed 2 second(s)

2023-06-09 17:31:05 - [TEST_STEP][PASSED] - verifyElementPresent(findTestObject("RahulShetty_Repo/RahulShetty_Repo/Page_ProtoCommerce/h1_Shop Name"), 0): Object 'Object Repository/RahulShetty_Repo/RahulShetty_Repo/Page_ProtoCommerce/h1_Shop Name' is present

2023-06-09 17:31:05 - [MESSAGE][WARNING] - Timeout '0' is invalid. Using default page load timeout: '30'

2023-06-09 17:31:05 - [MESSAGE][PASSED] - Object 'Object Repository/RahulShetty_Repo/RahulShetty_Repo/Page_ProtoCommerce/h1_Shop Name' is present

2023-06-09 17:31:05 - [MESSAGE][PASSED] - Method 'SetupMethod' complete successfully

2023-06-09 17:31:05 - [TEST_STEP][PASSED] - homevariable = "Home": null

2023-06-09 17:31:05 - [TEST_STEP][PASSED] - click(findTestObject("RahulShetty_Repo/RahulShetty_Repo/DynamicObjectCreation/a_Shop", ["text":homevariable])): Object: 'Object Repository/RahulShetty_Repo/RahulShetty_Repo/DynamicObjectCreation/a_Shop' is clicked on

2023-06-09 17:31:06 - [MESSAGE][PASSED] - Object: 'Object Repository/RahulShetty_Repo/RahulShetty_Repo/DynamicObjectCreation/a_Shop' is clicked on

2023-06-09 17:31:06 - [TEST_STEP][PASSED] - delay(2): Delayed 2 second(s)

2023-06-09 17:31:08 - [MESSAGE][PASSED] - Delayed 2 second(s)

2023-06-09 17:31:08 - [TEST_STEP][PASSED] - shopvariable = "shop": null

2023-06-09 17:31:08 - [TEST_STEP][PASSED] - verifyElementClickable(findTestObject("RahulShetty_Repo/RahulShetty_Repo/DynamicObjectCreation/a_Shop", ["text":shopvariable])): Object 'Object Repository/RahulShetty_Repo/RahulShetty_Repo/DynamicObjectCreation/a_Shop' is clickable

2023-06-09 17:31:09 - [MESSAGE][INFO] - Unable to find the element located by 'By.xpath: //*[(text() = 'shop' or . = 'shop')]'. Please recheck the objects properties to make sure the desired element is located. 

2023-06-09 17:31:09 - [MESSAGE][WARNING] - [SELF-HEALING] Failed to find element with id 'Object Repository/RahulShetty_Repo/RahulShetty_Repo/DynamicObjectCreation/a_Shop'. Try using Self-healing.

2023-06-09 17:31:09 - [MESSAGE][WARNING] - [SELF-HEALING] The current locator of test object 'Object Repository/RahulShetty_Repo/RahulShetty_Repo/DynamicObjectCreation/a_Shop' was broken. Propose an alternative one: '//a[@href = '/angularpractice/shop' and (text() = 'Shop' or . = 'Shop')]'.

2023-06-09 17:31:09 - [MESSAGE][PASSED] - Object 'Object Repository/RahulShetty_Repo/RahulShetty_Repo/DynamicObjectCreation/a_Shop' is clickable

2023-06-09 17:31:09 - [TEST_STEP][PASSED] - click(findTestObject("RahulShetty_Repo/RahulShetty_Repo/DynamicObjectCreation/a_Shop", ["text":shopvariable])): Object: 'Object Repository/RahulShetty_Repo/RahulShetty_Repo/DynamicObjectCreation/a_Shop' is clicked on

2023-06-09 17:31:11 - [MESSAGE][INFO] - Unable to find the element located by 'By.xpath: //*[(text() = 'shop' or . = 'shop')]'. Please recheck the objects properties to make sure the desired element is located. 

2023-06-09 17:31:11 - [MESSAGE][WARNING] - [SELF-HEALING] Failed to find element with id 'Object Repository/RahulShetty_Repo/RahulShetty_Repo/DynamicObjectCreation/a_Shop'. Try using Self-healing.

2023-06-09 17:31:11 - [MESSAGE][WARNING] - [SELF-HEALING] The current locator of test object 'Object Repository/RahulShetty_Repo/RahulShetty_Repo/DynamicObjectCreation/a_Shop' was broken. Propose an alternative one: '//a[@href = '/angularpractice/shop' and (text() = 'Shop' or . = 'Shop')]'.

2023-06-09 17:31:11 - [MESSAGE][PASSED] - Object: 'Object Repository/RahulShetty_Repo/RahulShetty_Repo/DynamicObjectCreation/a_Shop' is clicked on

2023-06-09 17:31:11 - [TEST_STEP][PASSED] - com.RSPage.checkout(Add_Object, Checkout_Object): com.RSPage.checkout is PASSED

2023-06-09 17:31:12 - [MESSAGE][PASSED] - Object: 'Object Repository/RahulShetty_Repo/RahulShetty_Repo/Page_ProtoCommerce/Page_ProtoCommerce/button_Add' is clicked on

2023-06-09 17:31:14 - [MESSAGE][PASSED] - Delayed 2 second(s)

2023-06-09 17:31:15 - [MESSAGE][INFO] - Unable to find the element located by 'By.xpath: '. Please recheck the objects properties to make sure the desired element is located. 

2023-06-09 17:31:15 - [MESSAGE][WARNING] - [SELF-HEALING] Failed to find element with id 'Object Repository/RahulShetty_Repo/RahulShetty_Repo/Page_ProtoCommerce/Page_ProtoCommerce/a_Checkout ( 1 )            (current)'. Try using Self-healing.

2023-06-09 17:31:15 - [MESSAGE][WARNING] - [SELF-HEALING] The current locator of test object 'Object Repository/RahulShetty_Repo/RahulShetty_Repo/Page_ProtoCommerce/Page_ProtoCommerce/a_Checkout ( 1 )            (current)' was broken. Propose an alternative one: '//div[@id='navbarResponsive']/ul/li/a'.

2023-06-09 17:31:15 - [MESSAGE][PASSED] - Object 'Object Repository/RahulShetty_Repo/RahulShetty_Repo/Page_ProtoCommerce/Page_ProtoCommerce/a_Checkout ( 1 )            (current)' is visible

2023-06-09 17:31:17 - [MESSAGE][INFO] - Unable to find the element located by 'By.xpath: '. Please recheck the objects properties to make sure the desired element is located. 

2023-06-09 17:31:17 - [MESSAGE][WARNING] - [SELF-HEALING] Failed to find element with id 'Object Repository/RahulShetty_Repo/RahulShetty_Repo/Page_ProtoCommerce/Page_ProtoCommerce/a_Checkout ( 1 )            (current)'. Try using Self-healing.

2023-06-09 17:31:17 - [MESSAGE][WARNING] - [SELF-HEALING] The current locator of test object 'Object Repository/RahulShetty_Repo/RahulShetty_Repo/Page_ProtoCommerce/Page_ProtoCommerce/a_Checkout ( 1 )            (current)' was broken. Propose an alternative one: '//div[@id='navbarResponsive']/ul/li/a'.

2023-06-09 17:31:17 - [MESSAGE][PASSED] - Object: 'Object Repository/RahulShetty_Repo/RahulShetty_Repo/Page_ProtoCommerce/Page_ProtoCommerce/a_Checkout ( 1 )            (current)' is clicked on

2023-06-09 17:31:17 - [MESSAGE][PASSED] - com.RSPage.checkout is PASSED

2023-06-09 17:31:17 - [TEST_STEP][PASSED] - verifyElementText(findTestObject("RahulShetty_Repo/assertion/Page_ProtoCommerce/a_iphone X"), "iphone X"): Actual text and expected text of test object 'Object Repository/RahulShetty_Repo/assertion/Page_ProtoCommerce/a_iphone X' are matched.

2023-06-09 17:31:18 - [MESSAGE][PASSED] - Actual text and expected text of test object 'Object Repository/RahulShetty_Repo/assertion/Page_ProtoCommerce/a_iphone X' are matched.

2023-06-09 17:31:18 - [TEST_STEP][PASSED] - click(findTestObject("Object Repository/RahulShetty_Repo/RahulShetty_Repo/Page_ProtoCommerce/Page_ProtoCommerce/button_Checkout")): Object: 'Object Repository/RahulShetty_Repo/RahulShetty_Repo/Page_ProtoCommerce/Page_ProtoCommerce/button_Checkout' is clicked on

2023-06-09 17:31:18 - [MESSAGE][PASSED] - Object: 'Object Repository/RahulShetty_Repo/RahulShetty_Repo/Page_ProtoCommerce/Page_ProtoCommerce/button_Checkout' is clicked on

2023-06-09 17:31:18 - [TEST_STEP][PASSED] - click(findTestObject("Object Repository/RahulShetty_Repo/RahulShetty_Repo/Page_ProtoCommerce/Page_ProtoCommerce/label_I agree with the term  Conditions")): Object: 'Object Repository/RahulShetty_Repo/RahulShetty_Repo/Page_ProtoCommerce/Page_ProtoCommerce/label_I agree with the term  Conditions' is clicked on

2023-06-09 17:31:20 - [MESSAGE][INFO] - Unable to find the element located by 'By.xpath: '. Please recheck the objects properties to make sure the desired element is located. 

2023-06-09 17:31:20 - [MESSAGE][WARNING] - [SELF-HEALING] Failed to find element with id 'Object Repository/RahulShetty_Repo/RahulShetty_Repo/Page_ProtoCommerce/Page_ProtoCommerce/label_I agree with the term  Conditions'. Try using Self-healing.

2023-06-09 17:31:20 - [MESSAGE][WARNING] - [SELF-HEALING] The current locator of test object 'Object Repository/RahulShetty_Repo/RahulShetty_Repo/Page_ProtoCommerce/Page_ProtoCommerce/label_I agree with the term  Conditions' was broken. Propose an alternative one: '(.//*[normalize-space(text()) and normalize-space(.)='(current)'])[1]/following::label[2]'.

2023-06-09 17:31:20 - [MESSAGE][PASSED] - Object: 'Object Repository/RahulShetty_Repo/RahulShetty_Repo/Page_ProtoCommerce/Page_ProtoCommerce/label_I agree with the term  Conditions' is clicked on

2023-06-09 17:31:20 - [TEST_STEP][PASSED] - verifyElementClickable(findTestObject("Object Repository/RahulShetty_Repo/RahulShetty_Repo/Page_ProtoCommerce/Page_ProtoCommerce/input_term  Conditions_btn btn-success btn-lg")): Object 'Object Repository/RahulShetty_Repo/RahulShetty_Repo/Page_ProtoCommerce/Page_ProtoCommerce/input_term  Conditions_btn btn-success btn-lg' is clickable

2023-06-09 17:31:21 - [MESSAGE][INFO] - Unable to find the element located by 'By.xpath: '. Please recheck the objects properties to make sure the desired element is located. 

2023-06-09 17:31:21 - [MESSAGE][WARNING] - [SELF-HEALING] Failed to find element with id 'Object Repository/RahulShetty_Repo/RahulShetty_Repo/Page_ProtoCommerce/Page_ProtoCommerce/input_term  Conditions_btn btn-success btn-lg'. Try using Self-healing.

2023-06-09 17:31:21 - [MESSAGE][WARNING] - [SELF-HEALING] The current locator of test object 'Object Repository/RahulShetty_Repo/RahulShetty_Repo/Page_ProtoCommerce/Page_ProtoCommerce/input_term  Conditions_btn btn-success btn-lg' was broken. Propose an alternative one: '//input[@value='Purchase']'.

2023-06-09 17:31:21 - [MESSAGE][PASSED] - Object 'Object Repository/RahulShetty_Repo/RahulShetty_Repo/Page_ProtoCommerce/Page_ProtoCommerce/input_term  Conditions_btn btn-success btn-lg' is clickable

2023-06-09 17:31:21 - [TEST_STEP][PASSED] - click(findTestObject("Object Repository/RahulShetty_Repo/RahulShetty_Repo/Page_ProtoCommerce/Page_ProtoCommerce/input_term  Conditions_btn btn-success btn-lg")): Object: 'Object Repository/RahulShetty_Repo/RahulShetty_Repo/Page_ProtoCommerce/Page_ProtoCommerce/input_term  Conditions_btn btn-success btn-lg' is clicked on

2023-06-09 17:31:23 - [MESSAGE][INFO] - Unable to find the element located by 'By.xpath: '. Please recheck the objects properties to make sure the desired element is located. 

2023-06-09 17:31:23 - [MESSAGE][WARNING] - [SELF-HEALING] Failed to find element with id 'Object Repository/RahulShetty_Repo/RahulShetty_Repo/Page_ProtoCommerce/Page_ProtoCommerce/input_term  Conditions_btn btn-success btn-lg'. Try using Self-healing.

2023-06-09 17:31:23 - [MESSAGE][WARNING] - [SELF-HEALING] The current locator of test object 'Object Repository/RahulShetty_Repo/RahulShetty_Repo/Page_ProtoCommerce/Page_ProtoCommerce/input_term  Conditions_btn btn-success btn-lg' was broken. Propose an alternative one: '//input[@value='Purchase']'.

2023-06-09 17:31:23 - [MESSAGE][PASSED] - Object: 'Object Repository/RahulShetty_Repo/RahulShetty_Repo/Page_ProtoCommerce/Page_ProtoCommerce/input_term  Conditions_btn btn-success btn-lg' is clicked on

2023-06-09 17:31:23 - [TEST_STEP][PASSED] - verifyElementVisible(findTestObject("RahulShetty_Repo/assertion/Page_ProtoCommerce/div_Success Thank you Your order will be delivered in next few weeks -)"), STOP_ON_FAILURE): Object 'Object Repository/RahulShetty_Repo/assertion/Page_ProtoCommerce/div_Success Thank you Your order will be delivered in next few weeks -)' is visible

2023-06-09 17:31:24 - [MESSAGE][PASSED] - Object 'Object Repository/RahulShetty_Repo/assertion/Page_ProtoCommerce/div_Success Thank you Your order will be delivered in next few weeks -)' is visible

2023-06-09 17:31:24 - [TEST_STEP][PASSED] - click(findTestObject("Object Repository/RahulShetty_Repo/RahulShetty_Repo/Page_ProtoCommerce/Page_ProtoCommerce/a_ProtoCommerce Home")): Object: 'Object Repository/RahulShetty_Repo/RahulShetty_Repo/Page_ProtoCommerce/Page_ProtoCommerce/a_ProtoCommerce Home' is clicked on

2023-06-09 17:31:24 - [MESSAGE][PASSED] - Object: 'Object Repository/RahulShetty_Repo/RahulShetty_Repo/Page_ProtoCommerce/Page_ProtoCommerce/a_ProtoCommerce Home' is clicked on

2023-06-09 17:31:24 - [TEST_STEP][PASSED] - com.RSPage.formdata(name, email, password, name_object, email_object, password_object): com.RSPage.formdata is PASSED

2023-06-09 17:31:25 - [MESSAGE][PASSED] - Text 'deep' is set on object 'Object Repository/RahulShetty_Repo/RahulShetty_Repo/Page_ProtoCommerce/Page_ProtoCommerce/input_Name_name'

2023-06-09 17:31:26 - [MESSAGE][PASSED] - Text 'deep@gmail.com' is set on object 'Object Repository/RahulShetty_Repo/RahulShetty_Repo/Page_ProtoCommerce/Page_ProtoCommerce/input_Email_email'

2023-06-09 17:31:27 - [MESSAGE][PASSED] - Text 'deep123' is set on object 'Object Repository/RahulShetty_Repo/RahulShetty_Repo/Page_ProtoCommerce/Page_ProtoCommerce/input_Password_exampleInputPassword1'

2023-06-09 17:31:27 - [MESSAGE][PASSED] - com.RSPage.formdata is PASSED

2023-06-09 17:31:27 - [TEST_STEP][PASSED] - click(findTestObject("Object Repository/RahulShetty_Repo/RahulShetty_Repo/Page_ProtoCommerce/Page_ProtoCommerce/input_term  Conditions_btn btn-success btn-lg")): Object: 'Object Repository/RahulShetty_Repo/RahulShetty_Repo/Page_ProtoCommerce/Page_ProtoCommerce/input_term  Conditions_btn btn-success btn-lg' is clicked on

2023-06-09 17:31:28 - [MESSAGE][INFO] - Unable to find the element located by 'By.xpath: '. Please recheck the objects properties to make sure the desired element is located. 

2023-06-09 17:31:28 - [MESSAGE][WARNING] - [SELF-HEALING] Failed to find element with id 'Object Repository/RahulShetty_Repo/RahulShetty_Repo/Page_ProtoCommerce/Page_ProtoCommerce/input_term  Conditions_btn btn-success btn-lg'. Try using Self-healing.

2023-06-09 17:31:29 - [MESSAGE][INFO] - Unable to find the element located by 'By.xpath: //input[@value='Purchase']'. Please recheck the objects properties to make sure the desired element is located. 

2023-06-09 17:31:30 - [MESSAGE][WARNING] - [SELF-HEALING] The current locator of test object 'Object Repository/RahulShetty_Repo/RahulShetty_Repo/Page_ProtoCommerce/Page_ProtoCommerce/input_term  Conditions_btn btn-success btn-lg' was broken. Propose an alternative one: '//form/input'.

2023-06-09 17:31:30 - [MESSAGE][PASSED] - Object: 'Object Repository/RahulShetty_Repo/RahulShetty_Repo/Page_ProtoCommerce/Page_ProtoCommerce/input_term  Conditions_btn btn-success btn-lg' is clicked on

2023-06-09 17:31:30 - [TEST_STEP][PASSED] - verifyElementVisible(findTestObject("RahulShetty_Repo/assertion/Page_ProtoCommerce/div_Success The Form has been submitted successfully"), STOP_ON_FAILURE): Object 'Object Repository/RahulShetty_Repo/assertion/Page_ProtoCommerce/div_Success The Form has been submitted successfully' is visible

2023-06-09 17:31:30 - [MESSAGE][PASSED] - Object 'Object Repository/RahulShetty_Repo/assertion/Page_ProtoCommerce/div_Success The Form has been submitted successfully' is visible

2023-06-09 17:31:30 - [TEST_STEP][PASSED] - click(findTestObject("Object Repository/RahulShetty_Repo/RahulShetty_Repo/Page_ProtoCommerce/Page_ProtoCommerce/strong_Success")): Object: 'Object Repository/RahulShetty_Repo/RahulShetty_Repo/Page_ProtoCommerce/Page_ProtoCommerce/strong_Success' is clicked on

2023-06-09 17:31:31 - [MESSAGE][PASSED] - Object: 'Object Repository/RahulShetty_Repo/RahulShetty_Repo/Page_ProtoCommerce/Page_ProtoCommerce/strong_Success' is clicked on

2023-06-09 17:31:31 - [TEST_STEP][PASSED] - delay(2): Delayed 2 second(s)

2023-06-09 17:31:33 - [MESSAGE][PASSED] - Delayed 2 second(s)

2023-06-09 17:31:33 - [TEST_STEP][PASSED] - Start tear down : TearDownMethod: Method 'TearDownMethod' complete successfully

2023-06-09 17:31:33 - [TEST_STEP][PASSED] - click(findTestObject("Object Repository/RahulShetty_Repo/RahulShetty_Repo/Page_ProtoCommerce/Page_ProtoCommerce/a_Shop")): Object: 'Object Repository/RahulShetty_Repo/RahulShetty_Repo/Page_ProtoCommerce/Page_ProtoCommerce/a_Shop' is clicked on

2023-06-09 17:31:33 - [MESSAGE][PASSED] - Object: 'Object Repository/RahulShetty_Repo/RahulShetty_Repo/Page_ProtoCommerce/Page_ProtoCommerce/a_Shop' is clicked on

2023-06-09 17:31:33 - [MESSAGE][PASSED] - Method 'TearDownMethod' complete successfully

2023-06-09 17:31:33 - [TEST_STEP][PASSED] - Start listener action : sampleAfterTestCase: null]]></system-out>
         <system-err><![CDATA[]]></system-err>
      </testcase>
      <system-out><![CDATA[2023-06-09 17:30:11 - [TEST_SUITE][PASSED] - RahulShetty: Test Cases/RahulShettyTestCase/RahulShettyLoginPage]]></system-out>
      <system-err><![CDATA[]]></system-err>
   </testsuite>
</testsuites>
