<?xml version="1.0" encoding="UTF-8"?>
<testsuites name="RahulShetty" time="84.542" tests="2" failures="0" errors="0">
   <testsuite name="RahulShetty" tests="2" failures="0" errors="0" time="84.542" skipped="0" timestamp="2023-06-09 14:53:32" hostname="dharm - SF-CPU-792" id="Test Suites/RahulShettyTestSuite/RahulShetty">
      <properties>
         <property name="deviceName" value=""/>
         <property name="devicePlatform" value=""/>
         <property name="logFolder" value="/home/dharm/git/FinalAssignment/Reports/20230609_145324/RahulShettyTestSuite/RahulShetty/20230609_145325"/>
         <property name="logFiles" value="/home/dharm/git/FinalAssignment/Reports/20230609_145324/RahulShettyTestSuite/RahulShetty/20230609_145325/execution0.log"/>
         <property name="attachments" value="/home/dharm/git/FinalAssignment/Reports/20230609_145324/RahulShettyTestSuite/RahulShetty/20230609_145325/1686302619324.png, /home/dharm/git/FinalAssignment/Reports/20230609_145324/RahulShettyTestSuite/RahulShetty/20230609_145325/1686302619938.png, /home/dharm/git/FinalAssignment/Reports/20230609_145324/RahulShettyTestSuite/RahulShetty/20230609_145325/1686302660743.png, /home/dharm/git/FinalAssignment/Reports/20230609_145324/RahulShettyTestSuite/RahulShetty/20230609_145325/1686302661311.png"/>
         <property name="hostName" value="dharm - SF-CPU-792"/>
         <property name="os" value="Linux 64bit"/>
         <property name="katalonVersion" value="8.6.0.208"/>
         <property name="browser" value="Chrome 108.0.0.0"/>
         <property name="hostAddress" value="127.0.1.1"/>
         <property name="sessionId" value="de315a073a04240497e7e8e6863894a2"/>
         <property name="seleniumVersion" value="3.141.59"/>
         <property name="proxyInformation" value="ProxyInformation { proxyOption=NO_PROXY, proxyServerType=HTTP, username=, password=********, proxyServerAddress=, proxyServerPort=0, executionList=&quot;&quot;, isApplyToDesiredCapabilities=true }"/>
         <property name="platform" value="Linux"/>
      </properties>
      <testcase name="Test Cases/RahulShettyTestCase/RahulShettyLoginPage" time="41.678" classname="Test Cases/RahulShettyTestCase/RahulShettyLoginPage" status="PASSED">
         <system-out><![CDATA[2023-06-09 14:53:33 - [TEST_CASE][PASSED] - Test Cases/RahulShettyTestCase/RahulShettyLoginPage: Test Cases/RahulShettyTestCase/RahulShettyLoginPage

2023-06-09 14:53:33 - [TEST_STEP][PASSED] - Start listener action : sampleBeforeTestCase: null

2023-06-09 14:53:33 - [TEST_STEP][PASSED] - Start setup action : SetupMethod: Method 'SetupMethod' complete successfully

2023-06-09 14:53:33 - [TEST_STEP][PASSED] - navigateToUrl(url): Navigate to 'https://rahulshettyacademy.com/loginpagePractise/' successfully

2023-06-09 14:53:33 - [MESSAGE][PASSED] - Navigate to 'https://rahulshettyacademy.com/loginpagePractise/' successfully

2023-06-09 14:53:33 - [TEST_STEP][PASSED] - getUrl().equals("https://rahulshettyacademy.com/loginpagePractise/"): Current window's url is: 'https://rahulshettyacademy.com/loginpagePractise/'

2023-06-09 14:53:33 - [MESSAGE][PASSED] - Current window's url is: 'https://rahulshettyacademy.com/loginpagePractise/'

2023-06-09 14:53:33 - [TEST_STEP][FAILED] - try: Verify element text of test object 'Object Repository/RahulShetty_Repo/assertion/Page_LoginPage Practise  Rahul Shetty Academy/div_Incorrect usernamepassword' FAILED. (Root cause: com.kms.katalon.core.exception.StepFailedException: Verify element text of test object 'Object Repository/RahulShetty_Repo/assertion/Page_LoginPage Practise  Rahul Shetty Academy/div_Incorrect usernamepassword' FAILED.
	at com.kms.katalon.core.webui.keyword.internal.WebUIKeywordMain.stepFailed(WebUIKeywordMain.groovy:64)
	at com.kms.katalon.core.webui.keyword.internal.WebUIKeywordMain.runKeyword(WebUIKeywordMain.groovy:26)
	at com.kms.katalon.core.webui.keyword.builtin.VerifyElementTextKeyword.verifyElementText(VerifyElementTextKeyword.groovy:72)
	at com.kms.katalon.core.webui.keyword.builtin.VerifyElementTextKeyword.execute(VerifyElementTextKeyword.groovy:40)
	at com.kms.katalon.core.keyword.internal.KeywordExecutor.executeKeywordForPlatform(KeywordExecutor.groovy:74)
	at com.kms.katalon.core.webui.keyword.WebUiBuiltInKeywords.verifyElementText(WebUiBuiltInKeywords.groovy:4749)
	at com.kms.katalon.core.webui.keyword.WebUiBuiltInKeywords$verifyElementText$7.call(Unknown Source)
	at Script1686023785468.SetupMethod(Script1686023785468.groovy:101)
	at com.kms.katalon.core.main.ScriptEngine.runScriptMethodAsRawText(ScriptEngine.java:133)
	at com.kms.katalon.core.main.TestCaseExecutor.runMethod(TestCaseExecutor.java:458)
	at com.kms.katalon.core.main.TestCaseExecutor.runMethod(TestCaseExecutor.java:580)
	at com.kms.katalon.core.main.TestCaseExecutor.internallyRunMethods(TestCaseExecutor.java:565)
	at com.kms.katalon.core.main.TestCaseExecutor.processSetupPhase(TestCaseExecutor.java:203)
	at com.kms.katalon.core.main.TestCaseExecutor.accessMainPhase(TestCaseExecutor.java:407)
	at com.kms.katalon.core.main.TestCaseExecutor.execute(TestCaseExecutor.java:285)
	at com.kms.katalon.core.common.CommonExecutor.accessTestCaseMainPhase(CommonExecutor.java:65)
	at com.kms.katalon.core.main.TestSuiteExecutor.accessTestSuiteMainPhase(TestSuiteExecutor.java:148)
	at com.kms.katalon.core.main.TestSuiteExecutor.execute(TestSuiteExecutor.java:106)
	at com.kms.katalon.core.main.TestCaseMain.startTestSuite(TestCaseMain.java:187)
	at com.kms.katalon.core.main.TestCaseMain$startTestSuite$0.call(Unknown Source)
	at TempTestSuite1686302605873.run(TempTestSuite1686302605873.groovy:36)
Caused by: com.kms.katalon.core.exception.StepFailedException: Actual text '' and expected text ' username/password.' of test object 'Object Repository/RahulShetty_Repo/assertion/Page_LoginPage Practise  Rahul Shetty Academy/div_Incorrect usernamepassword' are NOT matched.
	at com.kms.katalon.core.webui.keyword.internal.WebUIKeywordMain.stepFailed(WebUIKeywordMain.groovy:64)
	at com.kms.katalon.core.webui.keyword.builtin.VerifyElementTextKeyword$_verifyElementText_closure1.doCall(VerifyElementTextKeyword.groovy:57)
	at com.kms.katalon.core.webui.keyword.builtin.VerifyElementTextKeyword$_verifyElementText_closure1.call(VerifyElementTextKeyword.groovy)
	at com.kms.katalon.core.webui.keyword.internal.WebUIKeywordMain.runKeyword(WebUIKeywordMain.groovy:20)
	... 19 more
)

2023-06-09 14:53:33 - [TEST_STEP][PASSED] - setText(findTestObject("Object Repository/RahulShetty_Repo/RahulShetty_Repo/Page_LoginPage Practise  Rahul Shetty Academy/Page_LoginPage Practise  Rahul Shetty Academy/Page_LoginPage Practise  Rahul Shetty Academy/input_Username_username"), "dharm"): Text 'dharm' is set on object 'Object Repository/RahulShetty_Repo/RahulShetty_Repo/Page_LoginPage Practise  Rahul Shetty Academy/Page_LoginPage Practise  Rahul Shetty Academy/Page_LoginPage Practise  Rahul Shetty Academy/input_Username_username'

2023-06-09 14:53:34 - [MESSAGE][PASSED] - Text 'dharm' is set on object 'Object Repository/RahulShetty_Repo/RahulShetty_Repo/Page_LoginPage Practise  Rahul Shetty Academy/Page_LoginPage Practise  Rahul Shetty Academy/Page_LoginPage Practise  Rahul Shetty Academy/input_Username_username'

2023-06-09 14:53:34 - [TEST_STEP][PASSED] - setEncryptedText(findTestObject("Object Repository/RahulShetty_Repo/RahulShetty_Repo/Page_LoginPage Practise  Rahul Shetty Academy/Page_LoginPage Practise  Rahul Shetty Academy/Page_LoginPage Practise  Rahul Shetty Academy/input_Password_password"), "vChGV51bHgJ2ZUog9CEBVw=="): Text ****** has been set on object 'Object Repository/RahulShetty_Repo/RahulShetty_Repo/Page_LoginPage Practise  Rahul Shetty Academy/Page_LoginPage Practise  Rahul Shetty Academy/Page_LoginPage Practise  Rahul Shetty Academy/input_Password_password'

2023-06-09 14:53:35 - [MESSAGE][PASSED] - Text ****** has been set on object 'Object Repository/RahulShetty_Repo/RahulShetty_Repo/Page_LoginPage Practise  Rahul Shetty Academy/Page_LoginPage Practise  Rahul Shetty Academy/Page_LoginPage Practise  Rahul Shetty Academy/input_Password_password'

2023-06-09 14:53:35 - [TEST_STEP][PASSED] - verifyElementClickable(findTestObject("RahulShetty_Repo/assertion/Page_LoginPage Practise  Rahul Shetty Academy/span_User_checkmark")): Object 'Object Repository/RahulShetty_Repo/assertion/Page_LoginPage Practise  Rahul Shetty Academy/span_User_checkmark' is clickable

2023-06-09 14:53:35 - [MESSAGE][PASSED] - Object 'Object Repository/RahulShetty_Repo/assertion/Page_LoginPage Practise  Rahul Shetty Academy/span_User_checkmark' is clickable

2023-06-09 14:53:35 - [TEST_STEP][PASSED] - click(findTestObject("RahulShetty_Repo/assertion/Page_LoginPage Practise  Rahul Shetty Academy/span_User_checkmark")): Object: 'Object Repository/RahulShetty_Repo/assertion/Page_LoginPage Practise  Rahul Shetty Academy/span_User_checkmark' is clicked on

2023-06-09 14:53:36 - [MESSAGE][PASSED] - Object: 'Object Repository/RahulShetty_Repo/assertion/Page_LoginPage Practise  Rahul Shetty Academy/span_User_checkmark' is clicked on

2023-06-09 14:53:36 - [TEST_STEP][PASSED] - verifyElementText(findTestObject("RahulShetty_Repo/assertion/Page_LoginPage Practise  Rahul Shetty Academy/div_You will be limited to only fewer functionalities of the app. Proceed"), "You will be limited to only fewer functionalities of the app. Proceed?"): Actual text and expected text of test object 'Object Repository/RahulShetty_Repo/assertion/Page_LoginPage Practise  Rahul Shetty Academy/div_You will be limited to only fewer functionalities of the app. Proceed' are matched.

2023-06-09 14:53:36 - [MESSAGE][PASSED] - Actual text and expected text of test object 'Object Repository/RahulShetty_Repo/assertion/Page_LoginPage Practise  Rahul Shetty Academy/div_You will be limited to only fewer functionalities of the app. Proceed' are matched.

2023-06-09 14:53:36 - [TEST_STEP][PASSED] - click(findTestObject("RahulShetty_Repo/assertion/Page_LoginPage Practise  Rahul Shetty Academy/button_Okay")): Object: 'Object Repository/RahulShetty_Repo/assertion/Page_LoginPage Practise  Rahul Shetty Academy/button_Okay' is clicked on

2023-06-09 14:53:37 - [MESSAGE][PASSED] - Object: 'Object Repository/RahulShetty_Repo/assertion/Page_LoginPage Practise  Rahul Shetty Academy/button_Okay' is clicked on

2023-06-09 14:53:37 - [TEST_STEP][PASSED] - click(findTestObject("Object Repository/RahulShetty_Repo/RahulShetty_Repo/Page_LoginPage Practise  Rahul Shetty Academy/Page_LoginPage Practise  Rahul Shetty Academy/Page_LoginPage Practise  Rahul Shetty Academy/input_I Agree to the_signin")): Object: 'Object Repository/RahulShetty_Repo/RahulShetty_Repo/Page_LoginPage Practise  Rahul Shetty Academy/Page_LoginPage Practise  Rahul Shetty Academy/Page_LoginPage Practise  Rahul Shetty Academy/input_I Agree to the_signin' is clicked on

2023-06-09 14:53:38 - [MESSAGE][INFO] - Unable to find the element located by 'By.xpath: '. Please recheck the objects properties to make sure the desired element is located. 

2023-06-09 14:53:38 - [MESSAGE][WARNING] - [SELF-HEALING] Failed to find element with id 'Object Repository/RahulShetty_Repo/RahulShetty_Repo/Page_LoginPage Practise  Rahul Shetty Academy/Page_LoginPage Practise  Rahul Shetty Academy/Page_LoginPage Practise  Rahul Shetty Academy/input_I Agree to the_signin'. Try using Self-healing.

2023-06-09 14:53:38 - [MESSAGE][WARNING] - [SELF-HEALING] The current locator of test object 'Object Repository/RahulShetty_Repo/RahulShetty_Repo/Page_LoginPage Practise  Rahul Shetty Academy/Page_LoginPage Practise  Rahul Shetty Academy/Page_LoginPage Practise  Rahul Shetty Academy/input_I Agree to the_signin' was broken. Propose an alternative one: '//input[@id='signInBtn']'.

2023-06-09 14:53:38 - [MESSAGE][PASSED] - Object: 'Object Repository/RahulShetty_Repo/RahulShetty_Repo/Page_LoginPage Practise  Rahul Shetty Academy/Page_LoginPage Practise  Rahul Shetty Academy/Page_LoginPage Practise  Rahul Shetty Academy/input_I Agree to the_signin' is clicked on

2023-06-09 14:53:38 - [TEST_STEP][FAILED] - verifyElementText(findTestObject("RahulShetty_Repo/assertion/Page_LoginPage Practise  Rahul Shetty Academy/div_Incorrect usernamepassword"), " username/password."): Verify element text of test object 'Object Repository/RahulShetty_Repo/assertion/Page_LoginPage Practise  Rahul Shetty Academy/div_Incorrect usernamepassword' FAILED. (Root cause: com.kms.katalon.core.exception.StepFailedException: Verify element text of test object 'Object Repository/RahulShetty_Repo/assertion/Page_LoginPage Practise  Rahul Shetty Academy/div_Incorrect usernamepassword' FAILED.
	at com.kms.katalon.core.webui.keyword.internal.WebUIKeywordMain.stepFailed(WebUIKeywordMain.groovy:64)
	at com.kms.katalon.core.webui.keyword.internal.WebUIKeywordMain.runKeyword(WebUIKeywordMain.groovy:26)
	at com.kms.katalon.core.webui.keyword.builtin.VerifyElementTextKeyword.verifyElementText(VerifyElementTextKeyword.groovy:72)
	at com.kms.katalon.core.webui.keyword.builtin.VerifyElementTextKeyword.execute(VerifyElementTextKeyword.groovy:40)
	at com.kms.katalon.core.keyword.internal.KeywordExecutor.executeKeywordForPlatform(KeywordExecutor.groovy:74)
	at com.kms.katalon.core.webui.keyword.WebUiBuiltInKeywords.verifyElementText(WebUiBuiltInKeywords.groovy:4749)
	at com.kms.katalon.core.webui.keyword.WebUiBuiltInKeywords$verifyElementText$7.call(Unknown Source)
	at Script1686023785468.SetupMethod(Script1686023785468.groovy:101)
	at com.kms.katalon.core.main.ScriptEngine.runScriptMethodAsRawText(ScriptEngine.java:133)
	at com.kms.katalon.core.main.TestCaseExecutor.runMethod(TestCaseExecutor.java:458)
	at com.kms.katalon.core.main.TestCaseExecutor.runMethod(TestCaseExecutor.java:580)
	at com.kms.katalon.core.main.TestCaseExecutor.internallyRunMethods(TestCaseExecutor.java:565)
	at com.kms.katalon.core.main.TestCaseExecutor.processSetupPhase(TestCaseExecutor.java:203)
	at com.kms.katalon.core.main.TestCaseExecutor.accessMainPhase(TestCaseExecutor.java:407)
	at com.kms.katalon.core.main.TestCaseExecutor.execute(TestCaseExecutor.java:285)
	at com.kms.katalon.core.common.CommonExecutor.accessTestCaseMainPhase(CommonExecutor.java:65)
	at com.kms.katalon.core.main.TestSuiteExecutor.accessTestSuiteMainPhase(TestSuiteExecutor.java:148)
	at com.kms.katalon.core.main.TestSuiteExecutor.execute(TestSuiteExecutor.java:106)
	at com.kms.katalon.core.main.TestCaseMain.startTestSuite(TestCaseMain.java:187)
	at com.kms.katalon.core.main.TestCaseMain$startTestSuite$0.call(Unknown Source)
	at TempTestSuite1686302605873.run(TempTestSuite1686302605873.groovy:36)
Caused by: com.kms.katalon.core.exception.StepFailedException: Actual text '' and expected text ' username/password.' of test object 'Object Repository/RahulShetty_Repo/assertion/Page_LoginPage Practise  Rahul Shetty Academy/div_Incorrect usernamepassword' are NOT matched.
	at com.kms.katalon.core.webui.keyword.internal.WebUIKeywordMain.stepFailed(WebUIKeywordMain.groovy:64)
	at com.kms.katalon.core.webui.keyword.builtin.VerifyElementTextKeyword$_verifyElementText_closure1.doCall(VerifyElementTextKeyword.groovy:57)
	at com.kms.katalon.core.webui.keyword.builtin.VerifyElementTextKeyword$_verifyElementText_closure1.call(VerifyElementTextKeyword.groovy)
	at com.kms.katalon.core.webui.keyword.internal.WebUIKeywordMain.runKeyword(WebUIKeywordMain.groovy:20)
	... 19 more
)

2023-06-09 14:53:39 - [MESSAGE][FAILED] - Actual text '' and expected text ' username/password.' of test object 'Object Repository/RahulShetty_Repo/assertion/Page_LoginPage Practise  Rahul Shetty Academy/div_Incorrect usernamepassword' are NOT matched. (Root cause: com.kms.katalon.core.exception.StepFailedException: Actual text '' and expected text ' username/password.' of test object 'Object Repository/RahulShetty_Repo/assertion/Page_LoginPage Practise  Rahul Shetty Academy/div_Incorrect usernamepassword' are NOT matched.
	at com.kms.katalon.core.webui.keyword.internal.WebUIKeywordMain.stepFailed(WebUIKeywordMain.groovy:64)
	at com.kms.katalon.core.webui.keyword.builtin.VerifyElementTextKeyword$_verifyElementText_closure1.doCall(VerifyElementTextKeyword.groovy:57)
	at com.kms.katalon.core.webui.keyword.builtin.VerifyElementTextKeyword$_verifyElementText_closure1.call(VerifyElementTextKeyword.groovy)
	at com.kms.katalon.core.webui.keyword.internal.WebUIKeywordMain.runKeyword(WebUIKeywordMain.groovy:20)
	at com.kms.katalon.core.webui.keyword.builtin.VerifyElementTextKeyword.verifyElementText(VerifyElementTextKeyword.groovy:72)
	at com.kms.katalon.core.webui.keyword.builtin.VerifyElementTextKeyword.execute(VerifyElementTextKeyword.groovy:40)
	at com.kms.katalon.core.keyword.internal.KeywordExecutor.executeKeywordForPlatform(KeywordExecutor.groovy:74)
	at com.kms.katalon.core.webui.keyword.WebUiBuiltInKeywords.verifyElementText(WebUiBuiltInKeywords.groovy:4749)
	at com.kms.katalon.core.webui.keyword.WebUiBuiltInKeywords$verifyElementText$7.call(Unknown Source)
	at Script1686023785468.SetupMethod(Script1686023785468.groovy:101)
	at com.kms.katalon.core.main.ScriptEngine.runScriptMethodAsRawText(ScriptEngine.java:133)
	at com.kms.katalon.core.main.TestCaseExecutor.runMethod(TestCaseExecutor.java:458)
	at com.kms.katalon.core.main.TestCaseExecutor.runMethod(TestCaseExecutor.java:580)
	at com.kms.katalon.core.main.TestCaseExecutor.internallyRunMethods(TestCaseExecutor.java:565)
	at com.kms.katalon.core.main.TestCaseExecutor.processSetupPhase(TestCaseExecutor.java:203)
	at com.kms.katalon.core.main.TestCaseExecutor.accessMainPhase(TestCaseExecutor.java:407)
	at com.kms.katalon.core.main.TestCaseExecutor.execute(TestCaseExecutor.java:285)
	at com.kms.katalon.core.common.CommonExecutor.accessTestCaseMainPhase(CommonExecutor.java:65)
	at com.kms.katalon.core.main.TestSuiteExecutor.accessTestSuiteMainPhase(TestSuiteExecutor.java:148)
	at com.kms.katalon.core.main.TestSuiteExecutor.execute(TestSuiteExecutor.java:106)
	at com.kms.katalon.core.main.TestCaseMain.startTestSuite(TestCaseMain.java:187)
	at com.kms.katalon.core.main.TestCaseMain$startTestSuite$0.call(Unknown Source)
	at TempTestSuite1686302605873.run(TempTestSuite1686302605873.groovy:36)
)
[[ATTACHMENT|/home/dharm/git/FinalAssignment/Reports/20230609_145324/RahulShettyTestSuite/RahulShetty/20230609_145325/1686302619324.png]]

2023-06-09 14:53:40 - [MESSAGE][FAILED] - Verify element text of test object 'Object Repository/RahulShetty_Repo/assertion/Page_LoginPage Practise  Rahul Shetty Academy/div_Incorrect usernamepassword' FAILED. (Root cause: com.kms.katalon.core.exception.StepFailedException: Verify element text of test object 'Object Repository/RahulShetty_Repo/assertion/Page_LoginPage Practise  Rahul Shetty Academy/div_Incorrect usernamepassword' FAILED.
	at com.kms.katalon.core.webui.keyword.internal.WebUIKeywordMain.stepFailed(WebUIKeywordMain.groovy:64)
	at com.kms.katalon.core.webui.keyword.internal.WebUIKeywordMain.runKeyword(WebUIKeywordMain.groovy:26)
	at com.kms.katalon.core.webui.keyword.builtin.VerifyElementTextKeyword.verifyElementText(VerifyElementTextKeyword.groovy:72)
	at com.kms.katalon.core.webui.keyword.builtin.VerifyElementTextKeyword.execute(VerifyElementTextKeyword.groovy:40)
	at com.kms.katalon.core.keyword.internal.KeywordExecutor.executeKeywordForPlatform(KeywordExecutor.groovy:74)
	at com.kms.katalon.core.webui.keyword.WebUiBuiltInKeywords.verifyElementText(WebUiBuiltInKeywords.groovy:4749)
	at com.kms.katalon.core.webui.keyword.WebUiBuiltInKeywords$verifyElementText$7.call(Unknown Source)
	at Script1686023785468.SetupMethod(Script1686023785468.groovy:101)
	at com.kms.katalon.core.main.ScriptEngine.runScriptMethodAsRawText(ScriptEngine.java:133)
	at com.kms.katalon.core.main.TestCaseExecutor.runMethod(TestCaseExecutor.java:458)
	at com.kms.katalon.core.main.TestCaseExecutor.runMethod(TestCaseExecutor.java:580)
	at com.kms.katalon.core.main.TestCaseExecutor.internallyRunMethods(TestCaseExecutor.java:565)
	at com.kms.katalon.core.main.TestCaseExecutor.processSetupPhase(TestCaseExecutor.java:203)
	at com.kms.katalon.core.main.TestCaseExecutor.accessMainPhase(TestCaseExecutor.java:407)
	at com.kms.katalon.core.main.TestCaseExecutor.execute(TestCaseExecutor.java:285)
	at com.kms.katalon.core.common.CommonExecutor.accessTestCaseMainPhase(CommonExecutor.java:65)
	at com.kms.katalon.core.main.TestSuiteExecutor.accessTestSuiteMainPhase(TestSuiteExecutor.java:148)
	at com.kms.katalon.core.main.TestSuiteExecutor.execute(TestSuiteExecutor.java:106)
	at com.kms.katalon.core.main.TestCaseMain.startTestSuite(TestCaseMain.java:187)
	at com.kms.katalon.core.main.TestCaseMain$startTestSuite$0.call(Unknown Source)
	at TempTestSuite1686302605873.run(TempTestSuite1686302605873.groovy:36)
Caused by: com.kms.katalon.core.exception.StepFailedException: Actual text '' and expected text ' username/password.' of test object 'Object Repository/RahulShetty_Repo/assertion/Page_LoginPage Practise  Rahul Shetty Academy/div_Incorrect usernamepassword' are NOT matched.
	at com.kms.katalon.core.webui.keyword.internal.WebUIKeywordMain.stepFailed(WebUIKeywordMain.groovy:64)
	at com.kms.katalon.core.webui.keyword.builtin.VerifyElementTextKeyword$_verifyElementText_closure1.doCall(VerifyElementTextKeyword.groovy:57)
	at com.kms.katalon.core.webui.keyword.builtin.VerifyElementTextKeyword$_verifyElementText_closure1.call(VerifyElementTextKeyword.groovy)
	at com.kms.katalon.core.webui.keyword.internal.WebUIKeywordMain.runKeyword(WebUIKeywordMain.groovy:20)
	... 19 more
)
[[ATTACHMENT|/home/dharm/git/FinalAssignment/Reports/20230609_145324/RahulShettyTestSuite/RahulShetty/20230609_145325/1686302619938.png]]

2023-06-09 14:53:40 - [TEST_STEP][PASSED] - catch (Exception e): Object 'Object Repository/RahulShetty_Repo/RahulShetty_Repo/Page_ProtoCommerce/h1_Shop Name' is present

2023-06-09 14:53:40 - [TEST_STEP][PASSED] - setText(findTestObject("Object Repository/RahulShetty_Repo/RahulShetty_Repo/Page_LoginPage Practise  Rahul Shetty Academy/Page_LoginPage Practise  Rahul Shetty Academy/input_Username_username"), "rahulshettyacademy"): Text 'rahulshettyacademy' is set on object 'Object Repository/RahulShetty_Repo/RahulShetty_Repo/Page_LoginPage Practise  Rahul Shetty Academy/Page_LoginPage Practise  Rahul Shetty Academy/input_Username_username'

2023-06-09 14:53:41 - [MESSAGE][PASSED] - Text 'rahulshettyacademy' is set on object 'Object Repository/RahulShetty_Repo/RahulShetty_Repo/Page_LoginPage Practise  Rahul Shetty Academy/Page_LoginPage Practise  Rahul Shetty Academy/input_Username_username'

2023-06-09 14:53:41 - [TEST_STEP][PASSED] - setEncryptedText(findTestObject("Object Repository/RahulShetty_Repo/RahulShetty_Repo/Page_LoginPage Practise  Rahul Shetty Academy/Page_LoginPage Practise  Rahul Shetty Academy/input_Password_password"), "1PiAXA7e6bXYOnY+D2FYUg=="): Text ****** has been set on object 'Object Repository/RahulShetty_Repo/RahulShetty_Repo/Page_LoginPage Practise  Rahul Shetty Academy/Page_LoginPage Practise  Rahul Shetty Academy/input_Password_password'

2023-06-09 14:53:41 - [MESSAGE][PASSED] - Text ****** has been set on object 'Object Repository/RahulShetty_Repo/RahulShetty_Repo/Page_LoginPage Practise  Rahul Shetty Academy/Page_LoginPage Practise  Rahul Shetty Academy/input_Password_password'

2023-06-09 14:53:41 - [TEST_STEP][PASSED] - click(findTestObject("Object Repository/RahulShetty_Repo/RahulShetty_Repo/Page_LoginPage Practise  Rahul Shetty Academy/Page_LoginPage Practise  Rahul Shetty Academy/input_I Agree to the_signin")): Object: 'Object Repository/RahulShetty_Repo/RahulShetty_Repo/Page_LoginPage Practise  Rahul Shetty Academy/Page_LoginPage Practise  Rahul Shetty Academy/input_I Agree to the_signin' is clicked on

2023-06-09 14:53:42 - [MESSAGE][PASSED] - Object: 'Object Repository/RahulShetty_Repo/RahulShetty_Repo/Page_LoginPage Practise  Rahul Shetty Academy/Page_LoginPage Practise  Rahul Shetty Academy/input_I Agree to the_signin' is clicked on

2023-06-09 14:53:42 - [TEST_STEP][PASSED] - delay(2): Delayed 2 second(s)

2023-06-09 14:53:44 - [MESSAGE][PASSED] - Delayed 2 second(s)

2023-06-09 14:53:44 - [TEST_STEP][PASSED] - verifyElementPresent(findTestObject("RahulShetty_Repo/RahulShetty_Repo/Page_ProtoCommerce/h1_Shop Name"), 0): Object 'Object Repository/RahulShetty_Repo/RahulShetty_Repo/Page_ProtoCommerce/h1_Shop Name' is present

2023-06-09 14:53:44 - [MESSAGE][WARNING] - Timeout '0' is invalid. Using default page load timeout: '30'

2023-06-09 14:53:45 - [MESSAGE][PASSED] - Object 'Object Repository/RahulShetty_Repo/RahulShetty_Repo/Page_ProtoCommerce/h1_Shop Name' is present

2023-06-09 14:53:45 - [MESSAGE][PASSED] - Method 'SetupMethod' complete successfully

2023-06-09 14:53:45 - [TEST_STEP][PASSED] - homevariable = "Home": null

2023-06-09 14:53:45 - [TEST_STEP][PASSED] - click(findTestObject("RahulShetty_Repo/RahulShetty_Repo/DynamicObjectCreation/a_Shop", ["text":homevariable])): Object: 'Object Repository/RahulShetty_Repo/RahulShetty_Repo/DynamicObjectCreation/a_Shop' is clicked on

2023-06-09 14:53:45 - [MESSAGE][PASSED] - Object: 'Object Repository/RahulShetty_Repo/RahulShetty_Repo/DynamicObjectCreation/a_Shop' is clicked on

2023-06-09 14:53:45 - [TEST_STEP][PASSED] - delay(2): Delayed 2 second(s)

2023-06-09 14:53:47 - [MESSAGE][PASSED] - Delayed 2 second(s)

2023-06-09 14:53:47 - [TEST_STEP][PASSED] - shopvariable = "shop": null

2023-06-09 14:53:47 - [TEST_STEP][PASSED] - verifyElementClickable(findTestObject("RahulShetty_Repo/RahulShetty_Repo/DynamicObjectCreation/a_Shop", ["text":shopvariable])): Object 'Object Repository/RahulShetty_Repo/RahulShetty_Repo/DynamicObjectCreation/a_Shop' is clickable

2023-06-09 14:53:49 - [MESSAGE][INFO] - Unable to find the element located by 'By.xpath: //*[(text() = 'shop' or . = 'shop')]'. Please recheck the objects properties to make sure the desired element is located. 

2023-06-09 14:53:49 - [MESSAGE][WARNING] - [SELF-HEALING] Failed to find element with id 'Object Repository/RahulShetty_Repo/RahulShetty_Repo/DynamicObjectCreation/a_Shop'. Try using Self-healing.

2023-06-09 14:53:49 - [MESSAGE][WARNING] - [SELF-HEALING] The current locator of test object 'Object Repository/RahulShetty_Repo/RahulShetty_Repo/DynamicObjectCreation/a_Shop' was broken. Propose an alternative one: '//a[@href = '/angularpractice/shop' and (text() = 'Shop' or . = 'Shop')]'.

2023-06-09 14:53:49 - [MESSAGE][PASSED] - Object 'Object Repository/RahulShetty_Repo/RahulShetty_Repo/DynamicObjectCreation/a_Shop' is clickable

2023-06-09 14:53:49 - [TEST_STEP][PASSED] - click(findTestObject("RahulShetty_Repo/RahulShetty_Repo/DynamicObjectCreation/a_Shop", ["text":shopvariable])): Object: 'Object Repository/RahulShetty_Repo/RahulShetty_Repo/DynamicObjectCreation/a_Shop' is clicked on

2023-06-09 14:53:50 - [MESSAGE][INFO] - Unable to find the element located by 'By.xpath: //*[(text() = 'shop' or . = 'shop')]'. Please recheck the objects properties to make sure the desired element is located. 

2023-06-09 14:53:50 - [MESSAGE][WARNING] - [SELF-HEALING] Failed to find element with id 'Object Repository/RahulShetty_Repo/RahulShetty_Repo/DynamicObjectCreation/a_Shop'. Try using Self-healing.

2023-06-09 14:53:51 - [MESSAGE][WARNING] - [SELF-HEALING] The current locator of test object 'Object Repository/RahulShetty_Repo/RahulShetty_Repo/DynamicObjectCreation/a_Shop' was broken. Propose an alternative one: '//a[@href = '/angularpractice/shop' and (text() = 'Shop' or . = 'Shop')]'.

2023-06-09 14:53:51 - [MESSAGE][PASSED] - Object: 'Object Repository/RahulShetty_Repo/RahulShetty_Repo/DynamicObjectCreation/a_Shop' is clicked on

2023-06-09 14:53:51 - [TEST_STEP][PASSED] - click(findTestObject("Object Repository/RahulShetty_Repo/RahulShetty_Repo/Page_ProtoCommerce/Page_ProtoCommerce/button_Add")): Object: 'Object Repository/RahulShetty_Repo/RahulShetty_Repo/Page_ProtoCommerce/Page_ProtoCommerce/button_Add' is clicked on

2023-06-09 14:53:51 - [MESSAGE][PASSED] - Object: 'Object Repository/RahulShetty_Repo/RahulShetty_Repo/Page_ProtoCommerce/Page_ProtoCommerce/button_Add' is clicked on

2023-06-09 14:53:51 - [TEST_STEP][PASSED] - delay(2): Delayed 2 second(s)

2023-06-09 14:53:53 - [MESSAGE][PASSED] - Delayed 2 second(s)

2023-06-09 14:53:53 - [TEST_STEP][PASSED] - verifyElementVisible(findTestObject("Object Repository/RahulShetty_Repo/RahulShetty_Repo/Page_ProtoCommerce/Page_ProtoCommerce/a_Checkout ( 1 )            (current)"), STOP_ON_FAILURE): Object 'Object Repository/RahulShetty_Repo/RahulShetty_Repo/Page_ProtoCommerce/Page_ProtoCommerce/a_Checkout ( 1 )            (current)' is visible

2023-06-09 14:53:54 - [MESSAGE][INFO] - Unable to find the element located by 'By.xpath: '. Please recheck the objects properties to make sure the desired element is located. 

2023-06-09 14:53:54 - [MESSAGE][WARNING] - [SELF-HEALING] Failed to find element with id 'Object Repository/RahulShetty_Repo/RahulShetty_Repo/Page_ProtoCommerce/Page_ProtoCommerce/a_Checkout ( 1 )            (current)'. Try using Self-healing.

2023-06-09 14:53:55 - [MESSAGE][WARNING] - [SELF-HEALING] The current locator of test object 'Object Repository/RahulShetty_Repo/RahulShetty_Repo/Page_ProtoCommerce/Page_ProtoCommerce/a_Checkout ( 1 )            (current)' was broken. Propose an alternative one: '//div[@id='navbarResponsive']/ul/li/a'.

2023-06-09 14:53:55 - [MESSAGE][PASSED] - Object 'Object Repository/RahulShetty_Repo/RahulShetty_Repo/Page_ProtoCommerce/Page_ProtoCommerce/a_Checkout ( 1 )            (current)' is visible

2023-06-09 14:53:55 - [TEST_STEP][PASSED] - click(findTestObject("Object Repository/RahulShetty_Repo/RahulShetty_Repo/Page_ProtoCommerce/Page_ProtoCommerce/a_Checkout ( 1 )            (current)")): Object: 'Object Repository/RahulShetty_Repo/RahulShetty_Repo/Page_ProtoCommerce/Page_ProtoCommerce/a_Checkout ( 1 )            (current)' is clicked on

2023-06-09 14:53:56 - [MESSAGE][INFO] - Unable to find the element located by 'By.xpath: '. Please recheck the objects properties to make sure the desired element is located. 

2023-06-09 14:53:56 - [MESSAGE][WARNING] - [SELF-HEALING] Failed to find element with id 'Object Repository/RahulShetty_Repo/RahulShetty_Repo/Page_ProtoCommerce/Page_ProtoCommerce/a_Checkout ( 1 )            (current)'. Try using Self-healing.

2023-06-09 14:53:57 - [MESSAGE][WARNING] - [SELF-HEALING] The current locator of test object 'Object Repository/RahulShetty_Repo/RahulShetty_Repo/Page_ProtoCommerce/Page_ProtoCommerce/a_Checkout ( 1 )            (current)' was broken. Propose an alternative one: '//div[@id='navbarResponsive']/ul/li/a'.

2023-06-09 14:53:57 - [MESSAGE][PASSED] - Object: 'Object Repository/RahulShetty_Repo/RahulShetty_Repo/Page_ProtoCommerce/Page_ProtoCommerce/a_Checkout ( 1 )            (current)' is clicked on

2023-06-09 14:53:57 - [TEST_STEP][PASSED] - verifyElementText(findTestObject("RahulShetty_Repo/assertion/Page_ProtoCommerce/a_iphone X"), "iphone X"): Actual text and expected text of test object 'Object Repository/RahulShetty_Repo/assertion/Page_ProtoCommerce/a_iphone X' are matched.

2023-06-09 14:53:57 - [MESSAGE][PASSED] - Actual text and expected text of test object 'Object Repository/RahulShetty_Repo/assertion/Page_ProtoCommerce/a_iphone X' are matched.

2023-06-09 14:53:57 - [TEST_STEP][PASSED] - click(findTestObject("Object Repository/RahulShetty_Repo/RahulShetty_Repo/Page_ProtoCommerce/Page_ProtoCommerce/button_Checkout")): Object: 'Object Repository/RahulShetty_Repo/RahulShetty_Repo/Page_ProtoCommerce/Page_ProtoCommerce/button_Checkout' is clicked on

2023-06-09 14:53:58 - [MESSAGE][PASSED] - Object: 'Object Repository/RahulShetty_Repo/RahulShetty_Repo/Page_ProtoCommerce/Page_ProtoCommerce/button_Checkout' is clicked on

2023-06-09 14:53:58 - [TEST_STEP][PASSED] - click(findTestObject("Object Repository/RahulShetty_Repo/RahulShetty_Repo/Page_ProtoCommerce/Page_ProtoCommerce/label_I agree with the term  Conditions")): Object: 'Object Repository/RahulShetty_Repo/RahulShetty_Repo/Page_ProtoCommerce/Page_ProtoCommerce/label_I agree with the term  Conditions' is clicked on

2023-06-09 14:53:59 - [MESSAGE][INFO] - Unable to find the element located by 'By.xpath: '. Please recheck the objects properties to make sure the desired element is located. 

2023-06-09 14:53:59 - [MESSAGE][WARNING] - [SELF-HEALING] Failed to find element with id 'Object Repository/RahulShetty_Repo/RahulShetty_Repo/Page_ProtoCommerce/Page_ProtoCommerce/label_I agree with the term  Conditions'. Try using Self-healing.

2023-06-09 14:53:59 - [MESSAGE][WARNING] - [SELF-HEALING] The current locator of test object 'Object Repository/RahulShetty_Repo/RahulShetty_Repo/Page_ProtoCommerce/Page_ProtoCommerce/label_I agree with the term  Conditions' was broken. Propose an alternative one: '(.//*[normalize-space(text()) and normalize-space(.)='(current)'])[1]/following::label[2]'.

2023-06-09 14:53:59 - [MESSAGE][PASSED] - Object: 'Object Repository/RahulShetty_Repo/RahulShetty_Repo/Page_ProtoCommerce/Page_ProtoCommerce/label_I agree with the term  Conditions' is clicked on

2023-06-09 14:53:59 - [TEST_STEP][PASSED] - verifyElementClickable(findTestObject("Object Repository/RahulShetty_Repo/RahulShetty_Repo/Page_ProtoCommerce/Page_ProtoCommerce/input_term  Conditions_btn btn-success btn-lg")): Object 'Object Repository/RahulShetty_Repo/RahulShetty_Repo/Page_ProtoCommerce/Page_ProtoCommerce/input_term  Conditions_btn btn-success btn-lg' is clickable

2023-06-09 14:54:01 - [MESSAGE][INFO] - Unable to find the element located by 'By.xpath: '. Please recheck the objects properties to make sure the desired element is located. 

2023-06-09 14:54:01 - [MESSAGE][WARNING] - [SELF-HEALING] Failed to find element with id 'Object Repository/RahulShetty_Repo/RahulShetty_Repo/Page_ProtoCommerce/Page_ProtoCommerce/input_term  Conditions_btn btn-success btn-lg'. Try using Self-healing.

2023-06-09 14:54:01 - [MESSAGE][WARNING] - [SELF-HEALING] The current locator of test object 'Object Repository/RahulShetty_Repo/RahulShetty_Repo/Page_ProtoCommerce/Page_ProtoCommerce/input_term  Conditions_btn btn-success btn-lg' was broken. Propose an alternative one: '//input[@value='Purchase']'.

2023-06-09 14:54:01 - [MESSAGE][PASSED] - Object 'Object Repository/RahulShetty_Repo/RahulShetty_Repo/Page_ProtoCommerce/Page_ProtoCommerce/input_term  Conditions_btn btn-success btn-lg' is clickable

2023-06-09 14:54:01 - [TEST_STEP][PASSED] - click(findTestObject("Object Repository/RahulShetty_Repo/RahulShetty_Repo/Page_ProtoCommerce/Page_ProtoCommerce/input_term  Conditions_btn btn-success btn-lg")): Object: 'Object Repository/RahulShetty_Repo/RahulShetty_Repo/Page_ProtoCommerce/Page_ProtoCommerce/input_term  Conditions_btn btn-success btn-lg' is clicked on

2023-06-09 14:54:02 - [MESSAGE][INFO] - Unable to find the element located by 'By.xpath: '. Please recheck the objects properties to make sure the desired element is located. 

2023-06-09 14:54:02 - [MESSAGE][WARNING] - [SELF-HEALING] Failed to find element with id 'Object Repository/RahulShetty_Repo/RahulShetty_Repo/Page_ProtoCommerce/Page_ProtoCommerce/input_term  Conditions_btn btn-success btn-lg'. Try using Self-healing.

2023-06-09 14:54:03 - [MESSAGE][WARNING] - [SELF-HEALING] The current locator of test object 'Object Repository/RahulShetty_Repo/RahulShetty_Repo/Page_ProtoCommerce/Page_ProtoCommerce/input_term  Conditions_btn btn-success btn-lg' was broken. Propose an alternative one: '//input[@value='Purchase']'.

2023-06-09 14:54:03 - [MESSAGE][PASSED] - Object: 'Object Repository/RahulShetty_Repo/RahulShetty_Repo/Page_ProtoCommerce/Page_ProtoCommerce/input_term  Conditions_btn btn-success btn-lg' is clicked on

2023-06-09 14:54:03 - [TEST_STEP][PASSED] - verifyElementVisible(findTestObject("RahulShetty_Repo/assertion/Page_ProtoCommerce/div_Success Thank you Your order will be delivered in next few weeks -)"), STOP_ON_FAILURE): Object 'Object Repository/RahulShetty_Repo/assertion/Page_ProtoCommerce/div_Success Thank you Your order will be delivered in next few weeks -)' is visible

2023-06-09 14:54:03 - [MESSAGE][PASSED] - Object 'Object Repository/RahulShetty_Repo/assertion/Page_ProtoCommerce/div_Success Thank you Your order will be delivered in next few weeks -)' is visible

2023-06-09 14:54:03 - [TEST_STEP][PASSED] - click(findTestObject("Object Repository/RahulShetty_Repo/RahulShetty_Repo/Page_ProtoCommerce/Page_ProtoCommerce/a_ProtoCommerce Home")): Object: 'Object Repository/RahulShetty_Repo/RahulShetty_Repo/Page_ProtoCommerce/Page_ProtoCommerce/a_ProtoCommerce Home' is clicked on

2023-06-09 14:54:04 - [MESSAGE][PASSED] - Object: 'Object Repository/RahulShetty_Repo/RahulShetty_Repo/Page_ProtoCommerce/Page_ProtoCommerce/a_ProtoCommerce Home' is clicked on

2023-06-09 14:54:04 - [TEST_STEP][PASSED] - delay(2): Delayed 2 second(s)

2023-06-09 14:54:06 - [MESSAGE][PASSED] - Delayed 2 second(s)

2023-06-09 14:54:06 - [TEST_STEP][PASSED] - setText(findTestObject("Object Repository/RahulShetty_Repo/RahulShetty_Repo/Page_ProtoCommerce/Page_ProtoCommerce/input_Name_name"), name): Text 'Dharm' is set on object 'Object Repository/RahulShetty_Repo/RahulShetty_Repo/Page_ProtoCommerce/Page_ProtoCommerce/input_Name_name'

2023-06-09 14:54:07 - [MESSAGE][PASSED] - Text 'Dharm' is set on object 'Object Repository/RahulShetty_Repo/RahulShetty_Repo/Page_ProtoCommerce/Page_ProtoCommerce/input_Name_name'

2023-06-09 14:54:07 - [TEST_STEP][PASSED] - setText(findTestObject("Object Repository/RahulShetty_Repo/RahulShetty_Repo/Page_ProtoCommerce/Page_ProtoCommerce/input_Email_email"), email): Text 'Dharm@gmail.com' is set on object 'Object Repository/RahulShetty_Repo/RahulShetty_Repo/Page_ProtoCommerce/Page_ProtoCommerce/input_Email_email'

2023-06-09 14:54:08 - [MESSAGE][PASSED] - Text 'Dharm@gmail.com' is set on object 'Object Repository/RahulShetty_Repo/RahulShetty_Repo/Page_ProtoCommerce/Page_ProtoCommerce/input_Email_email'

2023-06-09 14:54:08 - [TEST_STEP][PASSED] - setText(findTestObject("Object Repository/RahulShetty_Repo/RahulShetty_Repo/Page_ProtoCommerce/Page_ProtoCommerce/input_Password_exampleInputPassword1"), password): Text 'dharm123' is set on object 'Object Repository/RahulShetty_Repo/RahulShetty_Repo/Page_ProtoCommerce/Page_ProtoCommerce/input_Password_exampleInputPassword1'

2023-06-09 14:54:08 - [MESSAGE][PASSED] - Text 'dharm123' is set on object 'Object Repository/RahulShetty_Repo/RahulShetty_Repo/Page_ProtoCommerce/Page_ProtoCommerce/input_Password_exampleInputPassword1'

2023-06-09 14:54:08 - [TEST_STEP][PASSED] - click(findTestObject("Object Repository/RahulShetty_Repo/RahulShetty_Repo/Page_ProtoCommerce/Page_ProtoCommerce/input_term  Conditions_btn btn-success btn-lg")): Object: 'Object Repository/RahulShetty_Repo/RahulShetty_Repo/Page_ProtoCommerce/Page_ProtoCommerce/input_term  Conditions_btn btn-success btn-lg' is clicked on

2023-06-09 14:54:09 - [MESSAGE][INFO] - Unable to find the element located by 'By.xpath: '. Please recheck the objects properties to make sure the desired element is located. 

2023-06-09 14:54:10 - [MESSAGE][WARNING] - [SELF-HEALING] Failed to find element with id 'Object Repository/RahulShetty_Repo/RahulShetty_Repo/Page_ProtoCommerce/Page_ProtoCommerce/input_term  Conditions_btn btn-success btn-lg'. Try using Self-healing.

2023-06-09 14:54:11 - [MESSAGE][INFO] - Unable to find the element located by 'By.xpath: //input[@value='Purchase']'. Please recheck the objects properties to make sure the desired element is located. 

2023-06-09 14:54:11 - [MESSAGE][WARNING] - [SELF-HEALING] The current locator of test object 'Object Repository/RahulShetty_Repo/RahulShetty_Repo/Page_ProtoCommerce/Page_ProtoCommerce/input_term  Conditions_btn btn-success btn-lg' was broken. Propose an alternative one: '//form/input'.

2023-06-09 14:54:11 - [MESSAGE][PASSED] - Object: 'Object Repository/RahulShetty_Repo/RahulShetty_Repo/Page_ProtoCommerce/Page_ProtoCommerce/input_term  Conditions_btn btn-success btn-lg' is clicked on

2023-06-09 14:54:11 - [TEST_STEP][PASSED] - verifyElementVisible(findTestObject("RahulShetty_Repo/assertion/Page_ProtoCommerce/div_Success The Form has been submitted successfully"), STOP_ON_FAILURE): Object 'Object Repository/RahulShetty_Repo/assertion/Page_ProtoCommerce/div_Success The Form has been submitted successfully' is visible

2023-06-09 14:54:12 - [MESSAGE][PASSED] - Object 'Object Repository/RahulShetty_Repo/assertion/Page_ProtoCommerce/div_Success The Form has been submitted successfully' is visible

2023-06-09 14:54:12 - [TEST_STEP][PASSED] - click(findTestObject("Object Repository/RahulShetty_Repo/RahulShetty_Repo/Page_ProtoCommerce/Page_ProtoCommerce/strong_Success")): Object: 'Object Repository/RahulShetty_Repo/RahulShetty_Repo/Page_ProtoCommerce/Page_ProtoCommerce/strong_Success' is clicked on

2023-06-09 14:54:12 - [MESSAGE][PASSED] - Object: 'Object Repository/RahulShetty_Repo/RahulShetty_Repo/Page_ProtoCommerce/Page_ProtoCommerce/strong_Success' is clicked on

2023-06-09 14:54:12 - [TEST_STEP][PASSED] - delay(2): Delayed 2 second(s)

2023-06-09 14:54:14 - [MESSAGE][PASSED] - Delayed 2 second(s)

2023-06-09 14:54:14 - [TEST_STEP][PASSED] - Start tear down : TearDownMethod: Method 'TearDownMethod' complete successfully

2023-06-09 14:54:14 - [TEST_STEP][PASSED] - click(findTestObject("Object Repository/RahulShetty_Repo/RahulShetty_Repo/Page_ProtoCommerce/Page_ProtoCommerce/a_Shop")): Object: 'Object Repository/RahulShetty_Repo/RahulShetty_Repo/Page_ProtoCommerce/Page_ProtoCommerce/a_Shop' is clicked on

2023-06-09 14:54:15 - [MESSAGE][PASSED] - Object: 'Object Repository/RahulShetty_Repo/RahulShetty_Repo/Page_ProtoCommerce/Page_ProtoCommerce/a_Shop' is clicked on

2023-06-09 14:54:15 - [MESSAGE][PASSED] - Method 'TearDownMethod' complete successfully

2023-06-09 14:54:15 - [TEST_STEP][PASSED] - Start listener action : sampleAfterTestCase: null]]></system-out>
         <system-err><![CDATA[]]></system-err>
      </testcase>
      <testcase name="Test Cases/RahulShettyTestCase/RahulShettyLoginPage" time="41.457" classname="Test Cases/RahulShettyTestCase/RahulShettyLoginPage" status="PASSED">
         <system-out><![CDATA[2023-06-09 14:54:15 - [TEST_CASE][PASSED] - Test Cases/RahulShettyTestCase/RahulShettyLoginPage: Test Cases/RahulShettyTestCase/RahulShettyLoginPage

2023-06-09 14:54:15 - [TEST_STEP][PASSED] - Start listener action : sampleBeforeTestCase: null

2023-06-09 14:54:15 - [TEST_STEP][PASSED] - Start setup action : SetupMethod: Method 'SetupMethod' complete successfully

2023-06-09 14:54:15 - [TEST_STEP][PASSED] - navigateToUrl(url): Navigate to 'https://rahulshettyacademy.com/loginpagePractise/' successfully

2023-06-09 14:54:15 - [MESSAGE][PASSED] - Navigate to 'https://rahulshettyacademy.com/loginpagePractise/' successfully

2023-06-09 14:54:15 - [TEST_STEP][PASSED] - getUrl().equals("https://rahulshettyacademy.com/loginpagePractise/"): Current window's url is: 'https://rahulshettyacademy.com/loginpagePractise/'

2023-06-09 14:54:15 - [MESSAGE][PASSED] - Current window's url is: 'https://rahulshettyacademy.com/loginpagePractise/'

2023-06-09 14:54:15 - [TEST_STEP][FAILED] - try: Verify element text of test object 'Object Repository/RahulShetty_Repo/assertion/Page_LoginPage Practise  Rahul Shetty Academy/div_Incorrect usernamepassword' FAILED. (Root cause: com.kms.katalon.core.exception.StepFailedException: Verify element text of test object 'Object Repository/RahulShetty_Repo/assertion/Page_LoginPage Practise  Rahul Shetty Academy/div_Incorrect usernamepassword' FAILED.
	at com.kms.katalon.core.webui.keyword.internal.WebUIKeywordMain.stepFailed(WebUIKeywordMain.groovy:64)
	at com.kms.katalon.core.webui.keyword.internal.WebUIKeywordMain.runKeyword(WebUIKeywordMain.groovy:26)
	at com.kms.katalon.core.webui.keyword.builtin.VerifyElementTextKeyword.verifyElementText(VerifyElementTextKeyword.groovy:72)
	at com.kms.katalon.core.webui.keyword.builtin.VerifyElementTextKeyword.execute(VerifyElementTextKeyword.groovy:40)
	at com.kms.katalon.core.keyword.internal.KeywordExecutor.executeKeywordForPlatform(KeywordExecutor.groovy:74)
	at com.kms.katalon.core.webui.keyword.WebUiBuiltInKeywords.verifyElementText(WebUiBuiltInKeywords.groovy:4749)
	at com.kms.katalon.core.webui.keyword.WebUiBuiltInKeywords$verifyElementText$7.call(Unknown Source)
	at RahulShettyLoginPage.SetupMethod(RahulShettyLoginPage:101)
	at com.kms.katalon.core.main.ScriptEngine.runScriptMethodAsRawText(ScriptEngine.java:133)
	at com.kms.katalon.core.main.TestCaseExecutor.runMethod(TestCaseExecutor.java:458)
	at com.kms.katalon.core.main.TestCaseExecutor.runMethod(TestCaseExecutor.java:580)
	at com.kms.katalon.core.main.TestCaseExecutor.internallyRunMethods(TestCaseExecutor.java:565)
	at com.kms.katalon.core.main.TestCaseExecutor.processSetupPhase(TestCaseExecutor.java:203)
	at com.kms.katalon.core.main.TestCaseExecutor.accessMainPhase(TestCaseExecutor.java:407)
	at com.kms.katalon.core.main.TestCaseExecutor.execute(TestCaseExecutor.java:285)
	at com.kms.katalon.core.common.CommonExecutor.accessTestCaseMainPhase(CommonExecutor.java:65)
	at com.kms.katalon.core.main.TestSuiteExecutor.accessTestSuiteMainPhase(TestSuiteExecutor.java:148)
	at com.kms.katalon.core.main.TestSuiteExecutor.execute(TestSuiteExecutor.java:106)
	at com.kms.katalon.core.main.TestCaseMain.startTestSuite(TestCaseMain.java:187)
	at com.kms.katalon.core.main.TestCaseMain$startTestSuite$0.call(Unknown Source)
	at TempTestSuite1686302605873.run(TempTestSuite1686302605873.groovy:36)
Caused by: com.kms.katalon.core.exception.StepFailedException: Actual text '' and expected text ' username/password.' of test object 'Object Repository/RahulShetty_Repo/assertion/Page_LoginPage Practise  Rahul Shetty Academy/div_Incorrect usernamepassword' are NOT matched.
	at com.kms.katalon.core.webui.keyword.internal.WebUIKeywordMain.stepFailed(WebUIKeywordMain.groovy:64)
	at com.kms.katalon.core.webui.keyword.builtin.VerifyElementTextKeyword$_verifyElementText_closure1.doCall(VerifyElementTextKeyword.groovy:57)
	at com.kms.katalon.core.webui.keyword.builtin.VerifyElementTextKeyword$_verifyElementText_closure1.call(VerifyElementTextKeyword.groovy)
	at com.kms.katalon.core.webui.keyword.internal.WebUIKeywordMain.runKeyword(WebUIKeywordMain.groovy:20)
	... 19 more
)

2023-06-09 14:54:15 - [TEST_STEP][PASSED] - setText(findTestObject("Object Repository/RahulShetty_Repo/RahulShetty_Repo/Page_LoginPage Practise  Rahul Shetty Academy/Page_LoginPage Practise  Rahul Shetty Academy/Page_LoginPage Practise  Rahul Shetty Academy/input_Username_username"), "dharm"): Text 'dharm' is set on object 'Object Repository/RahulShetty_Repo/RahulShetty_Repo/Page_LoginPage Practise  Rahul Shetty Academy/Page_LoginPage Practise  Rahul Shetty Academy/Page_LoginPage Practise  Rahul Shetty Academy/input_Username_username'

2023-06-09 14:54:16 - [MESSAGE][PASSED] - Text 'dharm' is set on object 'Object Repository/RahulShetty_Repo/RahulShetty_Repo/Page_LoginPage Practise  Rahul Shetty Academy/Page_LoginPage Practise  Rahul Shetty Academy/Page_LoginPage Practise  Rahul Shetty Academy/input_Username_username'

2023-06-09 14:54:16 - [TEST_STEP][PASSED] - setEncryptedText(findTestObject("Object Repository/RahulShetty_Repo/RahulShetty_Repo/Page_LoginPage Practise  Rahul Shetty Academy/Page_LoginPage Practise  Rahul Shetty Academy/Page_LoginPage Practise  Rahul Shetty Academy/input_Password_password"), "vChGV51bHgJ2ZUog9CEBVw=="): Text ****** has been set on object 'Object Repository/RahulShetty_Repo/RahulShetty_Repo/Page_LoginPage Practise  Rahul Shetty Academy/Page_LoginPage Practise  Rahul Shetty Academy/Page_LoginPage Practise  Rahul Shetty Academy/input_Password_password'

2023-06-09 14:54:16 - [MESSAGE][PASSED] - Text ****** has been set on object 'Object Repository/RahulShetty_Repo/RahulShetty_Repo/Page_LoginPage Practise  Rahul Shetty Academy/Page_LoginPage Practise  Rahul Shetty Academy/Page_LoginPage Practise  Rahul Shetty Academy/input_Password_password'

2023-06-09 14:54:16 - [TEST_STEP][PASSED] - verifyElementClickable(findTestObject("RahulShetty_Repo/assertion/Page_LoginPage Practise  Rahul Shetty Academy/span_User_checkmark")): Object 'Object Repository/RahulShetty_Repo/assertion/Page_LoginPage Practise  Rahul Shetty Academy/span_User_checkmark' is clickable

2023-06-09 14:54:17 - [MESSAGE][PASSED] - Object 'Object Repository/RahulShetty_Repo/assertion/Page_LoginPage Practise  Rahul Shetty Academy/span_User_checkmark' is clickable

2023-06-09 14:54:17 - [TEST_STEP][PASSED] - click(findTestObject("RahulShetty_Repo/assertion/Page_LoginPage Practise  Rahul Shetty Academy/span_User_checkmark")): Object: 'Object Repository/RahulShetty_Repo/assertion/Page_LoginPage Practise  Rahul Shetty Academy/span_User_checkmark' is clicked on

2023-06-09 14:54:17 - [MESSAGE][PASSED] - Object: 'Object Repository/RahulShetty_Repo/assertion/Page_LoginPage Practise  Rahul Shetty Academy/span_User_checkmark' is clicked on

2023-06-09 14:54:17 - [TEST_STEP][PASSED] - verifyElementText(findTestObject("RahulShetty_Repo/assertion/Page_LoginPage Practise  Rahul Shetty Academy/div_You will be limited to only fewer functionalities of the app. Proceed"), "You will be limited to only fewer functionalities of the app. Proceed?"): Actual text and expected text of test object 'Object Repository/RahulShetty_Repo/assertion/Page_LoginPage Practise  Rahul Shetty Academy/div_You will be limited to only fewer functionalities of the app. Proceed' are matched.

2023-06-09 14:54:18 - [MESSAGE][PASSED] - Actual text and expected text of test object 'Object Repository/RahulShetty_Repo/assertion/Page_LoginPage Practise  Rahul Shetty Academy/div_You will be limited to only fewer functionalities of the app. Proceed' are matched.

2023-06-09 14:54:18 - [TEST_STEP][PASSED] - click(findTestObject("RahulShetty_Repo/assertion/Page_LoginPage Practise  Rahul Shetty Academy/button_Okay")): Object: 'Object Repository/RahulShetty_Repo/assertion/Page_LoginPage Practise  Rahul Shetty Academy/button_Okay' is clicked on

2023-06-09 14:54:18 - [MESSAGE][PASSED] - Object: 'Object Repository/RahulShetty_Repo/assertion/Page_LoginPage Practise  Rahul Shetty Academy/button_Okay' is clicked on

2023-06-09 14:54:18 - [TEST_STEP][PASSED] - click(findTestObject("Object Repository/RahulShetty_Repo/RahulShetty_Repo/Page_LoginPage Practise  Rahul Shetty Academy/Page_LoginPage Practise  Rahul Shetty Academy/Page_LoginPage Practise  Rahul Shetty Academy/input_I Agree to the_signin")): Object: 'Object Repository/RahulShetty_Repo/RahulShetty_Repo/Page_LoginPage Practise  Rahul Shetty Academy/Page_LoginPage Practise  Rahul Shetty Academy/Page_LoginPage Practise  Rahul Shetty Academy/input_I Agree to the_signin' is clicked on

2023-06-09 14:54:19 - [MESSAGE][INFO] - Unable to find the element located by 'By.xpath: '. Please recheck the objects properties to make sure the desired element is located. 

2023-06-09 14:54:19 - [MESSAGE][WARNING] - [SELF-HEALING] Failed to find element with id 'Object Repository/RahulShetty_Repo/RahulShetty_Repo/Page_LoginPage Practise  Rahul Shetty Academy/Page_LoginPage Practise  Rahul Shetty Academy/Page_LoginPage Practise  Rahul Shetty Academy/input_I Agree to the_signin'. Try using Self-healing.

2023-06-09 14:54:20 - [MESSAGE][WARNING] - [SELF-HEALING] The current locator of test object 'Object Repository/RahulShetty_Repo/RahulShetty_Repo/Page_LoginPage Practise  Rahul Shetty Academy/Page_LoginPage Practise  Rahul Shetty Academy/Page_LoginPage Practise  Rahul Shetty Academy/input_I Agree to the_signin' was broken. Propose an alternative one: '//input[@id='signInBtn']'.

2023-06-09 14:54:20 - [MESSAGE][PASSED] - Object: 'Object Repository/RahulShetty_Repo/RahulShetty_Repo/Page_LoginPage Practise  Rahul Shetty Academy/Page_LoginPage Practise  Rahul Shetty Academy/Page_LoginPage Practise  Rahul Shetty Academy/input_I Agree to the_signin' is clicked on

2023-06-09 14:54:20 - [TEST_STEP][FAILED] - verifyElementText(findTestObject("RahulShetty_Repo/assertion/Page_LoginPage Practise  Rahul Shetty Academy/div_Incorrect usernamepassword"), " username/password."): Verify element text of test object 'Object Repository/RahulShetty_Repo/assertion/Page_LoginPage Practise  Rahul Shetty Academy/div_Incorrect usernamepassword' FAILED. (Root cause: com.kms.katalon.core.exception.StepFailedException: Verify element text of test object 'Object Repository/RahulShetty_Repo/assertion/Page_LoginPage Practise  Rahul Shetty Academy/div_Incorrect usernamepassword' FAILED.
	at com.kms.katalon.core.webui.keyword.internal.WebUIKeywordMain.stepFailed(WebUIKeywordMain.groovy:64)
	at com.kms.katalon.core.webui.keyword.internal.WebUIKeywordMain.runKeyword(WebUIKeywordMain.groovy:26)
	at com.kms.katalon.core.webui.keyword.builtin.VerifyElementTextKeyword.verifyElementText(VerifyElementTextKeyword.groovy:72)
	at com.kms.katalon.core.webui.keyword.builtin.VerifyElementTextKeyword.execute(VerifyElementTextKeyword.groovy:40)
	at com.kms.katalon.core.keyword.internal.KeywordExecutor.executeKeywordForPlatform(KeywordExecutor.groovy:74)
	at com.kms.katalon.core.webui.keyword.WebUiBuiltInKeywords.verifyElementText(WebUiBuiltInKeywords.groovy:4749)
	at com.kms.katalon.core.webui.keyword.WebUiBuiltInKeywords$verifyElementText$7.call(Unknown Source)
	at RahulShettyLoginPage.SetupMethod(RahulShettyLoginPage:101)
	at com.kms.katalon.core.main.ScriptEngine.runScriptMethodAsRawText(ScriptEngine.java:133)
	at com.kms.katalon.core.main.TestCaseExecutor.runMethod(TestCaseExecutor.java:458)
	at com.kms.katalon.core.main.TestCaseExecutor.runMethod(TestCaseExecutor.java:580)
	at com.kms.katalon.core.main.TestCaseExecutor.internallyRunMethods(TestCaseExecutor.java:565)
	at com.kms.katalon.core.main.TestCaseExecutor.processSetupPhase(TestCaseExecutor.java:203)
	at com.kms.katalon.core.main.TestCaseExecutor.accessMainPhase(TestCaseExecutor.java:407)
	at com.kms.katalon.core.main.TestCaseExecutor.execute(TestCaseExecutor.java:285)
	at com.kms.katalon.core.common.CommonExecutor.accessTestCaseMainPhase(CommonExecutor.java:65)
	at com.kms.katalon.core.main.TestSuiteExecutor.accessTestSuiteMainPhase(TestSuiteExecutor.java:148)
	at com.kms.katalon.core.main.TestSuiteExecutor.execute(TestSuiteExecutor.java:106)
	at com.kms.katalon.core.main.TestCaseMain.startTestSuite(TestCaseMain.java:187)
	at com.kms.katalon.core.main.TestCaseMain$startTestSuite$0.call(Unknown Source)
	at TempTestSuite1686302605873.run(TempTestSuite1686302605873.groovy:36)
Caused by: com.kms.katalon.core.exception.StepFailedException: Actual text '' and expected text ' username/password.' of test object 'Object Repository/RahulShetty_Repo/assertion/Page_LoginPage Practise  Rahul Shetty Academy/div_Incorrect usernamepassword' are NOT matched.
	at com.kms.katalon.core.webui.keyword.internal.WebUIKeywordMain.stepFailed(WebUIKeywordMain.groovy:64)
	at com.kms.katalon.core.webui.keyword.builtin.VerifyElementTextKeyword$_verifyElementText_closure1.doCall(VerifyElementTextKeyword.groovy:57)
	at com.kms.katalon.core.webui.keyword.builtin.VerifyElementTextKeyword$_verifyElementText_closure1.call(VerifyElementTextKeyword.groovy)
	at com.kms.katalon.core.webui.keyword.internal.WebUIKeywordMain.runKeyword(WebUIKeywordMain.groovy:20)
	... 19 more
)

2023-06-09 14:54:21 - [MESSAGE][FAILED] - Actual text '' and expected text ' username/password.' of test object 'Object Repository/RahulShetty_Repo/assertion/Page_LoginPage Practise  Rahul Shetty Academy/div_Incorrect usernamepassword' are NOT matched. (Root cause: com.kms.katalon.core.exception.StepFailedException: Actual text '' and expected text ' username/password.' of test object 'Object Repository/RahulShetty_Repo/assertion/Page_LoginPage Practise  Rahul Shetty Academy/div_Incorrect usernamepassword' are NOT matched.
	at com.kms.katalon.core.webui.keyword.internal.WebUIKeywordMain.stepFailed(WebUIKeywordMain.groovy:64)
	at com.kms.katalon.core.webui.keyword.builtin.VerifyElementTextKeyword$_verifyElementText_closure1.doCall(VerifyElementTextKeyword.groovy:57)
	at com.kms.katalon.core.webui.keyword.builtin.VerifyElementTextKeyword$_verifyElementText_closure1.call(VerifyElementTextKeyword.groovy)
	at com.kms.katalon.core.webui.keyword.internal.WebUIKeywordMain.runKeyword(WebUIKeywordMain.groovy:20)
	at com.kms.katalon.core.webui.keyword.builtin.VerifyElementTextKeyword.verifyElementText(VerifyElementTextKeyword.groovy:72)
	at com.kms.katalon.core.webui.keyword.builtin.VerifyElementTextKeyword.execute(VerifyElementTextKeyword.groovy:40)
	at com.kms.katalon.core.keyword.internal.KeywordExecutor.executeKeywordForPlatform(KeywordExecutor.groovy:74)
	at com.kms.katalon.core.webui.keyword.WebUiBuiltInKeywords.verifyElementText(WebUiBuiltInKeywords.groovy:4749)
	at com.kms.katalon.core.webui.keyword.WebUiBuiltInKeywords$verifyElementText$7.call(Unknown Source)
	at RahulShettyLoginPage.SetupMethod(RahulShettyLoginPage:101)
	at com.kms.katalon.core.main.ScriptEngine.runScriptMethodAsRawText(ScriptEngine.java:133)
	at com.kms.katalon.core.main.TestCaseExecutor.runMethod(TestCaseExecutor.java:458)
	at com.kms.katalon.core.main.TestCaseExecutor.runMethod(TestCaseExecutor.java:580)
	at com.kms.katalon.core.main.TestCaseExecutor.internallyRunMethods(TestCaseExecutor.java:565)
	at com.kms.katalon.core.main.TestCaseExecutor.processSetupPhase(TestCaseExecutor.java:203)
	at com.kms.katalon.core.main.TestCaseExecutor.accessMainPhase(TestCaseExecutor.java:407)
	at com.kms.katalon.core.main.TestCaseExecutor.execute(TestCaseExecutor.java:285)
	at com.kms.katalon.core.common.CommonExecutor.accessTestCaseMainPhase(CommonExecutor.java:65)
	at com.kms.katalon.core.main.TestSuiteExecutor.accessTestSuiteMainPhase(TestSuiteExecutor.java:148)
	at com.kms.katalon.core.main.TestSuiteExecutor.execute(TestSuiteExecutor.java:106)
	at com.kms.katalon.core.main.TestCaseMain.startTestSuite(TestCaseMain.java:187)
	at com.kms.katalon.core.main.TestCaseMain$startTestSuite$0.call(Unknown Source)
	at TempTestSuite1686302605873.run(TempTestSuite1686302605873.groovy:36)
)
[[ATTACHMENT|/home/dharm/git/FinalAssignment/Reports/20230609_145324/RahulShettyTestSuite/RahulShetty/20230609_145325/1686302660743.png]]

2023-06-09 14:54:21 - [MESSAGE][FAILED] - Verify element text of test object 'Object Repository/RahulShetty_Repo/assertion/Page_LoginPage Practise  Rahul Shetty Academy/div_Incorrect usernamepassword' FAILED. (Root cause: com.kms.katalon.core.exception.StepFailedException: Verify element text of test object 'Object Repository/RahulShetty_Repo/assertion/Page_LoginPage Practise  Rahul Shetty Academy/div_Incorrect usernamepassword' FAILED.
	at com.kms.katalon.core.webui.keyword.internal.WebUIKeywordMain.stepFailed(WebUIKeywordMain.groovy:64)
	at com.kms.katalon.core.webui.keyword.internal.WebUIKeywordMain.runKeyword(WebUIKeywordMain.groovy:26)
	at com.kms.katalon.core.webui.keyword.builtin.VerifyElementTextKeyword.verifyElementText(VerifyElementTextKeyword.groovy:72)
	at com.kms.katalon.core.webui.keyword.builtin.VerifyElementTextKeyword.execute(VerifyElementTextKeyword.groovy:40)
	at com.kms.katalon.core.keyword.internal.KeywordExecutor.executeKeywordForPlatform(KeywordExecutor.groovy:74)
	at com.kms.katalon.core.webui.keyword.WebUiBuiltInKeywords.verifyElementText(WebUiBuiltInKeywords.groovy:4749)
	at com.kms.katalon.core.webui.keyword.WebUiBuiltInKeywords$verifyElementText$7.call(Unknown Source)
	at RahulShettyLoginPage.SetupMethod(RahulShettyLoginPage:101)
	at com.kms.katalon.core.main.ScriptEngine.runScriptMethodAsRawText(ScriptEngine.java:133)
	at com.kms.katalon.core.main.TestCaseExecutor.runMethod(TestCaseExecutor.java:458)
	at com.kms.katalon.core.main.TestCaseExecutor.runMethod(TestCaseExecutor.java:580)
	at com.kms.katalon.core.main.TestCaseExecutor.internallyRunMethods(TestCaseExecutor.java:565)
	at com.kms.katalon.core.main.TestCaseExecutor.processSetupPhase(TestCaseExecutor.java:203)
	at com.kms.katalon.core.main.TestCaseExecutor.accessMainPhase(TestCaseExecutor.java:407)
	at com.kms.katalon.core.main.TestCaseExecutor.execute(TestCaseExecutor.java:285)
	at com.kms.katalon.core.common.CommonExecutor.accessTestCaseMainPhase(CommonExecutor.java:65)
	at com.kms.katalon.core.main.TestSuiteExecutor.accessTestSuiteMainPhase(TestSuiteExecutor.java:148)
	at com.kms.katalon.core.main.TestSuiteExecutor.execute(TestSuiteExecutor.java:106)
	at com.kms.katalon.core.main.TestCaseMain.startTestSuite(TestCaseMain.java:187)
	at com.kms.katalon.core.main.TestCaseMain$startTestSuite$0.call(Unknown Source)
	at TempTestSuite1686302605873.run(TempTestSuite1686302605873.groovy:36)
Caused by: com.kms.katalon.core.exception.StepFailedException: Actual text '' and expected text ' username/password.' of test object 'Object Repository/RahulShetty_Repo/assertion/Page_LoginPage Practise  Rahul Shetty Academy/div_Incorrect usernamepassword' are NOT matched.
	at com.kms.katalon.core.webui.keyword.internal.WebUIKeywordMain.stepFailed(WebUIKeywordMain.groovy:64)
	at com.kms.katalon.core.webui.keyword.builtin.VerifyElementTextKeyword$_verifyElementText_closure1.doCall(VerifyElementTextKeyword.groovy:57)
	at com.kms.katalon.core.webui.keyword.builtin.VerifyElementTextKeyword$_verifyElementText_closure1.call(VerifyElementTextKeyword.groovy)
	at com.kms.katalon.core.webui.keyword.internal.WebUIKeywordMain.runKeyword(WebUIKeywordMain.groovy:20)
	... 19 more
)
[[ATTACHMENT|/home/dharm/git/FinalAssignment/Reports/20230609_145324/RahulShettyTestSuite/RahulShetty/20230609_145325/1686302661311.png]]

2023-06-09 14:54:21 - [TEST_STEP][PASSED] - catch (Exception e): Object 'Object Repository/RahulShetty_Repo/RahulShetty_Repo/Page_ProtoCommerce/h1_Shop Name' is present

2023-06-09 14:54:21 - [TEST_STEP][PASSED] - setText(findTestObject("Object Repository/RahulShetty_Repo/RahulShetty_Repo/Page_LoginPage Practise  Rahul Shetty Academy/Page_LoginPage Practise  Rahul Shetty Academy/input_Username_username"), "rahulshettyacademy"): Text 'rahulshettyacademy' is set on object 'Object Repository/RahulShetty_Repo/RahulShetty_Repo/Page_LoginPage Practise  Rahul Shetty Academy/Page_LoginPage Practise  Rahul Shetty Academy/input_Username_username'

2023-06-09 14:54:22 - [MESSAGE][PASSED] - Text 'rahulshettyacademy' is set on object 'Object Repository/RahulShetty_Repo/RahulShetty_Repo/Page_LoginPage Practise  Rahul Shetty Academy/Page_LoginPage Practise  Rahul Shetty Academy/input_Username_username'

2023-06-09 14:54:22 - [TEST_STEP][PASSED] - setEncryptedText(findTestObject("Object Repository/RahulShetty_Repo/RahulShetty_Repo/Page_LoginPage Practise  Rahul Shetty Academy/Page_LoginPage Practise  Rahul Shetty Academy/input_Password_password"), "1PiAXA7e6bXYOnY+D2FYUg=="): Text ****** has been set on object 'Object Repository/RahulShetty_Repo/RahulShetty_Repo/Page_LoginPage Practise  Rahul Shetty Academy/Page_LoginPage Practise  Rahul Shetty Academy/input_Password_password'

2023-06-09 14:54:23 - [MESSAGE][PASSED] - Text ****** has been set on object 'Object Repository/RahulShetty_Repo/RahulShetty_Repo/Page_LoginPage Practise  Rahul Shetty Academy/Page_LoginPage Practise  Rahul Shetty Academy/input_Password_password'

2023-06-09 14:54:23 - [TEST_STEP][PASSED] - click(findTestObject("Object Repository/RahulShetty_Repo/RahulShetty_Repo/Page_LoginPage Practise  Rahul Shetty Academy/Page_LoginPage Practise  Rahul Shetty Academy/input_I Agree to the_signin")): Object: 'Object Repository/RahulShetty_Repo/RahulShetty_Repo/Page_LoginPage Practise  Rahul Shetty Academy/Page_LoginPage Practise  Rahul Shetty Academy/input_I Agree to the_signin' is clicked on

2023-06-09 14:54:23 - [MESSAGE][PASSED] - Object: 'Object Repository/RahulShetty_Repo/RahulShetty_Repo/Page_LoginPage Practise  Rahul Shetty Academy/Page_LoginPage Practise  Rahul Shetty Academy/input_I Agree to the_signin' is clicked on

2023-06-09 14:54:23 - [TEST_STEP][PASSED] - delay(2): Delayed 2 second(s)

2023-06-09 14:54:25 - [MESSAGE][PASSED] - Delayed 2 second(s)

2023-06-09 14:54:25 - [TEST_STEP][PASSED] - verifyElementPresent(findTestObject("RahulShetty_Repo/RahulShetty_Repo/Page_ProtoCommerce/h1_Shop Name"), 0): Object 'Object Repository/RahulShetty_Repo/RahulShetty_Repo/Page_ProtoCommerce/h1_Shop Name' is present

2023-06-09 14:54:25 - [MESSAGE][WARNING] - Timeout '0' is invalid. Using default page load timeout: '30'

2023-06-09 14:54:26 - [MESSAGE][PASSED] - Object 'Object Repository/RahulShetty_Repo/RahulShetty_Repo/Page_ProtoCommerce/h1_Shop Name' is present

2023-06-09 14:54:26 - [MESSAGE][PASSED] - Method 'SetupMethod' complete successfully

2023-06-09 14:54:26 - [TEST_STEP][PASSED] - homevariable = "Home": null

2023-06-09 14:54:26 - [TEST_STEP][PASSED] - click(findTestObject("RahulShetty_Repo/RahulShetty_Repo/DynamicObjectCreation/a_Shop", ["text":homevariable])): Object: 'Object Repository/RahulShetty_Repo/RahulShetty_Repo/DynamicObjectCreation/a_Shop' is clicked on

2023-06-09 14:54:27 - [MESSAGE][PASSED] - Object: 'Object Repository/RahulShetty_Repo/RahulShetty_Repo/DynamicObjectCreation/a_Shop' is clicked on

2023-06-09 14:54:27 - [TEST_STEP][PASSED] - delay(2): Delayed 2 second(s)

2023-06-09 14:54:29 - [MESSAGE][PASSED] - Delayed 2 second(s)

2023-06-09 14:54:29 - [TEST_STEP][PASSED] - shopvariable = "shop": null

2023-06-09 14:54:29 - [TEST_STEP][PASSED] - verifyElementClickable(findTestObject("RahulShetty_Repo/RahulShetty_Repo/DynamicObjectCreation/a_Shop", ["text":shopvariable])): Object 'Object Repository/RahulShetty_Repo/RahulShetty_Repo/DynamicObjectCreation/a_Shop' is clickable

2023-06-09 14:54:30 - [MESSAGE][INFO] - Unable to find the element located by 'By.xpath: //*[(text() = 'shop' or . = 'shop')]'. Please recheck the objects properties to make sure the desired element is located. 

2023-06-09 14:54:30 - [MESSAGE][WARNING] - [SELF-HEALING] Failed to find element with id 'Object Repository/RahulShetty_Repo/RahulShetty_Repo/DynamicObjectCreation/a_Shop'. Try using Self-healing.

2023-06-09 14:54:30 - [MESSAGE][WARNING] - [SELF-HEALING] The current locator of test object 'Object Repository/RahulShetty_Repo/RahulShetty_Repo/DynamicObjectCreation/a_Shop' was broken. Propose an alternative one: '//a[@href = '/angularpractice/shop' and (text() = 'Shop' or . = 'Shop')]'.

2023-06-09 14:54:30 - [MESSAGE][PASSED] - Object 'Object Repository/RahulShetty_Repo/RahulShetty_Repo/DynamicObjectCreation/a_Shop' is clickable

2023-06-09 14:54:30 - [TEST_STEP][PASSED] - click(findTestObject("RahulShetty_Repo/RahulShetty_Repo/DynamicObjectCreation/a_Shop", ["text":shopvariable])): Object: 'Object Repository/RahulShetty_Repo/RahulShetty_Repo/DynamicObjectCreation/a_Shop' is clicked on

2023-06-09 14:54:31 - [MESSAGE][INFO] - Unable to find the element located by 'By.xpath: //*[(text() = 'shop' or . = 'shop')]'. Please recheck the objects properties to make sure the desired element is located. 

2023-06-09 14:54:31 - [MESSAGE][WARNING] - [SELF-HEALING] Failed to find element with id 'Object Repository/RahulShetty_Repo/RahulShetty_Repo/DynamicObjectCreation/a_Shop'. Try using Self-healing.

2023-06-09 14:54:32 - [MESSAGE][WARNING] - [SELF-HEALING] The current locator of test object 'Object Repository/RahulShetty_Repo/RahulShetty_Repo/DynamicObjectCreation/a_Shop' was broken. Propose an alternative one: '//a[@href = '/angularpractice/shop' and (text() = 'Shop' or . = 'Shop')]'.

2023-06-09 14:54:32 - [MESSAGE][PASSED] - Object: 'Object Repository/RahulShetty_Repo/RahulShetty_Repo/DynamicObjectCreation/a_Shop' is clicked on

2023-06-09 14:54:32 - [TEST_STEP][PASSED] - click(findTestObject("Object Repository/RahulShetty_Repo/RahulShetty_Repo/Page_ProtoCommerce/Page_ProtoCommerce/button_Add")): Object: 'Object Repository/RahulShetty_Repo/RahulShetty_Repo/Page_ProtoCommerce/Page_ProtoCommerce/button_Add' is clicked on

2023-06-09 14:54:33 - [MESSAGE][PASSED] - Object: 'Object Repository/RahulShetty_Repo/RahulShetty_Repo/Page_ProtoCommerce/Page_ProtoCommerce/button_Add' is clicked on

2023-06-09 14:54:33 - [TEST_STEP][PASSED] - delay(2): Delayed 2 second(s)

2023-06-09 14:54:35 - [MESSAGE][PASSED] - Delayed 2 second(s)

2023-06-09 14:54:35 - [TEST_STEP][PASSED] - verifyElementVisible(findTestObject("Object Repository/RahulShetty_Repo/RahulShetty_Repo/Page_ProtoCommerce/Page_ProtoCommerce/a_Checkout ( 1 )            (current)"), STOP_ON_FAILURE): Object 'Object Repository/RahulShetty_Repo/RahulShetty_Repo/Page_ProtoCommerce/Page_ProtoCommerce/a_Checkout ( 1 )            (current)' is visible

2023-06-09 14:54:36 - [MESSAGE][INFO] - Unable to find the element located by 'By.xpath: '. Please recheck the objects properties to make sure the desired element is located. 

2023-06-09 14:54:36 - [MESSAGE][WARNING] - [SELF-HEALING] Failed to find element with id 'Object Repository/RahulShetty_Repo/RahulShetty_Repo/Page_ProtoCommerce/Page_ProtoCommerce/a_Checkout ( 1 )            (current)'. Try using Self-healing.

2023-06-09 14:54:36 - [MESSAGE][WARNING] - [SELF-HEALING] The current locator of test object 'Object Repository/RahulShetty_Repo/RahulShetty_Repo/Page_ProtoCommerce/Page_ProtoCommerce/a_Checkout ( 1 )            (current)' was broken. Propose an alternative one: '//div[@id='navbarResponsive']/ul/li/a'.

2023-06-09 14:54:36 - [MESSAGE][PASSED] - Object 'Object Repository/RahulShetty_Repo/RahulShetty_Repo/Page_ProtoCommerce/Page_ProtoCommerce/a_Checkout ( 1 )            (current)' is visible

2023-06-09 14:54:36 - [TEST_STEP][PASSED] - click(findTestObject("Object Repository/RahulShetty_Repo/RahulShetty_Repo/Page_ProtoCommerce/Page_ProtoCommerce/a_Checkout ( 1 )            (current)")): Object: 'Object Repository/RahulShetty_Repo/RahulShetty_Repo/Page_ProtoCommerce/Page_ProtoCommerce/a_Checkout ( 1 )            (current)' is clicked on

2023-06-09 14:54:37 - [MESSAGE][INFO] - Unable to find the element located by 'By.xpath: '. Please recheck the objects properties to make sure the desired element is located. 

2023-06-09 14:54:37 - [MESSAGE][WARNING] - [SELF-HEALING] Failed to find element with id 'Object Repository/RahulShetty_Repo/RahulShetty_Repo/Page_ProtoCommerce/Page_ProtoCommerce/a_Checkout ( 1 )            (current)'. Try using Self-healing.

2023-06-09 14:54:38 - [MESSAGE][WARNING] - [SELF-HEALING] The current locator of test object 'Object Repository/RahulShetty_Repo/RahulShetty_Repo/Page_ProtoCommerce/Page_ProtoCommerce/a_Checkout ( 1 )            (current)' was broken. Propose an alternative one: '//div[@id='navbarResponsive']/ul/li/a'.

2023-06-09 14:54:38 - [MESSAGE][PASSED] - Object: 'Object Repository/RahulShetty_Repo/RahulShetty_Repo/Page_ProtoCommerce/Page_ProtoCommerce/a_Checkout ( 1 )            (current)' is clicked on

2023-06-09 14:54:38 - [TEST_STEP][PASSED] - verifyElementText(findTestObject("RahulShetty_Repo/assertion/Page_ProtoCommerce/a_iphone X"), "iphone X"): Actual text and expected text of test object 'Object Repository/RahulShetty_Repo/assertion/Page_ProtoCommerce/a_iphone X' are matched.

2023-06-09 14:54:38 - [MESSAGE][PASSED] - Actual text and expected text of test object 'Object Repository/RahulShetty_Repo/assertion/Page_ProtoCommerce/a_iphone X' are matched.

2023-06-09 14:54:38 - [TEST_STEP][PASSED] - click(findTestObject("Object Repository/RahulShetty_Repo/RahulShetty_Repo/Page_ProtoCommerce/Page_ProtoCommerce/button_Checkout")): Object: 'Object Repository/RahulShetty_Repo/RahulShetty_Repo/Page_ProtoCommerce/Page_ProtoCommerce/button_Checkout' is clicked on

2023-06-09 14:54:39 - [MESSAGE][PASSED] - Object: 'Object Repository/RahulShetty_Repo/RahulShetty_Repo/Page_ProtoCommerce/Page_ProtoCommerce/button_Checkout' is clicked on

2023-06-09 14:54:39 - [TEST_STEP][PASSED] - click(findTestObject("Object Repository/RahulShetty_Repo/RahulShetty_Repo/Page_ProtoCommerce/Page_ProtoCommerce/label_I agree with the term  Conditions")): Object: 'Object Repository/RahulShetty_Repo/RahulShetty_Repo/Page_ProtoCommerce/Page_ProtoCommerce/label_I agree with the term  Conditions' is clicked on

2023-06-09 14:54:40 - [MESSAGE][INFO] - Unable to find the element located by 'By.xpath: '. Please recheck the objects properties to make sure the desired element is located. 

2023-06-09 14:54:40 - [MESSAGE][WARNING] - [SELF-HEALING] Failed to find element with id 'Object Repository/RahulShetty_Repo/RahulShetty_Repo/Page_ProtoCommerce/Page_ProtoCommerce/label_I agree with the term  Conditions'. Try using Self-healing.

2023-06-09 14:54:41 - [MESSAGE][WARNING] - [SELF-HEALING] The current locator of test object 'Object Repository/RahulShetty_Repo/RahulShetty_Repo/Page_ProtoCommerce/Page_ProtoCommerce/label_I agree with the term  Conditions' was broken. Propose an alternative one: '(.//*[normalize-space(text()) and normalize-space(.)='(current)'])[1]/following::label[2]'.

2023-06-09 14:54:41 - [MESSAGE][PASSED] - Object: 'Object Repository/RahulShetty_Repo/RahulShetty_Repo/Page_ProtoCommerce/Page_ProtoCommerce/label_I agree with the term  Conditions' is clicked on

2023-06-09 14:54:41 - [TEST_STEP][PASSED] - verifyElementClickable(findTestObject("Object Repository/RahulShetty_Repo/RahulShetty_Repo/Page_ProtoCommerce/Page_ProtoCommerce/input_term  Conditions_btn btn-success btn-lg")): Object 'Object Repository/RahulShetty_Repo/RahulShetty_Repo/Page_ProtoCommerce/Page_ProtoCommerce/input_term  Conditions_btn btn-success btn-lg' is clickable

2023-06-09 14:54:42 - [MESSAGE][INFO] - Unable to find the element located by 'By.xpath: '. Please recheck the objects properties to make sure the desired element is located. 

2023-06-09 14:54:42 - [MESSAGE][WARNING] - [SELF-HEALING] Failed to find element with id 'Object Repository/RahulShetty_Repo/RahulShetty_Repo/Page_ProtoCommerce/Page_ProtoCommerce/input_term  Conditions_btn btn-success btn-lg'. Try using Self-healing.

2023-06-09 14:54:43 - [MESSAGE][WARNING] - [SELF-HEALING] The current locator of test object 'Object Repository/RahulShetty_Repo/RahulShetty_Repo/Page_ProtoCommerce/Page_ProtoCommerce/input_term  Conditions_btn btn-success btn-lg' was broken. Propose an alternative one: '//input[@value='Purchase']'.

2023-06-09 14:54:43 - [MESSAGE][PASSED] - Object 'Object Repository/RahulShetty_Repo/RahulShetty_Repo/Page_ProtoCommerce/Page_ProtoCommerce/input_term  Conditions_btn btn-success btn-lg' is clickable

2023-06-09 14:54:43 - [TEST_STEP][PASSED] - click(findTestObject("Object Repository/RahulShetty_Repo/RahulShetty_Repo/Page_ProtoCommerce/Page_ProtoCommerce/input_term  Conditions_btn btn-success btn-lg")): Object: 'Object Repository/RahulShetty_Repo/RahulShetty_Repo/Page_ProtoCommerce/Page_ProtoCommerce/input_term  Conditions_btn btn-success btn-lg' is clicked on

2023-06-09 14:54:44 - [MESSAGE][INFO] - Unable to find the element located by 'By.xpath: '. Please recheck the objects properties to make sure the desired element is located. 

2023-06-09 14:54:44 - [MESSAGE][WARNING] - [SELF-HEALING] Failed to find element with id 'Object Repository/RahulShetty_Repo/RahulShetty_Repo/Page_ProtoCommerce/Page_ProtoCommerce/input_term  Conditions_btn btn-success btn-lg'. Try using Self-healing.

2023-06-09 14:54:44 - [MESSAGE][WARNING] - [SELF-HEALING] The current locator of test object 'Object Repository/RahulShetty_Repo/RahulShetty_Repo/Page_ProtoCommerce/Page_ProtoCommerce/input_term  Conditions_btn btn-success btn-lg' was broken. Propose an alternative one: '//input[@value='Purchase']'.

2023-06-09 14:54:44 - [MESSAGE][PASSED] - Object: 'Object Repository/RahulShetty_Repo/RahulShetty_Repo/Page_ProtoCommerce/Page_ProtoCommerce/input_term  Conditions_btn btn-success btn-lg' is clicked on

2023-06-09 14:54:44 - [TEST_STEP][PASSED] - verifyElementVisible(findTestObject("RahulShetty_Repo/assertion/Page_ProtoCommerce/div_Success Thank you Your order will be delivered in next few weeks -)"), STOP_ON_FAILURE): Object 'Object Repository/RahulShetty_Repo/assertion/Page_ProtoCommerce/div_Success Thank you Your order will be delivered in next few weeks -)' is visible

2023-06-09 14:54:45 - [MESSAGE][PASSED] - Object 'Object Repository/RahulShetty_Repo/assertion/Page_ProtoCommerce/div_Success Thank you Your order will be delivered in next few weeks -)' is visible

2023-06-09 14:54:45 - [TEST_STEP][PASSED] - click(findTestObject("Object Repository/RahulShetty_Repo/RahulShetty_Repo/Page_ProtoCommerce/Page_ProtoCommerce/a_ProtoCommerce Home")): Object: 'Object Repository/RahulShetty_Repo/RahulShetty_Repo/Page_ProtoCommerce/Page_ProtoCommerce/a_ProtoCommerce Home' is clicked on

2023-06-09 14:54:45 - [MESSAGE][PASSED] - Object: 'Object Repository/RahulShetty_Repo/RahulShetty_Repo/Page_ProtoCommerce/Page_ProtoCommerce/a_ProtoCommerce Home' is clicked on

2023-06-09 14:54:45 - [TEST_STEP][PASSED] - delay(2): Delayed 2 second(s)

2023-06-09 14:54:47 - [MESSAGE][PASSED] - Delayed 2 second(s)

2023-06-09 14:54:47 - [TEST_STEP][PASSED] - setText(findTestObject("Object Repository/RahulShetty_Repo/RahulShetty_Repo/Page_ProtoCommerce/Page_ProtoCommerce/input_Name_name"), name): Text 'deep' is set on object 'Object Repository/RahulShetty_Repo/RahulShetty_Repo/Page_ProtoCommerce/Page_ProtoCommerce/input_Name_name'

2023-06-09 14:54:48 - [MESSAGE][PASSED] - Text 'deep' is set on object 'Object Repository/RahulShetty_Repo/RahulShetty_Repo/Page_ProtoCommerce/Page_ProtoCommerce/input_Name_name'

2023-06-09 14:54:48 - [TEST_STEP][PASSED] - setText(findTestObject("Object Repository/RahulShetty_Repo/RahulShetty_Repo/Page_ProtoCommerce/Page_ProtoCommerce/input_Email_email"), email): Text 'deep@gmail.com' is set on object 'Object Repository/RahulShetty_Repo/RahulShetty_Repo/Page_ProtoCommerce/Page_ProtoCommerce/input_Email_email'

2023-06-09 14:54:49 - [MESSAGE][PASSED] - Text 'deep@gmail.com' is set on object 'Object Repository/RahulShetty_Repo/RahulShetty_Repo/Page_ProtoCommerce/Page_ProtoCommerce/input_Email_email'

2023-06-09 14:54:49 - [TEST_STEP][PASSED] - setText(findTestObject("Object Repository/RahulShetty_Repo/RahulShetty_Repo/Page_ProtoCommerce/Page_ProtoCommerce/input_Password_exampleInputPassword1"), password): Text 'deep123' is set on object 'Object Repository/RahulShetty_Repo/RahulShetty_Repo/Page_ProtoCommerce/Page_ProtoCommerce/input_Password_exampleInputPassword1'

2023-06-09 14:54:50 - [MESSAGE][PASSED] - Text 'deep123' is set on object 'Object Repository/RahulShetty_Repo/RahulShetty_Repo/Page_ProtoCommerce/Page_ProtoCommerce/input_Password_exampleInputPassword1'

2023-06-09 14:54:50 - [TEST_STEP][PASSED] - click(findTestObject("Object Repository/RahulShetty_Repo/RahulShetty_Repo/Page_ProtoCommerce/Page_ProtoCommerce/input_term  Conditions_btn btn-success btn-lg")): Object: 'Object Repository/RahulShetty_Repo/RahulShetty_Repo/Page_ProtoCommerce/Page_ProtoCommerce/input_term  Conditions_btn btn-success btn-lg' is clicked on

2023-06-09 14:54:51 - [MESSAGE][INFO] - Unable to find the element located by 'By.xpath: '. Please recheck the objects properties to make sure the desired element is located. 

2023-06-09 14:54:51 - [MESSAGE][WARNING] - [SELF-HEALING] Failed to find element with id 'Object Repository/RahulShetty_Repo/RahulShetty_Repo/Page_ProtoCommerce/Page_ProtoCommerce/input_term  Conditions_btn btn-success btn-lg'. Try using Self-healing.

2023-06-09 14:54:52 - [MESSAGE][INFO] - Unable to find the element located by 'By.xpath: //input[@value='Purchase']'. Please recheck the objects properties to make sure the desired element is located. 

2023-06-09 14:54:52 - [MESSAGE][WARNING] - [SELF-HEALING] The current locator of test object 'Object Repository/RahulShetty_Repo/RahulShetty_Repo/Page_ProtoCommerce/Page_ProtoCommerce/input_term  Conditions_btn btn-success btn-lg' was broken. Propose an alternative one: '//form/input'.

2023-06-09 14:54:53 - [MESSAGE][PASSED] - Object: 'Object Repository/RahulShetty_Repo/RahulShetty_Repo/Page_ProtoCommerce/Page_ProtoCommerce/input_term  Conditions_btn btn-success btn-lg' is clicked on

2023-06-09 14:54:53 - [TEST_STEP][PASSED] - verifyElementVisible(findTestObject("RahulShetty_Repo/assertion/Page_ProtoCommerce/div_Success The Form has been submitted successfully"), STOP_ON_FAILURE): Object 'Object Repository/RahulShetty_Repo/assertion/Page_ProtoCommerce/div_Success The Form has been submitted successfully' is visible

2023-06-09 14:54:53 - [MESSAGE][PASSED] - Object 'Object Repository/RahulShetty_Repo/assertion/Page_ProtoCommerce/div_Success The Form has been submitted successfully' is visible

2023-06-09 14:54:53 - [TEST_STEP][PASSED] - click(findTestObject("Object Repository/RahulShetty_Repo/RahulShetty_Repo/Page_ProtoCommerce/Page_ProtoCommerce/strong_Success")): Object: 'Object Repository/RahulShetty_Repo/RahulShetty_Repo/Page_ProtoCommerce/Page_ProtoCommerce/strong_Success' is clicked on

2023-06-09 14:54:54 - [MESSAGE][PASSED] - Object: 'Object Repository/RahulShetty_Repo/RahulShetty_Repo/Page_ProtoCommerce/Page_ProtoCommerce/strong_Success' is clicked on

2023-06-09 14:54:54 - [TEST_STEP][PASSED] - delay(2): Delayed 2 second(s)

2023-06-09 14:54:56 - [MESSAGE][PASSED] - Delayed 2 second(s)

2023-06-09 14:54:56 - [TEST_STEP][PASSED] - Start tear down : TearDownMethod: Method 'TearDownMethod' complete successfully

2023-06-09 14:54:56 - [TEST_STEP][PASSED] - click(findTestObject("Object Repository/RahulShetty_Repo/RahulShetty_Repo/Page_ProtoCommerce/Page_ProtoCommerce/a_Shop")): Object: 'Object Repository/RahulShetty_Repo/RahulShetty_Repo/Page_ProtoCommerce/Page_ProtoCommerce/a_Shop' is clicked on

2023-06-09 14:54:56 - [MESSAGE][PASSED] - Object: 'Object Repository/RahulShetty_Repo/RahulShetty_Repo/Page_ProtoCommerce/Page_ProtoCommerce/a_Shop' is clicked on

2023-06-09 14:54:56 - [MESSAGE][PASSED] - Method 'TearDownMethod' complete successfully

2023-06-09 14:54:56 - [TEST_STEP][PASSED] - Start listener action : sampleAfterTestCase: null]]></system-out>
         <system-err><![CDATA[]]></system-err>
      </testcase>
      <system-out><![CDATA[2023-06-09 14:53:32 - [TEST_SUITE][PASSED] - RahulShetty: Test Cases/RahulShettyTestCase/RahulShettyLoginPage]]></system-out>
      <system-err><![CDATA[]]></system-err>
   </testsuite>
</testsuites>
