<?xml version="1.0" encoding="UTF-8"?>
<testsuites name="RahulShettyCollection" time="204.605" tests="4" failures="0" errors="0">
   <testsuite name="RahulShetty" tests="2" failures="0" errors="0" time="94.282" skipped="0" timestamp="2023-06-12 13:32:20" hostname="dharm - SF-CPU-792" id="Test Suites/RahulShettyTestSuite/RahulShetty">
      <properties>
         <property name="deviceName" value=""/>
         <property name="devicePlatform" value=""/>
         <property name="logFolder" value="/home/dharm/git/FinalAssignment/Reports/20230612_133209/RahulShettyTestSuite/RahulShetty/20230612_133210"/>
         <property name="logFiles" value="/home/dharm/git/FinalAssignment/Reports/20230612_133209/RahulShettyTestSuite/RahulShetty/20230612_133210/execution0.log"/>
         <property name="attachments" value="/home/dharm/git/FinalAssignment/Reports/20230612_133209/RahulShettyTestSuite/RahulShetty/20230612_133210/1686556953880.png, /home/dharm/git/FinalAssignment/Reports/20230612_133209/RahulShettyTestSuite/RahulShetty/20230612_133210/1686556954438.png, /home/dharm/git/FinalAssignment/Reports/20230612_133209/RahulShettyTestSuite/RahulShetty/20230612_133210/1686557000383.png, /home/dharm/git/FinalAssignment/Reports/20230612_133209/RahulShettyTestSuite/RahulShetty/20230612_133210/1686557000978.png"/>
         <property name="hostName" value="dharm - SF-CPU-792"/>
         <property name="os" value="Linux 64bit"/>
         <property name="katalonVersion" value="8.6.0.208"/>
         <property name="browser" value="Chrome 108.0.0.0"/>
         <property name="hostAddress" value="127.0.1.1"/>
         <property name="sessionId" value="6659ae811c62a8cf0dff448f6ae1b028"/>
         <property name="seleniumVersion" value="3.141.59"/>
         <property name="proxyInformation" value="ProxyInformation { proxyOption=NO_PROXY, proxyServerType=HTTP, username=, password=********, proxyServerAddress=, proxyServerPort=0, executionList=&quot;&quot;, isApplyToDesiredCapabilities=true }"/>
         <property name="platform" value="Linux"/>
      </properties>
      <testcase name="Test Cases/RahulShettyTestCase/RahulShettyLoginPage" time="47.028" classname="Test Cases/RahulShettyTestCase/RahulShettyLoginPage" status="PASSED">
         <system-out><![CDATA[2023-06-12 13:32:22 - [TEST_CASE][PASSED] - Test Cases/RahulShettyTestCase/RahulShettyLoginPage: Test Cases/RahulShettyTestCase/RahulShettyLoginPage

2023-06-12 13:32:22 - [TEST_STEP][PASSED] - Start listener action : sampleBeforeTestCase: null

2023-06-12 13:32:22 - [TEST_STEP][PASSED] - Start setup action : SetupMethod: Method 'SetupMethod' complete successfully

2023-06-12 13:32:22 - [TEST_STEP][PASSED] - navigateToUrl(url): Navigate to 'https://rahulshettyacademy.com/loginpagePractise/' successfully

2023-06-12 13:32:23 - [MESSAGE][PASSED] - Navigate to 'https://rahulshettyacademy.com/loginpagePractise/' successfully

2023-06-12 13:32:23 - [TEST_STEP][PASSED] - getUrl().equals("https://rahulshettyacademy.com/loginpagePractise/"): Current window's url is: 'https://rahulshettyacademy.com/loginpagePractise/'

2023-06-12 13:32:23 - [MESSAGE][PASSED] - Current window's url is: 'https://rahulshettyacademy.com/loginpagePractise/'

2023-06-12 13:32:23 - [TEST_STEP][FAILED] - try: Unable to verify object 'Object Repository/RahulShetty_Repo/RahulShetty_Repo/Page_ProtoCommerce/h1_Shop Name' is visible (Root cause: com.kms.katalon.core.exception.StepFailedException: Unable to verify object 'Object Repository/RahulShetty_Repo/RahulShetty_Repo/Page_ProtoCommerce/h1_Shop Name' is visible
	at com.kms.katalon.core.webui.keyword.internal.WebUIKeywordMain.stepFailed(WebUIKeywordMain.groovy:64)
	at com.kms.katalon.core.webui.keyword.internal.WebUIKeywordMain.runKeyword(WebUIKeywordMain.groovy:26)
	at com.kms.katalon.core.webui.keyword.builtin.VerifyElementVisibleKeyword.verifyElementVisible(VerifyElementVisibleKeyword.groovy:97)
	at com.kms.katalon.core.webui.keyword.builtin.VerifyElementVisibleKeyword.execute(VerifyElementVisibleKeyword.groovy:67)
	at com.kms.katalon.core.keyword.internal.KeywordExecutor.executeKeywordForPlatform(KeywordExecutor.groovy:74)
	at com.kms.katalon.core.webui.keyword.WebUiBuiltInKeywords.verifyElementVisible(WebUiBuiltInKeywords.groovy:376)
	at com.kms.katalon.core.webui.keyword.WebUiBuiltInKeywords$verifyElementVisible$6.call(Unknown Source)
	at Script1686023785468.SetupMethod(Script1686023785468.groovy:74)
	at com.kms.katalon.core.main.ScriptEngine.runScriptMethodAsRawText(ScriptEngine.java:133)
	at com.kms.katalon.core.main.TestCaseExecutor.runMethod(TestCaseExecutor.java:458)
	at com.kms.katalon.core.main.TestCaseExecutor.runMethod(TestCaseExecutor.java:580)
	at com.kms.katalon.core.main.TestCaseExecutor.internallyRunMethods(TestCaseExecutor.java:565)
	at com.kms.katalon.core.main.TestCaseExecutor.processSetupPhase(TestCaseExecutor.java:203)
	at com.kms.katalon.core.main.TestCaseExecutor.accessMainPhase(TestCaseExecutor.java:407)
	at com.kms.katalon.core.main.TestCaseExecutor.execute(TestCaseExecutor.java:285)
	at com.kms.katalon.core.common.CommonExecutor.accessTestCaseMainPhase(CommonExecutor.java:65)
	at com.kms.katalon.core.main.TestSuiteExecutor.accessTestSuiteMainPhase(TestSuiteExecutor.java:148)
	at com.kms.katalon.core.main.TestSuiteExecutor.execute(TestSuiteExecutor.java:106)
	at com.kms.katalon.core.main.TestCaseMain.startTestSuite(TestCaseMain.java:187)
	at com.kms.katalon.core.main.TestCaseMain$startTestSuite$0.call(Unknown Source)
	at TempTestSuite1686556930022.run(TempTestSuite1686556930022.groovy:36)
Caused by: com.kms.katalon.core.exception.StepFailedException: Web element with id: 'Object Repository/RahulShetty_Repo/RahulShetty_Repo/Page_ProtoCommerce/h1_Shop Name' located by '(.//*[normalize-space(text()) and normalize-space(.)='(current)'])[1]/following::h1[1]' not found
	at com.kms.katalon.core.webui.keyword.internal.WebUIKeywordMain.stepFailed(WebUIKeywordMain.groovy:64)
	at com.kms.katalon.core.webui.keyword.builtin.VerifyElementVisibleKeyword$_verifyElementVisible_closure1.doCall(VerifyElementVisibleKeyword.groovy:89)
	at com.kms.katalon.core.webui.keyword.builtin.VerifyElementVisibleKeyword$_verifyElementVisible_closure1.call(VerifyElementVisibleKeyword.groovy)
	at com.kms.katalon.core.webui.keyword.internal.WebUIKeywordMain.runKeyword(WebUIKeywordMain.groovy:20)
	... 19 more
)

2023-06-12 13:32:23 - [TEST_STEP][PASSED] - com.RSPage.Invalidlogin(Invalidusername, LoginPassword, object_username, object_password): com.RSPage.Invalidlogin is PASSED

2023-06-12 13:32:24 - [MESSAGE][PASSED] - Text 'dharm' is set on object 'Object Repository/RahulShetty_Repo/RahulShetty_Repo/Page_LoginPage Practise  Rahul Shetty Academy/Page_LoginPage Practise  Rahul Shetty Academy/input_Username_username'

2023-06-12 13:32:25 - [MESSAGE][PASSED] - Text 'learning' is set on object 'Object Repository/RahulShetty_Repo/RahulShetty_Repo/Page_LoginPage Practise  Rahul Shetty Academy/Page_LoginPage Practise  Rahul Shetty Academy/input_Password_password'

2023-06-12 13:32:25 - [MESSAGE][PASSED] - com.RSPage.Invalidlogin is PASSED

2023-06-12 13:32:25 - [TEST_STEP][PASSED] - verifyElementClickable(findTestObject("RahulShetty_Repo/assertion/Page_LoginPage Practise  Rahul Shetty Academy/span_User_checkmark")): Object 'Object Repository/RahulShetty_Repo/assertion/Page_LoginPage Practise  Rahul Shetty Academy/span_User_checkmark' is clickable

2023-06-12 13:32:25 - [MESSAGE][PASSED] - Object 'Object Repository/RahulShetty_Repo/assertion/Page_LoginPage Practise  Rahul Shetty Academy/span_User_checkmark' is clickable

2023-06-12 13:32:25 - [TEST_STEP][PASSED] - click(findTestObject("RahulShetty_Repo/assertion/Page_LoginPage Practise  Rahul Shetty Academy/span_User_checkmark")): Object: 'Object Repository/RahulShetty_Repo/assertion/Page_LoginPage Practise  Rahul Shetty Academy/span_User_checkmark' is clicked on

2023-06-12 13:32:25 - [MESSAGE][PASSED] - Object: 'Object Repository/RahulShetty_Repo/assertion/Page_LoginPage Practise  Rahul Shetty Academy/span_User_checkmark' is clicked on

2023-06-12 13:32:25 - [TEST_STEP][PASSED] - click(findTestObject("RahulShetty_Repo/assertion/Page_LoginPage Practise  Rahul Shetty Academy/button_Okay")): Object: 'Object Repository/RahulShetty_Repo/assertion/Page_LoginPage Practise  Rahul Shetty Academy/button_Okay' is clicked on

2023-06-12 13:32:26 - [MESSAGE][PASSED] - Object: 'Object Repository/RahulShetty_Repo/assertion/Page_LoginPage Practise  Rahul Shetty Academy/button_Okay' is clicked on

2023-06-12 13:32:26 - [TEST_STEP][PASSED] - click(findTestObject("RahulShetty_Repo/RahulShetty_Repo/Page_LoginPage Practise  Rahul Shetty Academy/Page_LoginPage Practise  Rahul Shetty Academy/input_I Agree to the_signin")): Object: 'Object Repository/RahulShetty_Repo/RahulShetty_Repo/Page_LoginPage Practise  Rahul Shetty Academy/Page_LoginPage Practise  Rahul Shetty Academy/input_I Agree to the_signin' is clicked on

2023-06-12 13:32:27 - [MESSAGE][PASSED] - Object: 'Object Repository/RahulShetty_Repo/RahulShetty_Repo/Page_LoginPage Practise  Rahul Shetty Academy/Page_LoginPage Practise  Rahul Shetty Academy/input_I Agree to the_signin' is clicked on

2023-06-12 13:32:27 - [TEST_STEP][FAILED] - verifyElementVisible(findTestObject("RahulShetty_Repo/RahulShetty_Repo/Page_ProtoCommerce/h1_Shop Name")): Unable to verify object 'Object Repository/RahulShetty_Repo/RahulShetty_Repo/Page_ProtoCommerce/h1_Shop Name' is visible (Root cause: com.kms.katalon.core.exception.StepFailedException: Unable to verify object 'Object Repository/RahulShetty_Repo/RahulShetty_Repo/Page_ProtoCommerce/h1_Shop Name' is visible
	at com.kms.katalon.core.webui.keyword.internal.WebUIKeywordMain.stepFailed(WebUIKeywordMain.groovy:64)
	at com.kms.katalon.core.webui.keyword.internal.WebUIKeywordMain.runKeyword(WebUIKeywordMain.groovy:26)
	at com.kms.katalon.core.webui.keyword.builtin.VerifyElementVisibleKeyword.verifyElementVisible(VerifyElementVisibleKeyword.groovy:97)
	at com.kms.katalon.core.webui.keyword.builtin.VerifyElementVisibleKeyword.execute(VerifyElementVisibleKeyword.groovy:67)
	at com.kms.katalon.core.keyword.internal.KeywordExecutor.executeKeywordForPlatform(KeywordExecutor.groovy:74)
	at com.kms.katalon.core.webui.keyword.WebUiBuiltInKeywords.verifyElementVisible(WebUiBuiltInKeywords.groovy:376)
	at com.kms.katalon.core.webui.keyword.WebUiBuiltInKeywords$verifyElementVisible$6.call(Unknown Source)
	at Script1686023785468.SetupMethod(Script1686023785468.groovy:74)
	at com.kms.katalon.core.main.ScriptEngine.runScriptMethodAsRawText(ScriptEngine.java:133)
	at com.kms.katalon.core.main.TestCaseExecutor.runMethod(TestCaseExecutor.java:458)
	at com.kms.katalon.core.main.TestCaseExecutor.runMethod(TestCaseExecutor.java:580)
	at com.kms.katalon.core.main.TestCaseExecutor.internallyRunMethods(TestCaseExecutor.java:565)
	at com.kms.katalon.core.main.TestCaseExecutor.processSetupPhase(TestCaseExecutor.java:203)
	at com.kms.katalon.core.main.TestCaseExecutor.accessMainPhase(TestCaseExecutor.java:407)
	at com.kms.katalon.core.main.TestCaseExecutor.execute(TestCaseExecutor.java:285)
	at com.kms.katalon.core.common.CommonExecutor.accessTestCaseMainPhase(CommonExecutor.java:65)
	at com.kms.katalon.core.main.TestSuiteExecutor.accessTestSuiteMainPhase(TestSuiteExecutor.java:148)
	at com.kms.katalon.core.main.TestSuiteExecutor.execute(TestSuiteExecutor.java:106)
	at com.kms.katalon.core.main.TestCaseMain.startTestSuite(TestCaseMain.java:187)
	at com.kms.katalon.core.main.TestCaseMain$startTestSuite$0.call(Unknown Source)
	at TempTestSuite1686556930022.run(TempTestSuite1686556930022.groovy:36)
Caused by: com.kms.katalon.core.exception.StepFailedException: Web element with id: 'Object Repository/RahulShetty_Repo/RahulShetty_Repo/Page_ProtoCommerce/h1_Shop Name' located by '(.//*[normalize-space(text()) and normalize-space(.)='(current)'])[1]/following::h1[1]' not found
	at com.kms.katalon.core.webui.keyword.internal.WebUIKeywordMain.stepFailed(WebUIKeywordMain.groovy:64)
	at com.kms.katalon.core.webui.keyword.builtin.VerifyElementVisibleKeyword$_verifyElementVisible_closure1.doCall(VerifyElementVisibleKeyword.groovy:89)
	at com.kms.katalon.core.webui.keyword.builtin.VerifyElementVisibleKeyword$_verifyElementVisible_closure1.call(VerifyElementVisibleKeyword.groovy)
	at com.kms.katalon.core.webui.keyword.internal.WebUIKeywordMain.runKeyword(WebUIKeywordMain.groovy:20)
	... 19 more
)

2023-06-12 13:32:28 - [MESSAGE][INFO] - Unable to find the element located by 'By.xpath: (.//*[normalize-space(text()) and normalize-space(.)='(current)'])[1]/following::h1[1]'. Please recheck the objects properties to make sure the desired element is located. 

2023-06-12 13:32:28 - [MESSAGE][WARNING] - [SELF-HEALING] Failed to find element with id 'Object Repository/RahulShetty_Repo/RahulShetty_Repo/Page_ProtoCommerce/h1_Shop Name'. Try using Self-healing.

2023-06-12 13:32:29 - [MESSAGE][INFO] - [SELF-HEALING] Failed Locator: '(.//*[normalize-space(text()) and normalize-space(.)='(current)'])[1]/following::h1[1]'.

2023-06-12 13:32:29 - [MESSAGE][INFO] - [SELF-HEALING] Failed Locator: '(.//*[normalize-space(text()) and normalize-space(.)='Previous'])[1]/preceding::h1[1]'.

2023-06-12 13:32:30 - [MESSAGE][INFO] - [SELF-HEALING] Failed Locator: '(.//*[normalize-space(text()) and normalize-space(.)='Next'])[1]/preceding::h1[1]'.

2023-06-12 13:32:30 - [MESSAGE][INFO] - [SELF-HEALING] Failed Locator: '//*/text()[normalize-space(.)='Shop Name']/parent::*'.

2023-06-12 13:32:30 - [MESSAGE][INFO] - [SELF-HEALING] Failed Locator: '//h1'.

2023-06-12 13:32:31 - [MESSAGE][INFO] - [SELF-HEALING] Failed Locator: '//h1[(text() = 'Shop Name' or . = 'Shop Name')]'.

2023-06-12 13:32:32 - [MESSAGE][INFO] - Unable to find the element located by 'By.xpath: //*[(text() = 'Shop Name' or . = 'Shop Name')]'. Please recheck the objects properties to make sure the desired element is located. 

2023-06-12 13:32:33 - [MESSAGE][INFO] - Unable to find the element located by 'By.cssSelector: h1.my-4'. Please recheck the objects properties to make sure the desired element is located. 

2023-06-12 13:32:34 - [MESSAGE][FAILED] - Web element with id: 'Object Repository/RahulShetty_Repo/RahulShetty_Repo/Page_ProtoCommerce/h1_Shop Name' located by '(.//*[normalize-space(text()) and normalize-space(.)='(current)'])[1]/following::h1[1]' not found (Root cause: com.kms.katalon.core.exception.StepFailedException: Web element with id: 'Object Repository/RahulShetty_Repo/RahulShetty_Repo/Page_ProtoCommerce/h1_Shop Name' located by '(.//*[normalize-space(text()) and normalize-space(.)='(current)'])[1]/following::h1[1]' not found
	at com.kms.katalon.core.webui.keyword.internal.WebUIKeywordMain.stepFailed(WebUIKeywordMain.groovy:64)
	at com.kms.katalon.core.webui.keyword.builtin.VerifyElementVisibleKeyword$_verifyElementVisible_closure1.doCall(VerifyElementVisibleKeyword.groovy:89)
	at com.kms.katalon.core.webui.keyword.builtin.VerifyElementVisibleKeyword$_verifyElementVisible_closure1.call(VerifyElementVisibleKeyword.groovy)
	at com.kms.katalon.core.webui.keyword.internal.WebUIKeywordMain.runKeyword(WebUIKeywordMain.groovy:20)
	at com.kms.katalon.core.webui.keyword.builtin.VerifyElementVisibleKeyword.verifyElementVisible(VerifyElementVisibleKeyword.groovy:97)
	at com.kms.katalon.core.webui.keyword.builtin.VerifyElementVisibleKeyword.execute(VerifyElementVisibleKeyword.groovy:67)
	at com.kms.katalon.core.keyword.internal.KeywordExecutor.executeKeywordForPlatform(KeywordExecutor.groovy:74)
	at com.kms.katalon.core.webui.keyword.WebUiBuiltInKeywords.verifyElementVisible(WebUiBuiltInKeywords.groovy:376)
	at com.kms.katalon.core.webui.keyword.WebUiBuiltInKeywords$verifyElementVisible$6.call(Unknown Source)
	at Script1686023785468.SetupMethod(Script1686023785468.groovy:74)
	at com.kms.katalon.core.main.ScriptEngine.runScriptMethodAsRawText(ScriptEngine.java:133)
	at com.kms.katalon.core.main.TestCaseExecutor.runMethod(TestCaseExecutor.java:458)
	at com.kms.katalon.core.main.TestCaseExecutor.runMethod(TestCaseExecutor.java:580)
	at com.kms.katalon.core.main.TestCaseExecutor.internallyRunMethods(TestCaseExecutor.java:565)
	at com.kms.katalon.core.main.TestCaseExecutor.processSetupPhase(TestCaseExecutor.java:203)
	at com.kms.katalon.core.main.TestCaseExecutor.accessMainPhase(TestCaseExecutor.java:407)
	at com.kms.katalon.core.main.TestCaseExecutor.execute(TestCaseExecutor.java:285)
	at com.kms.katalon.core.common.CommonExecutor.accessTestCaseMainPhase(CommonExecutor.java:65)
	at com.kms.katalon.core.main.TestSuiteExecutor.accessTestSuiteMainPhase(TestSuiteExecutor.java:148)
	at com.kms.katalon.core.main.TestSuiteExecutor.execute(TestSuiteExecutor.java:106)
	at com.kms.katalon.core.main.TestCaseMain.startTestSuite(TestCaseMain.java:187)
	at com.kms.katalon.core.main.TestCaseMain$startTestSuite$0.call(Unknown Source)
	at TempTestSuite1686556930022.run(TempTestSuite1686556930022.groovy:36)
)
[[ATTACHMENT|/home/dharm/git/FinalAssignment/Reports/20230612_133209/RahulShettyTestSuite/RahulShetty/20230612_133210/1686556953880.png]]

2023-06-12 13:32:34 - [MESSAGE][FAILED] - Unable to verify object 'Object Repository/RahulShetty_Repo/RahulShetty_Repo/Page_ProtoCommerce/h1_Shop Name' is visible (Root cause: com.kms.katalon.core.exception.StepFailedException: Unable to verify object 'Object Repository/RahulShetty_Repo/RahulShetty_Repo/Page_ProtoCommerce/h1_Shop Name' is visible
	at com.kms.katalon.core.webui.keyword.internal.WebUIKeywordMain.stepFailed(WebUIKeywordMain.groovy:64)
	at com.kms.katalon.core.webui.keyword.internal.WebUIKeywordMain.runKeyword(WebUIKeywordMain.groovy:26)
	at com.kms.katalon.core.webui.keyword.builtin.VerifyElementVisibleKeyword.verifyElementVisible(VerifyElementVisibleKeyword.groovy:97)
	at com.kms.katalon.core.webui.keyword.builtin.VerifyElementVisibleKeyword.execute(VerifyElementVisibleKeyword.groovy:67)
	at com.kms.katalon.core.keyword.internal.KeywordExecutor.executeKeywordForPlatform(KeywordExecutor.groovy:74)
	at com.kms.katalon.core.webui.keyword.WebUiBuiltInKeywords.verifyElementVisible(WebUiBuiltInKeywords.groovy:376)
	at com.kms.katalon.core.webui.keyword.WebUiBuiltInKeywords$verifyElementVisible$6.call(Unknown Source)
	at Script1686023785468.SetupMethod(Script1686023785468.groovy:74)
	at com.kms.katalon.core.main.ScriptEngine.runScriptMethodAsRawText(ScriptEngine.java:133)
	at com.kms.katalon.core.main.TestCaseExecutor.runMethod(TestCaseExecutor.java:458)
	at com.kms.katalon.core.main.TestCaseExecutor.runMethod(TestCaseExecutor.java:580)
	at com.kms.katalon.core.main.TestCaseExecutor.internallyRunMethods(TestCaseExecutor.java:565)
	at com.kms.katalon.core.main.TestCaseExecutor.processSetupPhase(TestCaseExecutor.java:203)
	at com.kms.katalon.core.main.TestCaseExecutor.accessMainPhase(TestCaseExecutor.java:407)
	at com.kms.katalon.core.main.TestCaseExecutor.execute(TestCaseExecutor.java:285)
	at com.kms.katalon.core.common.CommonExecutor.accessTestCaseMainPhase(CommonExecutor.java:65)
	at com.kms.katalon.core.main.TestSuiteExecutor.accessTestSuiteMainPhase(TestSuiteExecutor.java:148)
	at com.kms.katalon.core.main.TestSuiteExecutor.execute(TestSuiteExecutor.java:106)
	at com.kms.katalon.core.main.TestCaseMain.startTestSuite(TestCaseMain.java:187)
	at com.kms.katalon.core.main.TestCaseMain$startTestSuite$0.call(Unknown Source)
	at TempTestSuite1686556930022.run(TempTestSuite1686556930022.groovy:36)
Caused by: com.kms.katalon.core.exception.StepFailedException: Web element with id: 'Object Repository/RahulShetty_Repo/RahulShetty_Repo/Page_ProtoCommerce/h1_Shop Name' located by '(.//*[normalize-space(text()) and normalize-space(.)='(current)'])[1]/following::h1[1]' not found
	at com.kms.katalon.core.webui.keyword.internal.WebUIKeywordMain.stepFailed(WebUIKeywordMain.groovy:64)
	at com.kms.katalon.core.webui.keyword.builtin.VerifyElementVisibleKeyword$_verifyElementVisible_closure1.doCall(VerifyElementVisibleKeyword.groovy:89)
	at com.kms.katalon.core.webui.keyword.builtin.VerifyElementVisibleKeyword$_verifyElementVisible_closure1.call(VerifyElementVisibleKeyword.groovy)
	at com.kms.katalon.core.webui.keyword.internal.WebUIKeywordMain.runKeyword(WebUIKeywordMain.groovy:20)
	... 19 more
)
[[ATTACHMENT|/home/dharm/git/FinalAssignment/Reports/20230612_133209/RahulShettyTestSuite/RahulShetty/20230612_133210/1686556954438.png]]

2023-06-12 13:32:34 - [TEST_STEP][PASSED] - catch (Exception e): Object 'Object Repository/RahulShetty_Repo/RahulShetty_Repo/Page_ProtoCommerce/h1_Shop Name' is visible

2023-06-12 13:32:34 - [TEST_STEP][PASSED] - com.RSPage.Validlogin(Validusername, LoginPassword, object_username, object_password): com.RSPage.Validlogin is PASSED

2023-06-12 13:32:35 - [MESSAGE][PASSED] - Text 'rahulshettyacademy' is set on object 'Object Repository/RahulShetty_Repo/RahulShetty_Repo/Page_LoginPage Practise  Rahul Shetty Academy/Page_LoginPage Practise  Rahul Shetty Academy/input_Username_username'

2023-06-12 13:32:36 - [MESSAGE][PASSED] - Text 'learning' is set on object 'Object Repository/RahulShetty_Repo/RahulShetty_Repo/Page_LoginPage Practise  Rahul Shetty Academy/Page_LoginPage Practise  Rahul Shetty Academy/input_Password_password'

2023-06-12 13:32:36 - [MESSAGE][PASSED] - com.RSPage.Validlogin is PASSED

2023-06-12 13:32:36 - [TEST_STEP][PASSED] - click(findTestObject("Object Repository/RahulShetty_Repo/RahulShetty_Repo/Page_LoginPage Practise  Rahul Shetty Academy/Page_LoginPage Practise  Rahul Shetty Academy/input_I Agree to the_signin")): Object: 'Object Repository/RahulShetty_Repo/RahulShetty_Repo/Page_LoginPage Practise  Rahul Shetty Academy/Page_LoginPage Practise  Rahul Shetty Academy/input_I Agree to the_signin' is clicked on

2023-06-12 13:32:36 - [MESSAGE][PASSED] - Object: 'Object Repository/RahulShetty_Repo/RahulShetty_Repo/Page_LoginPage Practise  Rahul Shetty Academy/Page_LoginPage Practise  Rahul Shetty Academy/input_I Agree to the_signin' is clicked on

2023-06-12 13:32:36 - [TEST_STEP][PASSED] - delay(2): Delayed 2 second(s)

2023-06-12 13:32:38 - [MESSAGE][PASSED] - Delayed 2 second(s)

2023-06-12 13:32:38 - [TEST_STEP][PASSED] - verifyElementVisible(findTestObject("RahulShetty_Repo/RahulShetty_Repo/Page_ProtoCommerce/h1_Shop Name")): Object 'Object Repository/RahulShetty_Repo/RahulShetty_Repo/Page_ProtoCommerce/h1_Shop Name' is visible

2023-06-12 13:32:40 - [MESSAGE][PASSED] - Object 'Object Repository/RahulShetty_Repo/RahulShetty_Repo/Page_ProtoCommerce/h1_Shop Name' is visible

2023-06-12 13:32:40 - [MESSAGE][PASSED] - Method 'SetupMethod' complete successfully

2023-06-12 13:32:40 - [TEST_STEP][PASSED] - delay(2): Delayed 2 second(s)

2023-06-12 13:32:42 - [MESSAGE][PASSED] - Delayed 2 second(s)

2023-06-12 13:32:42 - [TEST_STEP][PASSED] - homevariable = "Home": null

2023-06-12 13:32:42 - [TEST_STEP][PASSED] - click(findTestObject("RahulShetty_Repo/RahulShetty_Repo/DynamicObjectCreation/a_Shop", ["text":homevariable])): Object: 'Object Repository/RahulShetty_Repo/RahulShetty_Repo/DynamicObjectCreation/a_Shop' is clicked on

2023-06-12 13:32:42 - [MESSAGE][PASSED] - Object: 'Object Repository/RahulShetty_Repo/RahulShetty_Repo/DynamicObjectCreation/a_Shop' is clicked on

2023-06-12 13:32:42 - [TEST_STEP][PASSED] - delay(1): Delayed 1 second(s)

2023-06-12 13:32:43 - [MESSAGE][PASSED] - Delayed 1 second(s)

2023-06-12 13:32:43 - [TEST_STEP][PASSED] - shopvariable = "shop": null

2023-06-12 13:32:43 - [TEST_STEP][PASSED] - verifyElementClickable(findTestObject("RahulShetty_Repo/RahulShetty_Repo/DynamicObjectCreation/a_Shop", ["text":shopvariable])): Object 'Object Repository/RahulShetty_Repo/RahulShetty_Repo/DynamicObjectCreation/a_Shop' is clickable

2023-06-12 13:32:45 - [MESSAGE][INFO] - Unable to find the element located by 'By.xpath: //*[(text() = 'shop' or . = 'shop')]'. Please recheck the objects properties to make sure the desired element is located. 

2023-06-12 13:32:45 - [MESSAGE][WARNING] - [SELF-HEALING] Failed to find element with id 'Object Repository/RahulShetty_Repo/RahulShetty_Repo/DynamicObjectCreation/a_Shop'. Try using Self-healing.

2023-06-12 13:32:45 - [MESSAGE][WARNING] - [SELF-HEALING] The current locator of test object 'Object Repository/RahulShetty_Repo/RahulShetty_Repo/DynamicObjectCreation/a_Shop' was broken. Propose an alternative one: '//a[@href = '/angularpractice/shop' and (text() = 'Shop' or . = 'Shop')]'.

2023-06-12 13:32:45 - [MESSAGE][PASSED] - Object 'Object Repository/RahulShetty_Repo/RahulShetty_Repo/DynamicObjectCreation/a_Shop' is clickable

2023-06-12 13:32:45 - [TEST_STEP][PASSED] - click(findTestObject("RahulShetty_Repo/RahulShetty_Repo/DynamicObjectCreation/a_Shop", ["text":shopvariable])): Object: 'Object Repository/RahulShetty_Repo/RahulShetty_Repo/DynamicObjectCreation/a_Shop' is clicked on

2023-06-12 13:32:46 - [MESSAGE][INFO] - Unable to find the element located by 'By.xpath: //*[(text() = 'shop' or . = 'shop')]'. Please recheck the objects properties to make sure the desired element is located. 

2023-06-12 13:32:46 - [MESSAGE][WARNING] - [SELF-HEALING] Failed to find element with id 'Object Repository/RahulShetty_Repo/RahulShetty_Repo/DynamicObjectCreation/a_Shop'. Try using Self-healing.

2023-06-12 13:32:47 - [MESSAGE][WARNING] - [SELF-HEALING] The current locator of test object 'Object Repository/RahulShetty_Repo/RahulShetty_Repo/DynamicObjectCreation/a_Shop' was broken. Propose an alternative one: '//a[@href = '/angularpractice/shop' and (text() = 'Shop' or . = 'Shop')]'.

2023-06-12 13:32:47 - [MESSAGE][PASSED] - Object: 'Object Repository/RahulShetty_Repo/RahulShetty_Repo/DynamicObjectCreation/a_Shop' is clicked on

2023-06-12 13:32:47 - [TEST_STEP][PASSED] - com.RSPage.checkout(Add_Object, Checkout_Object): com.RSPage.checkout is PASSED

2023-06-12 13:32:47 - [MESSAGE][PASSED] - Object: 'Object Repository/RahulShetty_Repo/RahulShetty_Repo/Page_ProtoCommerce/Page_ProtoCommerce/button_Add' is clicked on

2023-06-12 13:32:49 - [MESSAGE][PASSED] - Delayed 2 second(s)

2023-06-12 13:32:51 - [MESSAGE][INFO] - Unable to find the element located by 'By.xpath: '. Please recheck the objects properties to make sure the desired element is located. 

2023-06-12 13:32:51 - [MESSAGE][WARNING] - [SELF-HEALING] Failed to find element with id 'Object Repository/RahulShetty_Repo/RahulShetty_Repo/Page_ProtoCommerce/Page_ProtoCommerce/a_Checkout ( 1 )            (current)'. Try using Self-healing.

2023-06-12 13:32:51 - [MESSAGE][WARNING] - [SELF-HEALING] The current locator of test object 'Object Repository/RahulShetty_Repo/RahulShetty_Repo/Page_ProtoCommerce/Page_ProtoCommerce/a_Checkout ( 1 )            (current)' was broken. Propose an alternative one: '//div[@id='navbarResponsive']/ul/li/a'.

2023-06-12 13:32:51 - [MESSAGE][PASSED] - Object 'Object Repository/RahulShetty_Repo/RahulShetty_Repo/Page_ProtoCommerce/Page_ProtoCommerce/a_Checkout ( 1 )            (current)' is visible

2023-06-12 13:32:52 - [MESSAGE][INFO] - Unable to find the element located by 'By.xpath: '. Please recheck the objects properties to make sure the desired element is located. 

2023-06-12 13:32:52 - [MESSAGE][WARNING] - [SELF-HEALING] Failed to find element with id 'Object Repository/RahulShetty_Repo/RahulShetty_Repo/Page_ProtoCommerce/Page_ProtoCommerce/a_Checkout ( 1 )            (current)'. Try using Self-healing.

2023-06-12 13:32:53 - [MESSAGE][WARNING] - [SELF-HEALING] The current locator of test object 'Object Repository/RahulShetty_Repo/RahulShetty_Repo/Page_ProtoCommerce/Page_ProtoCommerce/a_Checkout ( 1 )            (current)' was broken. Propose an alternative one: '//div[@id='navbarResponsive']/ul/li/a'.

2023-06-12 13:32:53 - [MESSAGE][PASSED] - Object: 'Object Repository/RahulShetty_Repo/RahulShetty_Repo/Page_ProtoCommerce/Page_ProtoCommerce/a_Checkout ( 1 )            (current)' is clicked on

2023-06-12 13:32:53 - [MESSAGE][PASSED] - com.RSPage.checkout is PASSED

2023-06-12 13:32:53 - [TEST_STEP][PASSED] - verifyElementText(findTestObject("RahulShetty_Repo/assertion/Page_ProtoCommerce/a_iphone X"), "iphone X"): Actual text and expected text of test object 'Object Repository/RahulShetty_Repo/assertion/Page_ProtoCommerce/a_iphone X' are matched.

2023-06-12 13:32:53 - [MESSAGE][PASSED] - Actual text and expected text of test object 'Object Repository/RahulShetty_Repo/assertion/Page_ProtoCommerce/a_iphone X' are matched.

2023-06-12 13:32:53 - [TEST_STEP][PASSED] - com.RSPage.payment(FinalCheckout, tnc, purchase): com.RSPage.payment is PASSED

2023-06-12 13:32:54 - [MESSAGE][PASSED] - Object: 'Object Repository/RahulShetty_Repo/RahulShetty_Repo/Page_ProtoCommerce/Page_ProtoCommerce/button_Checkout' is clicked on

2023-06-12 13:32:55 - [MESSAGE][INFO] - Unable to find the element located by 'By.xpath: '. Please recheck the objects properties to make sure the desired element is located. 

2023-06-12 13:32:55 - [MESSAGE][WARNING] - [SELF-HEALING] Failed to find element with id 'Object Repository/RahulShetty_Repo/RahulShetty_Repo/Page_ProtoCommerce/Page_ProtoCommerce/label_I agree with the term  Conditions'. Try using Self-healing.

2023-06-12 13:32:55 - [MESSAGE][WARNING] - [SELF-HEALING] The current locator of test object 'Object Repository/RahulShetty_Repo/RahulShetty_Repo/Page_ProtoCommerce/Page_ProtoCommerce/label_I agree with the term  Conditions' was broken. Propose an alternative one: '(.//*[normalize-space(text()) and normalize-space(.)='(current)'])[1]/following::label[2]'.

2023-06-12 13:32:55 - [MESSAGE][PASSED] - Object: 'Object Repository/RahulShetty_Repo/RahulShetty_Repo/Page_ProtoCommerce/Page_ProtoCommerce/label_I agree with the term  Conditions' is clicked on

2023-06-12 13:32:57 - [MESSAGE][INFO] - Unable to find the element located by 'By.xpath: '. Please recheck the objects properties to make sure the desired element is located. 

2023-06-12 13:32:57 - [MESSAGE][WARNING] - [SELF-HEALING] Failed to find element with id 'Object Repository/RahulShetty_Repo/RahulShetty_Repo/Page_ProtoCommerce/Page_ProtoCommerce/input_term  Conditions_btn btn-success btn-lg'. Try using Self-healing.

2023-06-12 13:32:57 - [MESSAGE][WARNING] - [SELF-HEALING] The current locator of test object 'Object Repository/RahulShetty_Repo/RahulShetty_Repo/Page_ProtoCommerce/Page_ProtoCommerce/input_term  Conditions_btn btn-success btn-lg' was broken. Propose an alternative one: '//input[@value='Purchase']'.

2023-06-12 13:32:57 - [MESSAGE][PASSED] - Object 'Object Repository/RahulShetty_Repo/RahulShetty_Repo/Page_ProtoCommerce/Page_ProtoCommerce/input_term  Conditions_btn btn-success btn-lg' is clickable

2023-06-12 13:32:58 - [MESSAGE][INFO] - Unable to find the element located by 'By.xpath: '. Please recheck the objects properties to make sure the desired element is located. 

2023-06-12 13:32:58 - [MESSAGE][WARNING] - [SELF-HEALING] Failed to find element with id 'Object Repository/RahulShetty_Repo/RahulShetty_Repo/Page_ProtoCommerce/Page_ProtoCommerce/input_term  Conditions_btn btn-success btn-lg'. Try using Self-healing.

2023-06-12 13:32:59 - [MESSAGE][WARNING] - [SELF-HEALING] The current locator of test object 'Object Repository/RahulShetty_Repo/RahulShetty_Repo/Page_ProtoCommerce/Page_ProtoCommerce/input_term  Conditions_btn btn-success btn-lg' was broken. Propose an alternative one: '//input[@value='Purchase']'.

2023-06-12 13:32:59 - [MESSAGE][PASSED] - Object: 'Object Repository/RahulShetty_Repo/RahulShetty_Repo/Page_ProtoCommerce/Page_ProtoCommerce/input_term  Conditions_btn btn-success btn-lg' is clicked on

2023-06-12 13:32:59 - [MESSAGE][PASSED] - com.RSPage.payment is PASSED

2023-06-12 13:32:59 - [TEST_STEP][PASSED] - verifyElementVisible(findTestObject("RahulShetty_Repo/assertion/Page_ProtoCommerce/div_Success Thank you Your order will be delivered in next few weeks -)"), STOP_ON_FAILURE): Object 'Object Repository/RahulShetty_Repo/assertion/Page_ProtoCommerce/div_Success Thank you Your order will be delivered in next few weeks -)' is visible

2023-06-12 13:32:59 - [MESSAGE][PASSED] - Object 'Object Repository/RahulShetty_Repo/assertion/Page_ProtoCommerce/div_Success Thank you Your order will be delivered in next few weeks -)' is visible

2023-06-12 13:32:59 - [TEST_STEP][PASSED] - click(findTestObject("Object Repository/RahulShetty_Repo/RahulShetty_Repo/Page_ProtoCommerce/Page_ProtoCommerce/a_ProtoCommerce Home")): Object: 'Object Repository/RahulShetty_Repo/RahulShetty_Repo/Page_ProtoCommerce/Page_ProtoCommerce/a_ProtoCommerce Home' is clicked on

2023-06-12 13:33:00 - [MESSAGE][PASSED] - Object: 'Object Repository/RahulShetty_Repo/RahulShetty_Repo/Page_ProtoCommerce/Page_ProtoCommerce/a_ProtoCommerce Home' is clicked on

2023-06-12 13:33:00 - [TEST_STEP][PASSED] - com.RSPage.formdata(name, email, password, name_object, email_object, password_object): com.RSPage.formdata is PASSED

2023-06-12 13:33:01 - [MESSAGE][PASSED] - Text 'dharm' is set on object 'Object Repository/RahulShetty_Repo/RahulShetty_Repo/Page_ProtoCommerce/Page_ProtoCommerce/input_Name_name'

2023-06-12 13:33:02 - [MESSAGE][PASSED] - Text 'Dharm@gmail.com' is set on object 'Object Repository/RahulShetty_Repo/RahulShetty_Repo/Page_ProtoCommerce/Page_ProtoCommerce/input_Email_email'

2023-06-12 13:33:03 - [MESSAGE][PASSED] - Text 'dharm123' is set on object 'Object Repository/RahulShetty_Repo/RahulShetty_Repo/Page_ProtoCommerce/Page_ProtoCommerce/input_Password_exampleInputPassword1'

2023-06-12 13:33:03 - [MESSAGE][PASSED] - com.RSPage.formdata is PASSED

2023-06-12 13:33:03 - [TEST_STEP][PASSED] - click(findTestObject("Object Repository/RahulShetty_Repo/RahulShetty_Repo/Page_ProtoCommerce/Page_ProtoCommerce/input_term  Conditions_btn btn-success btn-lg")): Object: 'Object Repository/RahulShetty_Repo/RahulShetty_Repo/Page_ProtoCommerce/Page_ProtoCommerce/input_term  Conditions_btn btn-success btn-lg' is clicked on

2023-06-12 13:33:04 - [MESSAGE][INFO] - Unable to find the element located by 'By.xpath: '. Please recheck the objects properties to make sure the desired element is located. 

2023-06-12 13:33:04 - [MESSAGE][WARNING] - [SELF-HEALING] Failed to find element with id 'Object Repository/RahulShetty_Repo/RahulShetty_Repo/Page_ProtoCommerce/Page_ProtoCommerce/input_term  Conditions_btn btn-success btn-lg'. Try using Self-healing.

2023-06-12 13:33:05 - [MESSAGE][INFO] - Unable to find the element located by 'By.xpath: //input[@value='Purchase']'. Please recheck the objects properties to make sure the desired element is located. 

2023-06-12 13:33:05 - [MESSAGE][WARNING] - [SELF-HEALING] The current locator of test object 'Object Repository/RahulShetty_Repo/RahulShetty_Repo/Page_ProtoCommerce/Page_ProtoCommerce/input_term  Conditions_btn btn-success btn-lg' was broken. Propose an alternative one: '//form/input'.

2023-06-12 13:33:05 - [MESSAGE][PASSED] - Object: 'Object Repository/RahulShetty_Repo/RahulShetty_Repo/Page_ProtoCommerce/Page_ProtoCommerce/input_term  Conditions_btn btn-success btn-lg' is clicked on

2023-06-12 13:33:05 - [TEST_STEP][PASSED] - verifyElementVisible(findTestObject("RahulShetty_Repo/assertion/Page_ProtoCommerce/div_Success The Form has been submitted successfully"), STOP_ON_FAILURE): Object 'Object Repository/RahulShetty_Repo/assertion/Page_ProtoCommerce/div_Success The Form has been submitted successfully' is visible

2023-06-12 13:33:06 - [MESSAGE][PASSED] - Object 'Object Repository/RahulShetty_Repo/assertion/Page_ProtoCommerce/div_Success The Form has been submitted successfully' is visible

2023-06-12 13:33:06 - [TEST_STEP][PASSED] - click(findTestObject("Object Repository/RahulShetty_Repo/RahulShetty_Repo/Page_ProtoCommerce/Page_ProtoCommerce/strong_Success")): Object: 'Object Repository/RahulShetty_Repo/RahulShetty_Repo/Page_ProtoCommerce/Page_ProtoCommerce/strong_Success' is clicked on

2023-06-12 13:33:06 - [MESSAGE][PASSED] - Object: 'Object Repository/RahulShetty_Repo/RahulShetty_Repo/Page_ProtoCommerce/Page_ProtoCommerce/strong_Success' is clicked on

2023-06-12 13:33:06 - [TEST_STEP][PASSED] - delay(2): Delayed 2 second(s)

2023-06-12 13:33:08 - [MESSAGE][PASSED] - Delayed 2 second(s)

2023-06-12 13:33:08 - [TEST_STEP][PASSED] - Start tear down : TearDownMethod: Method 'TearDownMethod' complete successfully

2023-06-12 13:33:08 - [TEST_STEP][PASSED] - click(findTestObject("Object Repository/RahulShetty_Repo/RahulShetty_Repo/Page_ProtoCommerce/Page_ProtoCommerce/a_Shop")): Object: 'Object Repository/RahulShetty_Repo/RahulShetty_Repo/Page_ProtoCommerce/Page_ProtoCommerce/a_Shop' is clicked on

2023-06-12 13:33:09 - [MESSAGE][PASSED] - Object: 'Object Repository/RahulShetty_Repo/RahulShetty_Repo/Page_ProtoCommerce/Page_ProtoCommerce/a_Shop' is clicked on

2023-06-12 13:33:09 - [MESSAGE][PASSED] - Method 'TearDownMethod' complete successfully

2023-06-12 13:33:09 - [TEST_STEP][PASSED] - Start listener action : sampleAfterTestCase: null]]></system-out>
         <system-err><![CDATA[]]></system-err>
      </testcase>
      <testcase name="Test Cases/RahulShettyTestCase/RahulShettyLoginPage" time="45.662" classname="Test Cases/RahulShettyTestCase/RahulShettyLoginPage" status="PASSED">
         <system-out><![CDATA[2023-06-12 13:33:09 - [TEST_CASE][PASSED] - Test Cases/RahulShettyTestCase/RahulShettyLoginPage: Test Cases/RahulShettyTestCase/RahulShettyLoginPage

2023-06-12 13:33:09 - [TEST_STEP][PASSED] - Start listener action : sampleBeforeTestCase: null

2023-06-12 13:33:09 - [TEST_STEP][PASSED] - Start setup action : SetupMethod: Method 'SetupMethod' complete successfully

2023-06-12 13:33:09 - [TEST_STEP][PASSED] - navigateToUrl(url): Navigate to 'https://rahulshettyacademy.com/loginpagePractise/' successfully

2023-06-12 13:33:09 - [MESSAGE][PASSED] - Navigate to 'https://rahulshettyacademy.com/loginpagePractise/' successfully

2023-06-12 13:33:09 - [TEST_STEP][PASSED] - getUrl().equals("https://rahulshettyacademy.com/loginpagePractise/"): Current window's url is: 'https://rahulshettyacademy.com/loginpagePractise/'

2023-06-12 13:33:09 - [MESSAGE][PASSED] - Current window's url is: 'https://rahulshettyacademy.com/loginpagePractise/'

2023-06-12 13:33:09 - [TEST_STEP][FAILED] - try: Unable to verify object 'Object Repository/RahulShetty_Repo/RahulShetty_Repo/Page_ProtoCommerce/h1_Shop Name' is visible (Root cause: com.kms.katalon.core.exception.StepFailedException: Unable to verify object 'Object Repository/RahulShetty_Repo/RahulShetty_Repo/Page_ProtoCommerce/h1_Shop Name' is visible
	at com.kms.katalon.core.webui.keyword.internal.WebUIKeywordMain.stepFailed(WebUIKeywordMain.groovy:64)
	at com.kms.katalon.core.webui.keyword.internal.WebUIKeywordMain.runKeyword(WebUIKeywordMain.groovy:26)
	at com.kms.katalon.core.webui.keyword.builtin.VerifyElementVisibleKeyword.verifyElementVisible(VerifyElementVisibleKeyword.groovy:97)
	at com.kms.katalon.core.webui.keyword.builtin.VerifyElementVisibleKeyword.execute(VerifyElementVisibleKeyword.groovy:67)
	at com.kms.katalon.core.keyword.internal.KeywordExecutor.executeKeywordForPlatform(KeywordExecutor.groovy:74)
	at com.kms.katalon.core.webui.keyword.WebUiBuiltInKeywords.verifyElementVisible(WebUiBuiltInKeywords.groovy:376)
	at com.kms.katalon.core.webui.keyword.WebUiBuiltInKeywords$verifyElementVisible$6.call(Unknown Source)
	at RahulShettyLoginPage.SetupMethod(RahulShettyLoginPage:74)
	at com.kms.katalon.core.main.ScriptEngine.runScriptMethodAsRawText(ScriptEngine.java:133)
	at com.kms.katalon.core.main.TestCaseExecutor.runMethod(TestCaseExecutor.java:458)
	at com.kms.katalon.core.main.TestCaseExecutor.runMethod(TestCaseExecutor.java:580)
	at com.kms.katalon.core.main.TestCaseExecutor.internallyRunMethods(TestCaseExecutor.java:565)
	at com.kms.katalon.core.main.TestCaseExecutor.processSetupPhase(TestCaseExecutor.java:203)
	at com.kms.katalon.core.main.TestCaseExecutor.accessMainPhase(TestCaseExecutor.java:407)
	at com.kms.katalon.core.main.TestCaseExecutor.execute(TestCaseExecutor.java:285)
	at com.kms.katalon.core.common.CommonExecutor.accessTestCaseMainPhase(CommonExecutor.java:65)
	at com.kms.katalon.core.main.TestSuiteExecutor.accessTestSuiteMainPhase(TestSuiteExecutor.java:148)
	at com.kms.katalon.core.main.TestSuiteExecutor.execute(TestSuiteExecutor.java:106)
	at com.kms.katalon.core.main.TestCaseMain.startTestSuite(TestCaseMain.java:187)
	at com.kms.katalon.core.main.TestCaseMain$startTestSuite$0.call(Unknown Source)
	at TempTestSuite1686556930022.run(TempTestSuite1686556930022.groovy:36)
Caused by: com.kms.katalon.core.exception.StepFailedException: Web element with id: 'Object Repository/RahulShetty_Repo/RahulShetty_Repo/Page_ProtoCommerce/h1_Shop Name' located by '(.//*[normalize-space(text()) and normalize-space(.)='(current)'])[1]/following::h1[1]' not found
	at com.kms.katalon.core.webui.keyword.internal.WebUIKeywordMain.stepFailed(WebUIKeywordMain.groovy:64)
	at com.kms.katalon.core.webui.keyword.builtin.VerifyElementVisibleKeyword$_verifyElementVisible_closure1.doCall(VerifyElementVisibleKeyword.groovy:89)
	at com.kms.katalon.core.webui.keyword.builtin.VerifyElementVisibleKeyword$_verifyElementVisible_closure1.call(VerifyElementVisibleKeyword.groovy)
	at com.kms.katalon.core.webui.keyword.internal.WebUIKeywordMain.runKeyword(WebUIKeywordMain.groovy:20)
	... 19 more
)

2023-06-12 13:33:09 - [TEST_STEP][PASSED] - com.RSPage.Invalidlogin(Invalidusername, LoginPassword, object_username, object_password): com.RSPage.Invalidlogin is PASSED

2023-06-12 13:33:10 - [MESSAGE][PASSED] - Text 'dharm' is set on object 'Object Repository/RahulShetty_Repo/RahulShetty_Repo/Page_LoginPage Practise  Rahul Shetty Academy/Page_LoginPage Practise  Rahul Shetty Academy/input_Username_username'

2023-06-12 13:33:11 - [MESSAGE][PASSED] - Text 'learning' is set on object 'Object Repository/RahulShetty_Repo/RahulShetty_Repo/Page_LoginPage Practise  Rahul Shetty Academy/Page_LoginPage Practise  Rahul Shetty Academy/input_Password_password'

2023-06-12 13:33:11 - [MESSAGE][PASSED] - com.RSPage.Invalidlogin is PASSED

2023-06-12 13:33:11 - [TEST_STEP][PASSED] - verifyElementClickable(findTestObject("RahulShetty_Repo/assertion/Page_LoginPage Practise  Rahul Shetty Academy/span_User_checkmark")): Object 'Object Repository/RahulShetty_Repo/assertion/Page_LoginPage Practise  Rahul Shetty Academy/span_User_checkmark' is clickable

2023-06-12 13:33:12 - [MESSAGE][PASSED] - Object 'Object Repository/RahulShetty_Repo/assertion/Page_LoginPage Practise  Rahul Shetty Academy/span_User_checkmark' is clickable

2023-06-12 13:33:12 - [TEST_STEP][PASSED] - click(findTestObject("RahulShetty_Repo/assertion/Page_LoginPage Practise  Rahul Shetty Academy/span_User_checkmark")): Object: 'Object Repository/RahulShetty_Repo/assertion/Page_LoginPage Practise  Rahul Shetty Academy/span_User_checkmark' is clicked on

2023-06-12 13:33:12 - [MESSAGE][PASSED] - Object: 'Object Repository/RahulShetty_Repo/assertion/Page_LoginPage Practise  Rahul Shetty Academy/span_User_checkmark' is clicked on

2023-06-12 13:33:12 - [TEST_STEP][PASSED] - click(findTestObject("RahulShetty_Repo/assertion/Page_LoginPage Practise  Rahul Shetty Academy/button_Okay")): Object: 'Object Repository/RahulShetty_Repo/assertion/Page_LoginPage Practise  Rahul Shetty Academy/button_Okay' is clicked on

2023-06-12 13:33:13 - [MESSAGE][PASSED] - Object: 'Object Repository/RahulShetty_Repo/assertion/Page_LoginPage Practise  Rahul Shetty Academy/button_Okay' is clicked on

2023-06-12 13:33:13 - [TEST_STEP][PASSED] - click(findTestObject("RahulShetty_Repo/RahulShetty_Repo/Page_LoginPage Practise  Rahul Shetty Academy/Page_LoginPage Practise  Rahul Shetty Academy/input_I Agree to the_signin")): Object: 'Object Repository/RahulShetty_Repo/RahulShetty_Repo/Page_LoginPage Practise  Rahul Shetty Academy/Page_LoginPage Practise  Rahul Shetty Academy/input_I Agree to the_signin' is clicked on

2023-06-12 13:33:13 - [MESSAGE][PASSED] - Object: 'Object Repository/RahulShetty_Repo/RahulShetty_Repo/Page_LoginPage Practise  Rahul Shetty Academy/Page_LoginPage Practise  Rahul Shetty Academy/input_I Agree to the_signin' is clicked on

2023-06-12 13:33:13 - [TEST_STEP][FAILED] - verifyElementVisible(findTestObject("RahulShetty_Repo/RahulShetty_Repo/Page_ProtoCommerce/h1_Shop Name")): Unable to verify object 'Object Repository/RahulShetty_Repo/RahulShetty_Repo/Page_ProtoCommerce/h1_Shop Name' is visible (Root cause: com.kms.katalon.core.exception.StepFailedException: Unable to verify object 'Object Repository/RahulShetty_Repo/RahulShetty_Repo/Page_ProtoCommerce/h1_Shop Name' is visible
	at com.kms.katalon.core.webui.keyword.internal.WebUIKeywordMain.stepFailed(WebUIKeywordMain.groovy:64)
	at com.kms.katalon.core.webui.keyword.internal.WebUIKeywordMain.runKeyword(WebUIKeywordMain.groovy:26)
	at com.kms.katalon.core.webui.keyword.builtin.VerifyElementVisibleKeyword.verifyElementVisible(VerifyElementVisibleKeyword.groovy:97)
	at com.kms.katalon.core.webui.keyword.builtin.VerifyElementVisibleKeyword.execute(VerifyElementVisibleKeyword.groovy:67)
	at com.kms.katalon.core.keyword.internal.KeywordExecutor.executeKeywordForPlatform(KeywordExecutor.groovy:74)
	at com.kms.katalon.core.webui.keyword.WebUiBuiltInKeywords.verifyElementVisible(WebUiBuiltInKeywords.groovy:376)
	at com.kms.katalon.core.webui.keyword.WebUiBuiltInKeywords$verifyElementVisible$6.call(Unknown Source)
	at RahulShettyLoginPage.SetupMethod(RahulShettyLoginPage:74)
	at com.kms.katalon.core.main.ScriptEngine.runScriptMethodAsRawText(ScriptEngine.java:133)
	at com.kms.katalon.core.main.TestCaseExecutor.runMethod(TestCaseExecutor.java:458)
	at com.kms.katalon.core.main.TestCaseExecutor.runMethod(TestCaseExecutor.java:580)
	at com.kms.katalon.core.main.TestCaseExecutor.internallyRunMethods(TestCaseExecutor.java:565)
	at com.kms.katalon.core.main.TestCaseExecutor.processSetupPhase(TestCaseExecutor.java:203)
	at com.kms.katalon.core.main.TestCaseExecutor.accessMainPhase(TestCaseExecutor.java:407)
	at com.kms.katalon.core.main.TestCaseExecutor.execute(TestCaseExecutor.java:285)
	at com.kms.katalon.core.common.CommonExecutor.accessTestCaseMainPhase(CommonExecutor.java:65)
	at com.kms.katalon.core.main.TestSuiteExecutor.accessTestSuiteMainPhase(TestSuiteExecutor.java:148)
	at com.kms.katalon.core.main.TestSuiteExecutor.execute(TestSuiteExecutor.java:106)
	at com.kms.katalon.core.main.TestCaseMain.startTestSuite(TestCaseMain.java:187)
	at com.kms.katalon.core.main.TestCaseMain$startTestSuite$0.call(Unknown Source)
	at TempTestSuite1686556930022.run(TempTestSuite1686556930022.groovy:36)
Caused by: com.kms.katalon.core.exception.StepFailedException: Web element with id: 'Object Repository/RahulShetty_Repo/RahulShetty_Repo/Page_ProtoCommerce/h1_Shop Name' located by '(.//*[normalize-space(text()) and normalize-space(.)='(current)'])[1]/following::h1[1]' not found
	at com.kms.katalon.core.webui.keyword.internal.WebUIKeywordMain.stepFailed(WebUIKeywordMain.groovy:64)
	at com.kms.katalon.core.webui.keyword.builtin.VerifyElementVisibleKeyword$_verifyElementVisible_closure1.doCall(VerifyElementVisibleKeyword.groovy:89)
	at com.kms.katalon.core.webui.keyword.builtin.VerifyElementVisibleKeyword$_verifyElementVisible_closure1.call(VerifyElementVisibleKeyword.groovy)
	at com.kms.katalon.core.webui.keyword.internal.WebUIKeywordMain.runKeyword(WebUIKeywordMain.groovy:20)
	... 19 more
)

2023-06-12 13:33:15 - [MESSAGE][INFO] - Unable to find the element located by 'By.xpath: (.//*[normalize-space(text()) and normalize-space(.)='(current)'])[1]/following::h1[1]'. Please recheck the objects properties to make sure the desired element is located. 

2023-06-12 13:33:15 - [MESSAGE][WARNING] - [SELF-HEALING] Failed to find element with id 'Object Repository/RahulShetty_Repo/RahulShetty_Repo/Page_ProtoCommerce/h1_Shop Name'. Try using Self-healing.

2023-06-12 13:33:15 - [MESSAGE][INFO] - [SELF-HEALING] Failed Locator: '(.//*[normalize-space(text()) and normalize-space(.)='(current)'])[1]/following::h1[1]'.

2023-06-12 13:33:16 - [MESSAGE][INFO] - [SELF-HEALING] Failed Locator: '(.//*[normalize-space(text()) and normalize-space(.)='Previous'])[1]/preceding::h1[1]'.

2023-06-12 13:33:16 - [MESSAGE][INFO] - [SELF-HEALING] Failed Locator: '(.//*[normalize-space(text()) and normalize-space(.)='Next'])[1]/preceding::h1[1]'.

2023-06-12 13:33:17 - [MESSAGE][INFO] - [SELF-HEALING] Failed Locator: '//*/text()[normalize-space(.)='Shop Name']/parent::*'.

2023-06-12 13:33:17 - [MESSAGE][INFO] - [SELF-HEALING] Failed Locator: '//h1'.

2023-06-12 13:33:17 - [MESSAGE][INFO] - [SELF-HEALING] Failed Locator: '//h1[(text() = 'Shop Name' or . = 'Shop Name')]'.

2023-06-12 13:33:19 - [MESSAGE][INFO] - Unable to find the element located by 'By.xpath: //*[(text() = 'Shop Name' or . = 'Shop Name')]'. Please recheck the objects properties to make sure the desired element is located. 

2023-06-12 13:33:20 - [MESSAGE][INFO] - Unable to find the element located by 'By.cssSelector: h1.my-4'. Please recheck the objects properties to make sure the desired element is located. 

2023-06-12 13:33:20 - [MESSAGE][FAILED] - Web element with id: 'Object Repository/RahulShetty_Repo/RahulShetty_Repo/Page_ProtoCommerce/h1_Shop Name' located by '(.//*[normalize-space(text()) and normalize-space(.)='(current)'])[1]/following::h1[1]' not found (Root cause: com.kms.katalon.core.exception.StepFailedException: Web element with id: 'Object Repository/RahulShetty_Repo/RahulShetty_Repo/Page_ProtoCommerce/h1_Shop Name' located by '(.//*[normalize-space(text()) and normalize-space(.)='(current)'])[1]/following::h1[1]' not found
	at com.kms.katalon.core.webui.keyword.internal.WebUIKeywordMain.stepFailed(WebUIKeywordMain.groovy:64)
	at com.kms.katalon.core.webui.keyword.builtin.VerifyElementVisibleKeyword$_verifyElementVisible_closure1.doCall(VerifyElementVisibleKeyword.groovy:89)
	at com.kms.katalon.core.webui.keyword.builtin.VerifyElementVisibleKeyword$_verifyElementVisible_closure1.call(VerifyElementVisibleKeyword.groovy)
	at com.kms.katalon.core.webui.keyword.internal.WebUIKeywordMain.runKeyword(WebUIKeywordMain.groovy:20)
	at com.kms.katalon.core.webui.keyword.builtin.VerifyElementVisibleKeyword.verifyElementVisible(VerifyElementVisibleKeyword.groovy:97)
	at com.kms.katalon.core.webui.keyword.builtin.VerifyElementVisibleKeyword.execute(VerifyElementVisibleKeyword.groovy:67)
	at com.kms.katalon.core.keyword.internal.KeywordExecutor.executeKeywordForPlatform(KeywordExecutor.groovy:74)
	at com.kms.katalon.core.webui.keyword.WebUiBuiltInKeywords.verifyElementVisible(WebUiBuiltInKeywords.groovy:376)
	at com.kms.katalon.core.webui.keyword.WebUiBuiltInKeywords$verifyElementVisible$6.call(Unknown Source)
	at RahulShettyLoginPage.SetupMethod(RahulShettyLoginPage:74)
	at com.kms.katalon.core.main.ScriptEngine.runScriptMethodAsRawText(ScriptEngine.java:133)
	at com.kms.katalon.core.main.TestCaseExecutor.runMethod(TestCaseExecutor.java:458)
	at com.kms.katalon.core.main.TestCaseExecutor.runMethod(TestCaseExecutor.java:580)
	at com.kms.katalon.core.main.TestCaseExecutor.internallyRunMethods(TestCaseExecutor.java:565)
	at com.kms.katalon.core.main.TestCaseExecutor.processSetupPhase(TestCaseExecutor.java:203)
	at com.kms.katalon.core.main.TestCaseExecutor.accessMainPhase(TestCaseExecutor.java:407)
	at com.kms.katalon.core.main.TestCaseExecutor.execute(TestCaseExecutor.java:285)
	at com.kms.katalon.core.common.CommonExecutor.accessTestCaseMainPhase(CommonExecutor.java:65)
	at com.kms.katalon.core.main.TestSuiteExecutor.accessTestSuiteMainPhase(TestSuiteExecutor.java:148)
	at com.kms.katalon.core.main.TestSuiteExecutor.execute(TestSuiteExecutor.java:106)
	at com.kms.katalon.core.main.TestCaseMain.startTestSuite(TestCaseMain.java:187)
	at com.kms.katalon.core.main.TestCaseMain$startTestSuite$0.call(Unknown Source)
	at TempTestSuite1686556930022.run(TempTestSuite1686556930022.groovy:36)
)
[[ATTACHMENT|/home/dharm/git/FinalAssignment/Reports/20230612_133209/RahulShettyTestSuite/RahulShetty/20230612_133210/1686557000383.png]]

2023-06-12 13:33:21 - [MESSAGE][FAILED] - Unable to verify object 'Object Repository/RahulShetty_Repo/RahulShetty_Repo/Page_ProtoCommerce/h1_Shop Name' is visible (Root cause: com.kms.katalon.core.exception.StepFailedException: Unable to verify object 'Object Repository/RahulShetty_Repo/RahulShetty_Repo/Page_ProtoCommerce/h1_Shop Name' is visible
	at com.kms.katalon.core.webui.keyword.internal.WebUIKeywordMain.stepFailed(WebUIKeywordMain.groovy:64)
	at com.kms.katalon.core.webui.keyword.internal.WebUIKeywordMain.runKeyword(WebUIKeywordMain.groovy:26)
	at com.kms.katalon.core.webui.keyword.builtin.VerifyElementVisibleKeyword.verifyElementVisible(VerifyElementVisibleKeyword.groovy:97)
	at com.kms.katalon.core.webui.keyword.builtin.VerifyElementVisibleKeyword.execute(VerifyElementVisibleKeyword.groovy:67)
	at com.kms.katalon.core.keyword.internal.KeywordExecutor.executeKeywordForPlatform(KeywordExecutor.groovy:74)
	at com.kms.katalon.core.webui.keyword.WebUiBuiltInKeywords.verifyElementVisible(WebUiBuiltInKeywords.groovy:376)
	at com.kms.katalon.core.webui.keyword.WebUiBuiltInKeywords$verifyElementVisible$6.call(Unknown Source)
	at RahulShettyLoginPage.SetupMethod(RahulShettyLoginPage:74)
	at com.kms.katalon.core.main.ScriptEngine.runScriptMethodAsRawText(ScriptEngine.java:133)
	at com.kms.katalon.core.main.TestCaseExecutor.runMethod(TestCaseExecutor.java:458)
	at com.kms.katalon.core.main.TestCaseExecutor.runMethod(TestCaseExecutor.java:580)
	at com.kms.katalon.core.main.TestCaseExecutor.internallyRunMethods(TestCaseExecutor.java:565)
	at com.kms.katalon.core.main.TestCaseExecutor.processSetupPhase(TestCaseExecutor.java:203)
	at com.kms.katalon.core.main.TestCaseExecutor.accessMainPhase(TestCaseExecutor.java:407)
	at com.kms.katalon.core.main.TestCaseExecutor.execute(TestCaseExecutor.java:285)
	at com.kms.katalon.core.common.CommonExecutor.accessTestCaseMainPhase(CommonExecutor.java:65)
	at com.kms.katalon.core.main.TestSuiteExecutor.accessTestSuiteMainPhase(TestSuiteExecutor.java:148)
	at com.kms.katalon.core.main.TestSuiteExecutor.execute(TestSuiteExecutor.java:106)
	at com.kms.katalon.core.main.TestCaseMain.startTestSuite(TestCaseMain.java:187)
	at com.kms.katalon.core.main.TestCaseMain$startTestSuite$0.call(Unknown Source)
	at TempTestSuite1686556930022.run(TempTestSuite1686556930022.groovy:36)
Caused by: com.kms.katalon.core.exception.StepFailedException: Web element with id: 'Object Repository/RahulShetty_Repo/RahulShetty_Repo/Page_ProtoCommerce/h1_Shop Name' located by '(.//*[normalize-space(text()) and normalize-space(.)='(current)'])[1]/following::h1[1]' not found
	at com.kms.katalon.core.webui.keyword.internal.WebUIKeywordMain.stepFailed(WebUIKeywordMain.groovy:64)
	at com.kms.katalon.core.webui.keyword.builtin.VerifyElementVisibleKeyword$_verifyElementVisible_closure1.doCall(VerifyElementVisibleKeyword.groovy:89)
	at com.kms.katalon.core.webui.keyword.builtin.VerifyElementVisibleKeyword$_verifyElementVisible_closure1.call(VerifyElementVisibleKeyword.groovy)
	at com.kms.katalon.core.webui.keyword.internal.WebUIKeywordMain.runKeyword(WebUIKeywordMain.groovy:20)
	... 19 more
)
[[ATTACHMENT|/home/dharm/git/FinalAssignment/Reports/20230612_133209/RahulShettyTestSuite/RahulShetty/20230612_133210/1686557000978.png]]

2023-06-12 13:33:21 - [TEST_STEP][PASSED] - catch (Exception e): Object 'Object Repository/RahulShetty_Repo/RahulShetty_Repo/Page_ProtoCommerce/h1_Shop Name' is visible

2023-06-12 13:33:21 - [TEST_STEP][PASSED] - com.RSPage.Validlogin(Validusername, LoginPassword, object_username, object_password): com.RSPage.Validlogin is PASSED

2023-06-12 13:33:22 - [MESSAGE][PASSED] - Text 'rahulshettyacademy' is set on object 'Object Repository/RahulShetty_Repo/RahulShetty_Repo/Page_LoginPage Practise  Rahul Shetty Academy/Page_LoginPage Practise  Rahul Shetty Academy/input_Username_username'

2023-06-12 13:33:23 - [MESSAGE][PASSED] - Text 'learning' is set on object 'Object Repository/RahulShetty_Repo/RahulShetty_Repo/Page_LoginPage Practise  Rahul Shetty Academy/Page_LoginPage Practise  Rahul Shetty Academy/input_Password_password'

2023-06-12 13:33:23 - [MESSAGE][PASSED] - com.RSPage.Validlogin is PASSED

2023-06-12 13:33:23 - [TEST_STEP][PASSED] - click(findTestObject("Object Repository/RahulShetty_Repo/RahulShetty_Repo/Page_LoginPage Practise  Rahul Shetty Academy/Page_LoginPage Practise  Rahul Shetty Academy/input_I Agree to the_signin")): Object: 'Object Repository/RahulShetty_Repo/RahulShetty_Repo/Page_LoginPage Practise  Rahul Shetty Academy/Page_LoginPage Practise  Rahul Shetty Academy/input_I Agree to the_signin' is clicked on

2023-06-12 13:33:23 - [MESSAGE][PASSED] - Object: 'Object Repository/RahulShetty_Repo/RahulShetty_Repo/Page_LoginPage Practise  Rahul Shetty Academy/Page_LoginPage Practise  Rahul Shetty Academy/input_I Agree to the_signin' is clicked on

2023-06-12 13:33:23 - [TEST_STEP][PASSED] - delay(2): Delayed 2 second(s)

2023-06-12 13:33:25 - [MESSAGE][PASSED] - Delayed 2 second(s)

2023-06-12 13:33:25 - [TEST_STEP][PASSED] - verifyElementVisible(findTestObject("RahulShetty_Repo/RahulShetty_Repo/Page_ProtoCommerce/h1_Shop Name")): Object 'Object Repository/RahulShetty_Repo/RahulShetty_Repo/Page_ProtoCommerce/h1_Shop Name' is visible

2023-06-12 13:33:26 - [MESSAGE][PASSED] - Object 'Object Repository/RahulShetty_Repo/RahulShetty_Repo/Page_ProtoCommerce/h1_Shop Name' is visible

2023-06-12 13:33:26 - [MESSAGE][PASSED] - Method 'SetupMethod' complete successfully

2023-06-12 13:33:26 - [TEST_STEP][PASSED] - delay(2): Delayed 2 second(s)

2023-06-12 13:33:28 - [MESSAGE][PASSED] - Delayed 2 second(s)

2023-06-12 13:33:28 - [TEST_STEP][PASSED] - homevariable = "Home": null

2023-06-12 13:33:28 - [TEST_STEP][PASSED] - click(findTestObject("RahulShetty_Repo/RahulShetty_Repo/DynamicObjectCreation/a_Shop", ["text":homevariable])): Object: 'Object Repository/RahulShetty_Repo/RahulShetty_Repo/DynamicObjectCreation/a_Shop' is clicked on

2023-06-12 13:33:28 - [MESSAGE][PASSED] - Object: 'Object Repository/RahulShetty_Repo/RahulShetty_Repo/DynamicObjectCreation/a_Shop' is clicked on

2023-06-12 13:33:28 - [TEST_STEP][PASSED] - delay(1): Delayed 1 second(s)

2023-06-12 13:33:29 - [MESSAGE][PASSED] - Delayed 1 second(s)

2023-06-12 13:33:29 - [TEST_STEP][PASSED] - shopvariable = "shop": null

2023-06-12 13:33:29 - [TEST_STEP][PASSED] - verifyElementClickable(findTestObject("RahulShetty_Repo/RahulShetty_Repo/DynamicObjectCreation/a_Shop", ["text":shopvariable])): Object 'Object Repository/RahulShetty_Repo/RahulShetty_Repo/DynamicObjectCreation/a_Shop' is clickable

2023-06-12 13:33:31 - [MESSAGE][INFO] - Unable to find the element located by 'By.xpath: //*[(text() = 'shop' or . = 'shop')]'. Please recheck the objects properties to make sure the desired element is located. 

2023-06-12 13:33:31 - [MESSAGE][WARNING] - [SELF-HEALING] Failed to find element with id 'Object Repository/RahulShetty_Repo/RahulShetty_Repo/DynamicObjectCreation/a_Shop'. Try using Self-healing.

2023-06-12 13:33:31 - [MESSAGE][WARNING] - [SELF-HEALING] The current locator of test object 'Object Repository/RahulShetty_Repo/RahulShetty_Repo/DynamicObjectCreation/a_Shop' was broken. Propose an alternative one: '//a[@href = '/angularpractice/shop' and (text() = 'Shop' or . = 'Shop')]'.

2023-06-12 13:33:31 - [MESSAGE][PASSED] - Object 'Object Repository/RahulShetty_Repo/RahulShetty_Repo/DynamicObjectCreation/a_Shop' is clickable

2023-06-12 13:33:31 - [TEST_STEP][PASSED] - click(findTestObject("RahulShetty_Repo/RahulShetty_Repo/DynamicObjectCreation/a_Shop", ["text":shopvariable])): Object: 'Object Repository/RahulShetty_Repo/RahulShetty_Repo/DynamicObjectCreation/a_Shop' is clicked on

2023-06-12 13:33:32 - [MESSAGE][INFO] - Unable to find the element located by 'By.xpath: //*[(text() = 'shop' or . = 'shop')]'. Please recheck the objects properties to make sure the desired element is located. 

2023-06-12 13:33:32 - [MESSAGE][WARNING] - [SELF-HEALING] Failed to find element with id 'Object Repository/RahulShetty_Repo/RahulShetty_Repo/DynamicObjectCreation/a_Shop'. Try using Self-healing.

2023-06-12 13:33:32 - [MESSAGE][WARNING] - [SELF-HEALING] The current locator of test object 'Object Repository/RahulShetty_Repo/RahulShetty_Repo/DynamicObjectCreation/a_Shop' was broken. Propose an alternative one: '//a[@href = '/angularpractice/shop' and (text() = 'Shop' or . = 'Shop')]'.

2023-06-12 13:33:33 - [MESSAGE][PASSED] - Object: 'Object Repository/RahulShetty_Repo/RahulShetty_Repo/DynamicObjectCreation/a_Shop' is clicked on

2023-06-12 13:33:33 - [TEST_STEP][PASSED] - com.RSPage.checkout(Add_Object, Checkout_Object): com.RSPage.checkout is PASSED

2023-06-12 13:33:33 - [MESSAGE][PASSED] - Object: 'Object Repository/RahulShetty_Repo/RahulShetty_Repo/Page_ProtoCommerce/Page_ProtoCommerce/button_Add' is clicked on

2023-06-12 13:33:35 - [MESSAGE][PASSED] - Delayed 2 second(s)

2023-06-12 13:33:36 - [MESSAGE][INFO] - Unable to find the element located by 'By.xpath: '. Please recheck the objects properties to make sure the desired element is located. 

2023-06-12 13:33:36 - [MESSAGE][WARNING] - [SELF-HEALING] Failed to find element with id 'Object Repository/RahulShetty_Repo/RahulShetty_Repo/Page_ProtoCommerce/Page_ProtoCommerce/a_Checkout ( 1 )            (current)'. Try using Self-healing.

2023-06-12 13:33:37 - [MESSAGE][WARNING] - [SELF-HEALING] The current locator of test object 'Object Repository/RahulShetty_Repo/RahulShetty_Repo/Page_ProtoCommerce/Page_ProtoCommerce/a_Checkout ( 1 )            (current)' was broken. Propose an alternative one: '//div[@id='navbarResponsive']/ul/li/a'.

2023-06-12 13:33:37 - [MESSAGE][PASSED] - Object 'Object Repository/RahulShetty_Repo/RahulShetty_Repo/Page_ProtoCommerce/Page_ProtoCommerce/a_Checkout ( 1 )            (current)' is visible

2023-06-12 13:33:38 - [MESSAGE][INFO] - Unable to find the element located by 'By.xpath: '. Please recheck the objects properties to make sure the desired element is located. 

2023-06-12 13:33:38 - [MESSAGE][WARNING] - [SELF-HEALING] Failed to find element with id 'Object Repository/RahulShetty_Repo/RahulShetty_Repo/Page_ProtoCommerce/Page_ProtoCommerce/a_Checkout ( 1 )            (current)'. Try using Self-healing.

2023-06-12 13:33:39 - [MESSAGE][WARNING] - [SELF-HEALING] The current locator of test object 'Object Repository/RahulShetty_Repo/RahulShetty_Repo/Page_ProtoCommerce/Page_ProtoCommerce/a_Checkout ( 1 )            (current)' was broken. Propose an alternative one: '//div[@id='navbarResponsive']/ul/li/a'.

2023-06-12 13:33:39 - [MESSAGE][PASSED] - Object: 'Object Repository/RahulShetty_Repo/RahulShetty_Repo/Page_ProtoCommerce/Page_ProtoCommerce/a_Checkout ( 1 )            (current)' is clicked on

2023-06-12 13:33:39 - [MESSAGE][PASSED] - com.RSPage.checkout is PASSED

2023-06-12 13:33:39 - [TEST_STEP][PASSED] - verifyElementText(findTestObject("RahulShetty_Repo/assertion/Page_ProtoCommerce/a_iphone X"), "iphone X"): Actual text and expected text of test object 'Object Repository/RahulShetty_Repo/assertion/Page_ProtoCommerce/a_iphone X' are matched.

2023-06-12 13:33:39 - [MESSAGE][PASSED] - Actual text and expected text of test object 'Object Repository/RahulShetty_Repo/assertion/Page_ProtoCommerce/a_iphone X' are matched.

2023-06-12 13:33:39 - [TEST_STEP][PASSED] - com.RSPage.payment(FinalCheckout, tnc, purchase): com.RSPage.payment is PASSED

2023-06-12 13:33:40 - [MESSAGE][PASSED] - Object: 'Object Repository/RahulShetty_Repo/RahulShetty_Repo/Page_ProtoCommerce/Page_ProtoCommerce/button_Checkout' is clicked on

2023-06-12 13:33:41 - [MESSAGE][INFO] - Unable to find the element located by 'By.xpath: '. Please recheck the objects properties to make sure the desired element is located. 

2023-06-12 13:33:41 - [MESSAGE][WARNING] - [SELF-HEALING] Failed to find element with id 'Object Repository/RahulShetty_Repo/RahulShetty_Repo/Page_ProtoCommerce/Page_ProtoCommerce/label_I agree with the term  Conditions'. Try using Self-healing.

2023-06-12 13:33:42 - [MESSAGE][WARNING] - [SELF-HEALING] The current locator of test object 'Object Repository/RahulShetty_Repo/RahulShetty_Repo/Page_ProtoCommerce/Page_ProtoCommerce/label_I agree with the term  Conditions' was broken. Propose an alternative one: '(.//*[normalize-space(text()) and normalize-space(.)='(current)'])[1]/following::label[2]'.

2023-06-12 13:33:42 - [MESSAGE][PASSED] - Object: 'Object Repository/RahulShetty_Repo/RahulShetty_Repo/Page_ProtoCommerce/Page_ProtoCommerce/label_I agree with the term  Conditions' is clicked on

2023-06-12 13:33:43 - [MESSAGE][INFO] - Unable to find the element located by 'By.xpath: '. Please recheck the objects properties to make sure the desired element is located. 

2023-06-12 13:33:43 - [MESSAGE][WARNING] - [SELF-HEALING] Failed to find element with id 'Object Repository/RahulShetty_Repo/RahulShetty_Repo/Page_ProtoCommerce/Page_ProtoCommerce/input_term  Conditions_btn btn-success btn-lg'. Try using Self-healing.

2023-06-12 13:33:43 - [MESSAGE][WARNING] - [SELF-HEALING] The current locator of test object 'Object Repository/RahulShetty_Repo/RahulShetty_Repo/Page_ProtoCommerce/Page_ProtoCommerce/input_term  Conditions_btn btn-success btn-lg' was broken. Propose an alternative one: '//input[@value='Purchase']'.

2023-06-12 13:33:43 - [MESSAGE][PASSED] - Object 'Object Repository/RahulShetty_Repo/RahulShetty_Repo/Page_ProtoCommerce/Page_ProtoCommerce/input_term  Conditions_btn btn-success btn-lg' is clickable

2023-06-12 13:33:44 - [MESSAGE][INFO] - Unable to find the element located by 'By.xpath: '. Please recheck the objects properties to make sure the desired element is located. 

2023-06-12 13:33:44 - [MESSAGE][WARNING] - [SELF-HEALING] Failed to find element with id 'Object Repository/RahulShetty_Repo/RahulShetty_Repo/Page_ProtoCommerce/Page_ProtoCommerce/input_term  Conditions_btn btn-success btn-lg'. Try using Self-healing.

2023-06-12 13:33:44 - [MESSAGE][WARNING] - [SELF-HEALING] The current locator of test object 'Object Repository/RahulShetty_Repo/RahulShetty_Repo/Page_ProtoCommerce/Page_ProtoCommerce/input_term  Conditions_btn btn-success btn-lg' was broken. Propose an alternative one: '//input[@value='Purchase']'.

2023-06-12 13:33:44 - [MESSAGE][PASSED] - Object: 'Object Repository/RahulShetty_Repo/RahulShetty_Repo/Page_ProtoCommerce/Page_ProtoCommerce/input_term  Conditions_btn btn-success btn-lg' is clicked on

2023-06-12 13:33:44 - [MESSAGE][PASSED] - com.RSPage.payment is PASSED

2023-06-12 13:33:44 - [TEST_STEP][PASSED] - verifyElementVisible(findTestObject("RahulShetty_Repo/assertion/Page_ProtoCommerce/div_Success Thank you Your order will be delivered in next few weeks -)"), STOP_ON_FAILURE): Object 'Object Repository/RahulShetty_Repo/assertion/Page_ProtoCommerce/div_Success Thank you Your order will be delivered in next few weeks -)' is visible

2023-06-12 13:33:45 - [MESSAGE][PASSED] - Object 'Object Repository/RahulShetty_Repo/assertion/Page_ProtoCommerce/div_Success Thank you Your order will be delivered in next few weeks -)' is visible

2023-06-12 13:33:45 - [TEST_STEP][PASSED] - click(findTestObject("Object Repository/RahulShetty_Repo/RahulShetty_Repo/Page_ProtoCommerce/Page_ProtoCommerce/a_ProtoCommerce Home")): Object: 'Object Repository/RahulShetty_Repo/RahulShetty_Repo/Page_ProtoCommerce/Page_ProtoCommerce/a_ProtoCommerce Home' is clicked on

2023-06-12 13:33:46 - [MESSAGE][PASSED] - Object: 'Object Repository/RahulShetty_Repo/RahulShetty_Repo/Page_ProtoCommerce/Page_ProtoCommerce/a_ProtoCommerce Home' is clicked on

2023-06-12 13:33:46 - [TEST_STEP][PASSED] - com.RSPage.formdata(name, email, password, name_object, email_object, password_object): com.RSPage.formdata is PASSED

2023-06-12 13:33:47 - [MESSAGE][PASSED] - Text 'deep' is set on object 'Object Repository/RahulShetty_Repo/RahulShetty_Repo/Page_ProtoCommerce/Page_ProtoCommerce/input_Name_name'

2023-06-12 13:33:48 - [MESSAGE][PASSED] - Text 'deep@gmail.com' is set on object 'Object Repository/RahulShetty_Repo/RahulShetty_Repo/Page_ProtoCommerce/Page_ProtoCommerce/input_Email_email'

2023-06-12 13:33:48 - [MESSAGE][PASSED] - Text 'deep123' is set on object 'Object Repository/RahulShetty_Repo/RahulShetty_Repo/Page_ProtoCommerce/Page_ProtoCommerce/input_Password_exampleInputPassword1'

2023-06-12 13:33:48 - [MESSAGE][PASSED] - com.RSPage.formdata is PASSED

2023-06-12 13:33:48 - [TEST_STEP][PASSED] - click(findTestObject("Object Repository/RahulShetty_Repo/RahulShetty_Repo/Page_ProtoCommerce/Page_ProtoCommerce/input_term  Conditions_btn btn-success btn-lg")): Object: 'Object Repository/RahulShetty_Repo/RahulShetty_Repo/Page_ProtoCommerce/Page_ProtoCommerce/input_term  Conditions_btn btn-success btn-lg' is clicked on

2023-06-12 13:33:49 - [MESSAGE][INFO] - Unable to find the element located by 'By.xpath: '. Please recheck the objects properties to make sure the desired element is located. 

2023-06-12 13:33:49 - [MESSAGE][WARNING] - [SELF-HEALING] Failed to find element with id 'Object Repository/RahulShetty_Repo/RahulShetty_Repo/Page_ProtoCommerce/Page_ProtoCommerce/input_term  Conditions_btn btn-success btn-lg'. Try using Self-healing.

2023-06-12 13:33:51 - [MESSAGE][INFO] - Unable to find the element located by 'By.xpath: //input[@value='Purchase']'. Please recheck the objects properties to make sure the desired element is located. 

2023-06-12 13:33:51 - [MESSAGE][WARNING] - [SELF-HEALING] The current locator of test object 'Object Repository/RahulShetty_Repo/RahulShetty_Repo/Page_ProtoCommerce/Page_ProtoCommerce/input_term  Conditions_btn btn-success btn-lg' was broken. Propose an alternative one: '//form/input'.

2023-06-12 13:33:51 - [MESSAGE][PASSED] - Object: 'Object Repository/RahulShetty_Repo/RahulShetty_Repo/Page_ProtoCommerce/Page_ProtoCommerce/input_term  Conditions_btn btn-success btn-lg' is clicked on

2023-06-12 13:33:51 - [TEST_STEP][PASSED] - verifyElementVisible(findTestObject("RahulShetty_Repo/assertion/Page_ProtoCommerce/div_Success The Form has been submitted successfully"), STOP_ON_FAILURE): Object 'Object Repository/RahulShetty_Repo/assertion/Page_ProtoCommerce/div_Success The Form has been submitted successfully' is visible

2023-06-12 13:33:52 - [MESSAGE][PASSED] - Object 'Object Repository/RahulShetty_Repo/assertion/Page_ProtoCommerce/div_Success The Form has been submitted successfully' is visible

2023-06-12 13:33:52 - [TEST_STEP][PASSED] - click(findTestObject("Object Repository/RahulShetty_Repo/RahulShetty_Repo/Page_ProtoCommerce/Page_ProtoCommerce/strong_Success")): Object: 'Object Repository/RahulShetty_Repo/RahulShetty_Repo/Page_ProtoCommerce/Page_ProtoCommerce/strong_Success' is clicked on

2023-06-12 13:33:52 - [MESSAGE][PASSED] - Object: 'Object Repository/RahulShetty_Repo/RahulShetty_Repo/Page_ProtoCommerce/Page_ProtoCommerce/strong_Success' is clicked on

2023-06-12 13:33:52 - [TEST_STEP][PASSED] - delay(2): Delayed 2 second(s)

2023-06-12 13:33:54 - [MESSAGE][PASSED] - Delayed 2 second(s)

2023-06-12 13:33:54 - [TEST_STEP][PASSED] - Start tear down : TearDownMethod: Method 'TearDownMethod' complete successfully

2023-06-12 13:33:54 - [TEST_STEP][PASSED] - click(findTestObject("Object Repository/RahulShetty_Repo/RahulShetty_Repo/Page_ProtoCommerce/Page_ProtoCommerce/a_Shop")): Object: 'Object Repository/RahulShetty_Repo/RahulShetty_Repo/Page_ProtoCommerce/Page_ProtoCommerce/a_Shop' is clicked on

2023-06-12 13:33:55 - [MESSAGE][PASSED] - Object: 'Object Repository/RahulShetty_Repo/RahulShetty_Repo/Page_ProtoCommerce/Page_ProtoCommerce/a_Shop' is clicked on

2023-06-12 13:33:55 - [MESSAGE][PASSED] - Method 'TearDownMethod' complete successfully

2023-06-12 13:33:55 - [TEST_STEP][PASSED] - Start listener action : sampleAfterTestCase: null]]></system-out>
         <system-err><![CDATA[]]></system-err>
      </testcase>
      <system-out><![CDATA[2023-06-12 13:32:20 - [TEST_SUITE][PASSED] - RahulShetty: Test Cases/RahulShettyTestCase/RahulShettyLoginPage]]></system-out>
      <system-err><![CDATA[]]></system-err>
   </testsuite>
   <testsuite name="RahulShetty" tests="2" failures="0" errors="0" time="79.867" skipped="0" timestamp="2023-06-12 13:34:13" hostname="dharm - SF-CPU-792" id="Test Suites/RahulShettyTestSuite/RahulShetty">
      <properties>
         <property name="deviceName" value=""/>
         <property name="devicePlatform" value=""/>
         <property name="logFolder" value="/home/dharm/git/FinalAssignment/Reports/20230612_133209/RahulShettyTestSuite/RahulShetty/20230612_133212"/>
         <property name="logFiles" value="/home/dharm/git/FinalAssignment/Reports/20230612_133209/RahulShettyTestSuite/RahulShetty/20230612_133212/execution0.log"/>
         <property name="attachments" value="/home/dharm/git/FinalAssignment/Reports/20230612_133209/RahulShettyTestSuite/RahulShetty/20230612_133212/1686557066214.png, /home/dharm/git/FinalAssignment/Reports/20230612_133209/RahulShettyTestSuite/RahulShetty/20230612_133212/1686557066324.png, /home/dharm/git/FinalAssignment/Reports/20230612_133209/RahulShettyTestSuite/RahulShetty/20230612_133212/1686557104239.png, /home/dharm/git/FinalAssignment/Reports/20230612_133209/RahulShettyTestSuite/RahulShetty/20230612_133212/1686557104332.png"/>
         <property name="hostName" value="dharm - SF-CPU-792"/>
         <property name="os" value="Linux 64bit"/>
         <property name="katalonVersion" value="8.6.0.208"/>
         <property name="browser" value="Firefox 114.0"/>
         <property name="hostAddress" value="127.0.1.1"/>
         <property name="sessionId" value="c990d778-22cc-4e53-aabe-d39abf99b9d8"/>
         <property name="seleniumVersion" value="3.141.59"/>
         <property name="proxyInformation" value="ProxyInformation { proxyOption=NO_PROXY, proxyServerType=HTTP, username=, password=********, proxyServerAddress=, proxyServerPort=0, executionList=&quot;&quot;, isApplyToDesiredCapabilities=true }"/>
         <property name="platform" value="Linux"/>
      </properties>
      <testcase name="Test Cases/RahulShettyTestCase/RahulShettyLoginPage" time="38.808" classname="Test Cases/RahulShettyTestCase/RahulShettyLoginPage" status="PASSED">
         <system-out><![CDATA[2023-06-12 13:34:17 - [TEST_CASE][PASSED] - Test Cases/RahulShettyTestCase/RahulShettyLoginPage: Test Cases/RahulShettyTestCase/RahulShettyLoginPage

2023-06-12 13:34:17 - [TEST_STEP][PASSED] - Start listener action : sampleBeforeTestCase: null

2023-06-12 13:34:17 - [TEST_STEP][PASSED] - Start setup action : SetupMethod: Method 'SetupMethod' complete successfully

2023-06-12 13:34:17 - [TEST_STEP][PASSED] - navigateToUrl(url): Navigate to 'https://rahulshettyacademy.com/loginpagePractise/' successfully

2023-06-12 13:34:18 - [MESSAGE][PASSED] - Navigate to 'https://rahulshettyacademy.com/loginpagePractise/' successfully

2023-06-12 13:34:18 - [TEST_STEP][PASSED] - getUrl().equals("https://rahulshettyacademy.com/loginpagePractise/"): Current window's url is: 'https://rahulshettyacademy.com/loginpagePractise/'

2023-06-12 13:34:18 - [MESSAGE][PASSED] - Current window's url is: 'https://rahulshettyacademy.com/loginpagePractise/'

2023-06-12 13:34:18 - [TEST_STEP][FAILED] - try: Unable to verify object 'Object Repository/RahulShetty_Repo/RahulShetty_Repo/Page_ProtoCommerce/h1_Shop Name' is visible (Root cause: com.kms.katalon.core.exception.StepFailedException: Unable to verify object 'Object Repository/RahulShetty_Repo/RahulShetty_Repo/Page_ProtoCommerce/h1_Shop Name' is visible
	at com.kms.katalon.core.webui.keyword.internal.WebUIKeywordMain.stepFailed(WebUIKeywordMain.groovy:64)
	at com.kms.katalon.core.webui.keyword.internal.WebUIKeywordMain.runKeyword(WebUIKeywordMain.groovy:26)
	at com.kms.katalon.core.webui.keyword.builtin.VerifyElementVisibleKeyword.verifyElementVisible(VerifyElementVisibleKeyword.groovy:97)
	at com.kms.katalon.core.webui.keyword.builtin.VerifyElementVisibleKeyword.execute(VerifyElementVisibleKeyword.groovy:67)
	at com.kms.katalon.core.keyword.internal.KeywordExecutor.executeKeywordForPlatform(KeywordExecutor.groovy:74)
	at com.kms.katalon.core.webui.keyword.WebUiBuiltInKeywords.verifyElementVisible(WebUiBuiltInKeywords.groovy:376)
	at com.kms.katalon.core.webui.keyword.WebUiBuiltInKeywords$verifyElementVisible$6.call(Unknown Source)
	at Script1686023785468.SetupMethod(Script1686023785468.groovy:74)
	at com.kms.katalon.core.main.ScriptEngine.runScriptMethodAsRawText(ScriptEngine.java:133)
	at com.kms.katalon.core.main.TestCaseExecutor.runMethod(TestCaseExecutor.java:458)
	at com.kms.katalon.core.main.TestCaseExecutor.runMethod(TestCaseExecutor.java:580)
	at com.kms.katalon.core.main.TestCaseExecutor.internallyRunMethods(TestCaseExecutor.java:565)
	at com.kms.katalon.core.main.TestCaseExecutor.processSetupPhase(TestCaseExecutor.java:203)
	at com.kms.katalon.core.main.TestCaseExecutor.accessMainPhase(TestCaseExecutor.java:407)
	at com.kms.katalon.core.main.TestCaseExecutor.execute(TestCaseExecutor.java:285)
	at com.kms.katalon.core.common.CommonExecutor.accessTestCaseMainPhase(CommonExecutor.java:65)
	at com.kms.katalon.core.main.TestSuiteExecutor.accessTestSuiteMainPhase(TestSuiteExecutor.java:148)
	at com.kms.katalon.core.main.TestSuiteExecutor.execute(TestSuiteExecutor.java:106)
	at com.kms.katalon.core.main.TestCaseMain.startTestSuite(TestCaseMain.java:187)
	at com.kms.katalon.core.main.TestCaseMain$startTestSuite$0.call(Unknown Source)
	at TempTestSuite1686556932536.run(TempTestSuite1686556932536.groovy:36)
Caused by: com.kms.katalon.core.exception.StepFailedException: Web element with id: 'Object Repository/RahulShetty_Repo/RahulShetty_Repo/Page_ProtoCommerce/h1_Shop Name' located by '(.//*[normalize-space(text()) and normalize-space(.)='(current)'])[1]/following::h1[1]' not found
	at com.kms.katalon.core.webui.keyword.internal.WebUIKeywordMain.stepFailed(WebUIKeywordMain.groovy:64)
	at com.kms.katalon.core.webui.keyword.builtin.VerifyElementVisibleKeyword$_verifyElementVisible_closure1.doCall(VerifyElementVisibleKeyword.groovy:89)
	at com.kms.katalon.core.webui.keyword.builtin.VerifyElementVisibleKeyword$_verifyElementVisible_closure1.call(VerifyElementVisibleKeyword.groovy)
	at com.kms.katalon.core.webui.keyword.internal.WebUIKeywordMain.runKeyword(WebUIKeywordMain.groovy:20)
	... 19 more
)

2023-06-12 13:34:18 - [TEST_STEP][PASSED] - com.RSPage.Invalidlogin(Invalidusername, LoginPassword, object_username, object_password): com.RSPage.Invalidlogin is PASSED

2023-06-12 13:34:18 - [MESSAGE][PASSED] - Text 'dharm' is set on object 'Object Repository/RahulShetty_Repo/RahulShetty_Repo/Page_LoginPage Practise  Rahul Shetty Academy/Page_LoginPage Practise  Rahul Shetty Academy/input_Username_username'

2023-06-12 13:34:19 - [MESSAGE][PASSED] - Text 'learning' is set on object 'Object Repository/RahulShetty_Repo/RahulShetty_Repo/Page_LoginPage Practise  Rahul Shetty Academy/Page_LoginPage Practise  Rahul Shetty Academy/input_Password_password'

2023-06-12 13:34:19 - [MESSAGE][PASSED] - com.RSPage.Invalidlogin is PASSED

2023-06-12 13:34:19 - [TEST_STEP][PASSED] - verifyElementClickable(findTestObject("RahulShetty_Repo/assertion/Page_LoginPage Practise  Rahul Shetty Academy/span_User_checkmark")): Object 'Object Repository/RahulShetty_Repo/assertion/Page_LoginPage Practise  Rahul Shetty Academy/span_User_checkmark' is clickable

2023-06-12 13:34:19 - [MESSAGE][PASSED] - Object 'Object Repository/RahulShetty_Repo/assertion/Page_LoginPage Practise  Rahul Shetty Academy/span_User_checkmark' is clickable

2023-06-12 13:34:19 - [TEST_STEP][PASSED] - click(findTestObject("RahulShetty_Repo/assertion/Page_LoginPage Practise  Rahul Shetty Academy/span_User_checkmark")): Object: 'Object Repository/RahulShetty_Repo/assertion/Page_LoginPage Practise  Rahul Shetty Academy/span_User_checkmark' is clicked on

2023-06-12 13:34:19 - [MESSAGE][PASSED] - Object: 'Object Repository/RahulShetty_Repo/assertion/Page_LoginPage Practise  Rahul Shetty Academy/span_User_checkmark' is clicked on

2023-06-12 13:34:19 - [TEST_STEP][PASSED] - click(findTestObject("RahulShetty_Repo/assertion/Page_LoginPage Practise  Rahul Shetty Academy/button_Okay")): Object: 'Object Repository/RahulShetty_Repo/assertion/Page_LoginPage Practise  Rahul Shetty Academy/button_Okay' is clicked on

2023-06-12 13:34:20 - [MESSAGE][PASSED] - Object: 'Object Repository/RahulShetty_Repo/assertion/Page_LoginPage Practise  Rahul Shetty Academy/button_Okay' is clicked on

2023-06-12 13:34:20 - [TEST_STEP][PASSED] - click(findTestObject("RahulShetty_Repo/RahulShetty_Repo/Page_LoginPage Practise  Rahul Shetty Academy/Page_LoginPage Practise  Rahul Shetty Academy/input_I Agree to the_signin")): Object: 'Object Repository/RahulShetty_Repo/RahulShetty_Repo/Page_LoginPage Practise  Rahul Shetty Academy/Page_LoginPage Practise  Rahul Shetty Academy/input_I Agree to the_signin' is clicked on

2023-06-12 13:34:21 - [MESSAGE][PASSED] - Object: 'Object Repository/RahulShetty_Repo/RahulShetty_Repo/Page_LoginPage Practise  Rahul Shetty Academy/Page_LoginPage Practise  Rahul Shetty Academy/input_I Agree to the_signin' is clicked on

2023-06-12 13:34:21 - [TEST_STEP][FAILED] - verifyElementVisible(findTestObject("RahulShetty_Repo/RahulShetty_Repo/Page_ProtoCommerce/h1_Shop Name")): Unable to verify object 'Object Repository/RahulShetty_Repo/RahulShetty_Repo/Page_ProtoCommerce/h1_Shop Name' is visible (Root cause: com.kms.katalon.core.exception.StepFailedException: Unable to verify object 'Object Repository/RahulShetty_Repo/RahulShetty_Repo/Page_ProtoCommerce/h1_Shop Name' is visible
	at com.kms.katalon.core.webui.keyword.internal.WebUIKeywordMain.stepFailed(WebUIKeywordMain.groovy:64)
	at com.kms.katalon.core.webui.keyword.internal.WebUIKeywordMain.runKeyword(WebUIKeywordMain.groovy:26)
	at com.kms.katalon.core.webui.keyword.builtin.VerifyElementVisibleKeyword.verifyElementVisible(VerifyElementVisibleKeyword.groovy:97)
	at com.kms.katalon.core.webui.keyword.builtin.VerifyElementVisibleKeyword.execute(VerifyElementVisibleKeyword.groovy:67)
	at com.kms.katalon.core.keyword.internal.KeywordExecutor.executeKeywordForPlatform(KeywordExecutor.groovy:74)
	at com.kms.katalon.core.webui.keyword.WebUiBuiltInKeywords.verifyElementVisible(WebUiBuiltInKeywords.groovy:376)
	at com.kms.katalon.core.webui.keyword.WebUiBuiltInKeywords$verifyElementVisible$6.call(Unknown Source)
	at Script1686023785468.SetupMethod(Script1686023785468.groovy:74)
	at com.kms.katalon.core.main.ScriptEngine.runScriptMethodAsRawText(ScriptEngine.java:133)
	at com.kms.katalon.core.main.TestCaseExecutor.runMethod(TestCaseExecutor.java:458)
	at com.kms.katalon.core.main.TestCaseExecutor.runMethod(TestCaseExecutor.java:580)
	at com.kms.katalon.core.main.TestCaseExecutor.internallyRunMethods(TestCaseExecutor.java:565)
	at com.kms.katalon.core.main.TestCaseExecutor.processSetupPhase(TestCaseExecutor.java:203)
	at com.kms.katalon.core.main.TestCaseExecutor.accessMainPhase(TestCaseExecutor.java:407)
	at com.kms.katalon.core.main.TestCaseExecutor.execute(TestCaseExecutor.java:285)
	at com.kms.katalon.core.common.CommonExecutor.accessTestCaseMainPhase(CommonExecutor.java:65)
	at com.kms.katalon.core.main.TestSuiteExecutor.accessTestSuiteMainPhase(TestSuiteExecutor.java:148)
	at com.kms.katalon.core.main.TestSuiteExecutor.execute(TestSuiteExecutor.java:106)
	at com.kms.katalon.core.main.TestCaseMain.startTestSuite(TestCaseMain.java:187)
	at com.kms.katalon.core.main.TestCaseMain$startTestSuite$0.call(Unknown Source)
	at TempTestSuite1686556932536.run(TempTestSuite1686556932536.groovy:36)
Caused by: com.kms.katalon.core.exception.StepFailedException: Web element with id: 'Object Repository/RahulShetty_Repo/RahulShetty_Repo/Page_ProtoCommerce/h1_Shop Name' located by '(.//*[normalize-space(text()) and normalize-space(.)='(current)'])[1]/following::h1[1]' not found
	at com.kms.katalon.core.webui.keyword.internal.WebUIKeywordMain.stepFailed(WebUIKeywordMain.groovy:64)
	at com.kms.katalon.core.webui.keyword.builtin.VerifyElementVisibleKeyword$_verifyElementVisible_closure1.doCall(VerifyElementVisibleKeyword.groovy:89)
	at com.kms.katalon.core.webui.keyword.builtin.VerifyElementVisibleKeyword$_verifyElementVisible_closure1.call(VerifyElementVisibleKeyword.groovy)
	at com.kms.katalon.core.webui.keyword.internal.WebUIKeywordMain.runKeyword(WebUIKeywordMain.groovy:20)
	... 19 more
)

2023-06-12 13:34:22 - [MESSAGE][INFO] - Unable to find the element located by 'By.xpath: (.//*[normalize-space(text()) and normalize-space(.)='(current)'])[1]/following::h1[1]'. Please recheck the objects properties to make sure the desired element is located. 

2023-06-12 13:34:22 - [MESSAGE][WARNING] - [SELF-HEALING] Failed to find element with id 'Object Repository/RahulShetty_Repo/RahulShetty_Repo/Page_ProtoCommerce/h1_Shop Name'. Try using Self-healing.

2023-06-12 13:34:22 - [MESSAGE][INFO] - [SELF-HEALING] Failed Locator: '(.//*[normalize-space(text()) and normalize-space(.)='(current)'])[1]/following::h1[1]'.

2023-06-12 13:34:22 - [MESSAGE][INFO] - [SELF-HEALING] Failed Locator: '(.//*[normalize-space(text()) and normalize-space(.)='Previous'])[1]/preceding::h1[1]'.

2023-06-12 13:34:23 - [MESSAGE][INFO] - [SELF-HEALING] Failed Locator: '(.//*[normalize-space(text()) and normalize-space(.)='Next'])[1]/preceding::h1[1]'.

2023-06-12 13:34:23 - [MESSAGE][INFO] - [SELF-HEALING] Failed Locator: '//*/text()[normalize-space(.)='Shop Name']/parent::*'.

2023-06-12 13:34:23 - [MESSAGE][INFO] - [SELF-HEALING] Failed Locator: '//h1'.

2023-06-12 13:34:24 - [MESSAGE][INFO] - [SELF-HEALING] Failed Locator: '//h1[(text() = 'Shop Name' or . = 'Shop Name')]'.

2023-06-12 13:34:25 - [MESSAGE][INFO] - Unable to find the element located by 'By.xpath: //*[(text() = 'Shop Name' or . = 'Shop Name')]'. Please recheck the objects properties to make sure the desired element is located. 

2023-06-12 13:34:26 - [MESSAGE][INFO] - Unable to find the element located by 'By.cssSelector: h1.my-4'. Please recheck the objects properties to make sure the desired element is located. 

2023-06-12 13:34:26 - [MESSAGE][FAILED] - Web element with id: 'Object Repository/RahulShetty_Repo/RahulShetty_Repo/Page_ProtoCommerce/h1_Shop Name' located by '(.//*[normalize-space(text()) and normalize-space(.)='(current)'])[1]/following::h1[1]' not found (Root cause: com.kms.katalon.core.exception.StepFailedException: Web element with id: 'Object Repository/RahulShetty_Repo/RahulShetty_Repo/Page_ProtoCommerce/h1_Shop Name' located by '(.//*[normalize-space(text()) and normalize-space(.)='(current)'])[1]/following::h1[1]' not found
	at com.kms.katalon.core.webui.keyword.internal.WebUIKeywordMain.stepFailed(WebUIKeywordMain.groovy:64)
	at com.kms.katalon.core.webui.keyword.builtin.VerifyElementVisibleKeyword$_verifyElementVisible_closure1.doCall(VerifyElementVisibleKeyword.groovy:89)
	at com.kms.katalon.core.webui.keyword.builtin.VerifyElementVisibleKeyword$_verifyElementVisible_closure1.call(VerifyElementVisibleKeyword.groovy)
	at com.kms.katalon.core.webui.keyword.internal.WebUIKeywordMain.runKeyword(WebUIKeywordMain.groovy:20)
	at com.kms.katalon.core.webui.keyword.builtin.VerifyElementVisibleKeyword.verifyElementVisible(VerifyElementVisibleKeyword.groovy:97)
	at com.kms.katalon.core.webui.keyword.builtin.VerifyElementVisibleKeyword.execute(VerifyElementVisibleKeyword.groovy:67)
	at com.kms.katalon.core.keyword.internal.KeywordExecutor.executeKeywordForPlatform(KeywordExecutor.groovy:74)
	at com.kms.katalon.core.webui.keyword.WebUiBuiltInKeywords.verifyElementVisible(WebUiBuiltInKeywords.groovy:376)
	at com.kms.katalon.core.webui.keyword.WebUiBuiltInKeywords$verifyElementVisible$6.call(Unknown Source)
	at Script1686023785468.SetupMethod(Script1686023785468.groovy:74)
	at com.kms.katalon.core.main.ScriptEngine.runScriptMethodAsRawText(ScriptEngine.java:133)
	at com.kms.katalon.core.main.TestCaseExecutor.runMethod(TestCaseExecutor.java:458)
	at com.kms.katalon.core.main.TestCaseExecutor.runMethod(TestCaseExecutor.java:580)
	at com.kms.katalon.core.main.TestCaseExecutor.internallyRunMethods(TestCaseExecutor.java:565)
	at com.kms.katalon.core.main.TestCaseExecutor.processSetupPhase(TestCaseExecutor.java:203)
	at com.kms.katalon.core.main.TestCaseExecutor.accessMainPhase(TestCaseExecutor.java:407)
	at com.kms.katalon.core.main.TestCaseExecutor.execute(TestCaseExecutor.java:285)
	at com.kms.katalon.core.common.CommonExecutor.accessTestCaseMainPhase(CommonExecutor.java:65)
	at com.kms.katalon.core.main.TestSuiteExecutor.accessTestSuiteMainPhase(TestSuiteExecutor.java:148)
	at com.kms.katalon.core.main.TestSuiteExecutor.execute(TestSuiteExecutor.java:106)
	at com.kms.katalon.core.main.TestCaseMain.startTestSuite(TestCaseMain.java:187)
	at com.kms.katalon.core.main.TestCaseMain$startTestSuite$0.call(Unknown Source)
	at TempTestSuite1686556932536.run(TempTestSuite1686556932536.groovy:36)
)
[[ATTACHMENT|/home/dharm/git/FinalAssignment/Reports/20230612_133209/RahulShettyTestSuite/RahulShetty/20230612_133212/1686557066214.png]]

2023-06-12 13:34:26 - [MESSAGE][FAILED] - Unable to verify object 'Object Repository/RahulShetty_Repo/RahulShetty_Repo/Page_ProtoCommerce/h1_Shop Name' is visible (Root cause: com.kms.katalon.core.exception.StepFailedException: Unable to verify object 'Object Repository/RahulShetty_Repo/RahulShetty_Repo/Page_ProtoCommerce/h1_Shop Name' is visible
	at com.kms.katalon.core.webui.keyword.internal.WebUIKeywordMain.stepFailed(WebUIKeywordMain.groovy:64)
	at com.kms.katalon.core.webui.keyword.internal.WebUIKeywordMain.runKeyword(WebUIKeywordMain.groovy:26)
	at com.kms.katalon.core.webui.keyword.builtin.VerifyElementVisibleKeyword.verifyElementVisible(VerifyElementVisibleKeyword.groovy:97)
	at com.kms.katalon.core.webui.keyword.builtin.VerifyElementVisibleKeyword.execute(VerifyElementVisibleKeyword.groovy:67)
	at com.kms.katalon.core.keyword.internal.KeywordExecutor.executeKeywordForPlatform(KeywordExecutor.groovy:74)
	at com.kms.katalon.core.webui.keyword.WebUiBuiltInKeywords.verifyElementVisible(WebUiBuiltInKeywords.groovy:376)
	at com.kms.katalon.core.webui.keyword.WebUiBuiltInKeywords$verifyElementVisible$6.call(Unknown Source)
	at Script1686023785468.SetupMethod(Script1686023785468.groovy:74)
	at com.kms.katalon.core.main.ScriptEngine.runScriptMethodAsRawText(ScriptEngine.java:133)
	at com.kms.katalon.core.main.TestCaseExecutor.runMethod(TestCaseExecutor.java:458)
	at com.kms.katalon.core.main.TestCaseExecutor.runMethod(TestCaseExecutor.java:580)
	at com.kms.katalon.core.main.TestCaseExecutor.internallyRunMethods(TestCaseExecutor.java:565)
	at com.kms.katalon.core.main.TestCaseExecutor.processSetupPhase(TestCaseExecutor.java:203)
	at com.kms.katalon.core.main.TestCaseExecutor.accessMainPhase(TestCaseExecutor.java:407)
	at com.kms.katalon.core.main.TestCaseExecutor.execute(TestCaseExecutor.java:285)
	at com.kms.katalon.core.common.CommonExecutor.accessTestCaseMainPhase(CommonExecutor.java:65)
	at com.kms.katalon.core.main.TestSuiteExecutor.accessTestSuiteMainPhase(TestSuiteExecutor.java:148)
	at com.kms.katalon.core.main.TestSuiteExecutor.execute(TestSuiteExecutor.java:106)
	at com.kms.katalon.core.main.TestCaseMain.startTestSuite(TestCaseMain.java:187)
	at com.kms.katalon.core.main.TestCaseMain$startTestSuite$0.call(Unknown Source)
	at TempTestSuite1686556932536.run(TempTestSuite1686556932536.groovy:36)
Caused by: com.kms.katalon.core.exception.StepFailedException: Web element with id: 'Object Repository/RahulShetty_Repo/RahulShetty_Repo/Page_ProtoCommerce/h1_Shop Name' located by '(.//*[normalize-space(text()) and normalize-space(.)='(current)'])[1]/following::h1[1]' not found
	at com.kms.katalon.core.webui.keyword.internal.WebUIKeywordMain.stepFailed(WebUIKeywordMain.groovy:64)
	at com.kms.katalon.core.webui.keyword.builtin.VerifyElementVisibleKeyword$_verifyElementVisible_closure1.doCall(VerifyElementVisibleKeyword.groovy:89)
	at com.kms.katalon.core.webui.keyword.builtin.VerifyElementVisibleKeyword$_verifyElementVisible_closure1.call(VerifyElementVisibleKeyword.groovy)
	at com.kms.katalon.core.webui.keyword.internal.WebUIKeywordMain.runKeyword(WebUIKeywordMain.groovy:20)
	... 19 more
)
[[ATTACHMENT|/home/dharm/git/FinalAssignment/Reports/20230612_133209/RahulShettyTestSuite/RahulShetty/20230612_133212/1686557066324.png]]

2023-06-12 13:34:26 - [TEST_STEP][PASSED] - catch (Exception e): Object 'Object Repository/RahulShetty_Repo/RahulShetty_Repo/Page_ProtoCommerce/h1_Shop Name' is visible

2023-06-12 13:34:26 - [TEST_STEP][PASSED] - com.RSPage.Validlogin(Validusername, LoginPassword, object_username, object_password): com.RSPage.Validlogin is PASSED

2023-06-12 13:34:26 - [MESSAGE][PASSED] - Text 'rahulshettyacademy' is set on object 'Object Repository/RahulShetty_Repo/RahulShetty_Repo/Page_LoginPage Practise  Rahul Shetty Academy/Page_LoginPage Practise  Rahul Shetty Academy/input_Username_username'

2023-06-12 13:34:27 - [MESSAGE][PASSED] - Text 'learning' is set on object 'Object Repository/RahulShetty_Repo/RahulShetty_Repo/Page_LoginPage Practise  Rahul Shetty Academy/Page_LoginPage Practise  Rahul Shetty Academy/input_Password_password'

2023-06-12 13:34:27 - [MESSAGE][PASSED] - com.RSPage.Validlogin is PASSED

2023-06-12 13:34:27 - [TEST_STEP][PASSED] - click(findTestObject("Object Repository/RahulShetty_Repo/RahulShetty_Repo/Page_LoginPage Practise  Rahul Shetty Academy/Page_LoginPage Practise  Rahul Shetty Academy/input_I Agree to the_signin")): Object: 'Object Repository/RahulShetty_Repo/RahulShetty_Repo/Page_LoginPage Practise  Rahul Shetty Academy/Page_LoginPage Practise  Rahul Shetty Academy/input_I Agree to the_signin' is clicked on

2023-06-12 13:34:27 - [MESSAGE][PASSED] - Object: 'Object Repository/RahulShetty_Repo/RahulShetty_Repo/Page_LoginPage Practise  Rahul Shetty Academy/Page_LoginPage Practise  Rahul Shetty Academy/input_I Agree to the_signin' is clicked on

2023-06-12 13:34:27 - [TEST_STEP][PASSED] - delay(2): Delayed 2 second(s)

2023-06-12 13:34:29 - [MESSAGE][PASSED] - Delayed 2 second(s)

2023-06-12 13:34:29 - [TEST_STEP][PASSED] - verifyElementVisible(findTestObject("RahulShetty_Repo/RahulShetty_Repo/Page_ProtoCommerce/h1_Shop Name")): Object 'Object Repository/RahulShetty_Repo/RahulShetty_Repo/Page_ProtoCommerce/h1_Shop Name' is visible

2023-06-12 13:34:30 - [MESSAGE][PASSED] - Object 'Object Repository/RahulShetty_Repo/RahulShetty_Repo/Page_ProtoCommerce/h1_Shop Name' is visible

2023-06-12 13:34:30 - [MESSAGE][PASSED] - Method 'SetupMethod' complete successfully

2023-06-12 13:34:30 - [TEST_STEP][PASSED] - delay(2): Delayed 2 second(s)

2023-06-12 13:34:32 - [MESSAGE][PASSED] - Delayed 2 second(s)

2023-06-12 13:34:32 - [TEST_STEP][PASSED] - homevariable = "Home": null

2023-06-12 13:34:32 - [TEST_STEP][PASSED] - click(findTestObject("RahulShetty_Repo/RahulShetty_Repo/DynamicObjectCreation/a_Shop", ["text":homevariable])): Object: 'Object Repository/RahulShetty_Repo/RahulShetty_Repo/DynamicObjectCreation/a_Shop' is clicked on

2023-06-12 13:34:32 - [MESSAGE][PASSED] - Object: 'Object Repository/RahulShetty_Repo/RahulShetty_Repo/DynamicObjectCreation/a_Shop' is clicked on

2023-06-12 13:34:32 - [TEST_STEP][PASSED] - delay(1): Delayed 1 second(s)

2023-06-12 13:34:33 - [MESSAGE][PASSED] - Delayed 1 second(s)

2023-06-12 13:34:33 - [TEST_STEP][PASSED] - shopvariable = "shop": null

2023-06-12 13:34:33 - [TEST_STEP][PASSED] - verifyElementClickable(findTestObject("RahulShetty_Repo/RahulShetty_Repo/DynamicObjectCreation/a_Shop", ["text":shopvariable])): Object 'Object Repository/RahulShetty_Repo/RahulShetty_Repo/DynamicObjectCreation/a_Shop' is clickable

2023-06-12 13:34:35 - [MESSAGE][INFO] - Unable to find the element located by 'By.xpath: //*[(text() = 'shop' or . = 'shop')]'. Please recheck the objects properties to make sure the desired element is located. 

2023-06-12 13:34:35 - [MESSAGE][WARNING] - [SELF-HEALING] Failed to find element with id 'Object Repository/RahulShetty_Repo/RahulShetty_Repo/DynamicObjectCreation/a_Shop'. Try using Self-healing.

2023-06-12 13:34:35 - [MESSAGE][WARNING] - [SELF-HEALING] The current locator of test object 'Object Repository/RahulShetty_Repo/RahulShetty_Repo/DynamicObjectCreation/a_Shop' was broken. Propose an alternative one: '//a[@href = '/angularpractice/shop' and (text() = 'Shop' or . = 'Shop')]'.

2023-06-12 13:34:35 - [MESSAGE][PASSED] - Object 'Object Repository/RahulShetty_Repo/RahulShetty_Repo/DynamicObjectCreation/a_Shop' is clickable

2023-06-12 13:34:35 - [TEST_STEP][PASSED] - click(findTestObject("RahulShetty_Repo/RahulShetty_Repo/DynamicObjectCreation/a_Shop", ["text":shopvariable])): Object: 'Object Repository/RahulShetty_Repo/RahulShetty_Repo/DynamicObjectCreation/a_Shop' is clicked on

2023-06-12 13:34:36 - [MESSAGE][INFO] - Unable to find the element located by 'By.xpath: //*[(text() = 'shop' or . = 'shop')]'. Please recheck the objects properties to make sure the desired element is located. 

2023-06-12 13:34:36 - [MESSAGE][WARNING] - [SELF-HEALING] Failed to find element with id 'Object Repository/RahulShetty_Repo/RahulShetty_Repo/DynamicObjectCreation/a_Shop'. Try using Self-healing.

2023-06-12 13:34:36 - [MESSAGE][WARNING] - [SELF-HEALING] The current locator of test object 'Object Repository/RahulShetty_Repo/RahulShetty_Repo/DynamicObjectCreation/a_Shop' was broken. Propose an alternative one: '//a[@href = '/angularpractice/shop' and (text() = 'Shop' or . = 'Shop')]'.

2023-06-12 13:34:36 - [MESSAGE][PASSED] - Object: 'Object Repository/RahulShetty_Repo/RahulShetty_Repo/DynamicObjectCreation/a_Shop' is clicked on

2023-06-12 13:34:36 - [TEST_STEP][PASSED] - com.RSPage.checkout(Add_Object, Checkout_Object): com.RSPage.checkout is PASSED

2023-06-12 13:34:37 - [MESSAGE][PASSED] - Object: 'Object Repository/RahulShetty_Repo/RahulShetty_Repo/Page_ProtoCommerce/Page_ProtoCommerce/button_Add' is clicked on

2023-06-12 13:34:39 - [MESSAGE][PASSED] - Delayed 2 second(s)

2023-06-12 13:34:40 - [MESSAGE][INFO] - Unable to find the element located by 'By.xpath: '. Please recheck the objects properties to make sure the desired element is located. 

2023-06-12 13:34:40 - [MESSAGE][WARNING] - [SELF-HEALING] Failed to find element with id 'Object Repository/RahulShetty_Repo/RahulShetty_Repo/Page_ProtoCommerce/Page_ProtoCommerce/a_Checkout ( 1 )            (current)'. Try using Self-healing.

2023-06-12 13:34:40 - [MESSAGE][WARNING] - [SELF-HEALING] The current locator of test object 'Object Repository/RahulShetty_Repo/RahulShetty_Repo/Page_ProtoCommerce/Page_ProtoCommerce/a_Checkout ( 1 )            (current)' was broken. Propose an alternative one: '//div[@id='navbarResponsive']/ul/li/a'.

2023-06-12 13:34:40 - [MESSAGE][PASSED] - Object 'Object Repository/RahulShetty_Repo/RahulShetty_Repo/Page_ProtoCommerce/Page_ProtoCommerce/a_Checkout ( 1 )            (current)' is visible

2023-06-12 13:34:42 - [MESSAGE][INFO] - Unable to find the element located by 'By.xpath: '. Please recheck the objects properties to make sure the desired element is located. 

2023-06-12 13:34:42 - [MESSAGE][WARNING] - [SELF-HEALING] Failed to find element with id 'Object Repository/RahulShetty_Repo/RahulShetty_Repo/Page_ProtoCommerce/Page_ProtoCommerce/a_Checkout ( 1 )            (current)'. Try using Self-healing.

2023-06-12 13:34:42 - [MESSAGE][WARNING] - [SELF-HEALING] The current locator of test object 'Object Repository/RahulShetty_Repo/RahulShetty_Repo/Page_ProtoCommerce/Page_ProtoCommerce/a_Checkout ( 1 )            (current)' was broken. Propose an alternative one: '//div[@id='navbarResponsive']/ul/li/a'.

2023-06-12 13:34:43 - [MESSAGE][PASSED] - Object: 'Object Repository/RahulShetty_Repo/RahulShetty_Repo/Page_ProtoCommerce/Page_ProtoCommerce/a_Checkout ( 1 )            (current)' is clicked on

2023-06-12 13:34:43 - [MESSAGE][PASSED] - com.RSPage.checkout is PASSED

2023-06-12 13:34:43 - [TEST_STEP][PASSED] - verifyElementText(findTestObject("RahulShetty_Repo/assertion/Page_ProtoCommerce/a_iphone X"), "iphone X"): Actual text and expected text of test object 'Object Repository/RahulShetty_Repo/assertion/Page_ProtoCommerce/a_iphone X' are matched.

2023-06-12 13:34:43 - [MESSAGE][PASSED] - Actual text and expected text of test object 'Object Repository/RahulShetty_Repo/assertion/Page_ProtoCommerce/a_iphone X' are matched.

2023-06-12 13:34:43 - [TEST_STEP][PASSED] - com.RSPage.payment(FinalCheckout, tnc, purchase): com.RSPage.payment is PASSED

2023-06-12 13:34:43 - [MESSAGE][PASSED] - Object: 'Object Repository/RahulShetty_Repo/RahulShetty_Repo/Page_ProtoCommerce/Page_ProtoCommerce/button_Checkout' is clicked on

2023-06-12 13:34:44 - [MESSAGE][INFO] - Unable to find the element located by 'By.xpath: '. Please recheck the objects properties to make sure the desired element is located. 

2023-06-12 13:34:44 - [MESSAGE][WARNING] - [SELF-HEALING] Failed to find element with id 'Object Repository/RahulShetty_Repo/RahulShetty_Repo/Page_ProtoCommerce/Page_ProtoCommerce/label_I agree with the term  Conditions'. Try using Self-healing.

2023-06-12 13:34:45 - [MESSAGE][WARNING] - [SELF-HEALING] The current locator of test object 'Object Repository/RahulShetty_Repo/RahulShetty_Repo/Page_ProtoCommerce/Page_ProtoCommerce/label_I agree with the term  Conditions' was broken. Propose an alternative one: '(.//*[normalize-space(text()) and normalize-space(.)='(current)'])[1]/following::label[2]'.

2023-06-12 13:34:45 - [MESSAGE][PASSED] - Object: 'Object Repository/RahulShetty_Repo/RahulShetty_Repo/Page_ProtoCommerce/Page_ProtoCommerce/label_I agree with the term  Conditions' is clicked on

2023-06-12 13:34:46 - [MESSAGE][INFO] - Unable to find the element located by 'By.xpath: '. Please recheck the objects properties to make sure the desired element is located. 

2023-06-12 13:34:46 - [MESSAGE][WARNING] - [SELF-HEALING] Failed to find element with id 'Object Repository/RahulShetty_Repo/RahulShetty_Repo/Page_ProtoCommerce/Page_ProtoCommerce/input_term  Conditions_btn btn-success btn-lg'. Try using Self-healing.

2023-06-12 13:34:46 - [MESSAGE][WARNING] - [SELF-HEALING] The current locator of test object 'Object Repository/RahulShetty_Repo/RahulShetty_Repo/Page_ProtoCommerce/Page_ProtoCommerce/input_term  Conditions_btn btn-success btn-lg' was broken. Propose an alternative one: '//form/input'.

2023-06-12 13:34:46 - [MESSAGE][PASSED] - Object 'Object Repository/RahulShetty_Repo/RahulShetty_Repo/Page_ProtoCommerce/Page_ProtoCommerce/input_term  Conditions_btn btn-success btn-lg' is clickable

2023-06-12 13:34:47 - [MESSAGE][INFO] - Unable to find the element located by 'By.xpath: '. Please recheck the objects properties to make sure the desired element is located. 

2023-06-12 13:34:47 - [MESSAGE][WARNING] - [SELF-HEALING] Failed to find element with id 'Object Repository/RahulShetty_Repo/RahulShetty_Repo/Page_ProtoCommerce/Page_ProtoCommerce/input_term  Conditions_btn btn-success btn-lg'. Try using Self-healing.

2023-06-12 13:34:47 - [MESSAGE][WARNING] - [SELF-HEALING] The current locator of test object 'Object Repository/RahulShetty_Repo/RahulShetty_Repo/Page_ProtoCommerce/Page_ProtoCommerce/input_term  Conditions_btn btn-success btn-lg' was broken. Propose an alternative one: '//form/input'.

2023-06-12 13:34:48 - [MESSAGE][PASSED] - Object: 'Object Repository/RahulShetty_Repo/RahulShetty_Repo/Page_ProtoCommerce/Page_ProtoCommerce/input_term  Conditions_btn btn-success btn-lg' is clicked on

2023-06-12 13:34:48 - [MESSAGE][PASSED] - com.RSPage.payment is PASSED

2023-06-12 13:34:48 - [TEST_STEP][PASSED] - verifyElementVisible(findTestObject("RahulShetty_Repo/assertion/Page_ProtoCommerce/div_Success Thank you Your order will be delivered in next few weeks -)"), STOP_ON_FAILURE): Object 'Object Repository/RahulShetty_Repo/assertion/Page_ProtoCommerce/div_Success Thank you Your order will be delivered in next few weeks -)' is visible

2023-06-12 13:34:48 - [MESSAGE][PASSED] - Object 'Object Repository/RahulShetty_Repo/assertion/Page_ProtoCommerce/div_Success Thank you Your order will be delivered in next few weeks -)' is visible

2023-06-12 13:34:48 - [TEST_STEP][PASSED] - click(findTestObject("Object Repository/RahulShetty_Repo/RahulShetty_Repo/Page_ProtoCommerce/Page_ProtoCommerce/a_ProtoCommerce Home")): Object: 'Object Repository/RahulShetty_Repo/RahulShetty_Repo/Page_ProtoCommerce/Page_ProtoCommerce/a_ProtoCommerce Home' is clicked on

2023-06-12 13:34:48 - [MESSAGE][PASSED] - Object: 'Object Repository/RahulShetty_Repo/RahulShetty_Repo/Page_ProtoCommerce/Page_ProtoCommerce/a_ProtoCommerce Home' is clicked on

2023-06-12 13:34:48 - [TEST_STEP][PASSED] - com.RSPage.formdata(name, email, password, name_object, email_object, password_object): com.RSPage.formdata is PASSED

2023-06-12 13:34:49 - [MESSAGE][PASSED] - Text 'dharm' is set on object 'Object Repository/RahulShetty_Repo/RahulShetty_Repo/Page_ProtoCommerce/Page_ProtoCommerce/input_Name_name'

2023-06-12 13:34:50 - [MESSAGE][PASSED] - Text 'Dharm@gmail.com' is set on object 'Object Repository/RahulShetty_Repo/RahulShetty_Repo/Page_ProtoCommerce/Page_ProtoCommerce/input_Email_email'

2023-06-12 13:34:51 - [MESSAGE][PASSED] - Text 'dharm123' is set on object 'Object Repository/RahulShetty_Repo/RahulShetty_Repo/Page_ProtoCommerce/Page_ProtoCommerce/input_Password_exampleInputPassword1'

2023-06-12 13:34:51 - [MESSAGE][PASSED] - com.RSPage.formdata is PASSED

2023-06-12 13:34:51 - [TEST_STEP][PASSED] - click(findTestObject("Object Repository/RahulShetty_Repo/RahulShetty_Repo/Page_ProtoCommerce/Page_ProtoCommerce/input_term  Conditions_btn btn-success btn-lg")): Object: 'Object Repository/RahulShetty_Repo/RahulShetty_Repo/Page_ProtoCommerce/Page_ProtoCommerce/input_term  Conditions_btn btn-success btn-lg' is clicked on

2023-06-12 13:34:52 - [MESSAGE][INFO] - Unable to find the element located by 'By.xpath: '. Please recheck the objects properties to make sure the desired element is located. 

2023-06-12 13:34:52 - [MESSAGE][WARNING] - [SELF-HEALING] Failed to find element with id 'Object Repository/RahulShetty_Repo/RahulShetty_Repo/Page_ProtoCommerce/Page_ProtoCommerce/input_term  Conditions_btn btn-success btn-lg'. Try using Self-healing.

2023-06-12 13:34:52 - [MESSAGE][WARNING] - [SELF-HEALING] The current locator of test object 'Object Repository/RahulShetty_Repo/RahulShetty_Repo/Page_ProtoCommerce/Page_ProtoCommerce/input_term  Conditions_btn btn-success btn-lg' was broken. Propose an alternative one: '//form/input'.

2023-06-12 13:34:52 - [MESSAGE][PASSED] - Object: 'Object Repository/RahulShetty_Repo/RahulShetty_Repo/Page_ProtoCommerce/Page_ProtoCommerce/input_term  Conditions_btn btn-success btn-lg' is clicked on

2023-06-12 13:34:52 - [TEST_STEP][PASSED] - verifyElementVisible(findTestObject("RahulShetty_Repo/assertion/Page_ProtoCommerce/div_Success The Form has been submitted successfully"), STOP_ON_FAILURE): Object 'Object Repository/RahulShetty_Repo/assertion/Page_ProtoCommerce/div_Success The Form has been submitted successfully' is visible

2023-06-12 13:34:53 - [MESSAGE][PASSED] - Object 'Object Repository/RahulShetty_Repo/assertion/Page_ProtoCommerce/div_Success The Form has been submitted successfully' is visible

2023-06-12 13:34:53 - [TEST_STEP][PASSED] - click(findTestObject("Object Repository/RahulShetty_Repo/RahulShetty_Repo/Page_ProtoCommerce/Page_ProtoCommerce/strong_Success")): Object: 'Object Repository/RahulShetty_Repo/RahulShetty_Repo/Page_ProtoCommerce/Page_ProtoCommerce/strong_Success' is clicked on

2023-06-12 13:34:53 - [MESSAGE][PASSED] - Object: 'Object Repository/RahulShetty_Repo/RahulShetty_Repo/Page_ProtoCommerce/Page_ProtoCommerce/strong_Success' is clicked on

2023-06-12 13:34:53 - [TEST_STEP][PASSED] - delay(2): Delayed 2 second(s)

2023-06-12 13:34:55 - [MESSAGE][PASSED] - Delayed 2 second(s)

2023-06-12 13:34:55 - [TEST_STEP][PASSED] - Start tear down : TearDownMethod: Method 'TearDownMethod' complete successfully

2023-06-12 13:34:55 - [TEST_STEP][PASSED] - click(findTestObject("Object Repository/RahulShetty_Repo/RahulShetty_Repo/Page_ProtoCommerce/Page_ProtoCommerce/a_Shop")): Object: 'Object Repository/RahulShetty_Repo/RahulShetty_Repo/Page_ProtoCommerce/Page_ProtoCommerce/a_Shop' is clicked on

2023-06-12 13:34:55 - [MESSAGE][PASSED] - Object: 'Object Repository/RahulShetty_Repo/RahulShetty_Repo/Page_ProtoCommerce/Page_ProtoCommerce/a_Shop' is clicked on

2023-06-12 13:34:55 - [MESSAGE][PASSED] - Method 'TearDownMethod' complete successfully

2023-06-12 13:34:55 - [TEST_STEP][PASSED] - Start listener action : sampleAfterTestCase: null]]></system-out>
         <system-err><![CDATA[]]></system-err>
      </testcase>
      <testcase name="Test Cases/RahulShettyTestCase/RahulShettyLoginPage" time="37.515" classname="Test Cases/RahulShettyTestCase/RahulShettyLoginPage" status="PASSED">
         <system-out><![CDATA[2023-06-12 13:34:55 - [TEST_CASE][PASSED] - Test Cases/RahulShettyTestCase/RahulShettyLoginPage: Test Cases/RahulShettyTestCase/RahulShettyLoginPage

2023-06-12 13:34:56 - [TEST_STEP][PASSED] - Start listener action : sampleBeforeTestCase: null

2023-06-12 13:34:56 - [TEST_STEP][PASSED] - Start setup action : SetupMethod: Method 'SetupMethod' complete successfully

2023-06-12 13:34:56 - [TEST_STEP][PASSED] - navigateToUrl(url): Navigate to 'https://rahulshettyacademy.com/loginpagePractise/' successfully

2023-06-12 13:34:56 - [MESSAGE][PASSED] - Navigate to 'https://rahulshettyacademy.com/loginpagePractise/' successfully

2023-06-12 13:34:56 - [TEST_STEP][PASSED] - getUrl().equals("https://rahulshettyacademy.com/loginpagePractise/"): Current window's url is: 'https://rahulshettyacademy.com/loginpagePractise/'

2023-06-12 13:34:56 - [MESSAGE][PASSED] - Current window's url is: 'https://rahulshettyacademy.com/loginpagePractise/'

2023-06-12 13:34:56 - [TEST_STEP][FAILED] - try: Unable to verify object 'Object Repository/RahulShetty_Repo/RahulShetty_Repo/Page_ProtoCommerce/h1_Shop Name' is visible (Root cause: com.kms.katalon.core.exception.StepFailedException: Unable to verify object 'Object Repository/RahulShetty_Repo/RahulShetty_Repo/Page_ProtoCommerce/h1_Shop Name' is visible
	at com.kms.katalon.core.webui.keyword.internal.WebUIKeywordMain.stepFailed(WebUIKeywordMain.groovy:64)
	at com.kms.katalon.core.webui.keyword.internal.WebUIKeywordMain.runKeyword(WebUIKeywordMain.groovy:26)
	at com.kms.katalon.core.webui.keyword.builtin.VerifyElementVisibleKeyword.verifyElementVisible(VerifyElementVisibleKeyword.groovy:97)
	at com.kms.katalon.core.webui.keyword.builtin.VerifyElementVisibleKeyword.execute(VerifyElementVisibleKeyword.groovy:67)
	at com.kms.katalon.core.keyword.internal.KeywordExecutor.executeKeywordForPlatform(KeywordExecutor.groovy:74)
	at com.kms.katalon.core.webui.keyword.WebUiBuiltInKeywords.verifyElementVisible(WebUiBuiltInKeywords.groovy:376)
	at com.kms.katalon.core.webui.keyword.WebUiBuiltInKeywords$verifyElementVisible$6.call(Unknown Source)
	at RahulShettyLoginPage.SetupMethod(RahulShettyLoginPage:74)
	at com.kms.katalon.core.main.ScriptEngine.runScriptMethodAsRawText(ScriptEngine.java:133)
	at com.kms.katalon.core.main.TestCaseExecutor.runMethod(TestCaseExecutor.java:458)
	at com.kms.katalon.core.main.TestCaseExecutor.runMethod(TestCaseExecutor.java:580)
	at com.kms.katalon.core.main.TestCaseExecutor.internallyRunMethods(TestCaseExecutor.java:565)
	at com.kms.katalon.core.main.TestCaseExecutor.processSetupPhase(TestCaseExecutor.java:203)
	at com.kms.katalon.core.main.TestCaseExecutor.accessMainPhase(TestCaseExecutor.java:407)
	at com.kms.katalon.core.main.TestCaseExecutor.execute(TestCaseExecutor.java:285)
	at com.kms.katalon.core.common.CommonExecutor.accessTestCaseMainPhase(CommonExecutor.java:65)
	at com.kms.katalon.core.main.TestSuiteExecutor.accessTestSuiteMainPhase(TestSuiteExecutor.java:148)
	at com.kms.katalon.core.main.TestSuiteExecutor.execute(TestSuiteExecutor.java:106)
	at com.kms.katalon.core.main.TestCaseMain.startTestSuite(TestCaseMain.java:187)
	at com.kms.katalon.core.main.TestCaseMain$startTestSuite$0.call(Unknown Source)
	at TempTestSuite1686556932536.run(TempTestSuite1686556932536.groovy:36)
Caused by: com.kms.katalon.core.exception.StepFailedException: Web element with id: 'Object Repository/RahulShetty_Repo/RahulShetty_Repo/Page_ProtoCommerce/h1_Shop Name' located by '(.//*[normalize-space(text()) and normalize-space(.)='(current)'])[1]/following::h1[1]' not found
	at com.kms.katalon.core.webui.keyword.internal.WebUIKeywordMain.stepFailed(WebUIKeywordMain.groovy:64)
	at com.kms.katalon.core.webui.keyword.builtin.VerifyElementVisibleKeyword$_verifyElementVisible_closure1.doCall(VerifyElementVisibleKeyword.groovy:89)
	at com.kms.katalon.core.webui.keyword.builtin.VerifyElementVisibleKeyword$_verifyElementVisible_closure1.call(VerifyElementVisibleKeyword.groovy)
	at com.kms.katalon.core.webui.keyword.internal.WebUIKeywordMain.runKeyword(WebUIKeywordMain.groovy:20)
	... 19 more
)

2023-06-12 13:34:56 - [TEST_STEP][PASSED] - com.RSPage.Invalidlogin(Invalidusername, LoginPassword, object_username, object_password): com.RSPage.Invalidlogin is PASSED

2023-06-12 13:34:56 - [MESSAGE][PASSED] - Text 'dharm' is set on object 'Object Repository/RahulShetty_Repo/RahulShetty_Repo/Page_LoginPage Practise  Rahul Shetty Academy/Page_LoginPage Practise  Rahul Shetty Academy/input_Username_username'

2023-06-12 13:34:57 - [MESSAGE][PASSED] - Text 'learning' is set on object 'Object Repository/RahulShetty_Repo/RahulShetty_Repo/Page_LoginPage Practise  Rahul Shetty Academy/Page_LoginPage Practise  Rahul Shetty Academy/input_Password_password'

2023-06-12 13:34:57 - [MESSAGE][PASSED] - com.RSPage.Invalidlogin is PASSED

2023-06-12 13:34:57 - [TEST_STEP][PASSED] - verifyElementClickable(findTestObject("RahulShetty_Repo/assertion/Page_LoginPage Practise  Rahul Shetty Academy/span_User_checkmark")): Object 'Object Repository/RahulShetty_Repo/assertion/Page_LoginPage Practise  Rahul Shetty Academy/span_User_checkmark' is clickable

2023-06-12 13:34:57 - [MESSAGE][PASSED] - Object 'Object Repository/RahulShetty_Repo/assertion/Page_LoginPage Practise  Rahul Shetty Academy/span_User_checkmark' is clickable

2023-06-12 13:34:57 - [TEST_STEP][PASSED] - click(findTestObject("RahulShetty_Repo/assertion/Page_LoginPage Practise  Rahul Shetty Academy/span_User_checkmark")): Object: 'Object Repository/RahulShetty_Repo/assertion/Page_LoginPage Practise  Rahul Shetty Academy/span_User_checkmark' is clicked on

2023-06-12 13:34:57 - [MESSAGE][PASSED] - Object: 'Object Repository/RahulShetty_Repo/assertion/Page_LoginPage Practise  Rahul Shetty Academy/span_User_checkmark' is clicked on

2023-06-12 13:34:57 - [TEST_STEP][PASSED] - click(findTestObject("RahulShetty_Repo/assertion/Page_LoginPage Practise  Rahul Shetty Academy/button_Okay")): Object: 'Object Repository/RahulShetty_Repo/assertion/Page_LoginPage Practise  Rahul Shetty Academy/button_Okay' is clicked on

2023-06-12 13:34:58 - [MESSAGE][PASSED] - Object: 'Object Repository/RahulShetty_Repo/assertion/Page_LoginPage Practise  Rahul Shetty Academy/button_Okay' is clicked on

2023-06-12 13:34:58 - [TEST_STEP][PASSED] - click(findTestObject("RahulShetty_Repo/RahulShetty_Repo/Page_LoginPage Practise  Rahul Shetty Academy/Page_LoginPage Practise  Rahul Shetty Academy/input_I Agree to the_signin")): Object: 'Object Repository/RahulShetty_Repo/RahulShetty_Repo/Page_LoginPage Practise  Rahul Shetty Academy/Page_LoginPage Practise  Rahul Shetty Academy/input_I Agree to the_signin' is clicked on

2023-06-12 13:34:59 - [MESSAGE][PASSED] - Object: 'Object Repository/RahulShetty_Repo/RahulShetty_Repo/Page_LoginPage Practise  Rahul Shetty Academy/Page_LoginPage Practise  Rahul Shetty Academy/input_I Agree to the_signin' is clicked on

2023-06-12 13:34:59 - [TEST_STEP][FAILED] - verifyElementVisible(findTestObject("RahulShetty_Repo/RahulShetty_Repo/Page_ProtoCommerce/h1_Shop Name")): Unable to verify object 'Object Repository/RahulShetty_Repo/RahulShetty_Repo/Page_ProtoCommerce/h1_Shop Name' is visible (Root cause: com.kms.katalon.core.exception.StepFailedException: Unable to verify object 'Object Repository/RahulShetty_Repo/RahulShetty_Repo/Page_ProtoCommerce/h1_Shop Name' is visible
	at com.kms.katalon.core.webui.keyword.internal.WebUIKeywordMain.stepFailed(WebUIKeywordMain.groovy:64)
	at com.kms.katalon.core.webui.keyword.internal.WebUIKeywordMain.runKeyword(WebUIKeywordMain.groovy:26)
	at com.kms.katalon.core.webui.keyword.builtin.VerifyElementVisibleKeyword.verifyElementVisible(VerifyElementVisibleKeyword.groovy:97)
	at com.kms.katalon.core.webui.keyword.builtin.VerifyElementVisibleKeyword.execute(VerifyElementVisibleKeyword.groovy:67)
	at com.kms.katalon.core.keyword.internal.KeywordExecutor.executeKeywordForPlatform(KeywordExecutor.groovy:74)
	at com.kms.katalon.core.webui.keyword.WebUiBuiltInKeywords.verifyElementVisible(WebUiBuiltInKeywords.groovy:376)
	at com.kms.katalon.core.webui.keyword.WebUiBuiltInKeywords$verifyElementVisible$6.call(Unknown Source)
	at RahulShettyLoginPage.SetupMethod(RahulShettyLoginPage:74)
	at com.kms.katalon.core.main.ScriptEngine.runScriptMethodAsRawText(ScriptEngine.java:133)
	at com.kms.katalon.core.main.TestCaseExecutor.runMethod(TestCaseExecutor.java:458)
	at com.kms.katalon.core.main.TestCaseExecutor.runMethod(TestCaseExecutor.java:580)
	at com.kms.katalon.core.main.TestCaseExecutor.internallyRunMethods(TestCaseExecutor.java:565)
	at com.kms.katalon.core.main.TestCaseExecutor.processSetupPhase(TestCaseExecutor.java:203)
	at com.kms.katalon.core.main.TestCaseExecutor.accessMainPhase(TestCaseExecutor.java:407)
	at com.kms.katalon.core.main.TestCaseExecutor.execute(TestCaseExecutor.java:285)
	at com.kms.katalon.core.common.CommonExecutor.accessTestCaseMainPhase(CommonExecutor.java:65)
	at com.kms.katalon.core.main.TestSuiteExecutor.accessTestSuiteMainPhase(TestSuiteExecutor.java:148)
	at com.kms.katalon.core.main.TestSuiteExecutor.execute(TestSuiteExecutor.java:106)
	at com.kms.katalon.core.main.TestCaseMain.startTestSuite(TestCaseMain.java:187)
	at com.kms.katalon.core.main.TestCaseMain$startTestSuite$0.call(Unknown Source)
	at TempTestSuite1686556932536.run(TempTestSuite1686556932536.groovy:36)
Caused by: com.kms.katalon.core.exception.StepFailedException: Web element with id: 'Object Repository/RahulShetty_Repo/RahulShetty_Repo/Page_ProtoCommerce/h1_Shop Name' located by '(.//*[normalize-space(text()) and normalize-space(.)='(current)'])[1]/following::h1[1]' not found
	at com.kms.katalon.core.webui.keyword.internal.WebUIKeywordMain.stepFailed(WebUIKeywordMain.groovy:64)
	at com.kms.katalon.core.webui.keyword.builtin.VerifyElementVisibleKeyword$_verifyElementVisible_closure1.doCall(VerifyElementVisibleKeyword.groovy:89)
	at com.kms.katalon.core.webui.keyword.builtin.VerifyElementVisibleKeyword$_verifyElementVisible_closure1.call(VerifyElementVisibleKeyword.groovy)
	at com.kms.katalon.core.webui.keyword.internal.WebUIKeywordMain.runKeyword(WebUIKeywordMain.groovy:20)
	... 19 more
)

2023-06-12 13:35:00 - [MESSAGE][INFO] - Unable to find the element located by 'By.xpath: (.//*[normalize-space(text()) and normalize-space(.)='(current)'])[1]/following::h1[1]'. Please recheck the objects properties to make sure the desired element is located. 

2023-06-12 13:35:00 - [MESSAGE][WARNING] - [SELF-HEALING] Failed to find element with id 'Object Repository/RahulShetty_Repo/RahulShetty_Repo/Page_ProtoCommerce/h1_Shop Name'. Try using Self-healing.

2023-06-12 13:35:00 - [MESSAGE][INFO] - [SELF-HEALING] Failed Locator: '(.//*[normalize-space(text()) and normalize-space(.)='(current)'])[1]/following::h1[1]'.

2023-06-12 13:35:00 - [MESSAGE][INFO] - [SELF-HEALING] Failed Locator: '(.//*[normalize-space(text()) and normalize-space(.)='Previous'])[1]/preceding::h1[1]'.

2023-06-12 13:35:01 - [MESSAGE][INFO] - [SELF-HEALING] Failed Locator: '(.//*[normalize-space(text()) and normalize-space(.)='Next'])[1]/preceding::h1[1]'.

2023-06-12 13:35:01 - [MESSAGE][INFO] - [SELF-HEALING] Failed Locator: '//*/text()[normalize-space(.)='Shop Name']/parent::*'.

2023-06-12 13:35:01 - [MESSAGE][INFO] - [SELF-HEALING] Failed Locator: '//h1'.

2023-06-12 13:35:02 - [MESSAGE][INFO] - [SELF-HEALING] Failed Locator: '//h1[(text() = 'Shop Name' or . = 'Shop Name')]'.

2023-06-12 13:35:03 - [MESSAGE][INFO] - Unable to find the element located by 'By.xpath: //*[(text() = 'Shop Name' or . = 'Shop Name')]'. Please recheck the objects properties to make sure the desired element is located. 

2023-06-12 13:35:04 - [MESSAGE][INFO] - Unable to find the element located by 'By.cssSelector: h1.my-4'. Please recheck the objects properties to make sure the desired element is located. 

2023-06-12 13:35:04 - [MESSAGE][FAILED] - Web element with id: 'Object Repository/RahulShetty_Repo/RahulShetty_Repo/Page_ProtoCommerce/h1_Shop Name' located by '(.//*[normalize-space(text()) and normalize-space(.)='(current)'])[1]/following::h1[1]' not found (Root cause: com.kms.katalon.core.exception.StepFailedException: Web element with id: 'Object Repository/RahulShetty_Repo/RahulShetty_Repo/Page_ProtoCommerce/h1_Shop Name' located by '(.//*[normalize-space(text()) and normalize-space(.)='(current)'])[1]/following::h1[1]' not found
	at com.kms.katalon.core.webui.keyword.internal.WebUIKeywordMain.stepFailed(WebUIKeywordMain.groovy:64)
	at com.kms.katalon.core.webui.keyword.builtin.VerifyElementVisibleKeyword$_verifyElementVisible_closure1.doCall(VerifyElementVisibleKeyword.groovy:89)
	at com.kms.katalon.core.webui.keyword.builtin.VerifyElementVisibleKeyword$_verifyElementVisible_closure1.call(VerifyElementVisibleKeyword.groovy)
	at com.kms.katalon.core.webui.keyword.internal.WebUIKeywordMain.runKeyword(WebUIKeywordMain.groovy:20)
	at com.kms.katalon.core.webui.keyword.builtin.VerifyElementVisibleKeyword.verifyElementVisible(VerifyElementVisibleKeyword.groovy:97)
	at com.kms.katalon.core.webui.keyword.builtin.VerifyElementVisibleKeyword.execute(VerifyElementVisibleKeyword.groovy:67)
	at com.kms.katalon.core.keyword.internal.KeywordExecutor.executeKeywordForPlatform(KeywordExecutor.groovy:74)
	at com.kms.katalon.core.webui.keyword.WebUiBuiltInKeywords.verifyElementVisible(WebUiBuiltInKeywords.groovy:376)
	at com.kms.katalon.core.webui.keyword.WebUiBuiltInKeywords$verifyElementVisible$6.call(Unknown Source)
	at RahulShettyLoginPage.SetupMethod(RahulShettyLoginPage:74)
	at com.kms.katalon.core.main.ScriptEngine.runScriptMethodAsRawText(ScriptEngine.java:133)
	at com.kms.katalon.core.main.TestCaseExecutor.runMethod(TestCaseExecutor.java:458)
	at com.kms.katalon.core.main.TestCaseExecutor.runMethod(TestCaseExecutor.java:580)
	at com.kms.katalon.core.main.TestCaseExecutor.internallyRunMethods(TestCaseExecutor.java:565)
	at com.kms.katalon.core.main.TestCaseExecutor.processSetupPhase(TestCaseExecutor.java:203)
	at com.kms.katalon.core.main.TestCaseExecutor.accessMainPhase(TestCaseExecutor.java:407)
	at com.kms.katalon.core.main.TestCaseExecutor.execute(TestCaseExecutor.java:285)
	at com.kms.katalon.core.common.CommonExecutor.accessTestCaseMainPhase(CommonExecutor.java:65)
	at com.kms.katalon.core.main.TestSuiteExecutor.accessTestSuiteMainPhase(TestSuiteExecutor.java:148)
	at com.kms.katalon.core.main.TestSuiteExecutor.execute(TestSuiteExecutor.java:106)
	at com.kms.katalon.core.main.TestCaseMain.startTestSuite(TestCaseMain.java:187)
	at com.kms.katalon.core.main.TestCaseMain$startTestSuite$0.call(Unknown Source)
	at TempTestSuite1686556932536.run(TempTestSuite1686556932536.groovy:36)
)
[[ATTACHMENT|/home/dharm/git/FinalAssignment/Reports/20230612_133209/RahulShettyTestSuite/RahulShetty/20230612_133212/1686557104239.png]]

2023-06-12 13:35:04 - [MESSAGE][FAILED] - Unable to verify object 'Object Repository/RahulShetty_Repo/RahulShetty_Repo/Page_ProtoCommerce/h1_Shop Name' is visible (Root cause: com.kms.katalon.core.exception.StepFailedException: Unable to verify object 'Object Repository/RahulShetty_Repo/RahulShetty_Repo/Page_ProtoCommerce/h1_Shop Name' is visible
	at com.kms.katalon.core.webui.keyword.internal.WebUIKeywordMain.stepFailed(WebUIKeywordMain.groovy:64)
	at com.kms.katalon.core.webui.keyword.internal.WebUIKeywordMain.runKeyword(WebUIKeywordMain.groovy:26)
	at com.kms.katalon.core.webui.keyword.builtin.VerifyElementVisibleKeyword.verifyElementVisible(VerifyElementVisibleKeyword.groovy:97)
	at com.kms.katalon.core.webui.keyword.builtin.VerifyElementVisibleKeyword.execute(VerifyElementVisibleKeyword.groovy:67)
	at com.kms.katalon.core.keyword.internal.KeywordExecutor.executeKeywordForPlatform(KeywordExecutor.groovy:74)
	at com.kms.katalon.core.webui.keyword.WebUiBuiltInKeywords.verifyElementVisible(WebUiBuiltInKeywords.groovy:376)
	at com.kms.katalon.core.webui.keyword.WebUiBuiltInKeywords$verifyElementVisible$6.call(Unknown Source)
	at RahulShettyLoginPage.SetupMethod(RahulShettyLoginPage:74)
	at com.kms.katalon.core.main.ScriptEngine.runScriptMethodAsRawText(ScriptEngine.java:133)
	at com.kms.katalon.core.main.TestCaseExecutor.runMethod(TestCaseExecutor.java:458)
	at com.kms.katalon.core.main.TestCaseExecutor.runMethod(TestCaseExecutor.java:580)
	at com.kms.katalon.core.main.TestCaseExecutor.internallyRunMethods(TestCaseExecutor.java:565)
	at com.kms.katalon.core.main.TestCaseExecutor.processSetupPhase(TestCaseExecutor.java:203)
	at com.kms.katalon.core.main.TestCaseExecutor.accessMainPhase(TestCaseExecutor.java:407)
	at com.kms.katalon.core.main.TestCaseExecutor.execute(TestCaseExecutor.java:285)
	at com.kms.katalon.core.common.CommonExecutor.accessTestCaseMainPhase(CommonExecutor.java:65)
	at com.kms.katalon.core.main.TestSuiteExecutor.accessTestSuiteMainPhase(TestSuiteExecutor.java:148)
	at com.kms.katalon.core.main.TestSuiteExecutor.execute(TestSuiteExecutor.java:106)
	at com.kms.katalon.core.main.TestCaseMain.startTestSuite(TestCaseMain.java:187)
	at com.kms.katalon.core.main.TestCaseMain$startTestSuite$0.call(Unknown Source)
	at TempTestSuite1686556932536.run(TempTestSuite1686556932536.groovy:36)
Caused by: com.kms.katalon.core.exception.StepFailedException: Web element with id: 'Object Repository/RahulShetty_Repo/RahulShetty_Repo/Page_ProtoCommerce/h1_Shop Name' located by '(.//*[normalize-space(text()) and normalize-space(.)='(current)'])[1]/following::h1[1]' not found
	at com.kms.katalon.core.webui.keyword.internal.WebUIKeywordMain.stepFailed(WebUIKeywordMain.groovy:64)
	at com.kms.katalon.core.webui.keyword.builtin.VerifyElementVisibleKeyword$_verifyElementVisible_closure1.doCall(VerifyElementVisibleKeyword.groovy:89)
	at com.kms.katalon.core.webui.keyword.builtin.VerifyElementVisibleKeyword$_verifyElementVisible_closure1.call(VerifyElementVisibleKeyword.groovy)
	at com.kms.katalon.core.webui.keyword.internal.WebUIKeywordMain.runKeyword(WebUIKeywordMain.groovy:20)
	... 19 more
)
[[ATTACHMENT|/home/dharm/git/FinalAssignment/Reports/20230612_133209/RahulShettyTestSuite/RahulShetty/20230612_133212/1686557104332.png]]

2023-06-12 13:35:04 - [TEST_STEP][PASSED] - catch (Exception e): Object 'Object Repository/RahulShetty_Repo/RahulShetty_Repo/Page_ProtoCommerce/h1_Shop Name' is visible

2023-06-12 13:35:04 - [TEST_STEP][PASSED] - com.RSPage.Validlogin(Validusername, LoginPassword, object_username, object_password): com.RSPage.Validlogin is PASSED

2023-06-12 13:35:04 - [MESSAGE][PASSED] - Text 'rahulshettyacademy' is set on object 'Object Repository/RahulShetty_Repo/RahulShetty_Repo/Page_LoginPage Practise  Rahul Shetty Academy/Page_LoginPage Practise  Rahul Shetty Academy/input_Username_username'

2023-06-12 13:35:05 - [MESSAGE][PASSED] - Text 'learning' is set on object 'Object Repository/RahulShetty_Repo/RahulShetty_Repo/Page_LoginPage Practise  Rahul Shetty Academy/Page_LoginPage Practise  Rahul Shetty Academy/input_Password_password'

2023-06-12 13:35:05 - [MESSAGE][PASSED] - com.RSPage.Validlogin is PASSED

2023-06-12 13:35:05 - [TEST_STEP][PASSED] - click(findTestObject("Object Repository/RahulShetty_Repo/RahulShetty_Repo/Page_LoginPage Practise  Rahul Shetty Academy/Page_LoginPage Practise  Rahul Shetty Academy/input_I Agree to the_signin")): Object: 'Object Repository/RahulShetty_Repo/RahulShetty_Repo/Page_LoginPage Practise  Rahul Shetty Academy/Page_LoginPage Practise  Rahul Shetty Academy/input_I Agree to the_signin' is clicked on

2023-06-12 13:35:05 - [MESSAGE][PASSED] - Object: 'Object Repository/RahulShetty_Repo/RahulShetty_Repo/Page_LoginPage Practise  Rahul Shetty Academy/Page_LoginPage Practise  Rahul Shetty Academy/input_I Agree to the_signin' is clicked on

2023-06-12 13:35:05 - [TEST_STEP][PASSED] - delay(2): Delayed 2 second(s)

2023-06-12 13:35:07 - [MESSAGE][PASSED] - Delayed 2 second(s)

2023-06-12 13:35:07 - [TEST_STEP][PASSED] - verifyElementVisible(findTestObject("RahulShetty_Repo/RahulShetty_Repo/Page_ProtoCommerce/h1_Shop Name")): Object 'Object Repository/RahulShetty_Repo/RahulShetty_Repo/Page_ProtoCommerce/h1_Shop Name' is visible

2023-06-12 13:35:08 - [MESSAGE][PASSED] - Object 'Object Repository/RahulShetty_Repo/RahulShetty_Repo/Page_ProtoCommerce/h1_Shop Name' is visible

2023-06-12 13:35:08 - [MESSAGE][PASSED] - Method 'SetupMethod' complete successfully

2023-06-12 13:35:08 - [TEST_STEP][PASSED] - delay(2): Delayed 2 second(s)

2023-06-12 13:35:10 - [MESSAGE][PASSED] - Delayed 2 second(s)

2023-06-12 13:35:10 - [TEST_STEP][PASSED] - homevariable = "Home": null

2023-06-12 13:35:10 - [TEST_STEP][PASSED] - click(findTestObject("RahulShetty_Repo/RahulShetty_Repo/DynamicObjectCreation/a_Shop", ["text":homevariable])): Object: 'Object Repository/RahulShetty_Repo/RahulShetty_Repo/DynamicObjectCreation/a_Shop' is clicked on

2023-06-12 13:35:10 - [MESSAGE][PASSED] - Object: 'Object Repository/RahulShetty_Repo/RahulShetty_Repo/DynamicObjectCreation/a_Shop' is clicked on

2023-06-12 13:35:10 - [TEST_STEP][PASSED] - delay(1): Delayed 1 second(s)

2023-06-12 13:35:11 - [MESSAGE][PASSED] - Delayed 1 second(s)

2023-06-12 13:35:11 - [TEST_STEP][PASSED] - shopvariable = "shop": null

2023-06-12 13:35:11 - [TEST_STEP][PASSED] - verifyElementClickable(findTestObject("RahulShetty_Repo/RahulShetty_Repo/DynamicObjectCreation/a_Shop", ["text":shopvariable])): Object 'Object Repository/RahulShetty_Repo/RahulShetty_Repo/DynamicObjectCreation/a_Shop' is clickable

2023-06-12 13:35:12 - [MESSAGE][INFO] - Unable to find the element located by 'By.xpath: //*[(text() = 'shop' or . = 'shop')]'. Please recheck the objects properties to make sure the desired element is located. 

2023-06-12 13:35:12 - [MESSAGE][WARNING] - [SELF-HEALING] Failed to find element with id 'Object Repository/RahulShetty_Repo/RahulShetty_Repo/DynamicObjectCreation/a_Shop'. Try using Self-healing.

2023-06-12 13:35:12 - [MESSAGE][WARNING] - [SELF-HEALING] The current locator of test object 'Object Repository/RahulShetty_Repo/RahulShetty_Repo/DynamicObjectCreation/a_Shop' was broken. Propose an alternative one: '//a[@href = '/angularpractice/shop' and (text() = 'Shop' or . = 'Shop')]'.

2023-06-12 13:35:12 - [MESSAGE][PASSED] - Object 'Object Repository/RahulShetty_Repo/RahulShetty_Repo/DynamicObjectCreation/a_Shop' is clickable

2023-06-12 13:35:12 - [TEST_STEP][PASSED] - click(findTestObject("RahulShetty_Repo/RahulShetty_Repo/DynamicObjectCreation/a_Shop", ["text":shopvariable])): Object: 'Object Repository/RahulShetty_Repo/RahulShetty_Repo/DynamicObjectCreation/a_Shop' is clicked on

2023-06-12 13:35:14 - [MESSAGE][INFO] - Unable to find the element located by 'By.xpath: //*[(text() = 'shop' or . = 'shop')]'. Please recheck the objects properties to make sure the desired element is located. 

2023-06-12 13:35:14 - [MESSAGE][WARNING] - [SELF-HEALING] Failed to find element with id 'Object Repository/RahulShetty_Repo/RahulShetty_Repo/DynamicObjectCreation/a_Shop'. Try using Self-healing.

2023-06-12 13:35:14 - [MESSAGE][WARNING] - [SELF-HEALING] The current locator of test object 'Object Repository/RahulShetty_Repo/RahulShetty_Repo/DynamicObjectCreation/a_Shop' was broken. Propose an alternative one: '//a[@href = '/angularpractice/shop' and (text() = 'Shop' or . = 'Shop')]'.

2023-06-12 13:35:14 - [MESSAGE][PASSED] - Object: 'Object Repository/RahulShetty_Repo/RahulShetty_Repo/DynamicObjectCreation/a_Shop' is clicked on

2023-06-12 13:35:14 - [TEST_STEP][PASSED] - com.RSPage.checkout(Add_Object, Checkout_Object): com.RSPage.checkout is PASSED

2023-06-12 13:35:15 - [MESSAGE][PASSED] - Object: 'Object Repository/RahulShetty_Repo/RahulShetty_Repo/Page_ProtoCommerce/Page_ProtoCommerce/button_Add' is clicked on

2023-06-12 13:35:17 - [MESSAGE][PASSED] - Delayed 2 second(s)

2023-06-12 13:35:18 - [MESSAGE][INFO] - Unable to find the element located by 'By.xpath: '. Please recheck the objects properties to make sure the desired element is located. 

2023-06-12 13:35:18 - [MESSAGE][WARNING] - [SELF-HEALING] Failed to find element with id 'Object Repository/RahulShetty_Repo/RahulShetty_Repo/Page_ProtoCommerce/Page_ProtoCommerce/a_Checkout ( 1 )            (current)'. Try using Self-healing.

2023-06-12 13:35:18 - [MESSAGE][WARNING] - [SELF-HEALING] The current locator of test object 'Object Repository/RahulShetty_Repo/RahulShetty_Repo/Page_ProtoCommerce/Page_ProtoCommerce/a_Checkout ( 1 )            (current)' was broken. Propose an alternative one: '//div[@id='navbarResponsive']/ul/li/a'.

2023-06-12 13:35:18 - [MESSAGE][PASSED] - Object 'Object Repository/RahulShetty_Repo/RahulShetty_Repo/Page_ProtoCommerce/Page_ProtoCommerce/a_Checkout ( 1 )            (current)' is visible

2023-06-12 13:35:19 - [MESSAGE][INFO] - Unable to find the element located by 'By.xpath: '. Please recheck the objects properties to make sure the desired element is located. 

2023-06-12 13:35:19 - [MESSAGE][WARNING] - [SELF-HEALING] Failed to find element with id 'Object Repository/RahulShetty_Repo/RahulShetty_Repo/Page_ProtoCommerce/Page_ProtoCommerce/a_Checkout ( 1 )            (current)'. Try using Self-healing.

2023-06-12 13:35:20 - [MESSAGE][WARNING] - [SELF-HEALING] The current locator of test object 'Object Repository/RahulShetty_Repo/RahulShetty_Repo/Page_ProtoCommerce/Page_ProtoCommerce/a_Checkout ( 1 )            (current)' was broken. Propose an alternative one: '//div[@id='navbarResponsive']/ul/li/a'.

2023-06-12 13:35:20 - [MESSAGE][PASSED] - Object: 'Object Repository/RahulShetty_Repo/RahulShetty_Repo/Page_ProtoCommerce/Page_ProtoCommerce/a_Checkout ( 1 )            (current)' is clicked on

2023-06-12 13:35:20 - [MESSAGE][PASSED] - com.RSPage.checkout is PASSED

2023-06-12 13:35:20 - [TEST_STEP][PASSED] - verifyElementText(findTestObject("RahulShetty_Repo/assertion/Page_ProtoCommerce/a_iphone X"), "iphone X"): Actual text and expected text of test object 'Object Repository/RahulShetty_Repo/assertion/Page_ProtoCommerce/a_iphone X' are matched.

2023-06-12 13:35:20 - [MESSAGE][PASSED] - Actual text and expected text of test object 'Object Repository/RahulShetty_Repo/assertion/Page_ProtoCommerce/a_iphone X' are matched.

2023-06-12 13:35:20 - [TEST_STEP][PASSED] - com.RSPage.payment(FinalCheckout, tnc, purchase): com.RSPage.payment is PASSED

2023-06-12 13:35:21 - [MESSAGE][PASSED] - Object: 'Object Repository/RahulShetty_Repo/RahulShetty_Repo/Page_ProtoCommerce/Page_ProtoCommerce/button_Checkout' is clicked on

2023-06-12 13:35:22 - [MESSAGE][INFO] - Unable to find the element located by 'By.xpath: '. Please recheck the objects properties to make sure the desired element is located. 

2023-06-12 13:35:22 - [MESSAGE][WARNING] - [SELF-HEALING] Failed to find element with id 'Object Repository/RahulShetty_Repo/RahulShetty_Repo/Page_ProtoCommerce/Page_ProtoCommerce/label_I agree with the term  Conditions'. Try using Self-healing.

2023-06-12 13:35:22 - [MESSAGE][WARNING] - [SELF-HEALING] The current locator of test object 'Object Repository/RahulShetty_Repo/RahulShetty_Repo/Page_ProtoCommerce/Page_ProtoCommerce/label_I agree with the term  Conditions' was broken. Propose an alternative one: '(.//*[normalize-space(text()) and normalize-space(.)='(current)'])[1]/following::label[2]'.

2023-06-12 13:35:22 - [MESSAGE][PASSED] - Object: 'Object Repository/RahulShetty_Repo/RahulShetty_Repo/Page_ProtoCommerce/Page_ProtoCommerce/label_I agree with the term  Conditions' is clicked on

2023-06-12 13:35:24 - [MESSAGE][INFO] - Unable to find the element located by 'By.xpath: '. Please recheck the objects properties to make sure the desired element is located. 

2023-06-12 13:35:24 - [MESSAGE][WARNING] - [SELF-HEALING] Failed to find element with id 'Object Repository/RahulShetty_Repo/RahulShetty_Repo/Page_ProtoCommerce/Page_ProtoCommerce/input_term  Conditions_btn btn-success btn-lg'. Try using Self-healing.

2023-06-12 13:35:24 - [MESSAGE][WARNING] - [SELF-HEALING] The current locator of test object 'Object Repository/RahulShetty_Repo/RahulShetty_Repo/Page_ProtoCommerce/Page_ProtoCommerce/input_term  Conditions_btn btn-success btn-lg' was broken. Propose an alternative one: '//form/input'.

2023-06-12 13:35:24 - [MESSAGE][PASSED] - Object 'Object Repository/RahulShetty_Repo/RahulShetty_Repo/Page_ProtoCommerce/Page_ProtoCommerce/input_term  Conditions_btn btn-success btn-lg' is clickable

2023-06-12 13:35:25 - [MESSAGE][INFO] - Unable to find the element located by 'By.xpath: '. Please recheck the objects properties to make sure the desired element is located. 

2023-06-12 13:35:25 - [MESSAGE][WARNING] - [SELF-HEALING] Failed to find element with id 'Object Repository/RahulShetty_Repo/RahulShetty_Repo/Page_ProtoCommerce/Page_ProtoCommerce/input_term  Conditions_btn btn-success btn-lg'. Try using Self-healing.

2023-06-12 13:35:25 - [MESSAGE][WARNING] - [SELF-HEALING] The current locator of test object 'Object Repository/RahulShetty_Repo/RahulShetty_Repo/Page_ProtoCommerce/Page_ProtoCommerce/input_term  Conditions_btn btn-success btn-lg' was broken. Propose an alternative one: '//form/input'.

2023-06-12 13:35:25 - [MESSAGE][PASSED] - Object: 'Object Repository/RahulShetty_Repo/RahulShetty_Repo/Page_ProtoCommerce/Page_ProtoCommerce/input_term  Conditions_btn btn-success btn-lg' is clicked on

2023-06-12 13:35:25 - [MESSAGE][PASSED] - com.RSPage.payment is PASSED

2023-06-12 13:35:25 - [TEST_STEP][PASSED] - verifyElementVisible(findTestObject("RahulShetty_Repo/assertion/Page_ProtoCommerce/div_Success Thank you Your order will be delivered in next few weeks -)"), STOP_ON_FAILURE): Object 'Object Repository/RahulShetty_Repo/assertion/Page_ProtoCommerce/div_Success Thank you Your order will be delivered in next few weeks -)' is visible

2023-06-12 13:35:26 - [MESSAGE][PASSED] - Object 'Object Repository/RahulShetty_Repo/assertion/Page_ProtoCommerce/div_Success Thank you Your order will be delivered in next few weeks -)' is visible

2023-06-12 13:35:26 - [TEST_STEP][PASSED] - click(findTestObject("Object Repository/RahulShetty_Repo/RahulShetty_Repo/Page_ProtoCommerce/Page_ProtoCommerce/a_ProtoCommerce Home")): Object: 'Object Repository/RahulShetty_Repo/RahulShetty_Repo/Page_ProtoCommerce/Page_ProtoCommerce/a_ProtoCommerce Home' is clicked on

2023-06-12 13:35:26 - [MESSAGE][PASSED] - Object: 'Object Repository/RahulShetty_Repo/RahulShetty_Repo/Page_ProtoCommerce/Page_ProtoCommerce/a_ProtoCommerce Home' is clicked on

2023-06-12 13:35:26 - [TEST_STEP][PASSED] - com.RSPage.formdata(name, email, password, name_object, email_object, password_object): com.RSPage.formdata is PASSED

2023-06-12 13:35:27 - [MESSAGE][PASSED] - Text 'deep' is set on object 'Object Repository/RahulShetty_Repo/RahulShetty_Repo/Page_ProtoCommerce/Page_ProtoCommerce/input_Name_name'

2023-06-12 13:35:28 - [MESSAGE][PASSED] - Text 'deep@gmail.com' is set on object 'Object Repository/RahulShetty_Repo/RahulShetty_Repo/Page_ProtoCommerce/Page_ProtoCommerce/input_Email_email'

2023-06-12 13:35:28 - [MESSAGE][PASSED] - Text 'deep123' is set on object 'Object Repository/RahulShetty_Repo/RahulShetty_Repo/Page_ProtoCommerce/Page_ProtoCommerce/input_Password_exampleInputPassword1'

2023-06-12 13:35:28 - [MESSAGE][PASSED] - com.RSPage.formdata is PASSED

2023-06-12 13:35:28 - [TEST_STEP][PASSED] - click(findTestObject("Object Repository/RahulShetty_Repo/RahulShetty_Repo/Page_ProtoCommerce/Page_ProtoCommerce/input_term  Conditions_btn btn-success btn-lg")): Object: 'Object Repository/RahulShetty_Repo/RahulShetty_Repo/Page_ProtoCommerce/Page_ProtoCommerce/input_term  Conditions_btn btn-success btn-lg' is clicked on

2023-06-12 13:35:29 - [MESSAGE][INFO] - Unable to find the element located by 'By.xpath: '. Please recheck the objects properties to make sure the desired element is located. 

2023-06-12 13:35:29 - [MESSAGE][WARNING] - [SELF-HEALING] Failed to find element with id 'Object Repository/RahulShetty_Repo/RahulShetty_Repo/Page_ProtoCommerce/Page_ProtoCommerce/input_term  Conditions_btn btn-success btn-lg'. Try using Self-healing.

2023-06-12 13:35:30 - [MESSAGE][WARNING] - [SELF-HEALING] The current locator of test object 'Object Repository/RahulShetty_Repo/RahulShetty_Repo/Page_ProtoCommerce/Page_ProtoCommerce/input_term  Conditions_btn btn-success btn-lg' was broken. Propose an alternative one: '//form/input'.

2023-06-12 13:35:30 - [MESSAGE][PASSED] - Object: 'Object Repository/RahulShetty_Repo/RahulShetty_Repo/Page_ProtoCommerce/Page_ProtoCommerce/input_term  Conditions_btn btn-success btn-lg' is clicked on

2023-06-12 13:35:30 - [TEST_STEP][PASSED] - verifyElementVisible(findTestObject("RahulShetty_Repo/assertion/Page_ProtoCommerce/div_Success The Form has been submitted successfully"), STOP_ON_FAILURE): Object 'Object Repository/RahulShetty_Repo/assertion/Page_ProtoCommerce/div_Success The Form has been submitted successfully' is visible

2023-06-12 13:35:30 - [MESSAGE][PASSED] - Object 'Object Repository/RahulShetty_Repo/assertion/Page_ProtoCommerce/div_Success The Form has been submitted successfully' is visible

2023-06-12 13:35:30 - [TEST_STEP][PASSED] - click(findTestObject("Object Repository/RahulShetty_Repo/RahulShetty_Repo/Page_ProtoCommerce/Page_ProtoCommerce/strong_Success")): Object: 'Object Repository/RahulShetty_Repo/RahulShetty_Repo/Page_ProtoCommerce/Page_ProtoCommerce/strong_Success' is clicked on

2023-06-12 13:35:31 - [MESSAGE][PASSED] - Object: 'Object Repository/RahulShetty_Repo/RahulShetty_Repo/Page_ProtoCommerce/Page_ProtoCommerce/strong_Success' is clicked on

2023-06-12 13:35:31 - [TEST_STEP][PASSED] - delay(2): Delayed 2 second(s)

2023-06-12 13:35:33 - [MESSAGE][PASSED] - Delayed 2 second(s)

2023-06-12 13:35:33 - [TEST_STEP][PASSED] - Start tear down : TearDownMethod: Method 'TearDownMethod' complete successfully

2023-06-12 13:35:33 - [TEST_STEP][PASSED] - click(findTestObject("Object Repository/RahulShetty_Repo/RahulShetty_Repo/Page_ProtoCommerce/Page_ProtoCommerce/a_Shop")): Object: 'Object Repository/RahulShetty_Repo/RahulShetty_Repo/Page_ProtoCommerce/Page_ProtoCommerce/a_Shop' is clicked on

2023-06-12 13:35:33 - [MESSAGE][PASSED] - Object: 'Object Repository/RahulShetty_Repo/RahulShetty_Repo/Page_ProtoCommerce/Page_ProtoCommerce/a_Shop' is clicked on

2023-06-12 13:35:33 - [MESSAGE][PASSED] - Method 'TearDownMethod' complete successfully

2023-06-12 13:35:33 - [TEST_STEP][PASSED] - Start listener action : sampleAfterTestCase: null]]></system-out>
         <system-err><![CDATA[]]></system-err>
      </testcase>
      <system-out><![CDATA[2023-06-12 13:34:13 - [TEST_SUITE][PASSED] - RahulShetty: Test Cases/RahulShettyTestCase/RahulShettyLoginPage]]></system-out>
      <system-err><![CDATA[]]></system-err>
   </testsuite>
</testsuites>
