<?xml version="1.0" encoding="UTF-8"?>
<testsuites name="RahulShetty" time="101.815" tests="2" failures="0" errors="0">
   <testsuite name="RahulShetty" tests="2" failures="0" errors="0" time="101.815" skipped="0" timestamp="2023-06-12 09:24:05" hostname="dharm - SF-CPU-792" id="Test Suites/RahulShettyTestSuite/RahulShetty">
      <properties>
         <property name="deviceName" value=""/>
         <property name="devicePlatform" value=""/>
         <property name="logFolder" value="/home/dharm/git/FinalAssignment/Reports/20230612_092358/RahulShettyTestSuite/RahulShetty/20230612_092358"/>
         <property name="logFiles" value="/home/dharm/git/FinalAssignment/Reports/20230612_092358/RahulShettyTestSuite/RahulShetty/20230612_092358/execution0.log"/>
         <property name="attachments" value="/home/dharm/git/FinalAssignment/Reports/20230612_092358/RahulShettyTestSuite/RahulShetty/20230612_092358/1686542097610.png, /home/dharm/git/FinalAssignment/Reports/20230612_092358/RahulShettyTestSuite/RahulShetty/20230612_092358/1686542110246.png"/>
         <property name="hostName" value="dharm - SF-CPU-792"/>
         <property name="os" value="Linux 64bit"/>
         <property name="katalonVersion" value="8.6.0.208"/>
         <property name="browser" value="Chrome 108.0.0.0"/>
         <property name="hostAddress" value="127.0.1.1"/>
         <property name="sessionId" value="29ecc5c0f44d9f4d467efc3fae2012a4"/>
         <property name="seleniumVersion" value="3.141.59"/>
         <property name="proxyInformation" value="ProxyInformation { proxyOption=NO_PROXY, proxyServerType=HTTP, username=, password=********, proxyServerAddress=, proxyServerPort=0, executionList=&quot;&quot;, isApplyToDesiredCapabilities=true }"/>
         <property name="platform" value="Linux"/>
      </properties>
      <testcase name="Test Cases/RahulShettyTestCase/RahulShettyLoginPage" time="37.993" classname="Test Cases/RahulShettyTestCase/RahulShettyLoginPage" status="PASSED">
         <system-out><![CDATA[2023-06-12 09:24:07 - [TEST_CASE][PASSED] - Test Cases/RahulShettyTestCase/RahulShettyLoginPage: Test Cases/RahulShettyTestCase/RahulShettyLoginPage

2023-06-12 09:24:07 - [TEST_STEP][PASSED] - Start listener action : sampleBeforeTestCase: null

2023-06-12 09:24:07 - [TEST_STEP][PASSED] - Start setup action : SetupMethod: Method 'SetupMethod' complete successfully

2023-06-12 09:24:07 - [TEST_STEP][PASSED] - navigateToUrl(url): Navigate to 'https://rahulshettyacademy.com/loginpagePractise/' successfully

2023-06-12 09:24:07 - [MESSAGE][PASSED] - Navigate to 'https://rahulshettyacademy.com/loginpagePractise/' successfully

2023-06-12 09:24:07 - [TEST_STEP][PASSED] - getUrl().equals("https://rahulshettyacademy.com/loginpagePractise/"): Current window's url is: 'https://rahulshettyacademy.com/loginpagePractise/'

2023-06-12 09:24:07 - [MESSAGE][PASSED] - Current window's url is: 'https://rahulshettyacademy.com/loginpagePractise/'

2023-06-12 09:24:07 - [TEST_STEP][PASSED] - try: null

2023-06-12 09:24:07 - [TEST_STEP][PASSED] - com.RSPage.Invalidlogin(Invalidusername, LoginPassword, object_username, object_password): com.RSPage.Invalidlogin is PASSED

2023-06-12 09:24:08 - [MESSAGE][PASSED] - Text 'dharm' is set on object 'Object Repository/RahulShetty_Repo/RahulShetty_Repo/Page_LoginPage Practise  Rahul Shetty Academy/Page_LoginPage Practise  Rahul Shetty Academy/input_Username_username'

2023-06-12 09:24:09 - [MESSAGE][PASSED] - Text 'learning' is set on object 'Object Repository/RahulShetty_Repo/RahulShetty_Repo/Page_LoginPage Practise  Rahul Shetty Academy/Page_LoginPage Practise  Rahul Shetty Academy/input_Password_password'

2023-06-12 09:24:10 - [MESSAGE][PASSED] - Object 'Object Repository/RahulShetty_Repo/assertion/Page_LoginPage Practise  Rahul Shetty Academy/span_User_checkmark' is clickable

2023-06-12 09:24:10 - [MESSAGE][PASSED] - Object: 'Object Repository/RahulShetty_Repo/assertion/Page_LoginPage Practise  Rahul Shetty Academy/span_User_checkmark' is clicked on

2023-06-12 09:24:11 - [MESSAGE][PASSED] - Actual text and expected text of test object 'Object Repository/RahulShetty_Repo/assertion/Page_LoginPage Practise  Rahul Shetty Academy/div_You will be limited to only fewer functionalities of the app. Proceed' are matched.

2023-06-12 09:24:11 - [MESSAGE][PASSED] - Object: 'Object Repository/RahulShetty_Repo/assertion/Page_LoginPage Practise  Rahul Shetty Academy/button_Okay' is clicked on

2023-06-12 09:24:11 - [MESSAGE][PASSED] - com.RSPage.Invalidlogin is PASSED

2023-06-12 09:24:11 - [TEST_STEP][PASSED] - click(findTestObject("Object Repository/RahulShetty_Repo/RahulShetty_Repo/Page_LoginPage Practise  Rahul Shetty Academy/Page_LoginPage Practise  Rahul Shetty Academy/Page_LoginPage Practise  Rahul Shetty Academy/input_I Agree to the_signin")): Object: 'Object Repository/RahulShetty_Repo/RahulShetty_Repo/Page_LoginPage Practise  Rahul Shetty Academy/Page_LoginPage Practise  Rahul Shetty Academy/Page_LoginPage Practise  Rahul Shetty Academy/input_I Agree to the_signin' is clicked on

2023-06-12 09:24:12 - [MESSAGE][INFO] - Unable to find the element located by 'By.xpath: '. Please recheck the objects properties to make sure the desired element is located. 

2023-06-12 09:24:12 - [MESSAGE][WARNING] - [SELF-HEALING] Failed to find element with id 'Object Repository/RahulShetty_Repo/RahulShetty_Repo/Page_LoginPage Practise  Rahul Shetty Academy/Page_LoginPage Practise  Rahul Shetty Academy/Page_LoginPage Practise  Rahul Shetty Academy/input_I Agree to the_signin'. Try using Self-healing.

2023-06-12 09:24:13 - [MESSAGE][WARNING] - [SELF-HEALING] The current locator of test object 'Object Repository/RahulShetty_Repo/RahulShetty_Repo/Page_LoginPage Practise  Rahul Shetty Academy/Page_LoginPage Practise  Rahul Shetty Academy/Page_LoginPage Practise  Rahul Shetty Academy/input_I Agree to the_signin' was broken. Propose an alternative one: '//input[@id='signInBtn']'.

2023-06-12 09:24:13 - [MESSAGE][PASSED] - Object: 'Object Repository/RahulShetty_Repo/RahulShetty_Repo/Page_LoginPage Practise  Rahul Shetty Academy/Page_LoginPage Practise  Rahul Shetty Academy/Page_LoginPage Practise  Rahul Shetty Academy/input_I Agree to the_signin' is clicked on

2023-06-12 09:24:13 - [TEST_STEP][PASSED] - verifyElementVisible("RahulShetty_Repo/assertion/Page_LoginPage Practise  Rahul Shetty Academy/div_Incorrect usernamepassword"): null

2023-06-12 09:24:13 - [TEST_STEP][PASSED] - catch (Exception e): Object 'Object Repository/RahulShetty_Repo/RahulShetty_Repo/Page_ProtoCommerce/h1_Shop Name' is present

2023-06-12 09:24:13 - [TEST_STEP][PASSED] - com.RSPage.Validlogin(Validusername, LoginPassword, object_username, object_password): com.RSPage.Validlogin is PASSED

2023-06-12 09:24:14 - [MESSAGE][PASSED] - Text 'rahulshettyacademy' is set on object 'Object Repository/RahulShetty_Repo/RahulShetty_Repo/Page_LoginPage Practise  Rahul Shetty Academy/Page_LoginPage Practise  Rahul Shetty Academy/input_Username_username'

2023-06-12 09:24:15 - [MESSAGE][PASSED] - Text 'learning' is set on object 'Object Repository/RahulShetty_Repo/RahulShetty_Repo/Page_LoginPage Practise  Rahul Shetty Academy/Page_LoginPage Practise  Rahul Shetty Academy/input_Password_password'

2023-06-12 09:24:15 - [MESSAGE][PASSED] - com.RSPage.Validlogin is PASSED

2023-06-12 09:24:15 - [TEST_STEP][PASSED] - click(findTestObject("Object Repository/RahulShetty_Repo/RahulShetty_Repo/Page_LoginPage Practise  Rahul Shetty Academy/Page_LoginPage Practise  Rahul Shetty Academy/input_I Agree to the_signin")): Object: 'Object Repository/RahulShetty_Repo/RahulShetty_Repo/Page_LoginPage Practise  Rahul Shetty Academy/Page_LoginPage Practise  Rahul Shetty Academy/input_I Agree to the_signin' is clicked on

2023-06-12 09:24:15 - [MESSAGE][PASSED] - Object: 'Object Repository/RahulShetty_Repo/RahulShetty_Repo/Page_LoginPage Practise  Rahul Shetty Academy/Page_LoginPage Practise  Rahul Shetty Academy/input_I Agree to the_signin' is clicked on

2023-06-12 09:24:15 - [TEST_STEP][PASSED] - delay(2): Delayed 2 second(s)

2023-06-12 09:24:17 - [MESSAGE][PASSED] - Delayed 2 second(s)

2023-06-12 09:24:17 - [TEST_STEP][PASSED] - verifyElementPresent(findTestObject("RahulShetty_Repo/RahulShetty_Repo/Page_ProtoCommerce/h1_Shop Name"), 0): Object 'Object Repository/RahulShetty_Repo/RahulShetty_Repo/Page_ProtoCommerce/h1_Shop Name' is present

2023-06-12 09:24:17 - [MESSAGE][WARNING] - Timeout '0' is invalid. Using default page load timeout: '30'

2023-06-12 09:24:17 - [MESSAGE][PASSED] - Object 'Object Repository/RahulShetty_Repo/RahulShetty_Repo/Page_ProtoCommerce/h1_Shop Name' is present

2023-06-12 09:24:17 - [MESSAGE][PASSED] - Method 'SetupMethod' complete successfully

2023-06-12 09:24:17 - [TEST_STEP][PASSED] - homevariable = "Home": null

2023-06-12 09:24:17 - [TEST_STEP][PASSED] - click(findTestObject("RahulShetty_Repo/RahulShetty_Repo/DynamicObjectCreation/a_Shop", ["text":homevariable])): Object: 'Object Repository/RahulShetty_Repo/RahulShetty_Repo/DynamicObjectCreation/a_Shop' is clicked on

2023-06-12 09:24:18 - [MESSAGE][PASSED] - Object: 'Object Repository/RahulShetty_Repo/RahulShetty_Repo/DynamicObjectCreation/a_Shop' is clicked on

2023-06-12 09:24:18 - [TEST_STEP][PASSED] - delay(1): Delayed 1 second(s)

2023-06-12 09:24:19 - [MESSAGE][PASSED] - Delayed 1 second(s)

2023-06-12 09:24:19 - [TEST_STEP][PASSED] - shopvariable = "shop": null

2023-06-12 09:24:19 - [TEST_STEP][PASSED] - verifyElementClickable(findTestObject("RahulShetty_Repo/RahulShetty_Repo/DynamicObjectCreation/a_Shop", ["text":shopvariable])): Object 'Object Repository/RahulShetty_Repo/RahulShetty_Repo/DynamicObjectCreation/a_Shop' is clickable

2023-06-12 09:24:20 - [MESSAGE][INFO] - Unable to find the element located by 'By.xpath: //*[(text() = 'shop' or . = 'shop')]'. Please recheck the objects properties to make sure the desired element is located. 

2023-06-12 09:24:20 - [MESSAGE][WARNING] - [SELF-HEALING] Failed to find element with id 'Object Repository/RahulShetty_Repo/RahulShetty_Repo/DynamicObjectCreation/a_Shop'. Try using Self-healing.

2023-06-12 09:24:21 - [MESSAGE][WARNING] - [SELF-HEALING] The current locator of test object 'Object Repository/RahulShetty_Repo/RahulShetty_Repo/DynamicObjectCreation/a_Shop' was broken. Propose an alternative one: '//a[@href = '/angularpractice/shop' and (text() = 'Shop' or . = 'Shop')]'.

2023-06-12 09:24:21 - [MESSAGE][PASSED] - Object 'Object Repository/RahulShetty_Repo/RahulShetty_Repo/DynamicObjectCreation/a_Shop' is clickable

2023-06-12 09:24:21 - [TEST_STEP][PASSED] - click(findTestObject("RahulShetty_Repo/RahulShetty_Repo/DynamicObjectCreation/a_Shop", ["text":shopvariable])): Object: 'Object Repository/RahulShetty_Repo/RahulShetty_Repo/DynamicObjectCreation/a_Shop' is clicked on

2023-06-12 09:24:22 - [MESSAGE][INFO] - Unable to find the element located by 'By.xpath: //*[(text() = 'shop' or . = 'shop')]'. Please recheck the objects properties to make sure the desired element is located. 

2023-06-12 09:24:22 - [MESSAGE][WARNING] - [SELF-HEALING] Failed to find element with id 'Object Repository/RahulShetty_Repo/RahulShetty_Repo/DynamicObjectCreation/a_Shop'. Try using Self-healing.

2023-06-12 09:24:23 - [MESSAGE][WARNING] - [SELF-HEALING] The current locator of test object 'Object Repository/RahulShetty_Repo/RahulShetty_Repo/DynamicObjectCreation/a_Shop' was broken. Propose an alternative one: '//a[@href = '/angularpractice/shop' and (text() = 'Shop' or . = 'Shop')]'.

2023-06-12 09:24:23 - [MESSAGE][PASSED] - Object: 'Object Repository/RahulShetty_Repo/RahulShetty_Repo/DynamicObjectCreation/a_Shop' is clicked on

2023-06-12 09:24:23 - [TEST_STEP][PASSED] - com.RSPage.checkout(Add_Object, Checkout_Object): com.RSPage.checkout is PASSED

2023-06-12 09:24:23 - [MESSAGE][PASSED] - Object: 'Object Repository/RahulShetty_Repo/RahulShetty_Repo/Page_ProtoCommerce/Page_ProtoCommerce/button_Add' is clicked on

2023-06-12 09:24:25 - [MESSAGE][PASSED] - Delayed 2 second(s)

2023-06-12 09:24:26 - [MESSAGE][INFO] - Unable to find the element located by 'By.xpath: '. Please recheck the objects properties to make sure the desired element is located. 

2023-06-12 09:24:26 - [MESSAGE][WARNING] - [SELF-HEALING] Failed to find element with id 'Object Repository/RahulShetty_Repo/RahulShetty_Repo/Page_ProtoCommerce/Page_ProtoCommerce/a_Checkout ( 1 )            (current)'. Try using Self-healing.

2023-06-12 09:24:27 - [MESSAGE][WARNING] - [SELF-HEALING] The current locator of test object 'Object Repository/RahulShetty_Repo/RahulShetty_Repo/Page_ProtoCommerce/Page_ProtoCommerce/a_Checkout ( 1 )            (current)' was broken. Propose an alternative one: '//div[@id='navbarResponsive']/ul/li/a'.

2023-06-12 09:24:27 - [MESSAGE][PASSED] - Object 'Object Repository/RahulShetty_Repo/RahulShetty_Repo/Page_ProtoCommerce/Page_ProtoCommerce/a_Checkout ( 1 )            (current)' is visible

2023-06-12 09:24:28 - [MESSAGE][INFO] - Unable to find the element located by 'By.xpath: '. Please recheck the objects properties to make sure the desired element is located. 

2023-06-12 09:24:28 - [MESSAGE][WARNING] - [SELF-HEALING] Failed to find element with id 'Object Repository/RahulShetty_Repo/RahulShetty_Repo/Page_ProtoCommerce/Page_ProtoCommerce/a_Checkout ( 1 )            (current)'. Try using Self-healing.

2023-06-12 09:24:29 - [MESSAGE][WARNING] - [SELF-HEALING] The current locator of test object 'Object Repository/RahulShetty_Repo/RahulShetty_Repo/Page_ProtoCommerce/Page_ProtoCommerce/a_Checkout ( 1 )            (current)' was broken. Propose an alternative one: '//div[@id='navbarResponsive']/ul/li/a'.

2023-06-12 09:24:29 - [MESSAGE][PASSED] - Object: 'Object Repository/RahulShetty_Repo/RahulShetty_Repo/Page_ProtoCommerce/Page_ProtoCommerce/a_Checkout ( 1 )            (current)' is clicked on

2023-06-12 09:24:29 - [MESSAGE][PASSED] - com.RSPage.checkout is PASSED

2023-06-12 09:24:29 - [TEST_STEP][PASSED] - verifyElementText(findTestObject("RahulShetty_Repo/assertion/Page_ProtoCommerce/a_iphone X"), "iphone X"): Actual text and expected text of test object 'Object Repository/RahulShetty_Repo/assertion/Page_ProtoCommerce/a_iphone X' are matched.

2023-06-12 09:24:29 - [MESSAGE][PASSED] - Actual text and expected text of test object 'Object Repository/RahulShetty_Repo/assertion/Page_ProtoCommerce/a_iphone X' are matched.

2023-06-12 09:24:29 - [TEST_STEP][PASSED] - com.RSPage.payment(FinalCheckout, tnc, purchase): com.RSPage.payment is PASSED

2023-06-12 09:24:30 - [MESSAGE][PASSED] - Object: 'Object Repository/RahulShetty_Repo/RahulShetty_Repo/Page_ProtoCommerce/Page_ProtoCommerce/button_Checkout' is clicked on

2023-06-12 09:24:31 - [MESSAGE][INFO] - Unable to find the element located by 'By.xpath: '. Please recheck the objects properties to make sure the desired element is located. 

2023-06-12 09:24:31 - [MESSAGE][WARNING] - [SELF-HEALING] Failed to find element with id 'Object Repository/RahulShetty_Repo/RahulShetty_Repo/Page_ProtoCommerce/Page_ProtoCommerce/label_I agree with the term  Conditions'. Try using Self-healing.

2023-06-12 09:24:31 - [MESSAGE][WARNING] - [SELF-HEALING] The current locator of test object 'Object Repository/RahulShetty_Repo/RahulShetty_Repo/Page_ProtoCommerce/Page_ProtoCommerce/label_I agree with the term  Conditions' was broken. Propose an alternative one: '(.//*[normalize-space(text()) and normalize-space(.)='(current)'])[1]/following::label[2]'.

2023-06-12 09:24:31 - [MESSAGE][PASSED] - Object: 'Object Repository/RahulShetty_Repo/RahulShetty_Repo/Page_ProtoCommerce/Page_ProtoCommerce/label_I agree with the term  Conditions' is clicked on

2023-06-12 09:24:32 - [MESSAGE][INFO] - Unable to find the element located by 'By.xpath: '. Please recheck the objects properties to make sure the desired element is located. 

2023-06-12 09:24:32 - [MESSAGE][WARNING] - [SELF-HEALING] Failed to find element with id 'Object Repository/RahulShetty_Repo/RahulShetty_Repo/Page_ProtoCommerce/Page_ProtoCommerce/input_term  Conditions_btn btn-success btn-lg'. Try using Self-healing.

2023-06-12 09:24:33 - [MESSAGE][WARNING] - [SELF-HEALING] The current locator of test object 'Object Repository/RahulShetty_Repo/RahulShetty_Repo/Page_ProtoCommerce/Page_ProtoCommerce/input_term  Conditions_btn btn-success btn-lg' was broken. Propose an alternative one: '//input[@value='Purchase']'.

2023-06-12 09:24:33 - [MESSAGE][PASSED] - Object 'Object Repository/RahulShetty_Repo/RahulShetty_Repo/Page_ProtoCommerce/Page_ProtoCommerce/input_term  Conditions_btn btn-success btn-lg' is clickable

2023-06-12 09:24:34 - [MESSAGE][INFO] - Unable to find the element located by 'By.xpath: '. Please recheck the objects properties to make sure the desired element is located. 

2023-06-12 09:24:34 - [MESSAGE][WARNING] - [SELF-HEALING] Failed to find element with id 'Object Repository/RahulShetty_Repo/RahulShetty_Repo/Page_ProtoCommerce/Page_ProtoCommerce/input_term  Conditions_btn btn-success btn-lg'. Try using Self-healing.

2023-06-12 09:24:35 - [MESSAGE][WARNING] - [SELF-HEALING] The current locator of test object 'Object Repository/RahulShetty_Repo/RahulShetty_Repo/Page_ProtoCommerce/Page_ProtoCommerce/input_term  Conditions_btn btn-success btn-lg' was broken. Propose an alternative one: '//input[@value='Purchase']'.

2023-06-12 09:24:35 - [MESSAGE][PASSED] - Object: 'Object Repository/RahulShetty_Repo/RahulShetty_Repo/Page_ProtoCommerce/Page_ProtoCommerce/input_term  Conditions_btn btn-success btn-lg' is clicked on

2023-06-12 09:24:35 - [MESSAGE][PASSED] - com.RSPage.payment is PASSED

2023-06-12 09:24:35 - [TEST_STEP][PASSED] - verifyElementVisible(findTestObject("RahulShetty_Repo/assertion/Page_ProtoCommerce/div_Success Thank you Your order will be delivered in next few weeks -)"), STOP_ON_FAILURE): Object 'Object Repository/RahulShetty_Repo/assertion/Page_ProtoCommerce/div_Success Thank you Your order will be delivered in next few weeks -)' is visible

2023-06-12 09:24:35 - [MESSAGE][PASSED] - Object 'Object Repository/RahulShetty_Repo/assertion/Page_ProtoCommerce/div_Success Thank you Your order will be delivered in next few weeks -)' is visible

2023-06-12 09:24:35 - [TEST_STEP][PASSED] - click(findTestObject("Object Repository/RahulShetty_Repo/RahulShetty_Repo/Page_ProtoCommerce/Page_ProtoCommerce/a_ProtoCommerce Home")): Object: 'Object Repository/RahulShetty_Repo/RahulShetty_Repo/Page_ProtoCommerce/Page_ProtoCommerce/a_ProtoCommerce Home' is clicked on

2023-06-12 09:24:36 - [MESSAGE][PASSED] - Object: 'Object Repository/RahulShetty_Repo/RahulShetty_Repo/Page_ProtoCommerce/Page_ProtoCommerce/a_ProtoCommerce Home' is clicked on

2023-06-12 09:24:36 - [TEST_STEP][PASSED] - com.RSPage.formdata(name, email, password, name_object, email_object, password_object): com.RSPage.formdata is PASSED

2023-06-12 09:24:37 - [MESSAGE][PASSED] - Text 'Dharm' is set on object 'Object Repository/RahulShetty_Repo/RahulShetty_Repo/Page_ProtoCommerce/Page_ProtoCommerce/input_Name_name'

2023-06-12 09:24:38 - [MESSAGE][PASSED] - Text 'Dharm@gmail.com' is set on object 'Object Repository/RahulShetty_Repo/RahulShetty_Repo/Page_ProtoCommerce/Page_ProtoCommerce/input_Email_email'

2023-06-12 09:24:39 - [MESSAGE][PASSED] - Text 'dharm123' is set on object 'Object Repository/RahulShetty_Repo/RahulShetty_Repo/Page_ProtoCommerce/Page_ProtoCommerce/input_Password_exampleInputPassword1'

2023-06-12 09:24:39 - [MESSAGE][PASSED] - com.RSPage.formdata is PASSED

2023-06-12 09:24:39 - [TEST_STEP][PASSED] - click(findTestObject("Object Repository/RahulShetty_Repo/RahulShetty_Repo/Page_ProtoCommerce/Page_ProtoCommerce/input_term  Conditions_btn btn-success btn-lg")): Object: 'Object Repository/RahulShetty_Repo/RahulShetty_Repo/Page_ProtoCommerce/Page_ProtoCommerce/input_term  Conditions_btn btn-success btn-lg' is clicked on

2023-06-12 09:24:40 - [MESSAGE][INFO] - Unable to find the element located by 'By.xpath: '. Please recheck the objects properties to make sure the desired element is located. 

2023-06-12 09:24:40 - [MESSAGE][WARNING] - [SELF-HEALING] Failed to find element with id 'Object Repository/RahulShetty_Repo/RahulShetty_Repo/Page_ProtoCommerce/Page_ProtoCommerce/input_term  Conditions_btn btn-success btn-lg'. Try using Self-healing.

2023-06-12 09:24:41 - [MESSAGE][INFO] - Unable to find the element located by 'By.xpath: //input[@value='Purchase']'. Please recheck the objects properties to make sure the desired element is located. 

2023-06-12 09:24:41 - [MESSAGE][WARNING] - [SELF-HEALING] The current locator of test object 'Object Repository/RahulShetty_Repo/RahulShetty_Repo/Page_ProtoCommerce/Page_ProtoCommerce/input_term  Conditions_btn btn-success btn-lg' was broken. Propose an alternative one: '//form/input'.

2023-06-12 09:24:41 - [MESSAGE][PASSED] - Object: 'Object Repository/RahulShetty_Repo/RahulShetty_Repo/Page_ProtoCommerce/Page_ProtoCommerce/input_term  Conditions_btn btn-success btn-lg' is clicked on

2023-06-12 09:24:41 - [TEST_STEP][PASSED] - verifyElementVisible(findTestObject("RahulShetty_Repo/assertion/Page_ProtoCommerce/div_Success The Form has been submitted successfully"), STOP_ON_FAILURE): Object 'Object Repository/RahulShetty_Repo/assertion/Page_ProtoCommerce/div_Success The Form has been submitted successfully' is visible

2023-06-12 09:24:42 - [MESSAGE][PASSED] - Object 'Object Repository/RahulShetty_Repo/assertion/Page_ProtoCommerce/div_Success The Form has been submitted successfully' is visible

2023-06-12 09:24:42 - [TEST_STEP][PASSED] - click(findTestObject("Object Repository/RahulShetty_Repo/RahulShetty_Repo/Page_ProtoCommerce/Page_ProtoCommerce/strong_Success")): Object: 'Object Repository/RahulShetty_Repo/RahulShetty_Repo/Page_ProtoCommerce/Page_ProtoCommerce/strong_Success' is clicked on

2023-06-12 09:24:42 - [MESSAGE][PASSED] - Object: 'Object Repository/RahulShetty_Repo/RahulShetty_Repo/Page_ProtoCommerce/Page_ProtoCommerce/strong_Success' is clicked on

2023-06-12 09:24:42 - [TEST_STEP][PASSED] - delay(2): Delayed 2 second(s)

2023-06-12 09:24:44 - [MESSAGE][PASSED] - Delayed 2 second(s)

2023-06-12 09:24:44 - [TEST_STEP][PASSED] - Start tear down : TearDownMethod: Method 'TearDownMethod' complete successfully

2023-06-12 09:24:44 - [TEST_STEP][PASSED] - click(findTestObject("Object Repository/RahulShetty_Repo/RahulShetty_Repo/Page_ProtoCommerce/Page_ProtoCommerce/a_Shop")): Object: 'Object Repository/RahulShetty_Repo/RahulShetty_Repo/Page_ProtoCommerce/Page_ProtoCommerce/a_Shop' is clicked on

2023-06-12 09:24:45 - [MESSAGE][PASSED] - Object: 'Object Repository/RahulShetty_Repo/RahulShetty_Repo/Page_ProtoCommerce/Page_ProtoCommerce/a_Shop' is clicked on

2023-06-12 09:24:45 - [MESSAGE][PASSED] - Method 'TearDownMethod' complete successfully

2023-06-12 09:24:45 - [TEST_STEP][PASSED] - Start listener action : sampleAfterTestCase: null]]></system-out>
         <system-err><![CDATA[]]></system-err>
      </testcase>
      <testcase name="Test Cases/RahulShettyTestCase/RahulShettyLoginPage" time="36.795" classname="Test Cases/RahulShettyTestCase/RahulShettyLoginPage" status="PASSED">
         <system-out><![CDATA[2023-06-12 09:25:10 - [TEST_CASE][PASSED] - Test Cases/RahulShettyTestCase/RahulShettyLoginPage: Test Cases/RahulShettyTestCase/RahulShettyLoginPage

2023-06-12 09:25:10 - [TEST_STEP][PASSED] - Start listener action : sampleBeforeTestCase: null

2023-06-12 09:25:10 - [TEST_STEP][PASSED] - Start setup action : SetupMethod: Method 'SetupMethod' complete successfully

2023-06-12 09:25:10 - [TEST_STEP][PASSED] - navigateToUrl(url): Navigate to 'https://rahulshettyacademy.com/loginpagePractise/' successfully

2023-06-12 09:25:11 - [MESSAGE][PASSED] - Navigate to 'https://rahulshettyacademy.com/loginpagePractise/' successfully

2023-06-12 09:25:11 - [TEST_STEP][PASSED] - getUrl().equals("https://rahulshettyacademy.com/loginpagePractise/"): Current window's url is: 'https://rahulshettyacademy.com/loginpagePractise/'

2023-06-12 09:25:11 - [MESSAGE][PASSED] - Current window's url is: 'https://rahulshettyacademy.com/loginpagePractise/'

2023-06-12 09:25:11 - [TEST_STEP][PASSED] - try: null

2023-06-12 09:25:11 - [TEST_STEP][PASSED] - com.RSPage.Invalidlogin(Invalidusername, LoginPassword, object_username, object_password): com.RSPage.Invalidlogin is PASSED

2023-06-12 09:25:12 - [MESSAGE][PASSED] - Text 'dharm' is set on object 'Object Repository/RahulShetty_Repo/RahulShetty_Repo/Page_LoginPage Practise  Rahul Shetty Academy/Page_LoginPage Practise  Rahul Shetty Academy/input_Username_username'

2023-06-12 09:25:13 - [MESSAGE][PASSED] - Text 'learning' is set on object 'Object Repository/RahulShetty_Repo/RahulShetty_Repo/Page_LoginPage Practise  Rahul Shetty Academy/Page_LoginPage Practise  Rahul Shetty Academy/input_Password_password'

2023-06-12 09:25:13 - [MESSAGE][PASSED] - Object 'Object Repository/RahulShetty_Repo/assertion/Page_LoginPage Practise  Rahul Shetty Academy/span_User_checkmark' is clickable

2023-06-12 09:25:13 - [MESSAGE][PASSED] - Object: 'Object Repository/RahulShetty_Repo/assertion/Page_LoginPage Practise  Rahul Shetty Academy/span_User_checkmark' is clicked on

2023-06-12 09:25:14 - [MESSAGE][PASSED] - Actual text and expected text of test object 'Object Repository/RahulShetty_Repo/assertion/Page_LoginPage Practise  Rahul Shetty Academy/div_You will be limited to only fewer functionalities of the app. Proceed' are matched.

2023-06-12 09:25:14 - [MESSAGE][PASSED] - Object: 'Object Repository/RahulShetty_Repo/assertion/Page_LoginPage Practise  Rahul Shetty Academy/button_Okay' is clicked on

2023-06-12 09:25:14 - [MESSAGE][PASSED] - com.RSPage.Invalidlogin is PASSED

2023-06-12 09:25:14 - [TEST_STEP][PASSED] - click(findTestObject("Object Repository/RahulShetty_Repo/RahulShetty_Repo/Page_LoginPage Practise  Rahul Shetty Academy/Page_LoginPage Practise  Rahul Shetty Academy/Page_LoginPage Practise  Rahul Shetty Academy/input_I Agree to the_signin")): Object: 'Object Repository/RahulShetty_Repo/RahulShetty_Repo/Page_LoginPage Practise  Rahul Shetty Academy/Page_LoginPage Practise  Rahul Shetty Academy/Page_LoginPage Practise  Rahul Shetty Academy/input_I Agree to the_signin' is clicked on

2023-06-12 09:25:15 - [MESSAGE][INFO] - Unable to find the element located by 'By.xpath: '. Please recheck the objects properties to make sure the desired element is located. 

2023-06-12 09:25:15 - [MESSAGE][WARNING] - [SELF-HEALING] Failed to find element with id 'Object Repository/RahulShetty_Repo/RahulShetty_Repo/Page_LoginPage Practise  Rahul Shetty Academy/Page_LoginPage Practise  Rahul Shetty Academy/Page_LoginPage Practise  Rahul Shetty Academy/input_I Agree to the_signin'. Try using Self-healing.

2023-06-12 09:25:16 - [MESSAGE][WARNING] - [SELF-HEALING] The current locator of test object 'Object Repository/RahulShetty_Repo/RahulShetty_Repo/Page_LoginPage Practise  Rahul Shetty Academy/Page_LoginPage Practise  Rahul Shetty Academy/Page_LoginPage Practise  Rahul Shetty Academy/input_I Agree to the_signin' was broken. Propose an alternative one: '//input[@id='signInBtn']'.

2023-06-12 09:25:16 - [MESSAGE][PASSED] - Object: 'Object Repository/RahulShetty_Repo/RahulShetty_Repo/Page_LoginPage Practise  Rahul Shetty Academy/Page_LoginPage Practise  Rahul Shetty Academy/Page_LoginPage Practise  Rahul Shetty Academy/input_I Agree to the_signin' is clicked on

2023-06-12 09:25:16 - [TEST_STEP][PASSED] - verifyElementVisible("RahulShetty_Repo/assertion/Page_LoginPage Practise  Rahul Shetty Academy/div_Incorrect usernamepassword"): null

2023-06-12 09:25:16 - [TEST_STEP][PASSED] - catch (Exception e): Object 'Object Repository/RahulShetty_Repo/RahulShetty_Repo/Page_ProtoCommerce/h1_Shop Name' is present

2023-06-12 09:25:16 - [TEST_STEP][PASSED] - com.RSPage.Validlogin(Validusername, LoginPassword, object_username, object_password): com.RSPage.Validlogin is PASSED

2023-06-12 09:25:16 - [MESSAGE][PASSED] - Text 'rahulshettyacademy' is set on object 'Object Repository/RahulShetty_Repo/RahulShetty_Repo/Page_LoginPage Practise  Rahul Shetty Academy/Page_LoginPage Practise  Rahul Shetty Academy/input_Username_username'

2023-06-12 09:25:17 - [MESSAGE][PASSED] - Text 'learning' is set on object 'Object Repository/RahulShetty_Repo/RahulShetty_Repo/Page_LoginPage Practise  Rahul Shetty Academy/Page_LoginPage Practise  Rahul Shetty Academy/input_Password_password'

2023-06-12 09:25:17 - [MESSAGE][PASSED] - com.RSPage.Validlogin is PASSED

2023-06-12 09:25:17 - [TEST_STEP][PASSED] - click(findTestObject("Object Repository/RahulShetty_Repo/RahulShetty_Repo/Page_LoginPage Practise  Rahul Shetty Academy/Page_LoginPage Practise  Rahul Shetty Academy/input_I Agree to the_signin")): Object: 'Object Repository/RahulShetty_Repo/RahulShetty_Repo/Page_LoginPage Practise  Rahul Shetty Academy/Page_LoginPage Practise  Rahul Shetty Academy/input_I Agree to the_signin' is clicked on

2023-06-12 09:25:18 - [MESSAGE][PASSED] - Object: 'Object Repository/RahulShetty_Repo/RahulShetty_Repo/Page_LoginPage Practise  Rahul Shetty Academy/Page_LoginPage Practise  Rahul Shetty Academy/input_I Agree to the_signin' is clicked on

2023-06-12 09:25:18 - [TEST_STEP][PASSED] - delay(2): Delayed 2 second(s)

2023-06-12 09:25:20 - [MESSAGE][PASSED] - Delayed 2 second(s)

2023-06-12 09:25:20 - [TEST_STEP][PASSED] - verifyElementPresent(findTestObject("RahulShetty_Repo/RahulShetty_Repo/Page_ProtoCommerce/h1_Shop Name"), 0): Object 'Object Repository/RahulShetty_Repo/RahulShetty_Repo/Page_ProtoCommerce/h1_Shop Name' is present

2023-06-12 09:25:20 - [MESSAGE][WARNING] - Timeout '0' is invalid. Using default page load timeout: '30'

2023-06-12 09:25:20 - [MESSAGE][PASSED] - Object 'Object Repository/RahulShetty_Repo/RahulShetty_Repo/Page_ProtoCommerce/h1_Shop Name' is present

2023-06-12 09:25:20 - [MESSAGE][PASSED] - Method 'SetupMethod' complete successfully

2023-06-12 09:25:20 - [TEST_STEP][PASSED] - homevariable = "Home": null

2023-06-12 09:25:20 - [TEST_STEP][PASSED] - click(findTestObject("RahulShetty_Repo/RahulShetty_Repo/DynamicObjectCreation/a_Shop", ["text":homevariable])): Object: 'Object Repository/RahulShetty_Repo/RahulShetty_Repo/DynamicObjectCreation/a_Shop' is clicked on

2023-06-12 09:25:21 - [MESSAGE][PASSED] - Object: 'Object Repository/RahulShetty_Repo/RahulShetty_Repo/DynamicObjectCreation/a_Shop' is clicked on

2023-06-12 09:25:21 - [TEST_STEP][PASSED] - delay(1): Delayed 1 second(s)

2023-06-12 09:25:22 - [MESSAGE][PASSED] - Delayed 1 second(s)

2023-06-12 09:25:22 - [TEST_STEP][PASSED] - shopvariable = "shop": null

2023-06-12 09:25:22 - [TEST_STEP][PASSED] - verifyElementClickable(findTestObject("RahulShetty_Repo/RahulShetty_Repo/DynamicObjectCreation/a_Shop", ["text":shopvariable])): Object 'Object Repository/RahulShetty_Repo/RahulShetty_Repo/DynamicObjectCreation/a_Shop' is clickable

2023-06-12 09:25:23 - [MESSAGE][INFO] - Unable to find the element located by 'By.xpath: //*[(text() = 'shop' or . = 'shop')]'. Please recheck the objects properties to make sure the desired element is located. 

2023-06-12 09:25:23 - [MESSAGE][WARNING] - [SELF-HEALING] Failed to find element with id 'Object Repository/RahulShetty_Repo/RahulShetty_Repo/DynamicObjectCreation/a_Shop'. Try using Self-healing.

2023-06-12 09:25:23 - [MESSAGE][WARNING] - [SELF-HEALING] The current locator of test object 'Object Repository/RahulShetty_Repo/RahulShetty_Repo/DynamicObjectCreation/a_Shop' was broken. Propose an alternative one: '//a[@href = '/angularpractice/shop' and (text() = 'Shop' or . = 'Shop')]'.

2023-06-12 09:25:23 - [MESSAGE][PASSED] - Object 'Object Repository/RahulShetty_Repo/RahulShetty_Repo/DynamicObjectCreation/a_Shop' is clickable

2023-06-12 09:25:23 - [TEST_STEP][PASSED] - click(findTestObject("RahulShetty_Repo/RahulShetty_Repo/DynamicObjectCreation/a_Shop", ["text":shopvariable])): Object: 'Object Repository/RahulShetty_Repo/RahulShetty_Repo/DynamicObjectCreation/a_Shop' is clicked on

2023-06-12 09:25:25 - [MESSAGE][INFO] - Unable to find the element located by 'By.xpath: //*[(text() = 'shop' or . = 'shop')]'. Please recheck the objects properties to make sure the desired element is located. 

2023-06-12 09:25:25 - [MESSAGE][WARNING] - [SELF-HEALING] Failed to find element with id 'Object Repository/RahulShetty_Repo/RahulShetty_Repo/DynamicObjectCreation/a_Shop'. Try using Self-healing.

2023-06-12 09:25:25 - [MESSAGE][WARNING] - [SELF-HEALING] The current locator of test object 'Object Repository/RahulShetty_Repo/RahulShetty_Repo/DynamicObjectCreation/a_Shop' was broken. Propose an alternative one: '//a[@href = '/angularpractice/shop' and (text() = 'Shop' or . = 'Shop')]'.

2023-06-12 09:25:25 - [MESSAGE][PASSED] - Object: 'Object Repository/RahulShetty_Repo/RahulShetty_Repo/DynamicObjectCreation/a_Shop' is clicked on

2023-06-12 09:25:25 - [TEST_STEP][PASSED] - com.RSPage.checkout(Add_Object, Checkout_Object): com.RSPage.checkout is PASSED

2023-06-12 09:25:26 - [MESSAGE][PASSED] - Object: 'Object Repository/RahulShetty_Repo/RahulShetty_Repo/Page_ProtoCommerce/Page_ProtoCommerce/button_Add' is clicked on

2023-06-12 09:25:28 - [MESSAGE][PASSED] - Delayed 2 second(s)

2023-06-12 09:25:29 - [MESSAGE][INFO] - Unable to find the element located by 'By.xpath: '. Please recheck the objects properties to make sure the desired element is located. 

2023-06-12 09:25:29 - [MESSAGE][WARNING] - [SELF-HEALING] Failed to find element with id 'Object Repository/RahulShetty_Repo/RahulShetty_Repo/Page_ProtoCommerce/Page_ProtoCommerce/a_Checkout ( 1 )            (current)'. Try using Self-healing.

2023-06-12 09:25:29 - [MESSAGE][WARNING] - [SELF-HEALING] The current locator of test object 'Object Repository/RahulShetty_Repo/RahulShetty_Repo/Page_ProtoCommerce/Page_ProtoCommerce/a_Checkout ( 1 )            (current)' was broken. Propose an alternative one: '//div[@id='navbarResponsive']/ul/li/a'.

2023-06-12 09:25:29 - [MESSAGE][PASSED] - Object 'Object Repository/RahulShetty_Repo/RahulShetty_Repo/Page_ProtoCommerce/Page_ProtoCommerce/a_Checkout ( 1 )            (current)' is visible

2023-06-12 09:25:31 - [MESSAGE][INFO] - Unable to find the element located by 'By.xpath: '. Please recheck the objects properties to make sure the desired element is located. 

2023-06-12 09:25:31 - [MESSAGE][WARNING] - [SELF-HEALING] Failed to find element with id 'Object Repository/RahulShetty_Repo/RahulShetty_Repo/Page_ProtoCommerce/Page_ProtoCommerce/a_Checkout ( 1 )            (current)'. Try using Self-healing.

2023-06-12 09:25:31 - [MESSAGE][WARNING] - [SELF-HEALING] The current locator of test object 'Object Repository/RahulShetty_Repo/RahulShetty_Repo/Page_ProtoCommerce/Page_ProtoCommerce/a_Checkout ( 1 )            (current)' was broken. Propose an alternative one: '//div[@id='navbarResponsive']/ul/li/a'.

2023-06-12 09:25:31 - [MESSAGE][PASSED] - Object: 'Object Repository/RahulShetty_Repo/RahulShetty_Repo/Page_ProtoCommerce/Page_ProtoCommerce/a_Checkout ( 1 )            (current)' is clicked on

2023-06-12 09:25:31 - [MESSAGE][PASSED] - com.RSPage.checkout is PASSED

2023-06-12 09:25:31 - [TEST_STEP][PASSED] - verifyElementText(findTestObject("RahulShetty_Repo/assertion/Page_ProtoCommerce/a_iphone X"), "iphone X"): Actual text and expected text of test object 'Object Repository/RahulShetty_Repo/assertion/Page_ProtoCommerce/a_iphone X' are matched.

2023-06-12 09:25:32 - [MESSAGE][PASSED] - Actual text and expected text of test object 'Object Repository/RahulShetty_Repo/assertion/Page_ProtoCommerce/a_iphone X' are matched.

2023-06-12 09:25:32 - [TEST_STEP][PASSED] - com.RSPage.payment(FinalCheckout, tnc, purchase): com.RSPage.payment is PASSED

2023-06-12 09:25:32 - [MESSAGE][PASSED] - Object: 'Object Repository/RahulShetty_Repo/RahulShetty_Repo/Page_ProtoCommerce/Page_ProtoCommerce/button_Checkout' is clicked on

2023-06-12 09:25:33 - [MESSAGE][INFO] - Unable to find the element located by 'By.xpath: '. Please recheck the objects properties to make sure the desired element is located. 

2023-06-12 09:25:33 - [MESSAGE][WARNING] - [SELF-HEALING] Failed to find element with id 'Object Repository/RahulShetty_Repo/RahulShetty_Repo/Page_ProtoCommerce/Page_ProtoCommerce/label_I agree with the term  Conditions'. Try using Self-healing.

2023-06-12 09:25:34 - [MESSAGE][WARNING] - [SELF-HEALING] The current locator of test object 'Object Repository/RahulShetty_Repo/RahulShetty_Repo/Page_ProtoCommerce/Page_ProtoCommerce/label_I agree with the term  Conditions' was broken. Propose an alternative one: '(.//*[normalize-space(text()) and normalize-space(.)='(current)'])[1]/following::label[2]'.

2023-06-12 09:25:34 - [MESSAGE][PASSED] - Object: 'Object Repository/RahulShetty_Repo/RahulShetty_Repo/Page_ProtoCommerce/Page_ProtoCommerce/label_I agree with the term  Conditions' is clicked on

2023-06-12 09:25:35 - [MESSAGE][INFO] - Unable to find the element located by 'By.xpath: '. Please recheck the objects properties to make sure the desired element is located. 

2023-06-12 09:25:35 - [MESSAGE][WARNING] - [SELF-HEALING] Failed to find element with id 'Object Repository/RahulShetty_Repo/RahulShetty_Repo/Page_ProtoCommerce/Page_ProtoCommerce/input_term  Conditions_btn btn-success btn-lg'. Try using Self-healing.

2023-06-12 09:25:36 - [MESSAGE][WARNING] - [SELF-HEALING] The current locator of test object 'Object Repository/RahulShetty_Repo/RahulShetty_Repo/Page_ProtoCommerce/Page_ProtoCommerce/input_term  Conditions_btn btn-success btn-lg' was broken. Propose an alternative one: '//input[@value='Purchase']'.

2023-06-12 09:25:36 - [MESSAGE][PASSED] - Object 'Object Repository/RahulShetty_Repo/RahulShetty_Repo/Page_ProtoCommerce/Page_ProtoCommerce/input_term  Conditions_btn btn-success btn-lg' is clickable

2023-06-12 09:25:37 - [MESSAGE][INFO] - Unable to find the element located by 'By.xpath: '. Please recheck the objects properties to make sure the desired element is located. 

2023-06-12 09:25:37 - [MESSAGE][WARNING] - [SELF-HEALING] Failed to find element with id 'Object Repository/RahulShetty_Repo/RahulShetty_Repo/Page_ProtoCommerce/Page_ProtoCommerce/input_term  Conditions_btn btn-success btn-lg'. Try using Self-healing.

2023-06-12 09:25:37 - [MESSAGE][WARNING] - [SELF-HEALING] The current locator of test object 'Object Repository/RahulShetty_Repo/RahulShetty_Repo/Page_ProtoCommerce/Page_ProtoCommerce/input_term  Conditions_btn btn-success btn-lg' was broken. Propose an alternative one: '//input[@value='Purchase']'.

2023-06-12 09:25:37 - [MESSAGE][PASSED] - Object: 'Object Repository/RahulShetty_Repo/RahulShetty_Repo/Page_ProtoCommerce/Page_ProtoCommerce/input_term  Conditions_btn btn-success btn-lg' is clicked on

2023-06-12 09:25:37 - [MESSAGE][PASSED] - com.RSPage.payment is PASSED

2023-06-12 09:25:37 - [TEST_STEP][PASSED] - verifyElementVisible(findTestObject("RahulShetty_Repo/assertion/Page_ProtoCommerce/div_Success Thank you Your order will be delivered in next few weeks -)"), STOP_ON_FAILURE): Object 'Object Repository/RahulShetty_Repo/assertion/Page_ProtoCommerce/div_Success Thank you Your order will be delivered in next few weeks -)' is visible

2023-06-12 09:25:38 - [MESSAGE][PASSED] - Object 'Object Repository/RahulShetty_Repo/assertion/Page_ProtoCommerce/div_Success Thank you Your order will be delivered in next few weeks -)' is visible

2023-06-12 09:25:38 - [TEST_STEP][PASSED] - click(findTestObject("Object Repository/RahulShetty_Repo/RahulShetty_Repo/Page_ProtoCommerce/Page_ProtoCommerce/a_ProtoCommerce Home")): Object: 'Object Repository/RahulShetty_Repo/RahulShetty_Repo/Page_ProtoCommerce/Page_ProtoCommerce/a_ProtoCommerce Home' is clicked on

2023-06-12 09:25:38 - [MESSAGE][PASSED] - Object: 'Object Repository/RahulShetty_Repo/RahulShetty_Repo/Page_ProtoCommerce/Page_ProtoCommerce/a_ProtoCommerce Home' is clicked on

2023-06-12 09:25:38 - [TEST_STEP][PASSED] - com.RSPage.formdata(name, email, password, name_object, email_object, password_object): com.RSPage.formdata is PASSED

2023-06-12 09:25:39 - [MESSAGE][PASSED] - Text 'deep' is set on object 'Object Repository/RahulShetty_Repo/RahulShetty_Repo/Page_ProtoCommerce/Page_ProtoCommerce/input_Name_name'

2023-06-12 09:25:40 - [MESSAGE][PASSED] - Text 'deep@gmail.com' is set on object 'Object Repository/RahulShetty_Repo/RahulShetty_Repo/Page_ProtoCommerce/Page_ProtoCommerce/input_Email_email'

2023-06-12 09:25:41 - [MESSAGE][PASSED] - Text 'deep123' is set on object 'Object Repository/RahulShetty_Repo/RahulShetty_Repo/Page_ProtoCommerce/Page_ProtoCommerce/input_Password_exampleInputPassword1'

2023-06-12 09:25:41 - [MESSAGE][PASSED] - com.RSPage.formdata is PASSED

2023-06-12 09:25:41 - [TEST_STEP][PASSED] - click(findTestObject("Object Repository/RahulShetty_Repo/RahulShetty_Repo/Page_ProtoCommerce/Page_ProtoCommerce/input_term  Conditions_btn btn-success btn-lg")): Object: 'Object Repository/RahulShetty_Repo/RahulShetty_Repo/Page_ProtoCommerce/Page_ProtoCommerce/input_term  Conditions_btn btn-success btn-lg' is clicked on

2023-06-12 09:25:42 - [MESSAGE][INFO] - Unable to find the element located by 'By.xpath: '. Please recheck the objects properties to make sure the desired element is located. 

2023-06-12 09:25:42 - [MESSAGE][WARNING] - [SELF-HEALING] Failed to find element with id 'Object Repository/RahulShetty_Repo/RahulShetty_Repo/Page_ProtoCommerce/Page_ProtoCommerce/input_term  Conditions_btn btn-success btn-lg'. Try using Self-healing.

2023-06-12 09:25:43 - [MESSAGE][INFO] - Unable to find the element located by 'By.xpath: //input[@value='Purchase']'. Please recheck the objects properties to make sure the desired element is located. 

2023-06-12 09:25:43 - [MESSAGE][WARNING] - [SELF-HEALING] The current locator of test object 'Object Repository/RahulShetty_Repo/RahulShetty_Repo/Page_ProtoCommerce/Page_ProtoCommerce/input_term  Conditions_btn btn-success btn-lg' was broken. Propose an alternative one: '//form/input'.

2023-06-12 09:25:44 - [MESSAGE][PASSED] - Object: 'Object Repository/RahulShetty_Repo/RahulShetty_Repo/Page_ProtoCommerce/Page_ProtoCommerce/input_term  Conditions_btn btn-success btn-lg' is clicked on

2023-06-12 09:25:44 - [TEST_STEP][PASSED] - verifyElementVisible(findTestObject("RahulShetty_Repo/assertion/Page_ProtoCommerce/div_Success The Form has been submitted successfully"), STOP_ON_FAILURE): Object 'Object Repository/RahulShetty_Repo/assertion/Page_ProtoCommerce/div_Success The Form has been submitted successfully' is visible

2023-06-12 09:25:44 - [MESSAGE][PASSED] - Object 'Object Repository/RahulShetty_Repo/assertion/Page_ProtoCommerce/div_Success The Form has been submitted successfully' is visible

2023-06-12 09:25:44 - [TEST_STEP][PASSED] - click(findTestObject("Object Repository/RahulShetty_Repo/RahulShetty_Repo/Page_ProtoCommerce/Page_ProtoCommerce/strong_Success")): Object: 'Object Repository/RahulShetty_Repo/RahulShetty_Repo/Page_ProtoCommerce/Page_ProtoCommerce/strong_Success' is clicked on

2023-06-12 09:25:45 - [MESSAGE][PASSED] - Object: 'Object Repository/RahulShetty_Repo/RahulShetty_Repo/Page_ProtoCommerce/Page_ProtoCommerce/strong_Success' is clicked on

2023-06-12 09:25:45 - [TEST_STEP][PASSED] - delay(2): Delayed 2 second(s)

2023-06-12 09:25:47 - [MESSAGE][PASSED] - Delayed 2 second(s)

2023-06-12 09:25:47 - [TEST_STEP][PASSED] - Start tear down : TearDownMethod: Method 'TearDownMethod' complete successfully

2023-06-12 09:25:47 - [TEST_STEP][PASSED] - click(findTestObject("Object Repository/RahulShetty_Repo/RahulShetty_Repo/Page_ProtoCommerce/Page_ProtoCommerce/a_Shop")): Object: 'Object Repository/RahulShetty_Repo/RahulShetty_Repo/Page_ProtoCommerce/Page_ProtoCommerce/a_Shop' is clicked on

2023-06-12 09:25:47 - [MESSAGE][PASSED] - Object: 'Object Repository/RahulShetty_Repo/RahulShetty_Repo/Page_ProtoCommerce/Page_ProtoCommerce/a_Shop' is clicked on

2023-06-12 09:25:47 - [MESSAGE][PASSED] - Method 'TearDownMethod' complete successfully

2023-06-12 09:25:47 - [TEST_STEP][PASSED] - Start listener action : sampleAfterTestCase: null]]></system-out>
         <system-err><![CDATA[]]></system-err>
      </testcase>
      <system-out><![CDATA[2023-06-12 09:24:05 - [TEST_SUITE][ERROR] - RahulShetty: Test Cases/RahulShettyTestCase/RahulShettyLoginPage has ERROR(s).
Reason:
com.kms.katalon.core.exception.StepFailedException: Unable to click on object 'Object Repository/RahulShetty_Repo/RahulShetty_Repo/Page_LoginPage Practise  Rahul Shetty Academy/Page_LoginPage Practise  Rahul Shetty Academy/input_I Agree to the_signin']]></system-out>
      <system-err><![CDATA[2023-06-12 09:24:05 - [TEST_SUITE][ERROR] - RahulShetty: Test Cases/RahulShettyTestCase/RahulShettyLoginPage has ERROR(s).
Reason:
com.kms.katalon.core.exception.StepFailedException: Unable to click on object 'Object Repository/RahulShetty_Repo/RahulShetty_Repo/Page_LoginPage Practise  Rahul Shetty Academy/Page_LoginPage Practise  Rahul Shetty Academy/input_I Agree to the_signin']]></system-err>
   </testsuite>
</testsuites>
